# JRE version: Java(TM) SE Runtime Environment (8.0_121-b13) (build 1.8.0_121-b13)
# Java VM: Java HotSpot(TM) 64-Bit Server VM (25.121-b13 mixed mode linux-amd64 compressed oops)
Heap:
 PSYoungGen      total 182272K, used 48644K [0x00000000ebe00000, 0x00000000f9c80000, 0x0000000100000000)
  eden space 168448K, 20% used [0x00000000ebe00000,0x00000000ee00d468,0x00000000f6280000)
  from space 13824K, 99% used [0x00000000f8f00000,0x00000000f9c73c50,0x00000000f9c80000)
  to   space 16384K, 0% used [0x00000000f7c80000,0x00000000f7c80000,0x00000000f8c80000)
 ParOldGen       total 70144K, used 22367K [0x00000000c3a00000, 0x00000000c7e80000, 0x00000000ebe00000)
  object space 70144K, 31% used [0x00000000c3a00000,0x00000000c4fd7f48,0x00000000c7e80000)
 Metaspace       used 45059K, capacity 45404K, committed 45696K, reserved 1089536K
  class space    used 5898K, capacity 5997K, committed 6016K, reserved 1048576K
GC Heap History (10 events):
Event: 3.695 GC heap before
{Heap before GC invocations=8 (full 1):
 PSYoungGen      total 103424K, used 103329K [0x00000000ebe00000, 0x00000000f4700000, 0x0000000100000000)
  eden space 99840K, 100% used [0x00000000ebe00000,0x00000000f1f80000,0x00000000f1f80000)
  from space 3584K, 97% used [0x00000000f4380000,0x00000000f46e8750,0x00000000f4700000)
  to   space 9728K, 0% used [0x00000000f3400000,0x00000000f3400000,0x00000000f3d80000)
 ParOldGen       total 40960K, used 11022K [0x00000000c3a00000, 0x00000000c6200000, 0x00000000ebe00000)
  object space 40960K, 26% used [0x00000000c3a00000,0x00000000c44c3be8,0x00000000c6200000)
 Metaspace       used 26042K, capacity 26350K, committed 26752K, reserved 1073152K
  class space    used 3238K, capacity 3344K, committed 3456K, reserved 1048576K
Event: 3.712 GC heap after
Heap after GC invocations=8 (full 1):
 PSYoungGen      total 130560K, used 9431K [0x00000000ebe00000, 0x00000000f6980000, 0x0000000100000000)
  eden space 120832K, 0% used [0x00000000ebe00000,0x00000000ebe00000,0x00000000f3400000)
  from space 9728K, 96% used [0x00000000f3400000,0x00000000f3d35e28,0x00000000f3d80000)
  to   space 11264K, 0% used [0x00000000f5e80000,0x00000000f5e80000,0x00000000f6980000)
 ParOldGen       total 40960K, used 11030K [0x00000000c3a00000, 0x00000000c6200000, 0x00000000ebe00000)
  object space 40960K, 26% used [0x00000000c3a00000,0x00000000c44c5be8,0x00000000c6200000)
 Metaspace       used 26042K, capacity 26350K, committed 26752K, reserved 1073152K
  class space    used 3238K, capacity 3344K, committed 3456K, reserved 1048576K
}
Event: 4.644 GC heap before
{Heap before GC invocations=9 (full 1):
 PSYoungGen      total 130560K, used 130261K [0x00000000ebe00000, 0x00000000f6980000, 0x0000000100000000)
  eden space 120832K, 99% used [0x00000000ebe00000,0x00000000f33ff6a0,0x00000000f3400000)
  from space 9728K, 96% used [0x00000000f3400000,0x00000000f3d35e28,0x00000000f3d80000)
  to   space 11264K, 0% used [0x00000000f5e80000,0x00000000f5e80000,0x00000000f6980000)
 ParOldGen       total 40960K, used 11030K [0x00000000c3a00000, 0x00000000c6200000, 0x00000000ebe00000)
  object space 40960K, 26% used [0x00000000c3a00000,0x00000000c44c5be8,0x00000000c6200000)
 Metaspace       used 30059K, capacity 30368K, committed 30720K, reserved 1077248K
  class space    used 3734K, capacity 3827K, committed 3840K, reserved 1048576K
Event: 4.657 GC heap after
Heap after GC invocations=9 (full 1):
 PSYoungGen      total 163328K, used 9888K [0x00000000ebe00000, 0x00000000f8780000, 0x0000000100000000)
  eden space 152064K, 0% used [0x00000000ebe00000,0x00000000ebe00000,0x00000000f5280000)
  from space 11264K, 87% used [0x00000000f5e80000,0x00000000f6828368,0x00000000f6980000)
  to   space 12288K, 0% used [0x00000000f5280000,0x00000000f5280000,0x00000000f5e80000)
 ParOldGen       total 40960K, used 11038K [0x00000000c3a00000, 0x00000000c6200000, 0x00000000ebe00000)
  object space 40960K, 26% used [0x00000000c3a00000,0x00000000c44c7be8,0x00000000c6200000)
 Metaspace       used 30059K, capacity 30368K, committed 30720K, reserved 1077248K
  class space    used 3734K, capacity 3827K, committed 3840K, reserved 1048576K
}
Event: 5.640 GC heap before
{Heap before GC invocations=10 (full 1):
 PSYoungGen      total 163328K, used 103357K [0x00000000ebe00000, 0x00000000f8780000, 0x0000000100000000)
  eden space 152064K, 61% used [0x00000000ebe00000,0x00000000f1947440,0x00000000f5280000)
  from space 11264K, 87% used [0x00000000f5e80000,0x00000000f6828368,0x00000000f6980000)
  to   space 12288K, 0% used [0x00000000f5280000,0x00000000f5280000,0x00000000f5e80000)
 ParOldGen       total 40960K, used 11038K [0x00000000c3a00000, 0x00000000c6200000, 0x00000000ebe00000)
  object space 40960K, 26% used [0x00000000c3a00000,0x00000000c44c7be8,0x00000000c6200000)
 Metaspace       used 34963K, capacity 35232K, committed 35496K, reserved 1081344K
  class space    used 4490K, capacity 4579K, committed 4608K, reserved 1048576K
Event: 5.669 GC heap after
Heap after GC invocations=10 (full 1):
 PSYoungGen      total 164352K, used 12276K [0x00000000ebe00000, 0x00000000f9d00000, 0x0000000100000000)
  eden space 152064K, 0% used [0x00000000ebe00000,0x00000000ebe00000,0x00000000f5280000)
  from space 12288K, 99% used [0x00000000f5280000,0x00000000f5e7d3c8,0x00000000f5e80000)
  to   space 14336K, 0% used [0x00000000f8f00000,0x00000000f8f00000,0x00000000f9d00000)
 ParOldGen       total 40960K, used 12457K [0x00000000c3a00000, 0x00000000c6200000, 0x00000000ebe00000)
  object space 40960K, 30% used [0x00000000c3a00000,0x00000000c462a7c0,0x00000000c6200000)
 Metaspace       used 34963K, capacity 35232K, committed 35496K, reserved 1081344K
  class space    used 4490K, capacity 4579K, committed 4608K, reserved 1048576K
}
Event: 5.669 GC heap before
{Heap before GC invocations=11 (full 2):
 PSYoungGen      total 164352K, used 12276K [0x00000000ebe00000, 0x00000000f9d00000, 0x0000000100000000)
  eden space 152064K, 0% used [0x00000000ebe00000,0x00000000ebe00000,0x00000000f5280000)
  from space 12288K, 99% used [0x00000000f5280000,0x00000000f5e7d3c8,0x00000000f5e80000)
  to   space 14336K, 0% used [0x00000000f8f00000,0x00000000f8f00000,0x00000000f9d00000)
 ParOldGen       total 40960K, used 12457K [0x00000000c3a00000, 0x00000000c6200000, 0x00000000ebe00000)
  object space 40960K, 30% used [0x00000000c3a00000,0x00000000c462a7c0,0x00000000c6200000)
 Metaspace       used 34963K, capacity 35232K, committed 35496K, reserved 1081344K
  class space    used 4490K, capacity 4579K, committed 4608K, reserved 1048576K
Event: 6.432 GC heap after
Heap after GC invocations=11 (full 2):
 PSYoungGen      total 164352K, used 0K [0x00000000ebe00000, 0x00000000f9d00000, 0x0000000100000000)
  eden space 152064K, 0% used [0x00000000ebe00000,0x00000000ebe00000,0x00000000f5280000)
  from space 12288K, 0% used [0x00000000f5280000,0x00000000f5280000,0x00000000f5e80000)
  to   space 14336K, 0% used [0x00000000f8f00000,0x00000000f8f00000,0x00000000f9d00000)
 ParOldGen       total 70144K, used 22359K [0x00000000c3a00000, 0x00000000c7e80000, 0x00000000ebe00000)
  object space 70144K, 31% used [0x00000000c3a00000,0x00000000c4fd5f48,0x00000000c7e80000)
 Metaspace       used 34963K, capacity 35232K, committed 35496K, reserved 1081344K
  class space    used 4490K, capacity 4579K, committed 4608K, reserved 1048576K
}
Event: 8.347 GC heap before
{Heap before GC invocations=12 (full 2):
 PSYoungGen      total 164352K, used 152064K [0x00000000ebe00000, 0x00000000f9d00000, 0x0000000100000000)
  eden space 152064K, 100% used [0x00000000ebe00000,0x00000000f5280000,0x00000000f5280000)
  from space 12288K, 0% used [0x00000000f5280000,0x00000000f5280000,0x00000000f5e80000)
  to   space 14336K, 0% used [0x00000000f8f00000,0x00000000f8f00000,0x00000000f9d00000)
 ParOldGen       total 70144K, used 22359K [0x00000000c3a00000, 0x00000000c7e80000, 0x00000000ebe00000)
  object space 70144K, 31% used [0x00000000c3a00000,0x00000000c4fd5f48,0x00000000c7e80000)
 Metaspace       used 44173K, capacity 44522K, committed 44928K, reserved 1087488K
  class space    used 5783K, capacity 5898K, committed 6016K, reserved 1048576K
Event: 8.376 GC heap after
Heap after GC invocations=12 (full 2):
 PSYoungGen      total 182272K, used 13775K [0x00000000ebe00000, 0x00000000f9c80000, 0x0000000100000000)
  eden space 168448K, 0% used [0x00000000ebe00000,0x00000000ebe00000,0x00000000f6280000)
  from space 13824K, 99% used [0x00000000f8f00000,0x00000000f9c73c50,0x00000000f9c80000)
  to   space 16384K, 0% used [0x00000000f7c80000,0x00000000f7c80000,0x00000000f8c80000)
 ParOldGen       total 70144K, used 22367K [0x00000000c3a00000, 0x00000000c7e80000, 0x00000000ebe00000)
  object space 70144K, 31% used [0x00000000c3a00000,0x00000000c4fd7f48,0x00000000c7e80000)
 Metaspace       used 44173K, capacity 44522K, committed 44928K, reserved 1087488K
  class space    used 5783K, capacity 5898K, committed 6016K, reserved 1048576K
}

