# JRE version: Java(TM) SE Runtime Environment (8.0_121-b13) (build 1.8.0_121-b13)
# Java VM: Java HotSpot(TM) 64-Bit Server VM (25.121-b13 mixed mode linux-amd64 compressed oops)
Heap:
 PSYoungGen      total 156672K, used 80521K [0x00000000ebe00000, 0x00000000f6500000, 0x0000000100000000)
  eden space 146944K, 48% used [0x00000000ebe00000,0x00000000f032a458,0x00000000f4d80000)
  from space 9728K, 99% used [0x00000000f5b80000,0x00000000f64f82e8,0x00000000f6500000)
  to   space 11776K, 0% used [0x00000000f4e00000,0x00000000f4e00000,0x00000000f5980000)
 ParOldGen       total 59392K, used 23716K [0x00000000c3a00000, 0x00000000c7400000, 0x00000000ebe00000)
  object space 59392K, 39% used [0x00000000c3a00000,0x00000000c5129370,0x00000000c7400000)
 Metaspace       used 45262K, capacity 45624K, committed 46080K, reserved 1089536K
  class space    used 5918K, capacity 6029K, committed 6144K, reserved 1048576K
GC Heap History (10 events):
Event: 10.045 GC heap before
{Heap before GC invocations=12 (full 1):
 PSYoungGen      total 92672K, used 88502K [0x00000000ebe00000, 0x00000000f2380000, 0x0000000100000000)
  eden space 82944K, 100% used [0x00000000ebe00000,0x00000000f0f00000,0x00000000f0f00000)
  from space 9728K, 57% used [0x00000000f1880000,0x00000000f1ded9e0,0x00000000f2200000)
  to   space 9728K, 0% used [0x00000000f0f00000,0x00000000f0f00000,0x00000000f1880000)
 ParOldGen       total 38912K, used 12369K [0x00000000c3a00000, 0x00000000c6000000, 0x00000000ebe00000)
  object space 38912K, 31% used [0x00000000c3a00000,0x00000000c4614648,0x00000000c6000000)
 Metaspace       used 27696K, capacity 27970K, committed 28160K, reserved 1073152K
  class space    used 3451K, capacity 3540K, committed 3584K, reserved 1048576K
Event: 10.063 GC heap after
Heap after GC invocations=12 (full 1):
 PSYoungGen      total 92672K, used 6288K [0x00000000ebe00000, 0x00000000f3f80000, 0x0000000100000000)
  eden space 82944K, 0% used [0x00000000ebe00000,0x00000000ebe00000,0x00000000f0f00000)
  from space 9728K, 64% used [0x00000000f0f00000,0x00000000f15242c8,0x00000000f1880000)
  to   space 9728K, 0% used [0x00000000f3600000,0x00000000f3600000,0x00000000f3f80000)
 ParOldGen       total 38912K, used 13960K [0x00000000c3a00000, 0x00000000c6000000, 0x00000000ebe00000)
  object space 38912K, 35% used [0x00000000c3a00000,0x00000000c47a2190,0x00000000c6000000)
 Metaspace       used 27696K, capacity 27970K, committed 28160K, reserved 1073152K
  class space    used 3451K, capacity 3540K, committed 3584K, reserved 1048576K
}
Event: 11.758 GC heap before
{Heap before GC invocations=13 (full 1):
 PSYoungGen      total 92672K, used 89232K [0x00000000ebe00000, 0x00000000f3f80000, 0x0000000100000000)
  eden space 82944K, 100% used [0x00000000ebe00000,0x00000000f0f00000,0x00000000f0f00000)
  from space 9728K, 64% used [0x00000000f0f00000,0x00000000f15242c8,0x00000000f1880000)
  to   space 9728K, 0% used [0x00000000f3600000,0x00000000f3600000,0x00000000f3f80000)
 ParOldGen       total 38912K, used 13960K [0x00000000c3a00000, 0x00000000c6000000, 0x00000000ebe00000)
  object space 38912K, 35% used [0x00000000c3a00000,0x00000000c47a2190,0x00000000c6000000)
 Metaspace       used 30399K, capacity 30722K, committed 31104K, reserved 1077248K
  class space    used 3768K, capacity 3860K, committed 3968K, reserved 1048576K
Event: 11.778 GC heap after
Heap after GC invocations=13 (full 1):
 PSYoungGen      total 120832K, used 5244K [0x00000000ebe00000, 0x00000000f3e00000, 0x0000000100000000)
  eden space 112640K, 0% used [0x00000000ebe00000,0x00000000ebe00000,0x00000000f2c00000)
  from space 8192K, 64% used [0x00000000f3600000,0x00000000f3b1f2e0,0x00000000f3e00000)
  to   space 9216K, 0% used [0x00000000f2c00000,0x00000000f2c00000,0x00000000f3500000)
 ParOldGen       total 38912K, used 16724K [0x00000000c3a00000, 0x00000000c6000000, 0x00000000ebe00000)
  object space 38912K, 42% used [0x00000000c3a00000,0x00000000c4a551f0,0x00000000c6000000)
 Metaspace       used 30399K, capacity 30722K, committed 31104K, reserved 1077248K
  class space    used 3768K, capacity 3860K, committed 3968K, reserved 1048576K
}
Event: 14.304 GC heap before
{Heap before GC invocations=14 (full 1):
 PSYoungGen      total 120832K, used 87967K [0x00000000ebe00000, 0x00000000f3e00000, 0x0000000100000000)
  eden space 112640K, 73% used [0x00000000ebe00000,0x00000000f0ec8cd8,0x00000000f2c00000)
  from space 8192K, 64% used [0x00000000f3600000,0x00000000f3b1f2e0,0x00000000f3e00000)
  to   space 9216K, 0% used [0x00000000f2c00000,0x00000000f2c00000,0x00000000f3500000)
 ParOldGen       total 38912K, used 16724K [0x00000000c3a00000, 0x00000000c6000000, 0x00000000ebe00000)
  object space 38912K, 42% used [0x00000000c3a00000,0x00000000c4a551f0,0x00000000c6000000)
 Metaspace       used 35081K, capacity 35362K, committed 35496K, reserved 1081344K
  class space    used 4502K, capacity 4580K, committed 4608K, reserved 1048576K
Event: 14.328 GC heap after
Heap after GC invocations=14 (full 1):
 PSYoungGen      total 121856K, used 6703K [0x00000000ebe00000, 0x00000000f6500000, 0x0000000100000000)
  eden space 112640K, 0% used [0x00000000ebe00000,0x00000000ebe00000,0x00000000f2c00000)
  from space 9216K, 72% used [0x00000000f2c00000,0x00000000f328be18,0x00000000f3500000)
  to   space 9728K, 0% used [0x00000000f5b80000,0x00000000f5b80000,0x00000000f6500000)
 ParOldGen       total 38912K, used 19045K [0x00000000c3a00000, 0x00000000c6000000, 0x00000000ebe00000)
  object space 38912K, 48% used [0x00000000c3a00000,0x00000000c4c994f8,0x00000000c6000000)
 Metaspace       used 35081K, capacity 35362K, committed 35496K, reserved 1081344K
  class space    used 4502K, capacity 4580K, committed 4608K, reserved 1048576K
}
Event: 14.328 GC heap before
{Heap before GC invocations=15 (full 2):
 PSYoungGen      total 121856K, used 6703K [0x00000000ebe00000, 0x00000000f6500000, 0x0000000100000000)
  eden space 112640K, 0% used [0x00000000ebe00000,0x00000000ebe00000,0x00000000f2c00000)
  from space 9216K, 72% used [0x00000000f2c00000,0x00000000f328be18,0x00000000f3500000)
  to   space 9728K, 0% used [0x00000000f5b80000,0x00000000f5b80000,0x00000000f6500000)
 ParOldGen       total 38912K, used 19045K [0x00000000c3a00000, 0x00000000c6000000, 0x00000000ebe00000)
  object space 38912K, 48% used [0x00000000c3a00000,0x00000000c4c994f8,0x00000000c6000000)
 Metaspace       used 35081K, capacity 35362K, committed 35496K, reserved 1081344K
  class space    used 4502K, capacity 4580K, committed 4608K, reserved 1048576K
Event: 14.424 GC heap after
Heap after GC invocations=15 (full 2):
 PSYoungGen      total 121856K, used 0K [0x00000000ebe00000, 0x00000000f6500000, 0x0000000100000000)
  eden space 112640K, 0% used [0x00000000ebe00000,0x00000000ebe00000,0x00000000f2c00000)
  from space 9216K, 0% used [0x00000000f2c00000,0x00000000f2c00000,0x00000000f3500000)
  to   space 9728K, 0% used [0x00000000f5b80000,0x00000000f5b80000,0x00000000f6500000)
 ParOldGen       total 59392K, used 21983K [0x00000000c3a00000, 0x00000000c7400000, 0x00000000ebe00000)
  object space 59392K, 37% used [0x00000000c3a00000,0x00000000c4f77e58,0x00000000c7400000)
 Metaspace       used 35081K, capacity 35362K, committed 35496K, reserved 1081344K
  class space    used 4502K, capacity 4580K, committed 4608K, reserved 1048576K
}
Event: 17.624 GC heap before
{Heap before GC invocations=16 (full 2):
 PSYoungGen      total 121856K, used 112640K [0x00000000ebe00000, 0x00000000f6500000, 0x0000000100000000)
  eden space 112640K, 100% used [0x00000000ebe00000,0x00000000f2c00000,0x00000000f2c00000)
  from space 9216K, 0% used [0x00000000f2c00000,0x00000000f2c00000,0x00000000f3500000)
  to   space 9728K, 0% used [0x00000000f5b80000,0x00000000f5b80000,0x00000000f6500000)
 ParOldGen       total 59392K, used 21983K [0x00000000c3a00000, 0x00000000c7400000, 0x00000000ebe00000)
  object space 59392K, 37% used [0x00000000c3a00000,0x00000000c4f77e58,0x00000000c7400000)
 Metaspace       used 43462K, capacity 43764K, committed 44032K, reserved 1087488K
  class space    used 5688K, capacity 5799K, committed 5888K, reserved 1048576K
Event: 17.647 GC heap after
Heap after GC invocations=16 (full 2):
 PSYoungGen      total 156672K, used 9696K [0x00000000ebe00000, 0x00000000f6500000, 0x0000000100000000)
  eden space 146944K, 0% used [0x00000000ebe00000,0x00000000ebe00000,0x00000000f4d80000)
  from space 9728K, 99% used [0x00000000f5b80000,0x00000000f64f82e8,0x00000000f6500000)
  to   space 11776K, 0% used [0x00000000f4e00000,0x00000000f4e00000,0x00000000f5980000)
 ParOldGen       total 59392K, used 23716K [0x00000000c3a00000, 0x00000000c7400000, 0x00000000ebe00000)
  object space 59392K, 39% used [0x00000000c3a00000,0x00000000c5129370,0x00000000c7400000)
 Metaspace       used 43462K, capacity 43764K, committed 44032K, reserved 1087488K
  class space    used 5688K, capacity 5799K, committed 5888K, reserved 1048576K
}

