# JRE version: Java(TM) SE Runtime Environment (8.0_121-b13) (build 1.8.0_121-b13)
# Java VM: Java HotSpot(TM) 64-Bit Server VM (25.121-b13 mixed mode linux-amd64 compressed oops)
Heap:
 PSYoungGen      total 187904K, used 53617K [0x00000000ebe00000, 0x00000000f9500000, 0x0000000100000000)
  eden space 178176K, 24% used [0x00000000ebe00000,0x00000000ee8dd580,0x00000000f6c00000)
  from space 9728K, 99% used [0x00000000f8b80000,0x00000000f94feef0,0x00000000f9500000)
  to   space 12288K, 0% used [0x00000000f7d00000,0x00000000f7d00000,0x00000000f8900000)
 ParOldGen       total 53248K, used 25646K [0x00000000c3a00000, 0x00000000c6e00000, 0x00000000ebe00000)
  object space 53248K, 48% used [0x00000000c3a00000,0x00000000c530bab0,0x00000000c6e00000)
 Metaspace       used 45252K, capacity 45612K, committed 46080K, reserved 1089536K
  class space    used 5917K, capacity 6029K, committed 6144K, reserved 1048576K
GC Heap History (10 events):
Event: 22.674 GC heap before
{Heap before GC invocations=12 (full 1):
 PSYoungGen      total 98816K, used 98615K [0x00000000ebe00000, 0x00000000f2c80000, 0x0000000100000000)
  eden space 93184K, 100% used [0x00000000ebe00000,0x00000000f1900000,0x00000000f1900000)
  from space 5632K, 96% used [0x00000000f2700000,0x00000000f2c4df18,0x00000000f2c80000)
  to   space 9216K, 0% used [0x00000000f1a80000,0x00000000f1a80000,0x00000000f2380000)
 ParOldGen       total 31744K, used 10460K [0x00000000c3a00000, 0x00000000c5900000, 0x00000000ebe00000)
  object space 31744K, 32% used [0x00000000c3a00000,0x00000000c4437360,0x00000000c5900000)
 Metaspace       used 26704K, capacity 27050K, committed 27264K, reserved 1073152K
  class space    used 3314K, capacity 3410K, committed 3456K, reserved 1048576K
Event: 22.684 GC heap after
Heap after GC invocations=12 (full 1):
 PSYoungGen      total 103936K, used 6868K [0x00000000ebe00000, 0x00000000f5800000, 0x0000000100000000)
  eden space 94720K, 0% used [0x00000000ebe00000,0x00000000ebe00000,0x00000000f1a80000)
  from space 9216K, 74% used [0x00000000f1a80000,0x00000000f2135390,0x00000000f2380000)
  to   space 9216K, 0% used [0x00000000f4f00000,0x00000000f4f00000,0x00000000f5800000)
 ParOldGen       total 31744K, used 11336K [0x00000000c3a00000, 0x00000000c5900000, 0x00000000ebe00000)
  object space 31744K, 35% used [0x00000000c3a00000,0x00000000c4512020,0x00000000c5900000)
 Metaspace       used 26704K, capacity 27050K, committed 27264K, reserved 1073152K
  class space    used 3314K, capacity 3410K, committed 3456K, reserved 1048576K
}
Event: 25.680 GC heap before
{Heap before GC invocations=13 (full 1):
 PSYoungGen      total 103936K, used 101588K [0x00000000ebe00000, 0x00000000f5800000, 0x0000000100000000)
  eden space 94720K, 100% used [0x00000000ebe00000,0x00000000f1a80000,0x00000000f1a80000)
  from space 9216K, 74% used [0x00000000f1a80000,0x00000000f2135390,0x00000000f2380000)
  to   space 9216K, 0% used [0x00000000f4f00000,0x00000000f4f00000,0x00000000f5800000)
 ParOldGen       total 31744K, used 11336K [0x00000000c3a00000, 0x00000000c5900000, 0x00000000ebe00000)
  object space 31744K, 35% used [0x00000000c3a00000,0x00000000c4512020,0x00000000c5900000)
 Metaspace       used 30399K, capacity 30710K, committed 31104K, reserved 1077248K
  class space    used 3767K, capacity 3860K, committed 3968K, reserved 1048576K
Event: 25.692 GC heap after
Heap after GC invocations=13 (full 1):
 PSYoungGen      total 147968K, used 6482K [0x00000000ebe00000, 0x00000000f5880000, 0x0000000100000000)
  eden space 138752K, 0% used [0x00000000ebe00000,0x00000000ebe00000,0x00000000f4580000)
  from space 9216K, 70% used [0x00000000f4f00000,0x00000000f55548e8,0x00000000f5800000)
  to   space 9728K, 0% used [0x00000000f4580000,0x00000000f4580000,0x00000000f4f00000)
 ParOldGen       total 31744K, used 13940K [0x00000000c3a00000, 0x00000000c5900000, 0x00000000ebe00000)
  object space 31744K, 43% used [0x00000000c3a00000,0x00000000c479d050,0x00000000c5900000)
 Metaspace       used 30399K, capacity 30710K, committed 31104K, reserved 1077248K
  class space    used 3767K, capacity 3860K, committed 3968K, reserved 1048576K
}
Event: 30.572 GC heap before
{Heap before GC invocations=14 (full 1):
 PSYoungGen      total 147968K, used 94089K [0x00000000ebe00000, 0x00000000f5880000, 0x0000000100000000)
  eden space 138752K, 63% used [0x00000000ebe00000,0x00000000f138dbf0,0x00000000f4580000)
  from space 9216K, 70% used [0x00000000f4f00000,0x00000000f55548e8,0x00000000f5800000)
  to   space 9728K, 0% used [0x00000000f4580000,0x00000000f4580000,0x00000000f4f00000)
 ParOldGen       total 31744K, used 13940K [0x00000000c3a00000, 0x00000000c5900000, 0x00000000ebe00000)
  object space 31744K, 43% used [0x00000000c3a00000,0x00000000c479d050,0x00000000c5900000)
 Metaspace       used 35054K, capacity 35350K, committed 35496K, reserved 1081344K
  class space    used 4496K, capacity 4580K, committed 4608K, reserved 1048576K
Event: 30.595 GC heap after
Heap after GC invocations=14 (full 1):
 PSYoungGen      total 148480K, used 6772K [0x00000000ebe00000, 0x00000000f9500000, 0x0000000100000000)
  eden space 138752K, 0% used [0x00000000ebe00000,0x00000000ebe00000,0x00000000f4580000)
  from space 9728K, 69% used [0x00000000f4580000,0x00000000f4c1d3d0,0x00000000f4f00000)
  to   space 9728K, 0% used [0x00000000f8b80000,0x00000000f8b80000,0x00000000f9500000)
 ParOldGen       total 31744K, used 16754K [0x00000000c3a00000, 0x00000000c5900000, 0x00000000ebe00000)
  object space 31744K, 52% used [0x00000000c3a00000,0x00000000c4a5cb80,0x00000000c5900000)
 Metaspace       used 35054K, capacity 35350K, committed 35496K, reserved 1081344K
  class space    used 4496K, capacity 4580K, committed 4608K, reserved 1048576K
}
Event: 30.595 GC heap before
{Heap before GC invocations=15 (full 2):
 PSYoungGen      total 148480K, used 6772K [0x00000000ebe00000, 0x00000000f9500000, 0x0000000100000000)
  eden space 138752K, 0% used [0x00000000ebe00000,0x00000000ebe00000,0x00000000f4580000)
  from space 9728K, 69% used [0x00000000f4580000,0x00000000f4c1d3d0,0x00000000f4f00000)
  to   space 9728K, 0% used [0x00000000f8b80000,0x00000000f8b80000,0x00000000f9500000)
 ParOldGen       total 31744K, used 16754K [0x00000000c3a00000, 0x00000000c5900000, 0x00000000ebe00000)
  object space 31744K, 52% used [0x00000000c3a00000,0x00000000c4a5cb80,0x00000000c5900000)
 Metaspace       used 35054K, capacity 35350K, committed 35496K, reserved 1081344K
  class space    used 4496K, capacity 4580K, committed 4608K, reserved 1048576K
Event: 30.886 GC heap after
Heap after GC invocations=15 (full 2):
 PSYoungGen      total 148480K, used 0K [0x00000000ebe00000, 0x00000000f9500000, 0x0000000100000000)
  eden space 138752K, 0% used [0x00000000ebe00000,0x00000000ebe00000,0x00000000f4580000)
  from space 9728K, 0% used [0x00000000f4580000,0x00000000f4580000,0x00000000f4f00000)
  to   space 9728K, 0% used [0x00000000f8b80000,0x00000000f8b80000,0x00000000f9500000)
 ParOldGen       total 53248K, used 22033K [0x00000000c3a00000, 0x00000000c6e00000, 0x00000000ebe00000)
  object space 53248K, 41% used [0x00000000c3a00000,0x00000000c4f84738,0x00000000c6e00000)
 Metaspace       used 35054K, capacity 35350K, committed 35496K, reserved 1081344K
  class space    used 4496K, capacity 4580K, committed 4608K, reserved 1048576K
}
Event: 36.633 GC heap before
{Heap before GC invocations=16 (full 2):
 PSYoungGen      total 148480K, used 138752K [0x00000000ebe00000, 0x00000000f9500000, 0x0000000100000000)
  eden space 138752K, 100% used [0x00000000ebe00000,0x00000000f4580000,0x00000000f4580000)
  from space 9728K, 0% used [0x00000000f4580000,0x00000000f4580000,0x00000000f4f00000)
  to   space 9728K, 0% used [0x00000000f8b80000,0x00000000f8b80000,0x00000000f9500000)
 ParOldGen       total 53248K, used 22033K [0x00000000c3a00000, 0x00000000c6e00000, 0x00000000ebe00000)
  object space 53248K, 41% used [0x00000000c3a00000,0x00000000c4f84738,0x00000000c6e00000)
 Metaspace       used 44135K, capacity 44474K, committed 44800K, reserved 1087488K
  class space    used 5772K, capacity 5866K, committed 5888K, reserved 1048576K
Event: 36.663 GC heap after
Heap after GC invocations=16 (full 2):
 PSYoungGen      total 187904K, used 9723K [0x00000000ebe00000, 0x00000000f9500000, 0x0000000100000000)
  eden space 178176K, 0% used [0x00000000ebe00000,0x00000000ebe00000,0x00000000f6c00000)
  from space 9728K, 99% used [0x00000000f8b80000,0x00000000f94feef0,0x00000000f9500000)
  to   space 12288K, 0% used [0x00000000f7d00000,0x00000000f7d00000,0x00000000f8900000)
 ParOldGen       total 53248K, used 25646K [0x00000000c3a00000, 0x00000000c6e00000, 0x00000000ebe00000)
  object space 53248K, 48% used [0x00000000c3a00000,0x00000000c530bab0,0x00000000c6e00000)
 Metaspace       used 44135K, capacity 44474K, committed 44800K, reserved 1087488K
  class space    used 5772K, capacity 5866K, committed 5888K, reserved 1048576K
}

