# JRE version: Java(TM) SE Runtime Environment (8.0_121-b13) (build 1.8.0_121-b13)
# Java VM: Java HotSpot(TM) 64-Bit Server VM (25.121-b13 mixed mode linux-amd64 compressed oops)
Heap:
 PSYoungGen      total 305664K, used 189188K [0x000000076ab00000, 0x0000000788f80000, 0x00000007c0000000)
  eden space 262144K, 72% used [0x000000076ab00000,0x00000007763c1118,0x000000077ab00000)
  from space 43520K, 0% used [0x000000077ab00000,0x000000077ab00000,0x000000077d580000)
  to   space 43520K, 0% used [0x0000000786500000,0x0000000786500000,0x0000000788f80000)
 ParOldGen       total 705024K, used 22788K [0x00000006c0000000, 0x00000006eb080000, 0x000000076ab00000)
  object space 705024K, 3% used [0x00000006c0000000,0x00000006c1641358,0x00000006eb080000)
 Metaspace       used 45096K, capacity 45496K, committed 45824K, reserved 1089536K
  class space    used 5900K, capacity 6029K, committed 6144K, reserved 1048576K
GC Heap History (10 events):
Event: 2.852 GC heap before
{Heap before GC invocations=1 (full 0):
 PSYoungGen      total 305664K, used 178411K [0x000000076ab00000, 0x0000000780000000, 0x00000007c0000000)
  eden space 262144K, 68% used [0x000000076ab00000,0x000000077593afb8,0x000000077ab00000)
  from space 43520K, 0% used [0x000000077d580000,0x000000077d580000,0x0000000780000000)
  to   space 43520K, 0% used [0x000000077ab00000,0x000000077ab00000,0x000000077d580000)
 ParOldGen       total 699392K, used 0K [0x00000006c0000000, 0x00000006eab00000, 0x000000076ab00000)
  object space 699392K, 0% used [0x00000006c0000000,0x00000006c0000000,0x00000006eab00000)
 Metaspace       used 21027K, capacity 21202K, committed 21296K, reserved 1069056K
  class space    used 2582K, capacity 2642K, committed 2688K, reserved 1048576K
Event: 2.874 GC heap after
Heap after GC invocations=1 (full 0):
 PSYoungGen      total 305664K, used 20908K [0x000000076ab00000, 0x0000000780000000, 0x00000007c0000000)
  eden space 262144K, 0% used [0x000000076ab00000,0x000000076ab00000,0x000000077ab00000)
  from space 43520K, 48% used [0x000000077ab00000,0x000000077bf6b0e0,0x000000077d580000)
  to   space 43520K, 0% used [0x000000077d580000,0x000000077d580000,0x0000000780000000)
 ParOldGen       total 699392K, used 88K [0x00000006c0000000, 0x00000006eab00000, 0x000000076ab00000)
  object space 699392K, 0% used [0x00000006c0000000,0x00000006c0016010,0x00000006eab00000)
 Metaspace       used 21027K, capacity 21202K, committed 21296K, reserved 1069056K
  class space    used 2582K, capacity 2642K, committed 2688K, reserved 1048576K
}
Event: 2.874 GC heap before
{Heap before GC invocations=2 (full 1):
 PSYoungGen      total 305664K, used 20908K [0x000000076ab00000, 0x0000000780000000, 0x00000007c0000000)
  eden space 262144K, 0% used [0x000000076ab00000,0x000000076ab00000,0x000000077ab00000)
  from space 43520K, 48% used [0x000000077ab00000,0x000000077bf6b0e0,0x000000077d580000)
  to   space 43520K, 0% used [0x000000077d580000,0x000000077d580000,0x0000000780000000)
 ParOldGen       total 699392K, used 88K [0x00000006c0000000, 0x00000006eab00000, 0x000000076ab00000)
  object space 699392K, 0% used [0x00000006c0000000,0x00000006c0016010,0x00000006eab00000)
 Metaspace       used 21027K, capacity 21202K, committed 21296K, reserved 1069056K
  class space    used 2582K, capacity 2642K, committed 2688K, reserved 1048576K
Event: 2.921 GC heap after
Heap after GC invocations=2 (full 1):
 PSYoungGen      total 305664K, used 0K [0x000000076ab00000, 0x0000000780000000, 0x00000007c0000000)
  eden space 262144K, 0% used [0x000000076ab00000,0x000000076ab00000,0x000000077ab00000)
  from space 43520K, 0% used [0x000000077ab00000,0x000000077ab00000,0x000000077d580000)
  to   space 43520K, 0% used [0x000000077d580000,0x000000077d580000,0x0000000780000000)
 ParOldGen       total 699392K, used 20119K [0x00000006c0000000, 0x00000006eab00000, 0x000000076ab00000)
  object space 699392K, 2% used [0x00000006c0000000,0x00000006c13a5d98,0x00000006eab00000)
 Metaspace       used 21027K, capacity 21202K, committed 21296K, reserved 1069056K
  class space    used 2582K, capacity 2642K, committed 2688K, reserved 1048576K
}
Event: 5.450 GC heap before
{Heap before GC invocations=3 (full 1):
 PSYoungGen      total 305664K, used 262144K [0x000000076ab00000, 0x0000000780000000, 0x00000007c0000000)
  eden space 262144K, 100% used [0x000000076ab00000,0x000000077ab00000,0x000000077ab00000)
  from space 43520K, 0% used [0x000000077ab00000,0x000000077ab00000,0x000000077d580000)
  to   space 43520K, 0% used [0x000000077d580000,0x000000077d580000,0x0000000780000000)
 ParOldGen       total 699392K, used 20119K [0x00000006c0000000, 0x00000006eab00000, 0x000000076ab00000)
  object space 699392K, 2% used [0x00000006c0000000,0x00000006c13a5d98,0x00000006eab00000)
 Metaspace       used 30369K, capacity 30658K, committed 30848K, reserved 1077248K
  class space    used 3767K, capacity 3860K, committed 3968K, reserved 1048576K
Event: 5.519 GC heap after
Heap after GC invocations=3 (full 1):
 PSYoungGen      total 305664K, used 17301K [0x000000076ab00000, 0x0000000788280000, 0x00000007c0000000)
  eden space 262144K, 0% used [0x000000076ab00000,0x000000076ab00000,0x000000077ab00000)
  from space 43520K, 39% used [0x000000077d580000,0x000000077e6656a8,0x0000000780000000)
  to   space 43520K, 0% used [0x000000077ab00000,0x000000077ab00000,0x000000077d580000)
 ParOldGen       total 699392K, used 20127K [0x00000006c0000000, 0x00000006eab00000, 0x000000076ab00000)
  object space 699392K, 2% used [0x00000006c0000000,0x00000006c13a7d98,0x00000006eab00000)
 Metaspace       used 30369K, capacity 30658K, committed 30848K, reserved 1077248K
  class space    used 3767K, capacity 3860K, committed 3968K, reserved 1048576K
}
Event: 6.438 GC heap before
{Heap before GC invocations=4 (full 1):
 PSYoungGen      total 305664K, used 125959K [0x000000076ab00000, 0x0000000788280000, 0x00000007c0000000)
  eden space 262144K, 41% used [0x000000076ab00000,0x000000077151c648,0x000000077ab00000)
  from space 43520K, 39% used [0x000000077d580000,0x000000077e6656a8,0x0000000780000000)
  to   space 43520K, 0% used [0x000000077ab00000,0x000000077ab00000,0x000000077d580000)
 ParOldGen       total 699392K, used 20127K [0x00000006c0000000, 0x00000006eab00000, 0x000000076ab00000)
  object space 699392K, 2% used [0x00000006c0000000,0x00000006c13a7d98,0x00000006eab00000)
 Metaspace       used 35049K, capacity 35362K, committed 35496K, reserved 1081344K
  class space    used 4499K, capacity 4580K, committed 4608K, reserved 1048576K
Event: 6.465 GC heap after
Heap after GC invocations=4 (full 1):
 PSYoungGen      total 305664K, used 13527K [0x000000076ab00000, 0x0000000788f80000, 0x00000007c0000000)
  eden space 262144K, 0% used [0x000000076ab00000,0x000000076ab00000,0x000000077ab00000)
  from space 43520K, 31% used [0x000000077ab00000,0x000000077b835d48,0x000000077d580000)
  to   space 43520K, 0% used [0x0000000786500000,0x0000000786500000,0x0000000788f80000)
 ParOldGen       total 699392K, used 20135K [0x00000006c0000000, 0x00000006eab00000, 0x000000076ab00000)
  object space 699392K, 2% used [0x00000006c0000000,0x00000006c13a9d98,0x00000006eab00000)
 Metaspace       used 35049K, capacity 35362K, committed 35496K, reserved 1081344K
  class space    used 4499K, capacity 4580K, committed 4608K, reserved 1048576K
}
Event: 6.465 GC heap before
{Heap before GC invocations=5 (full 2):
 PSYoungGen      total 305664K, used 13527K [0x000000076ab00000, 0x0000000788f80000, 0x00000007c0000000)
  eden space 262144K, 0% used [0x000000076ab00000,0x000000076ab00000,0x000000077ab00000)
  from space 43520K, 31% used [0x000000077ab00000,0x000000077b835d48,0x000000077d580000)
  to   space 43520K, 0% used [0x0000000786500000,0x0000000786500000,0x0000000788f80000)
 ParOldGen       total 699392K, used 20135K [0x00000006c0000000, 0x00000006eab00000, 0x000000076ab00000)
  object space 699392K, 2% used [0x00000006c0000000,0x00000006c13a9d98,0x00000006eab00000)
 Metaspace       used 35049K, capacity 35362K, committed 35496K, reserved 1081344K
  class space    used 4499K, capacity 4580K, committed 4608K, reserved 1048576K
Event: 6.587 GC heap after
Heap after GC invocations=5 (full 2):
 PSYoungGen      total 305664K, used 0K [0x000000076ab00000, 0x0000000788f80000, 0x00000007c0000000)
  eden space 262144K, 0% used [0x000000076ab00000,0x000000076ab00000,0x000000077ab00000)
  from space 43520K, 0% used [0x000000077ab00000,0x000000077ab00000,0x000000077d580000)
  to   space 43520K, 0% used [0x0000000786500000,0x0000000786500000,0x0000000788f80000)
 ParOldGen       total 705024K, used 22788K [0x00000006c0000000, 0x00000006eb080000, 0x000000076ab00000)
  object space 705024K, 3% used [0x00000006c0000000,0x00000006c1641358,0x00000006eb080000)
 Metaspace       used 35049K, capacity 35362K, committed 35496K, reserved 1081344K
  class space    used 4499K, capacity 4580K, committed 4608K, reserved 1048576K
}

