# JRE version: Java(TM) SE Runtime Environment (8.0_121-b13) (build 1.8.0_121-b13)
# Java VM: Java HotSpot(TM) 64-Bit Server VM (25.121-b13 mixed mode linux-amd64 compressed oops)
Heap:
 PSYoungGen      total 169472K, used 69339K [0x00000000ebe00000, 0x00000000f7800000, 0x0000000100000000)
  eden space 156672K, 36% used [0x00000000ebe00000,0x00000000ef585230,0x00000000f5700000)
  from space 12800K, 97% used [0x00000000f6b80000,0x00000000f77b1ab0,0x00000000f7800000)
  to   space 15360K, 0% used [0x00000000f5a00000,0x00000000f5a00000,0x00000000f6900000)
 ParOldGen       total 61952K, used 22285K [0x00000000c3a00000, 0x00000000c7680000, 0x00000000ebe00000)
  object space 61952K, 35% used [0x00000000c3a00000,0x00000000c4fc37a8,0x00000000c7680000)
 Metaspace       used 45078K, capacity 45420K, committed 45824K, reserved 1089536K
  class space    used 5900K, capacity 6029K, committed 6144K, reserved 1048576K
GC Heap History (10 events):
Event: 3.534 GC heap before
{Heap before GC invocations=10 (full 1):
 PSYoungGen      total 98816K, used 98402K [0x00000000ebe00000, 0x00000000f4300000, 0x0000000100000000)
  eden space 95232K, 100% used [0x00000000ebe00000,0x00000000f1b00000,0x00000000f1b00000)
  from space 3584K, 88% used [0x00000000f3f80000,0x00000000f42989c0,0x00000000f4300000)
  to   space 10752K, 0% used [0x00000000f2e00000,0x00000000f2e00000,0x00000000f3880000)
 ParOldGen       total 36864K, used 10378K [0x00000000c3a00000, 0x00000000c5e00000, 0x00000000ebe00000)
  object space 36864K, 28% used [0x00000000c3a00000,0x00000000c44228c8,0x00000000c5e00000)
 Metaspace       used 26030K, capacity 26308K, committed 26624K, reserved 1073152K
  class space    used 3212K, capacity 3313K, committed 3328K, reserved 1048576K
Event: 3.547 GC heap after
Heap after GC invocations=10 (full 1):
 PSYoungGen      total 125440K, used 8870K [0x00000000ebe00000, 0x00000000f5080000, 0x0000000100000000)
  eden space 114688K, 0% used [0x00000000ebe00000,0x00000000ebe00000,0x00000000f2e00000)
  from space 10752K, 82% used [0x00000000f2e00000,0x00000000f36a9a90,0x00000000f3880000)
  to   space 11776K, 0% used [0x00000000f4500000,0x00000000f4500000,0x00000000f5080000)
 ParOldGen       total 36864K, used 10386K [0x00000000c3a00000, 0x00000000c5e00000, 0x00000000ebe00000)
  object space 36864K, 28% used [0x00000000c3a00000,0x00000000c44248c8,0x00000000c5e00000)
 Metaspace       used 26030K, capacity 26308K, committed 26624K, reserved 1073152K
  class space    used 3212K, capacity 3313K, committed 3328K, reserved 1048576K
}
Event: 4.415 GC heap before
{Heap before GC invocations=11 (full 1):
 PSYoungGen      total 125440K, used 123558K [0x00000000ebe00000, 0x00000000f5080000, 0x0000000100000000)
  eden space 114688K, 100% used [0x00000000ebe00000,0x00000000f2e00000,0x00000000f2e00000)
  from space 10752K, 82% used [0x00000000f2e00000,0x00000000f36a9a90,0x00000000f3880000)
  to   space 11776K, 0% used [0x00000000f4500000,0x00000000f4500000,0x00000000f5080000)
 ParOldGen       total 36864K, used 10386K [0x00000000c3a00000, 0x00000000c5e00000, 0x00000000ebe00000)
  object space 36864K, 28% used [0x00000000c3a00000,0x00000000c44248c8,0x00000000c5e00000)
 Metaspace       used 30389K, capacity 30710K, committed 31104K, reserved 1077248K
  class space    used 3768K, capacity 3860K, committed 3968K, reserved 1048576K
Event: 4.429 GC heap after
Heap after GC invocations=11 (full 1):
 PSYoungGen      total 137728K, used 8971K [0x00000000ebe00000, 0x00000000f6900000, 0x0000000100000000)
  eden space 125952K, 0% used [0x00000000ebe00000,0x00000000ebe00000,0x00000000f3900000)
  from space 11776K, 76% used [0x00000000f4500000,0x00000000f4dc2f10,0x00000000f5080000)
  to   space 12288K, 0% used [0x00000000f3900000,0x00000000f3900000,0x00000000f4500000)
 ParOldGen       total 36864K, used 11665K [0x00000000c3a00000, 0x00000000c5e00000, 0x00000000ebe00000)
  object space 36864K, 31% used [0x00000000c3a00000,0x00000000c4564410,0x00000000c5e00000)
 Metaspace       used 30389K, capacity 30710K, committed 31104K, reserved 1077248K
  class space    used 3768K, capacity 3860K, committed 3968K, reserved 1048576K
}
Event: 5.472 GC heap before
{Heap before GC invocations=12 (full 1):
 PSYoungGen      total 137728K, used 99037K [0x00000000ebe00000, 0x00000000f6900000, 0x0000000100000000)
  eden space 125952K, 71% used [0x00000000ebe00000,0x00000000f15f4810,0x00000000f3900000)
  from space 11776K, 76% used [0x00000000f4500000,0x00000000f4dc2f10,0x00000000f5080000)
  to   space 12288K, 0% used [0x00000000f3900000,0x00000000f3900000,0x00000000f4500000)
 ParOldGen       total 36864K, used 11665K [0x00000000c3a00000, 0x00000000c5e00000, 0x00000000ebe00000)
  object space 36864K, 31% used [0x00000000c3a00000,0x00000000c4564410,0x00000000c5e00000)
 Metaspace       used 35061K, capacity 35350K, committed 35496K, reserved 1081344K
  class space    used 4504K, capacity 4580K, committed 4608K, reserved 1048576K
Event: 5.488 GC heap after
Heap after GC invocations=12 (full 1):
 PSYoungGen      total 138240K, used 10675K [0x00000000ebe00000, 0x00000000f7880000, 0x0000000100000000)
  eden space 125952K, 0% used [0x00000000ebe00000,0x00000000ebe00000,0x00000000f3900000)
  from space 12288K, 86% used [0x00000000f3900000,0x00000000f436ce20,0x00000000f4500000)
  to   space 13312K, 0% used [0x00000000f6b80000,0x00000000f6b80000,0x00000000f7880000)
 ParOldGen       total 36864K, used 13285K [0x00000000c3a00000, 0x00000000c5e00000, 0x00000000ebe00000)
  object space 36864K, 36% used [0x00000000c3a00000,0x00000000c46f9440,0x00000000c5e00000)
 Metaspace       used 35061K, capacity 35350K, committed 35496K, reserved 1081344K
  class space    used 4504K, capacity 4580K, committed 4608K, reserved 1048576K
}
Event: 5.488 GC heap before
{Heap before GC invocations=13 (full 2):
 PSYoungGen      total 138240K, used 10675K [0x00000000ebe00000, 0x00000000f7880000, 0x0000000100000000)
  eden space 125952K, 0% used [0x00000000ebe00000,0x00000000ebe00000,0x00000000f3900000)
  from space 12288K, 86% used [0x00000000f3900000,0x00000000f436ce20,0x00000000f4500000)
  to   space 13312K, 0% used [0x00000000f6b80000,0x00000000f6b80000,0x00000000f7880000)
 ParOldGen       total 36864K, used 13285K [0x00000000c3a00000, 0x00000000c5e00000, 0x00000000ebe00000)
  object space 36864K, 36% used [0x00000000c3a00000,0x00000000c46f9440,0x00000000c5e00000)
 Metaspace       used 35061K, capacity 35350K, committed 35496K, reserved 1081344K
  class space    used 4504K, capacity 4580K, committed 4608K, reserved 1048576K
Event: 5.596 GC heap after
Heap after GC invocations=13 (full 2):
 PSYoungGen      total 138240K, used 0K [0x00000000ebe00000, 0x00000000f7880000, 0x0000000100000000)
  eden space 125952K, 0% used [0x00000000ebe00000,0x00000000ebe00000,0x00000000f3900000)
  from space 12288K, 0% used [0x00000000f3900000,0x00000000f3900000,0x00000000f4500000)
  to   space 13312K, 0% used [0x00000000f6b80000,0x00000000f6b80000,0x00000000f7880000)
 ParOldGen       total 61952K, used 22277K [0x00000000c3a00000, 0x00000000c7680000, 0x00000000ebe00000)
  object space 61952K, 35% used [0x00000000c3a00000,0x00000000c4fc17a8,0x00000000c7680000)
 Metaspace       used 35061K, capacity 35350K, committed 35496K, reserved 1081344K
  class space    used 4504K, capacity 4580K, committed 4608K, reserved 1048576K
}
Event: 7.238 GC heap before
{Heap before GC invocations=14 (full 2):
 PSYoungGen      total 138240K, used 125952K [0x00000000ebe00000, 0x00000000f7880000, 0x0000000100000000)
  eden space 125952K, 100% used [0x00000000ebe00000,0x00000000f3900000,0x00000000f3900000)
  from space 12288K, 0% used [0x00000000f3900000,0x00000000f3900000,0x00000000f4500000)
  to   space 13312K, 0% used [0x00000000f6b80000,0x00000000f6b80000,0x00000000f7880000)
 ParOldGen       total 61952K, used 22277K [0x00000000c3a00000, 0x00000000c7680000, 0x00000000ebe00000)
  object space 61952K, 35% used [0x00000000c3a00000,0x00000000c4fc17a8,0x00000000c7680000)
 Metaspace       used 43787K, capacity 44110K, committed 44288K, reserved 1087488K
  class space    used 5735K, capacity 5832K, committed 5888K, reserved 1048576K
Event: 7.260 GC heap after
Heap after GC invocations=14 (full 2):
 PSYoungGen      total 169472K, used 12486K [0x00000000ebe00000, 0x00000000f7800000, 0x0000000100000000)
  eden space 156672K, 0% used [0x00000000ebe00000,0x00000000ebe00000,0x00000000f5700000)
  from space 12800K, 97% used [0x00000000f6b80000,0x00000000f77b1ab0,0x00000000f7800000)
  to   space 15360K, 0% used [0x00000000f5a00000,0x00000000f5a00000,0x00000000f6900000)
 ParOldGen       total 61952K, used 22285K [0x00000000c3a00000, 0x00000000c7680000, 0x00000000ebe00000)
  object space 61952K, 35% used [0x00000000c3a00000,0x00000000c4fc37a8,0x00000000c7680000)
 Metaspace       used 43787K, capacity 44110K, committed 44288K, reserved 1087488K
  class space    used 5735K, capacity 5832K, committed 5888K, reserved 1048576K
}

