# JRE version: Java(TM) SE Runtime Environment (8.0_121-b13) (build 1.8.0_121-b13)
# Java VM: Java HotSpot(TM) 64-Bit Server VM (25.121-b13 mixed mode linux-amd64 compressed oops)
Heap:
 PSYoungGen      total 305664K, used 191714K [0x000000076ab00000, 0x0000000787780000, 0x00000007c0000000)
  eden space 262144K, 73% used [0x000000076ab00000,0x0000000776638a18,0x000000077ab00000)
  from space 43520K, 0% used [0x000000077ab00000,0x000000077ab00000,0x000000077d580000)
  to   space 43520K, 0% used [0x0000000784d00000,0x0000000784d00000,0x0000000787780000)
 ParOldGen       total 710656K, used 23022K [0x00000006c0000000, 0x00000006eb600000, 0x000000076ab00000)
  object space 710656K, 3% used [0x00000006c0000000,0x00000006c167b8d0,0x00000006eb600000)
 Metaspace       used 45091K, capacity 45484K, committed 45824K, reserved 1089536K
  class space    used 5900K, capacity 6029K, committed 6144K, reserved 1048576K
GC Heap History (10 events):
Event: 3.000 GC heap before
{Heap before GC invocations=1 (full 0):
 PSYoungGen      total 305664K, used 167918K [0x000000076ab00000, 0x0000000780000000, 0x00000007c0000000)
  eden space 262144K, 64% used [0x000000076ab00000,0x0000000774efba50,0x000000077ab00000)
  from space 43520K, 0% used [0x000000077d580000,0x000000077d580000,0x0000000780000000)
  to   space 43520K, 0% used [0x000000077ab00000,0x000000077ab00000,0x000000077d580000)
 ParOldGen       total 699392K, used 0K [0x00000006c0000000, 0x00000006eab00000, 0x000000076ab00000)
  object space 699392K, 0% used [0x00000006c0000000,0x00000006c0000000,0x00000006eab00000)
 Metaspace       used 21036K, capacity 21194K, committed 21296K, reserved 1069056K
  class space    used 2588K, capacity 2642K, committed 2688K, reserved 1048576K
Event: 3.026 GC heap after
Heap after GC invocations=1 (full 0):
 PSYoungGen      total 305664K, used 20893K [0x000000076ab00000, 0x0000000780000000, 0x00000007c0000000)
  eden space 262144K, 0% used [0x000000076ab00000,0x000000076ab00000,0x000000077ab00000)
  from space 43520K, 48% used [0x000000077ab00000,0x000000077bf67410,0x000000077d580000)
  to   space 43520K, 0% used [0x000000077d580000,0x000000077d580000,0x0000000780000000)
 ParOldGen       total 699392K, used 80K [0x00000006c0000000, 0x00000006eab00000, 0x000000076ab00000)
  object space 699392K, 0% used [0x00000006c0000000,0x00000006c0014010,0x00000006eab00000)
 Metaspace       used 21036K, capacity 21194K, committed 21296K, reserved 1069056K
  class space    used 2588K, capacity 2642K, committed 2688K, reserved 1048576K
}
Event: 3.026 GC heap before
{Heap before GC invocations=2 (full 1):
 PSYoungGen      total 305664K, used 20893K [0x000000076ab00000, 0x0000000780000000, 0x00000007c0000000)
  eden space 262144K, 0% used [0x000000076ab00000,0x000000076ab00000,0x000000077ab00000)
  from space 43520K, 48% used [0x000000077ab00000,0x000000077bf67410,0x000000077d580000)
  to   space 43520K, 0% used [0x000000077d580000,0x000000077d580000,0x0000000780000000)
 ParOldGen       total 699392K, used 80K [0x00000006c0000000, 0x00000006eab00000, 0x000000076ab00000)
  object space 699392K, 0% used [0x00000006c0000000,0x00000006c0014010,0x00000006eab00000)
 Metaspace       used 21036K, capacity 21194K, committed 21296K, reserved 1069056K
  class space    used 2588K, capacity 2642K, committed 2688K, reserved 1048576K
Event: 3.071 GC heap after
Heap after GC invocations=2 (full 1):
 PSYoungGen      total 305664K, used 0K [0x000000076ab00000, 0x0000000780000000, 0x00000007c0000000)
  eden space 262144K, 0% used [0x000000076ab00000,0x000000076ab00000,0x000000077ab00000)
  from space 43520K, 0% used [0x000000077ab00000,0x000000077ab00000,0x000000077d580000)
  to   space 43520K, 0% used [0x000000077d580000,0x000000077d580000,0x0000000780000000)
 ParOldGen       total 699392K, used 20147K [0x00000006c0000000, 0x00000006eab00000, 0x000000076ab00000)
  object space 699392K, 2% used [0x00000006c0000000,0x00000006c13acc78,0x00000006eab00000)
 Metaspace       used 21036K, capacity 21194K, committed 21296K, reserved 1069056K
  class space    used 2588K, capacity 2642K, committed 2688K, reserved 1048576K
}
Event: 5.093 GC heap before
{Heap before GC invocations=3 (full 1):
 PSYoungGen      total 305664K, used 262128K [0x000000076ab00000, 0x0000000780000000, 0x00000007c0000000)
  eden space 262144K, 99% used [0x000000076ab00000,0x000000077aafc090,0x000000077ab00000)
  from space 43520K, 0% used [0x000000077ab00000,0x000000077ab00000,0x000000077d580000)
  to   space 43520K, 0% used [0x000000077d580000,0x000000077d580000,0x0000000780000000)
 ParOldGen       total 699392K, used 20147K [0x00000006c0000000, 0x00000006eab00000, 0x000000076ab00000)
  object space 699392K, 2% used [0x00000006c0000000,0x00000006c13acc78,0x00000006eab00000)
 Metaspace       used 30258K, capacity 30550K, committed 30720K, reserved 1077248K
  class space    used 3753K, capacity 3828K, committed 3840K, reserved 1048576K
Event: 5.118 GC heap after
Heap after GC invocations=3 (full 1):
 PSYoungGen      total 305664K, used 16914K [0x000000076ab00000, 0x0000000786780000, 0x00000007c0000000)
  eden space 262144K, 0% used [0x000000076ab00000,0x000000076ab00000,0x000000077ab00000)
  from space 43520K, 38% used [0x000000077d580000,0x000000077e604848,0x0000000780000000)
  to   space 43520K, 0% used [0x000000077ab00000,0x000000077ab00000,0x000000077d580000)
 ParOldGen       total 699392K, used 20155K [0x00000006c0000000, 0x00000006eab00000, 0x000000076ab00000)
  object space 699392K, 2% used [0x00000006c0000000,0x00000006c13aec78,0x00000006eab00000)
 Metaspace       used 30258K, capacity 30550K, committed 30720K, reserved 1077248K
  class space    used 3753K, capacity 3828K, committed 3840K, reserved 1048576K
}
Event: 6.072 GC heap before
{Heap before GC invocations=4 (full 1):
 PSYoungGen      total 305664K, used 139518K [0x000000076ab00000, 0x0000000786780000, 0x00000007c0000000)
  eden space 262144K, 46% used [0x000000076ab00000,0x00000007722bafe0,0x000000077ab00000)
  from space 43520K, 38% used [0x000000077d580000,0x000000077e604848,0x0000000780000000)
  to   space 43520K, 0% used [0x000000077ab00000,0x000000077ab00000,0x000000077d580000)
 ParOldGen       total 699392K, used 20155K [0x00000006c0000000, 0x00000006eab00000, 0x000000076ab00000)
  object space 699392K, 2% used [0x00000006c0000000,0x00000006c13aec78,0x00000006eab00000)
 Metaspace       used 35037K, capacity 35350K, committed 35496K, reserved 1081344K
  class space    used 4496K, capacity 4580K, committed 4608K, reserved 1048576K
Event: 6.091 GC heap after
Heap after GC invocations=4 (full 1):
 PSYoungGen      total 305664K, used 13760K [0x000000076ab00000, 0x0000000787780000, 0x00000007c0000000)
  eden space 262144K, 0% used [0x000000076ab00000,0x000000076ab00000,0x000000077ab00000)
  from space 43520K, 31% used [0x000000077ab00000,0x000000077b8702a0,0x000000077d580000)
  to   space 43520K, 0% used [0x0000000784d00000,0x0000000784d00000,0x0000000787780000)
 ParOldGen       total 699392K, used 20163K [0x00000006c0000000, 0x00000006eab00000, 0x000000076ab00000)
  object space 699392K, 2% used [0x00000006c0000000,0x00000006c13b0c78,0x00000006eab00000)
 Metaspace       used 35037K, capacity 35350K, committed 35496K, reserved 1081344K
  class space    used 4496K, capacity 4580K, committed 4608K, reserved 1048576K
}
Event: 6.091 GC heap before
{Heap before GC invocations=5 (full 2):
 PSYoungGen      total 305664K, used 13760K [0x000000076ab00000, 0x0000000787780000, 0x00000007c0000000)
  eden space 262144K, 0% used [0x000000076ab00000,0x000000076ab00000,0x000000077ab00000)
  from space 43520K, 31% used [0x000000077ab00000,0x000000077b8702a0,0x000000077d580000)
  to   space 43520K, 0% used [0x0000000784d00000,0x0000000784d00000,0x0000000787780000)
 ParOldGen       total 699392K, used 20163K [0x00000006c0000000, 0x00000006eab00000, 0x000000076ab00000)
  object space 699392K, 2% used [0x00000006c0000000,0x00000006c13b0c78,0x00000006eab00000)
 Metaspace       used 35037K, capacity 35350K, committed 35496K, reserved 1081344K
  class space    used 4496K, capacity 4580K, committed 4608K, reserved 1048576K
Event: 6.160 GC heap after
Heap after GC invocations=5 (full 2):
 PSYoungGen      total 305664K, used 0K [0x000000076ab00000, 0x0000000787780000, 0x00000007c0000000)
  eden space 262144K, 0% used [0x000000076ab00000,0x000000076ab00000,0x000000077ab00000)
  from space 43520K, 0% used [0x000000077ab00000,0x000000077ab00000,0x000000077d580000)
  to   space 43520K, 0% used [0x0000000784d00000,0x0000000784d00000,0x0000000787780000)
 ParOldGen       total 710656K, used 23022K [0x00000006c0000000, 0x00000006eb600000, 0x000000076ab00000)
  object space 710656K, 3% used [0x00000006c0000000,0x00000006c167b8d0,0x00000006eb600000)
 Metaspace       used 35037K, capacity 35350K, committed 35496K, reserved 1081344K
  class space    used 4496K, capacity 4580K, committed 4608K, reserved 1048576K
}

