# JRE version: Java(TM) SE Runtime Environment (8.0_121-b13) (build 1.8.0_121-b13)
# Java VM: Java HotSpot(TM) 64-Bit Server VM (25.121-b13 mixed mode linux-amd64 compressed oops)
Heap:
 PSYoungGen      total 204288K, used 49579K [0x00000000ebe00000, 0x00000000f9e80000, 0x0000000100000000)
  eden space 190464K, 18% used [0x00000000ebe00000,0x00000000ee109a60,0x00000000f7800000)
  from space 13824K, 99% used [0x00000000f9100000,0x00000000f9e614e0,0x00000000f9e80000)
  to   space 17408K, 0% used [0x00000000f7c80000,0x00000000f7c80000,0x00000000f8d80000)
 ParOldGen       total 65536K, used 22484K [0x00000000c3a00000, 0x00000000c7a00000, 0x00000000ebe00000)
  object space 65536K, 34% used [0x00000000c3a00000,0x00000000c4ff5188,0x00000000c7a00000)
 Metaspace       used 45057K, capacity 45396K, committed 45696K, reserved 1089536K
  class space    used 5899K, capacity 5997K, committed 6016K, reserved 1048576K
GC Heap History (10 events):
Event: 4.289 GC heap before
{Heap before GC invocations=8 (full 1):
 PSYoungGen      total 100864K, used 100568K [0x00000000ebe00000, 0x00000000f4980000, 0x0000000100000000)
  eden space 97792K, 100% used [0x00000000ebe00000,0x00000000f1d80000,0x00000000f1d80000)
  from space 3072K, 90% used [0x00000000f4680000,0x00000000f4936360,0x00000000f4980000)
  to   space 12288K, 0% used [0x00000000f3180000,0x00000000f3180000,0x00000000f3d80000)
 ParOldGen       total 45568K, used 12486K [0x00000000c3a00000, 0x00000000c6680000, 0x00000000ebe00000)
  object space 45568K, 27% used [0x00000000c3a00000,0x00000000c4631828,0x00000000c6680000)
 Metaspace       used 25874K, capacity 26170K, committed 26368K, reserved 1073152K
  class space    used 3198K, capacity 3310K, committed 3328K, reserved 1048576K
Event: 4.304 GC heap after
Heap after GC invocations=8 (full 1):
 PSYoungGen      total 130560K, used 8638K [0x00000000ebe00000, 0x00000000f6980000, 0x0000000100000000)
  eden space 118272K, 0% used [0x00000000ebe00000,0x00000000ebe00000,0x00000000f3180000)
  from space 12288K, 70% used [0x00000000f3180000,0x00000000f39ef810,0x00000000f3d80000)
  to   space 12800K, 0% used [0x00000000f5d00000,0x00000000f5d00000,0x00000000f6980000)
 ParOldGen       total 45568K, used 12494K [0x00000000c3a00000, 0x00000000c6680000, 0x00000000ebe00000)
  object space 45568K, 27% used [0x00000000c3a00000,0x00000000c4633828,0x00000000c6680000)
 Metaspace       used 25874K, capacity 26170K, committed 26368K, reserved 1073152K
  class space    used 3198K, capacity 3310K, committed 3328K, reserved 1048576K
}
Event: 5.341 GC heap before
{Heap before GC invocations=9 (full 1):
 PSYoungGen      total 130560K, used 126862K [0x00000000ebe00000, 0x00000000f6980000, 0x0000000100000000)
  eden space 118272K, 99% used [0x00000000ebe00000,0x00000000f3174208,0x00000000f3180000)
  from space 12288K, 70% used [0x00000000f3180000,0x00000000f39ef810,0x00000000f3d80000)
  to   space 12800K, 0% used [0x00000000f5d00000,0x00000000f5d00000,0x00000000f6980000)
 ParOldGen       total 45568K, used 12494K [0x00000000c3a00000, 0x00000000c6680000, 0x00000000ebe00000)
  object space 45568K, 27% used [0x00000000c3a00000,0x00000000c4633828,0x00000000c6680000)
 Metaspace       used 30379K, capacity 30654K, committed 30848K, reserved 1077248K
  class space    used 3767K, capacity 3860K, committed 3968K, reserved 1048576K
Event: 5.364 GC heap after
Heap after GC invocations=9 (full 1):
 PSYoungGen      total 161792K, used 10144K [0x00000000ebe00000, 0x00000000f8c00000, 0x0000000100000000)
  eden space 148992K, 0% used [0x00000000ebe00000,0x00000000ebe00000,0x00000000f4f80000)
  from space 12800K, 79% used [0x00000000f5d00000,0x00000000f66e80b0,0x00000000f6980000)
  to   space 13824K, 0% used [0x00000000f4f80000,0x00000000f4f80000,0x00000000f5d00000)
 ParOldGen       total 45568K, used 12494K [0x00000000c3a00000, 0x00000000c6680000, 0x00000000ebe00000)
  object space 45568K, 27% used [0x00000000c3a00000,0x00000000c4633828,0x00000000c6680000)
 Metaspace       used 30379K, capacity 30654K, committed 30848K, reserved 1077248K
  class space    used 3767K, capacity 3860K, committed 3968K, reserved 1048576K
}
Event: 6.327 GC heap before
{Heap before GC invocations=10 (full 1):
 PSYoungGen      total 161792K, used 104737K [0x00000000ebe00000, 0x00000000f8c00000, 0x0000000100000000)
  eden space 148992K, 63% used [0x00000000ebe00000,0x00000000f1a604d8,0x00000000f4f80000)
  from space 12800K, 79% used [0x00000000f5d00000,0x00000000f66e80b0,0x00000000f6980000)
  to   space 13824K, 0% used [0x00000000f4f80000,0x00000000f4f80000,0x00000000f5d00000)
 ParOldGen       total 45568K, used 12494K [0x00000000c3a00000, 0x00000000c6680000, 0x00000000ebe00000)
  object space 45568K, 27% used [0x00000000c3a00000,0x00000000c4633828,0x00000000c6680000)
 Metaspace       used 35067K, capacity 35358K, committed 35496K, reserved 1081344K
  class space    used 4504K, capacity 4580K, committed 4608K, reserved 1048576K
Event: 6.353 GC heap after
Heap after GC invocations=10 (full 1):
 PSYoungGen      total 162816K, used 12433K [0x00000000ebe00000, 0x00000000fa080000, 0x0000000100000000)
  eden space 148992K, 0% used [0x00000000ebe00000,0x00000000ebe00000,0x00000000f4f80000)
  from space 13824K, 89% used [0x00000000f4f80000,0x00000000f5ba4528,0x00000000f5d00000)
  to   space 15872K, 0% used [0x00000000f9100000,0x00000000f9100000,0x00000000fa080000)
 ParOldGen       total 45568K, used 13708K [0x00000000c3a00000, 0x00000000c6680000, 0x00000000ebe00000)
  object space 45568K, 30% used [0x00000000c3a00000,0x00000000c4763370,0x00000000c6680000)
 Metaspace       used 35067K, capacity 35358K, committed 35496K, reserved 1081344K
  class space    used 4504K, capacity 4580K, committed 4608K, reserved 1048576K
}
Event: 6.353 GC heap before
{Heap before GC invocations=11 (full 2):
 PSYoungGen      total 162816K, used 12433K [0x00000000ebe00000, 0x00000000fa080000, 0x0000000100000000)
  eden space 148992K, 0% used [0x00000000ebe00000,0x00000000ebe00000,0x00000000f4f80000)
  from space 13824K, 89% used [0x00000000f4f80000,0x00000000f5ba4528,0x00000000f5d00000)
  to   space 15872K, 0% used [0x00000000f9100000,0x00000000f9100000,0x00000000fa080000)
 ParOldGen       total 45568K, used 13708K [0x00000000c3a00000, 0x00000000c6680000, 0x00000000ebe00000)
  object space 45568K, 30% used [0x00000000c3a00000,0x00000000c4763370,0x00000000c6680000)
 Metaspace       used 35067K, capacity 35358K, committed 35496K, reserved 1081344K
  class space    used 4504K, capacity 4580K, committed 4608K, reserved 1048576K
Event: 6.445 GC heap after
Heap after GC invocations=11 (full 2):
 PSYoungGen      total 162816K, used 0K [0x00000000ebe00000, 0x00000000fa080000, 0x0000000100000000)
  eden space 148992K, 0% used [0x00000000ebe00000,0x00000000ebe00000,0x00000000f4f80000)
  from space 13824K, 0% used [0x00000000f4f80000,0x00000000f4f80000,0x00000000f5d00000)
  to   space 15872K, 0% used [0x00000000f9100000,0x00000000f9100000,0x00000000fa080000)
 ParOldGen       total 65536K, used 22476K [0x00000000c3a00000, 0x00000000c7a00000, 0x00000000ebe00000)
  object space 65536K, 34% used [0x00000000c3a00000,0x00000000c4ff3188,0x00000000c7a00000)
 Metaspace       used 35067K, capacity 35358K, committed 35496K, reserved 1081344K
  class space    used 4504K, capacity 4580K, committed 4608K, reserved 1048576K
}
Event: 8.150 GC heap before
{Heap before GC invocations=12 (full 2):
 PSYoungGen      total 162816K, used 148992K [0x00000000ebe00000, 0x00000000fa080000, 0x0000000100000000)
  eden space 148992K, 100% used [0x00000000ebe00000,0x00000000f4f80000,0x00000000f4f80000)
  from space 13824K, 0% used [0x00000000f4f80000,0x00000000f4f80000,0x00000000f5d00000)
  to   space 15872K, 0% used [0x00000000f9100000,0x00000000f9100000,0x00000000fa080000)
 ParOldGen       total 65536K, used 22476K [0x00000000c3a00000, 0x00000000c7a00000, 0x00000000ebe00000)
  object space 65536K, 34% used [0x00000000c3a00000,0x00000000c4ff3188,0x00000000c7a00000)
 Metaspace       used 44152K, capacity 44514K, committed 44928K, reserved 1087488K
  class space    used 5785K, capacity 5898K, committed 6016K, reserved 1048576K
Event: 8.170 GC heap after
Heap after GC invocations=12 (full 2):
 PSYoungGen      total 204288K, used 13701K [0x00000000ebe00000, 0x00000000f9e80000, 0x0000000100000000)
  eden space 190464K, 0% used [0x00000000ebe00000,0x00000000ebe00000,0x00000000f7800000)
  from space 13824K, 99% used [0x00000000f9100000,0x00000000f9e614e0,0x00000000f9e80000)
  to   space 17408K, 0% used [0x00000000f7c80000,0x00000000f7c80000,0x00000000f8d80000)
 ParOldGen       total 65536K, used 22484K [0x00000000c3a00000, 0x00000000c7a00000, 0x00000000ebe00000)
  object space 65536K, 34% used [0x00000000c3a00000,0x00000000c4ff5188,0x00000000c7a00000)
 Metaspace       used 44152K, capacity 44514K, committed 44928K, reserved 1087488K
  class space    used 5785K, capacity 5898K, committed 6016K, reserved 1048576K
}

