# JRE version: Java(TM) SE Runtime Environment (8.0_121-b13) (build 1.8.0_121-b13)
# Java VM: Java HotSpot(TM) 64-Bit Server VM (25.121-b13 mixed mode linux-amd64 compressed oops)
Heap:
 PSYoungGen      total 541696K, used 203533K [0x000000076ab00000, 0x000000078fd80000, 0x00000007c0000000)
  eden space 498176K, 40% used [0x000000076ab00000,0x00000007771c3650,0x0000000789180000)
  from space 43520K, 0% used [0x0000000789180000,0x0000000789180000,0x000000078bc00000)
  to   space 43520K, 0% used [0x000000078d300000,0x000000078d300000,0x000000078fd80000)
 ParOldGen       total 699392K, used 22845K [0x00000006c0000000, 0x00000006eab00000, 0x000000076ab00000)
  object space 699392K, 3% used [0x00000006c0000000,0x00000006c164f500,0x00000006eab00000)
 Metaspace       used 45079K, capacity 45436K, committed 45824K, reserved 1089536K
  class space    used 5900K, capacity 6029K, committed 6144K, reserved 1048576K
GC Heap History (10 events):
Event: 2.494 GC heap before
{Heap before GC invocations=1 (full 0):
 PSYoungGen      total 305664K, used 183647K [0x000000076ab00000, 0x0000000780000000, 0x00000007c0000000)
  eden space 262144K, 70% used [0x000000076ab00000,0x0000000775e57f38,0x000000077ab00000)
  from space 43520K, 0% used [0x000000077d580000,0x000000077d580000,0x0000000780000000)
  to   space 43520K, 0% used [0x000000077ab00000,0x000000077ab00000,0x000000077d580000)
 ParOldGen       total 699392K, used 0K [0x00000006c0000000, 0x00000006eab00000, 0x000000076ab00000)
  object space 699392K, 0% used [0x00000006c0000000,0x00000006c0000000,0x00000006eab00000)
 Metaspace       used 21013K, capacity 21200K, committed 21296K, reserved 1069056K
  class space    used 2582K, capacity 2640K, committed 2688K, reserved 1048576K
Event: 2.537 GC heap after
Heap after GC invocations=1 (full 0):
 PSYoungGen      total 305664K, used 20934K [0x000000076ab00000, 0x0000000790000000, 0x00000007c0000000)
  eden space 262144K, 0% used [0x000000076ab00000,0x000000076ab00000,0x000000077ab00000)
  from space 43520K, 48% used [0x000000077ab00000,0x000000077bf719b8,0x000000077d580000)
  to   space 43520K, 0% used [0x000000078d580000,0x000000078d580000,0x0000000790000000)
 ParOldGen       total 699392K, used 80K [0x00000006c0000000, 0x00000006eab00000, 0x000000076ab00000)
  object space 699392K, 0% used [0x00000006c0000000,0x00000006c0014010,0x00000006eab00000)
 Metaspace       used 21013K, capacity 21200K, committed 21296K, reserved 1069056K
  class space    used 2582K, capacity 2640K, committed 2688K, reserved 1048576K
}
Event: 2.537 GC heap before
{Heap before GC invocations=2 (full 1):
 PSYoungGen      total 305664K, used 20934K [0x000000076ab00000, 0x0000000790000000, 0x00000007c0000000)
  eden space 262144K, 0% used [0x000000076ab00000,0x000000076ab00000,0x000000077ab00000)
  from space 43520K, 48% used [0x000000077ab00000,0x000000077bf719b8,0x000000077d580000)
  to   space 43520K, 0% used [0x000000078d580000,0x000000078d580000,0x0000000790000000)
 ParOldGen       total 699392K, used 80K [0x00000006c0000000, 0x00000006eab00000, 0x000000076ab00000)
  object space 699392K, 0% used [0x00000006c0000000,0x00000006c0014010,0x00000006eab00000)
 Metaspace       used 21013K, capacity 21200K, committed 21296K, reserved 1069056K
  class space    used 2582K, capacity 2640K, committed 2688K, reserved 1048576K
Event: 2.582 GC heap after
Heap after GC invocations=2 (full 1):
 PSYoungGen      total 305664K, used 0K [0x000000076ab00000, 0x0000000790000000, 0x00000007c0000000)
  eden space 262144K, 0% used [0x000000076ab00000,0x000000076ab00000,0x000000077ab00000)
  from space 43520K, 0% used [0x000000077ab00000,0x000000077ab00000,0x000000077d580000)
  to   space 43520K, 0% used [0x000000078d580000,0x000000078d580000,0x0000000790000000)
 ParOldGen       total 699392K, used 20102K [0x00000006c0000000, 0x00000006eab00000, 0x000000076ab00000)
  object space 699392K, 2% used [0x00000006c0000000,0x00000006c13a18b0,0x00000006eab00000)
 Metaspace       used 21013K, capacity 21200K, committed 21296K, reserved 1069056K
  class space    used 2582K, capacity 2640K, committed 2688K, reserved 1048576K
}
Event: 5.501 GC heap before
{Heap before GC invocations=3 (full 1):
 PSYoungGen      total 305664K, used 262144K [0x000000076ab00000, 0x0000000790000000, 0x00000007c0000000)
  eden space 262144K, 100% used [0x000000076ab00000,0x000000077ab00000,0x000000077ab00000)
  from space 43520K, 0% used [0x000000077ab00000,0x000000077ab00000,0x000000077d580000)
  to   space 43520K, 0% used [0x000000078d580000,0x000000078d580000,0x0000000790000000)
 ParOldGen       total 699392K, used 20102K [0x00000006c0000000, 0x00000006eab00000, 0x000000076ab00000)
  object space 699392K, 2% used [0x00000006c0000000,0x00000006c13a18b0,0x00000006eab00000)
 Metaspace       used 30337K, capacity 30598K, committed 30848K, reserved 1077248K
  class space    used 3768K, capacity 3860K, committed 3968K, reserved 1048576K
Event: 5.526 GC heap after
Heap after GC invocations=3 (full 1):
 PSYoungGen      total 389120K, used 17394K [0x000000076ab00000, 0x000000078e680000, 0x00000007c0000000)
  eden space 371712K, 0% used [0x000000076ab00000,0x000000076ab00000,0x0000000781600000)
  from space 17408K, 99% used [0x000000078d580000,0x000000078e67c8b0,0x000000078e680000)
  to   space 43520K, 0% used [0x0000000789180000,0x0000000789180000,0x000000078bc00000)
 ParOldGen       total 699392K, used 20110K [0x00000006c0000000, 0x00000006eab00000, 0x000000076ab00000)
  object space 699392K, 2% used [0x00000006c0000000,0x00000006c13a38b0,0x00000006eab00000)
 Metaspace       used 30337K, capacity 30598K, committed 30848K, reserved 1077248K
  class space    used 3768K, capacity 3860K, committed 3968K, reserved 1048576K
}
Event: 6.988 GC heap before
{Heap before GC invocations=4 (full 1):
 PSYoungGen      total 389120K, used 128662K [0x000000076ab00000, 0x000000078e680000, 0x00000007c0000000)
  eden space 371712K, 29% used [0x000000076ab00000,0x00000007717a8ff0,0x0000000781600000)
  from space 17408K, 99% used [0x000000078d580000,0x000000078e67c8b0,0x000000078e680000)
  to   space 43520K, 0% used [0x0000000789180000,0x0000000789180000,0x000000078bc00000)
 ParOldGen       total 699392K, used 20110K [0x00000006c0000000, 0x00000006eab00000, 0x000000076ab00000)
  object space 699392K, 2% used [0x00000006c0000000,0x00000006c13a38b0,0x00000006eab00000)
 Metaspace       used 35055K, capacity 35366K, committed 35496K, reserved 1081344K
  class space    used 4504K, capacity 4580K, committed 4608K, reserved 1048576K
Event: 7.004 GC heap after
Heap after GC invocations=4 (full 1):
 PSYoungGen      total 541696K, used 13621K [0x000000076ab00000, 0x000000078fd80000, 0x00000007c0000000)
  eden space 498176K, 0% used [0x000000076ab00000,0x000000076ab00000,0x0000000789180000)
  from space 43520K, 31% used [0x0000000789180000,0x0000000789ecd520,0x000000078bc00000)
  to   space 43520K, 0% used [0x000000078d300000,0x000000078d300000,0x000000078fd80000)
 ParOldGen       total 699392K, used 20118K [0x00000006c0000000, 0x00000006eab00000, 0x000000076ab00000)
  object space 699392K, 2% used [0x00000006c0000000,0x00000006c13a58b0,0x00000006eab00000)
 Metaspace       used 35055K, capacity 35366K, committed 35496K, reserved 1081344K
  class space    used 4504K, capacity 4580K, committed 4608K, reserved 1048576K
}
Event: 7.004 GC heap before
{Heap before GC invocations=5 (full 2):
 PSYoungGen      total 541696K, used 13621K [0x000000076ab00000, 0x000000078fd80000, 0x00000007c0000000)
  eden space 498176K, 0% used [0x000000076ab00000,0x000000076ab00000,0x0000000789180000)
  from space 43520K, 31% used [0x0000000789180000,0x0000000789ecd520,0x000000078bc00000)
  to   space 43520K, 0% used [0x000000078d300000,0x000000078d300000,0x000000078fd80000)
 ParOldGen       total 699392K, used 20118K [0x00000006c0000000, 0x00000006eab00000, 0x000000076ab00000)
  object space 699392K, 2% used [0x00000006c0000000,0x00000006c13a58b0,0x00000006eab00000)
 Metaspace       used 35055K, capacity 35366K, committed 35496K, reserved 1081344K
  class space    used 4504K, capacity 4580K, committed 4608K, reserved 1048576K
Event: 7.090 GC heap after
Heap after GC invocations=5 (full 2):
 PSYoungGen      total 541696K, used 0K [0x000000076ab00000, 0x000000078fd80000, 0x00000007c0000000)
  eden space 498176K, 0% used [0x000000076ab00000,0x000000076ab00000,0x0000000789180000)
  from space 43520K, 0% used [0x0000000789180000,0x0000000789180000,0x000000078bc00000)
  to   space 43520K, 0% used [0x000000078d300000,0x000000078d300000,0x000000078fd80000)
 ParOldGen       total 699392K, used 22845K [0x00000006c0000000, 0x00000006eab00000, 0x000000076ab00000)
  object space 699392K, 3% used [0x00000006c0000000,0x00000006c164f500,0x00000006eab00000)
 Metaspace       used 35055K, capacity 35366K, committed 35496K, reserved 1081344K
  class space    used 4504K, capacity 4580K, committed 4608K, reserved 1048576K
}

