# JRE version: Java(TM) SE Runtime Environment (8.0_121-b13) (build 1.8.0_121-b13)
# Java VM: Java HotSpot(TM) 64-Bit Server VM (25.121-b13 mixed mode linux-amd64 compressed oops)
Heap:
 PSYoungGen      total 541696K, used 208526K [0x000000076ab00000, 0x0000000791f00000, 0x00000007c0000000)
  eden space 498176K, 41% used [0x000000076ab00000,0x00000007776a3a90,0x0000000789180000)
  from space 43520K, 0% used [0x0000000789180000,0x0000000789180000,0x000000078bc00000)
  to   space 43520K, 0% used [0x000000078f480000,0x000000078f480000,0x0000000791f00000)
 ParOldGen       total 699392K, used 22831K [0x00000006c0000000, 0x00000006eab00000, 0x000000076ab00000)
  object space 699392K, 3% used [0x00000006c0000000,0x00000006c164bc08,0x00000006eab00000)
 Metaspace       used 45052K, capacity 45432K, committed 45824K, reserved 1089536K
  class space    used 5899K, capacity 6029K, committed 6144K, reserved 1048576K
GC Heap History (10 events):
Event: 2.278 GC heap before
{Heap before GC invocations=1 (full 0):
 PSYoungGen      total 305664K, used 183647K [0x000000076ab00000, 0x0000000780000000, 0x00000007c0000000)
  eden space 262144K, 70% used [0x000000076ab00000,0x0000000775e57ec8,0x000000077ab00000)
  from space 43520K, 0% used [0x000000077d580000,0x000000077d580000,0x0000000780000000)
  to   space 43520K, 0% used [0x000000077ab00000,0x000000077ab00000,0x000000077d580000)
 ParOldGen       total 699392K, used 0K [0x00000006c0000000, 0x00000006eab00000, 0x000000076ab00000)
  object space 699392K, 0% used [0x00000006c0000000,0x00000006c0000000,0x00000006eab00000)
 Metaspace       used 21034K, capacity 21164K, committed 21296K, reserved 1069056K
  class space    used 2579K, capacity 2608K, committed 2688K, reserved 1048576K
Event: 2.307 GC heap after
Heap after GC invocations=1 (full 0):
 PSYoungGen      total 305664K, used 21042K [0x000000076ab00000, 0x0000000790000000, 0x00000007c0000000)
  eden space 262144K, 0% used [0x000000076ab00000,0x000000076ab00000,0x000000077ab00000)
  from space 43520K, 48% used [0x000000077ab00000,0x000000077bf8caa0,0x000000077d580000)
  to   space 43520K, 0% used [0x000000078d580000,0x000000078d580000,0x0000000790000000)
 ParOldGen       total 699392K, used 88K [0x00000006c0000000, 0x00000006eab00000, 0x000000076ab00000)
  object space 699392K, 0% used [0x00000006c0000000,0x00000006c0016010,0x00000006eab00000)
 Metaspace       used 21034K, capacity 21164K, committed 21296K, reserved 1069056K
  class space    used 2579K, capacity 2608K, committed 2688K, reserved 1048576K
}
Event: 2.308 GC heap before
{Heap before GC invocations=2 (full 1):
 PSYoungGen      total 305664K, used 21042K [0x000000076ab00000, 0x0000000790000000, 0x00000007c0000000)
  eden space 262144K, 0% used [0x000000076ab00000,0x000000076ab00000,0x000000077ab00000)
  from space 43520K, 48% used [0x000000077ab00000,0x000000077bf8caa0,0x000000077d580000)
  to   space 43520K, 0% used [0x000000078d580000,0x000000078d580000,0x0000000790000000)
 ParOldGen       total 699392K, used 88K [0x00000006c0000000, 0x00000006eab00000, 0x000000076ab00000)
  object space 699392K, 0% used [0x00000006c0000000,0x00000006c0016010,0x00000006eab00000)
 Metaspace       used 21034K, capacity 21164K, committed 21296K, reserved 1069056K
  class space    used 2579K, capacity 2608K, committed 2688K, reserved 1048576K
Event: 2.364 GC heap after
Heap after GC invocations=2 (full 1):
 PSYoungGen      total 305664K, used 0K [0x000000076ab00000, 0x0000000790000000, 0x00000007c0000000)
  eden space 262144K, 0% used [0x000000076ab00000,0x000000076ab00000,0x000000077ab00000)
  from space 43520K, 0% used [0x000000077ab00000,0x000000077ab00000,0x000000077d580000)
  to   space 43520K, 0% used [0x000000078d580000,0x000000078d580000,0x0000000790000000)
 ParOldGen       total 699392K, used 20156K [0x00000006c0000000, 0x00000006eab00000, 0x000000076ab00000)
  object space 699392K, 2% used [0x00000006c0000000,0x00000006c13af3f8,0x00000006eab00000)
 Metaspace       used 21034K, capacity 21164K, committed 21296K, reserved 1069056K
  class space    used 2579K, capacity 2608K, committed 2688K, reserved 1048576K
}
Event: 4.401 GC heap before
{Heap before GC invocations=3 (full 1):
 PSYoungGen      total 305664K, used 262144K [0x000000076ab00000, 0x0000000790000000, 0x00000007c0000000)
  eden space 262144K, 100% used [0x000000076ab00000,0x000000077ab00000,0x000000077ab00000)
  from space 43520K, 0% used [0x000000077ab00000,0x000000077ab00000,0x000000077d580000)
  to   space 43520K, 0% used [0x000000078d580000,0x000000078d580000,0x0000000790000000)
 ParOldGen       total 699392K, used 20156K [0x00000006c0000000, 0x00000006eab00000, 0x000000076ab00000)
  object space 699392K, 2% used [0x00000006c0000000,0x00000006c13af3f8,0x00000006eab00000)
 Metaspace       used 30338K, capacity 30658K, committed 30848K, reserved 1077248K
  class space    used 3766K, capacity 3860K, committed 3968K, reserved 1048576K
Event: 4.447 GC heap after
Heap after GC invocations=3 (full 1):
 PSYoungGen      total 387072K, used 17348K [0x000000076ab00000, 0x000000078e680000, 0x00000007c0000000)
  eden space 369664K, 0% used [0x000000076ab00000,0x000000076ab00000,0x0000000781400000)
  from space 17408K, 99% used [0x000000078d580000,0x000000078e671228,0x000000078e680000)
  to   space 43520K, 0% used [0x0000000789180000,0x0000000789180000,0x000000078bc00000)
 ParOldGen       total 699392K, used 20164K [0x00000006c0000000, 0x00000006eab00000, 0x000000076ab00000)
  object space 699392K, 2% used [0x00000006c0000000,0x00000006c13b13f8,0x00000006eab00000)
 Metaspace       used 30338K, capacity 30658K, committed 30848K, reserved 1077248K
  class space    used 3766K, capacity 3860K, committed 3968K, reserved 1048576K
}
Event: 5.488 GC heap before
{Heap before GC invocations=4 (full 1):
 PSYoungGen      total 387072K, used 124362K [0x000000076ab00000, 0x000000078e680000, 0x00000007c0000000)
  eden space 369664K, 28% used [0x000000076ab00000,0x0000000771381980,0x0000000781400000)
  from space 17408K, 99% used [0x000000078d580000,0x000000078e671228,0x000000078e680000)
  to   space 43520K, 0% used [0x0000000789180000,0x0000000789180000,0x000000078bc00000)
 ParOldGen       total 699392K, used 20164K [0x00000006c0000000, 0x00000006eab00000, 0x000000076ab00000)
  object space 699392K, 2% used [0x00000006c0000000,0x00000006c13b13f8,0x00000006eab00000)
 Metaspace       used 35066K, capacity 35362K, committed 35496K, reserved 1081344K
  class space    used 4503K, capacity 4580K, committed 4608K, reserved 1048576K
Event: 5.532 GC heap after
Heap after GC invocations=4 (full 1):
 PSYoungGen      total 541696K, used 13650K [0x000000076ab00000, 0x0000000791f00000, 0x00000007c0000000)
  eden space 498176K, 0% used [0x000000076ab00000,0x000000076ab00000,0x0000000789180000)
  from space 43520K, 31% used [0x0000000789180000,0x0000000789ed49f0,0x000000078bc00000)
  to   space 43520K, 0% used [0x000000078f480000,0x000000078f480000,0x0000000791f00000)
 ParOldGen       total 699392K, used 20172K [0x00000006c0000000, 0x00000006eab00000, 0x000000076ab00000)
  object space 699392K, 2% used [0x00000006c0000000,0x00000006c13b33f8,0x00000006eab00000)
 Metaspace       used 35066K, capacity 35362K, committed 35496K, reserved 1081344K
  class space    used 4503K, capacity 4580K, committed 4608K, reserved 1048576K
}
Event: 5.532 GC heap before
{Heap before GC invocations=5 (full 2):
 PSYoungGen      total 541696K, used 13650K [0x000000076ab00000, 0x0000000791f00000, 0x00000007c0000000)
  eden space 498176K, 0% used [0x000000076ab00000,0x000000076ab00000,0x0000000789180000)
  from space 43520K, 31% used [0x0000000789180000,0x0000000789ed49f0,0x000000078bc00000)
  to   space 43520K, 0% used [0x000000078f480000,0x000000078f480000,0x0000000791f00000)
 ParOldGen       total 699392K, used 20172K [0x00000006c0000000, 0x00000006eab00000, 0x000000076ab00000)
  object space 699392K, 2% used [0x00000006c0000000,0x00000006c13b33f8,0x00000006eab00000)
 Metaspace       used 35066K, capacity 35362K, committed 35496K, reserved 1081344K
  class space    used 4503K, capacity 4580K, committed 4608K, reserved 1048576K
Event: 5.617 GC heap after
Heap after GC invocations=5 (full 2):
 PSYoungGen      total 541696K, used 0K [0x000000076ab00000, 0x0000000791f00000, 0x00000007c0000000)
  eden space 498176K, 0% used [0x000000076ab00000,0x000000076ab00000,0x0000000789180000)
  from space 43520K, 0% used [0x0000000789180000,0x0000000789180000,0x000000078bc00000)
  to   space 43520K, 0% used [0x000000078f480000,0x000000078f480000,0x0000000791f00000)
 ParOldGen       total 699392K, used 22831K [0x00000006c0000000, 0x00000006eab00000, 0x000000076ab00000)
  object space 699392K, 3% used [0x00000006c0000000,0x00000006c164bc08,0x00000006eab00000)
 Metaspace       used 35066K, capacity 35362K, committed 35496K, reserved 1081344K
  class space    used 4503K, capacity 4580K, committed 4608K, reserved 1048576K
}

