# JRE version: Java(TM) SE Runtime Environment (8.0_121-b13) (build 1.8.0_121-b13)
# Java VM: Java HotSpot(TM) 64-Bit Server VM (25.121-b13 mixed mode linux-amd64 compressed oops)
Heap:
 PSYoungGen      total 167424K, used 70044K [0x00000000ebe00000, 0x00000000f7400000, 0x0000000100000000)
  eden space 158208K, 38% used [0x00000000ebe00000,0x00000000ef969a58,0x00000000f5880000)
  from space 9216K, 99% used [0x00000000f6b00000,0x00000000f73fd8a8,0x00000000f7400000)
  to   space 11264K, 0% used [0x00000000f5e00000,0x00000000f5e00000,0x00000000f6900000)
 ParOldGen       total 55808K, used 24467K [0x00000000c3a00000, 0x00000000c7080000, 0x00000000ebe00000)
  object space 55808K, 43% used [0x00000000c3a00000,0x00000000c51e4c78,0x00000000c7080000)
 Metaspace       used 45133K, capacity 45504K, committed 45952K, reserved 1089536K
  class space    used 5914K, capacity 6009K, committed 6016K, reserved 1048576K
GC Heap History (10 events):
Event: 10.727 GC heap before
{Heap before GC invocations=12 (full 1):
 PSYoungGen      total 94720K, used 92748K [0x00000000ebe00000, 0x00000000f2400000, 0x0000000100000000)
  eden space 86016K, 99% used [0x00000000ebe00000,0x00000000f11f8e38,0x00000000f1200000)
  from space 8704K, 77% used [0x00000000f1b80000,0x00000000f221a250,0x00000000f2400000)
  to   space 9216K, 0% used [0x00000000f1200000,0x00000000f1200000,0x00000000f1b00000)
 ParOldGen       total 32768K, used 9772K [0x00000000c3a00000, 0x00000000c5a00000, 0x00000000ebe00000)
  object space 32768K, 29% used [0x00000000c3a00000,0x00000000c438b108,0x00000000c5a00000)
 Metaspace       used 28031K, capacity 28280K, committed 28544K, reserved 1075200K
  class space    used 3513K, capacity 3603K, committed 3712K, reserved 1048576K
Event: 10.748 GC heap after
Heap after GC invocations=12 (full 1):
 PSYoungGen      total 95232K, used 6060K [0x00000000ebe00000, 0x00000000f4680000, 0x0000000100000000)
  eden space 86016K, 0% used [0x00000000ebe00000,0x00000000ebe00000,0x00000000f1200000)
  from space 9216K, 65% used [0x00000000f1200000,0x00000000f17eb0d8,0x00000000f1b00000)
  to   space 9216K, 0% used [0x00000000f3d80000,0x00000000f3d80000,0x00000000f4680000)
 ParOldGen       total 32768K, used 11523K [0x00000000c3a00000, 0x00000000c5a00000, 0x00000000ebe00000)
  object space 32768K, 35% used [0x00000000c3a00000,0x00000000c4540c70,0x00000000c5a00000)
 Metaspace       used 28031K, capacity 28280K, committed 28544K, reserved 1075200K
  class space    used 3513K, capacity 3603K, committed 3712K, reserved 1048576K
}
Event: 11.673 GC heap before
{Heap before GC invocations=13 (full 1):
 PSYoungGen      total 95232K, used 92076K [0x00000000ebe00000, 0x00000000f4680000, 0x0000000100000000)
  eden space 86016K, 100% used [0x00000000ebe00000,0x00000000f1200000,0x00000000f1200000)
  from space 9216K, 65% used [0x00000000f1200000,0x00000000f17eb0d8,0x00000000f1b00000)
  to   space 9216K, 0% used [0x00000000f3d80000,0x00000000f3d80000,0x00000000f4680000)
 ParOldGen       total 32768K, used 11523K [0x00000000c3a00000, 0x00000000c5a00000, 0x00000000ebe00000)
  object space 32768K, 35% used [0x00000000c3a00000,0x00000000c4540c70,0x00000000c5a00000)
 Metaspace       used 30277K, capacity 30584K, committed 30848K, reserved 1077248K
  class space    used 3763K, capacity 3859K, committed 3968K, reserved 1048576K
Event: 11.692 GC heap after
Heap after GC invocations=13 (full 1):
 PSYoungGen      total 130560K, used 6947K [0x00000000ebe00000, 0x00000000f4680000, 0x0000000100000000)
  eden space 121344K, 0% used [0x00000000ebe00000,0x00000000ebe00000,0x00000000f3480000)
  from space 9216K, 75% used [0x00000000f3d80000,0x00000000f4448db0,0x00000000f4680000)
  to   space 9216K, 0% used [0x00000000f3480000,0x00000000f3480000,0x00000000f3d80000)
 ParOldGen       total 32768K, used 14375K [0x00000000c3a00000, 0x00000000c5a00000, 0x00000000ebe00000)
  object space 32768K, 43% used [0x00000000c3a00000,0x00000000c4809c90,0x00000000c5a00000)
 Metaspace       used 30277K, capacity 30584K, committed 30848K, reserved 1077248K
  class space    used 3763K, capacity 3859K, committed 3968K, reserved 1048576K
}
Event: 13.452 GC heap before
{Heap before GC invocations=14 (full 1):
 PSYoungGen      total 130560K, used 85454K [0x00000000ebe00000, 0x00000000f4680000, 0x0000000100000000)
  eden space 121344K, 64% used [0x00000000ebe00000,0x00000000f0aaacf0,0x00000000f3480000)
  from space 9216K, 75% used [0x00000000f3d80000,0x00000000f4448db0,0x00000000f4680000)
  to   space 9216K, 0% used [0x00000000f3480000,0x00000000f3480000,0x00000000f3d80000)
 ParOldGen       total 32768K, used 14375K [0x00000000c3a00000, 0x00000000c5a00000, 0x00000000ebe00000)
  object space 32768K, 43% used [0x00000000c3a00000,0x00000000c4809c90,0x00000000c5a00000)
 Metaspace       used 34943K, capacity 35224K, committed 35496K, reserved 1081344K
  class space    used 4494K, capacity 4579K, committed 4608K, reserved 1048576K
Event: 13.463 GC heap after
Heap after GC invocations=14 (full 1):
 PSYoungGen      total 130560K, used 6478K [0x00000000ebe00000, 0x00000000f7400000, 0x0000000100000000)
  eden space 121344K, 0% used [0x00000000ebe00000,0x00000000ebe00000,0x00000000f3480000)
  from space 9216K, 70% used [0x00000000f3480000,0x00000000f3ad3ae0,0x00000000f3d80000)
  to   space 9216K, 0% used [0x00000000f6b00000,0x00000000f6b00000,0x00000000f7400000)
 ParOldGen       total 32768K, used 16512K [0x00000000c3a00000, 0x00000000c5a00000, 0x00000000ebe00000)
  object space 32768K, 50% used [0x00000000c3a00000,0x00000000c4a20368,0x00000000c5a00000)
 Metaspace       used 34943K, capacity 35224K, committed 35496K, reserved 1081344K
  class space    used 4494K, capacity 4579K, committed 4608K, reserved 1048576K
}
Event: 13.463 GC heap before
{Heap before GC invocations=15 (full 2):
 PSYoungGen      total 130560K, used 6478K [0x00000000ebe00000, 0x00000000f7400000, 0x0000000100000000)
  eden space 121344K, 0% used [0x00000000ebe00000,0x00000000ebe00000,0x00000000f3480000)
  from space 9216K, 70% used [0x00000000f3480000,0x00000000f3ad3ae0,0x00000000f3d80000)
  to   space 9216K, 0% used [0x00000000f6b00000,0x00000000f6b00000,0x00000000f7400000)
 ParOldGen       total 32768K, used 16512K [0x00000000c3a00000, 0x00000000c5a00000, 0x00000000ebe00000)
  object space 32768K, 50% used [0x00000000c3a00000,0x00000000c4a20368,0x00000000c5a00000)
 Metaspace       used 34943K, capacity 35224K, committed 35496K, reserved 1081344K
  class space    used 4494K, capacity 4579K, committed 4608K, reserved 1048576K
Event: 13.596 GC heap after
Heap after GC invocations=15 (full 2):
 PSYoungGen      total 130560K, used 0K [0x00000000ebe00000, 0x00000000f7400000, 0x0000000100000000)
  eden space 121344K, 0% used [0x00000000ebe00000,0x00000000ebe00000,0x00000000f3480000)
  from space 9216K, 0% used [0x00000000f3480000,0x00000000f3480000,0x00000000f3d80000)
  to   space 9216K, 0% used [0x00000000f6b00000,0x00000000f6b00000,0x00000000f7400000)
 ParOldGen       total 55808K, used 21768K [0x00000000c3a00000, 0x00000000c7080000, 0x00000000ebe00000)
  object space 55808K, 39% used [0x00000000c3a00000,0x00000000c4f42148,0x00000000c7080000)
 Metaspace       used 34943K, capacity 35224K, committed 35496K, reserved 1081344K
  class space    used 4494K, capacity 4579K, committed 4608K, reserved 1048576K
}
Event: 15.554 GC heap before
{Heap before GC invocations=16 (full 2):
 PSYoungGen      total 130560K, used 121344K [0x00000000ebe00000, 0x00000000f7400000, 0x0000000100000000)
  eden space 121344K, 100% used [0x00000000ebe00000,0x00000000f3480000,0x00000000f3480000)
  from space 9216K, 0% used [0x00000000f3480000,0x00000000f3480000,0x00000000f3d80000)
  to   space 9216K, 0% used [0x00000000f6b00000,0x00000000f6b00000,0x00000000f7400000)
 ParOldGen       total 55808K, used 21768K [0x00000000c3a00000, 0x00000000c7080000, 0x00000000ebe00000)
  object space 55808K, 39% used [0x00000000c3a00000,0x00000000c4f42148,0x00000000c7080000)
 Metaspace       used 43631K, capacity 44002K, committed 44544K, reserved 1087488K
  class space    used 5720K, capacity 5812K, committed 5888K, reserved 1048576K
Event: 15.589 GC heap after
Heap after GC invocations=16 (full 2):
 PSYoungGen      total 167424K, used 9206K [0x00000000ebe00000, 0x00000000f7400000, 0x0000000100000000)
  eden space 158208K, 0% used [0x00000000ebe00000,0x00000000ebe00000,0x00000000f5880000)
  from space 9216K, 99% used [0x00000000f6b00000,0x00000000f73fd8a8,0x00000000f7400000)
  to   space 11264K, 0% used [0x00000000f5e00000,0x00000000f5e00000,0x00000000f6900000)
 ParOldGen       total 55808K, used 24467K [0x00000000c3a00000, 0x00000000c7080000, 0x00000000ebe00000)
  object space 55808K, 43% used [0x00000000c3a00000,0x00000000c51e4c78,0x00000000c7080000)
 Metaspace       used 43631K, capacity 44002K, committed 44544K, reserved 1087488K
  class space    used 5720K, capacity 5812K, committed 5888K, reserved 1048576K
}

