# JRE version: Java(TM) SE Runtime Environment (8.0_121-b13) (build 1.8.0_121-b13)
# Java VM: Java HotSpot(TM) 64-Bit Server VM (25.121-b13 mixed mode linux-amd64 compressed oops)
Heap:
 PSYoungGen      total 206848K, used 53609K [0x00000000ebe00000, 0x00000000f9b00000, 0x0000000100000000)
  eden space 193024K, 20% used [0x00000000ebe00000,0x00000000ee537ea0,0x00000000f7a80000)
  from space 13824K, 97% used [0x00000000f8d80000,0x00000000f9aa2800,0x00000000f9b00000)
  to   space 15360K, 0% used [0x00000000f7d00000,0x00000000f7d00000,0x00000000f8c00000)
 ParOldGen       total 65024K, used 21906K [0x00000000c3a00000, 0x00000000c7980000, 0x00000000ebe00000)
  object space 65024K, 33% used [0x00000000c3a00000,0x00000000c4f649e8,0x00000000c7980000)
 Metaspace       used 45044K, capacity 45400K, committed 45696K, reserved 1089536K
  class space    used 5896K, capacity 5997K, committed 6016K, reserved 1048576K
GC Heap History (10 events):
Event: 3.490 GC heap before
{Heap before GC invocations=8 (full 1):
 PSYoungGen      total 102400K, used 102139K [0x00000000ebe00000, 0x00000000f4880000, 0x0000000100000000)
  eden space 97792K, 100% used [0x00000000ebe00000,0x00000000f1d80000,0x00000000f1d80000)
  from space 4608K, 94% used [0x00000000f4400000,0x00000000f483efc0,0x00000000f4880000)
  to   space 9728K, 0% used [0x00000000f3580000,0x00000000f3580000,0x00000000f3f00000)
 ParOldGen       total 43008K, used 11318K [0x00000000c3a00000, 0x00000000c6400000, 0x00000000ebe00000)
  object space 43008K, 26% used [0x00000000c3a00000,0x00000000c450d9e0,0x00000000c6400000)
 Metaspace       used 26200K, capacity 26512K, committed 26752K, reserved 1073152K
  class space    used 3266K, capacity 3377K, committed 3456K, reserved 1048576K
Event: 3.509 GC heap after
Heap after GC invocations=8 (full 1):
 PSYoungGen      total 132096K, used 8672K [0x00000000ebe00000, 0x00000000f6500000, 0x0000000100000000)
  eden space 122368K, 0% used [0x00000000ebe00000,0x00000000ebe00000,0x00000000f3580000)
  from space 9728K, 89% used [0x00000000f3580000,0x00000000f3df8298,0x00000000f3f00000)
  to   space 10752K, 0% used [0x00000000f5a80000,0x00000000f5a80000,0x00000000f6500000)
 ParOldGen       total 43008K, used 11326K [0x00000000c3a00000, 0x00000000c6400000, 0x00000000ebe00000)
  object space 43008K, 26% used [0x00000000c3a00000,0x00000000c450f9e0,0x00000000c6400000)
 Metaspace       used 26200K, capacity 26512K, committed 26752K, reserved 1073152K
  class space    used 3266K, capacity 3377K, committed 3456K, reserved 1048576K
}
Event: 4.299 GC heap before
{Heap before GC invocations=9 (full 1):
 PSYoungGen      total 132096K, used 131040K [0x00000000ebe00000, 0x00000000f6500000, 0x0000000100000000)
  eden space 122368K, 100% used [0x00000000ebe00000,0x00000000f3580000,0x00000000f3580000)
  from space 9728K, 89% used [0x00000000f3580000,0x00000000f3df8298,0x00000000f3f00000)
  to   space 10752K, 0% used [0x00000000f5a80000,0x00000000f5a80000,0x00000000f6500000)
 ParOldGen       total 43008K, used 11326K [0x00000000c3a00000, 0x00000000c6400000, 0x00000000ebe00000)
  object space 43008K, 26% used [0x00000000c3a00000,0x00000000c450f9e0,0x00000000c6400000)
 Metaspace       used 30200K, capacity 30524K, committed 30848K, reserved 1077248K
  class space    used 3760K, capacity 3859K, committed 3968K, reserved 1048576K
Event: 4.329 GC heap after
Heap after GC invocations=9 (full 1):
 PSYoungGen      total 158720K, used 10654K [0x00000000ebe00000, 0x00000000f9180000, 0x0000000100000000)
  eden space 147968K, 0% used [0x00000000ebe00000,0x00000000ebe00000,0x00000000f4e80000)
  from space 10752K, 99% used [0x00000000f5a80000,0x00000000f64e7bf8,0x00000000f6500000)
  to   space 12288K, 0% used [0x00000000f4e80000,0x00000000f4e80000,0x00000000f5a80000)
 ParOldGen       total 43008K, used 11334K [0x00000000c3a00000, 0x00000000c6400000, 0x00000000ebe00000)
  object space 43008K, 26% used [0x00000000c3a00000,0x00000000c45119e0,0x00000000c6400000)
 Metaspace       used 30200K, capacity 30524K, committed 30848K, reserved 1077248K
  class space    used 3760K, capacity 3859K, committed 3968K, reserved 1048576K
}
Event: 5.310 GC heap before
{Heap before GC invocations=10 (full 1):
 PSYoungGen      total 158720K, used 93582K [0x00000000ebe00000, 0x00000000f9180000, 0x0000000100000000)
  eden space 147968K, 56% used [0x00000000ebe00000,0x00000000f0efbed0,0x00000000f4e80000)
  from space 10752K, 99% used [0x00000000f5a80000,0x00000000f64e7bf8,0x00000000f6500000)
  to   space 12288K, 0% used [0x00000000f4e80000,0x00000000f4e80000,0x00000000f5a80000)
 ParOldGen       total 43008K, used 11334K [0x00000000c3a00000, 0x00000000c6400000, 0x00000000ebe00000)
  object space 43008K, 26% used [0x00000000c3a00000,0x00000000c45119e0,0x00000000c6400000)
 Metaspace       used 34998K, capacity 35292K, committed 35496K, reserved 1081344K
  class space    used 4501K, capacity 4579K, committed 4608K, reserved 1048576K
Event: 5.337 GC heap after
Heap after GC invocations=10 (full 1):
 PSYoungGen      total 160256K, used 12052K [0x00000000ebe00000, 0x00000000f9b00000, 0x0000000100000000)
  eden space 147968K, 0% used [0x00000000ebe00000,0x00000000ebe00000,0x00000000f4e80000)
  from space 12288K, 98% used [0x00000000f4e80000,0x00000000f5a450b0,0x00000000f5a80000)
  to   space 13824K, 0% used [0x00000000f8d80000,0x00000000f8d80000,0x00000000f9b00000)
 ParOldGen       total 43008K, used 12381K [0x00000000c3a00000, 0x00000000c6400000, 0x00000000ebe00000)
  object space 43008K, 28% used [0x00000000c3a00000,0x00000000c4617528,0x00000000c6400000)
 Metaspace       used 34998K, capacity 35292K, committed 35496K, reserved 1081344K
  class space    used 4501K, capacity 4579K, committed 4608K, reserved 1048576K
}
Event: 5.337 GC heap before
{Heap before GC invocations=11 (full 2):
 PSYoungGen      total 160256K, used 12052K [0x00000000ebe00000, 0x00000000f9b00000, 0x0000000100000000)
  eden space 147968K, 0% used [0x00000000ebe00000,0x00000000ebe00000,0x00000000f4e80000)
  from space 12288K, 98% used [0x00000000f4e80000,0x00000000f5a450b0,0x00000000f5a80000)
  to   space 13824K, 0% used [0x00000000f8d80000,0x00000000f8d80000,0x00000000f9b00000)
 ParOldGen       total 43008K, used 12381K [0x00000000c3a00000, 0x00000000c6400000, 0x00000000ebe00000)
  object space 43008K, 28% used [0x00000000c3a00000,0x00000000c4617528,0x00000000c6400000)
 Metaspace       used 34998K, capacity 35292K, committed 35496K, reserved 1081344K
  class space    used 4501K, capacity 4579K, committed 4608K, reserved 1048576K
Event: 5.445 GC heap after
Heap after GC invocations=11 (full 2):
 PSYoungGen      total 160256K, used 0K [0x00000000ebe00000, 0x00000000f9b00000, 0x0000000100000000)
  eden space 147968K, 0% used [0x00000000ebe00000,0x00000000ebe00000,0x00000000f4e80000)
  from space 12288K, 0% used [0x00000000f4e80000,0x00000000f4e80000,0x00000000f5a80000)
  to   space 13824K, 0% used [0x00000000f8d80000,0x00000000f8d80000,0x00000000f9b00000)
 ParOldGen       total 65024K, used 21898K [0x00000000c3a00000, 0x00000000c7980000, 0x00000000ebe00000)
  object space 65024K, 33% used [0x00000000c3a00000,0x00000000c4f629e8,0x00000000c7980000)
 Metaspace       used 34998K, capacity 35292K, committed 35496K, reserved 1081344K
  class space    used 4501K, capacity 4579K, committed 4608K, reserved 1048576K
}
Event: 6.871 GC heap before
{Heap before GC invocations=12 (full 2):
 PSYoungGen      total 160256K, used 147968K [0x00000000ebe00000, 0x00000000f9b00000, 0x0000000100000000)
  eden space 147968K, 100% used [0x00000000ebe00000,0x00000000f4e80000,0x00000000f4e80000)
  from space 12288K, 0% used [0x00000000f4e80000,0x00000000f4e80000,0x00000000f5a80000)
  to   space 13824K, 0% used [0x00000000f8d80000,0x00000000f8d80000,0x00000000f9b00000)
 ParOldGen       total 65024K, used 21898K [0x00000000c3a00000, 0x00000000c7980000, 0x00000000ebe00000)
  object space 65024K, 33% used [0x00000000c3a00000,0x00000000c4f629e8,0x00000000c7980000)
 Metaspace       used 44084K, capacity 44422K, committed 44800K, reserved 1087488K
  class space    used 5772K, capacity 5866K, committed 5888K, reserved 1048576K
Event: 6.917 GC heap after
Heap after GC invocations=12 (full 2):
 PSYoungGen      total 206848K, used 13450K [0x00000000ebe00000, 0x00000000f9b00000, 0x0000000100000000)
  eden space 193024K, 0% used [0x00000000ebe00000,0x00000000ebe00000,0x00000000f7a80000)
  from space 13824K, 97% used [0x00000000f8d80000,0x00000000f9aa2800,0x00000000f9b00000)
  to   space 15360K, 0% used [0x00000000f7d00000,0x00000000f7d00000,0x00000000f8c00000)
 ParOldGen       total 65024K, used 21906K [0x00000000c3a00000, 0x00000000c7980000, 0x00000000ebe00000)
  object space 65024K, 33% used [0x00000000c3a00000,0x00000000c4f649e8,0x00000000c7980000)
 Metaspace       used 44084K, capacity 44422K, committed 44800K, reserved 1087488K
  class space    used 5772K, capacity 5866K, committed 5888K, reserved 1048576K
}

