# JRE version: Java(TM) SE Runtime Environment (8.0_121-b13) (build 1.8.0_121-b13)
# Java VM: Java HotSpot(TM) 64-Bit Server VM (25.121-b13 mixed mode linux-amd64 compressed oops)
Heap:
 PSYoungGen      total 460800K, used 193828K [0x000000076ab00000, 0x000000078d600000, 0x00000007c0000000)
  eden space 446464K, 43% used [0x000000076ab00000,0x00000007768493a0,0x0000000785f00000)
  from space 14336K, 0% used [0x0000000789180000,0x0000000789180000,0x0000000789f80000)
  to   space 43520K, 0% used [0x000000078ab80000,0x000000078ab80000,0x000000078d600000)
 ParOldGen       total 750592K, used 22926K [0x00000006c0000000, 0x00000006edd00000, 0x000000076ab00000)
  object space 750592K, 3% used [0x00000006c0000000,0x00000006c1663b20,0x00000006edd00000)
 Metaspace       used 45070K, capacity 45420K, committed 45824K, reserved 1089536K
  class space    used 5899K, capacity 6029K, committed 6144K, reserved 1048576K
GC Heap History (10 events):
Event: 2.070 GC heap before
{Heap before GC invocations=1 (full 0):
 PSYoungGen      total 305664K, used 167917K [0x000000076ab00000, 0x0000000780000000, 0x00000007c0000000)
  eden space 262144K, 64% used [0x000000076ab00000,0x0000000774efb700,0x000000077ab00000)
  from space 43520K, 0% used [0x000000077d580000,0x000000077d580000,0x0000000780000000)
  to   space 43520K, 0% used [0x000000077ab00000,0x000000077ab00000,0x000000077d580000)
 ParOldGen       total 699392K, used 0K [0x00000006c0000000, 0x00000006eab00000, 0x000000076ab00000)
  object space 699392K, 0% used [0x00000006c0000000,0x00000006c0000000,0x00000006eab00000)
 Metaspace       used 20998K, capacity 21130K, committed 21296K, reserved 1069056K
  class space    used 2585K, capacity 2642K, committed 2688K, reserved 1048576K
Event: 2.091 GC heap after
Heap after GC invocations=1 (full 0):
 PSYoungGen      total 305664K, used 20661K [0x000000076ab00000, 0x0000000790000000, 0x00000007c0000000)
  eden space 262144K, 0% used [0x000000076ab00000,0x000000076ab00000,0x000000077ab00000)
  from space 43520K, 47% used [0x000000077ab00000,0x000000077bf2d5e0,0x000000077d580000)
  to   space 43520K, 0% used [0x000000078d580000,0x000000078d580000,0x0000000790000000)
 ParOldGen       total 699392K, used 8K [0x00000006c0000000, 0x00000006eab00000, 0x000000076ab00000)
  object space 699392K, 0% used [0x00000006c0000000,0x00000006c0002000,0x00000006eab00000)
 Metaspace       used 20998K, capacity 21130K, committed 21296K, reserved 1069056K
  class space    used 2585K, capacity 2642K, committed 2688K, reserved 1048576K
}
Event: 2.092 GC heap before
{Heap before GC invocations=2 (full 1):
 PSYoungGen      total 305664K, used 20661K [0x000000076ab00000, 0x0000000790000000, 0x00000007c0000000)
  eden space 262144K, 0% used [0x000000076ab00000,0x000000076ab00000,0x000000077ab00000)
  from space 43520K, 47% used [0x000000077ab00000,0x000000077bf2d5e0,0x000000077d580000)
  to   space 43520K, 0% used [0x000000078d580000,0x000000078d580000,0x0000000790000000)
 ParOldGen       total 699392K, used 8K [0x00000006c0000000, 0x00000006eab00000, 0x000000076ab00000)
  object space 699392K, 0% used [0x00000006c0000000,0x00000006c0002000,0x00000006eab00000)
 Metaspace       used 20998K, capacity 21130K, committed 21296K, reserved 1069056K
  class space    used 2585K, capacity 2642K, committed 2688K, reserved 1048576K
Event: 2.141 GC heap after
Heap after GC invocations=2 (full 1):
 PSYoungGen      total 305664K, used 0K [0x000000076ab00000, 0x0000000790000000, 0x00000007c0000000)
  eden space 262144K, 0% used [0x000000076ab00000,0x000000076ab00000,0x000000077ab00000)
  from space 43520K, 0% used [0x000000077ab00000,0x000000077ab00000,0x000000077d580000)
  to   space 43520K, 0% used [0x000000078d580000,0x000000078d580000,0x0000000790000000)
 ParOldGen       total 699392K, used 19788K [0x00000006c0000000, 0x00000006eab00000, 0x000000076ab00000)
  object space 699392K, 2% used [0x00000006c0000000,0x00000006c1353248,0x00000006eab00000)
 Metaspace       used 20998K, capacity 21130K, committed 21296K, reserved 1069056K
  class space    used 2585K, capacity 2642K, committed 2688K, reserved 1048576K
}
Event: 5.230 GC heap before
{Heap before GC invocations=3 (full 1):
 PSYoungGen      total 305664K, used 262128K [0x000000076ab00000, 0x0000000790000000, 0x00000007c0000000)
  eden space 262144K, 99% used [0x000000076ab00000,0x000000077aafc0d0,0x000000077ab00000)
  from space 43520K, 0% used [0x000000077ab00000,0x000000077ab00000,0x000000077d580000)
  to   space 43520K, 0% used [0x000000078d580000,0x000000078d580000,0x0000000790000000)
 ParOldGen       total 699392K, used 19788K [0x00000006c0000000, 0x00000006eab00000, 0x000000076ab00000)
  object space 699392K, 2% used [0x00000006c0000000,0x00000006c1353248,0x00000006eab00000)
 Metaspace       used 30240K, capacity 30550K, committed 30720K, reserved 1077248K
  class space    used 3752K, capacity 3828K, committed 3840K, reserved 1048576K
Event: 5.267 GC heap after
Heap after GC invocations=3 (full 1):
 PSYoungGen      total 363520K, used 17260K [0x000000076ab00000, 0x000000078e680000, 0x00000007c0000000)
  eden space 346112K, 0% used [0x000000076ab00000,0x000000076ab00000,0x000000077fd00000)
  from space 17408K, 99% used [0x000000078d580000,0x000000078e65b140,0x000000078e680000)
  to   space 43520K, 0% used [0x0000000789180000,0x0000000789180000,0x000000078bc00000)
 ParOldGen       total 699392K, used 19796K [0x00000006c0000000, 0x00000006eab00000, 0x000000076ab00000)
  object space 699392K, 2% used [0x00000006c0000000,0x00000006c1355248,0x00000006eab00000)
 Metaspace       used 30240K, capacity 30550K, committed 30720K, reserved 1077248K
  class space    used 3752K, capacity 3828K, committed 3840K, reserved 1048576K
}
Event: 9.577 GC heap before
{Heap before GC invocations=4 (full 1):
 PSYoungGen      total 363520K, used 155043K [0x000000076ab00000, 0x000000078e680000, 0x00000007c0000000)
  eden space 346112K, 39% used [0x000000076ab00000,0x000000077318dbe0,0x000000077fd00000)
  from space 17408K, 99% used [0x000000078d580000,0x000000078e65b140,0x000000078e680000)
  to   space 43520K, 0% used [0x0000000789180000,0x0000000789180000,0x000000078bc00000)
 ParOldGen       total 699392K, used 19796K [0x00000006c0000000, 0x00000006eab00000, 0x000000076ab00000)
  object space 699392K, 2% used [0x00000006c0000000,0x00000006c1355248,0x00000006eab00000)
 Metaspace       used 35025K, capacity 35286K, committed 35496K, reserved 1081344K
  class space    used 4496K, capacity 4580K, committed 4608K, reserved 1048576K
Event: 9.607 GC heap after
Heap after GC invocations=4 (full 1):
 PSYoungGen      total 460800K, used 14048K [0x000000076ab00000, 0x000000078d600000, 0x00000007c0000000)
  eden space 446464K, 0% used [0x000000076ab00000,0x000000076ab00000,0x0000000785f00000)
  from space 14336K, 97% used [0x0000000789180000,0x0000000789f382a0,0x0000000789f80000)
  to   space 43520K, 0% used [0x000000078ab80000,0x000000078ab80000,0x000000078d600000)
 ParOldGen       total 699392K, used 19804K [0x00000006c0000000, 0x00000006eab00000, 0x000000076ab00000)
  object space 699392K, 2% used [0x00000006c0000000,0x00000006c1357248,0x00000006eab00000)
 Metaspace       used 35025K, capacity 35286K, committed 35496K, reserved 1081344K
  class space    used 4496K, capacity 4580K, committed 4608K, reserved 1048576K
}
Event: 9.607 GC heap before
{Heap before GC invocations=5 (full 2):
 PSYoungGen      total 460800K, used 14048K [0x000000076ab00000, 0x000000078d600000, 0x00000007c0000000)
  eden space 446464K, 0% used [0x000000076ab00000,0x000000076ab00000,0x0000000785f00000)
  from space 14336K, 97% used [0x0000000789180000,0x0000000789f382a0,0x0000000789f80000)
  to   space 43520K, 0% used [0x000000078ab80000,0x000000078ab80000,0x000000078d600000)
 ParOldGen       total 699392K, used 19804K [0x00000006c0000000, 0x00000006eab00000, 0x000000076ab00000)
  object space 699392K, 2% used [0x00000006c0000000,0x00000006c1357248,0x00000006eab00000)
 Metaspace       used 35025K, capacity 35286K, committed 35496K, reserved 1081344K
  class space    used 4496K, capacity 4580K, committed 4608K, reserved 1048576K
Event: 9.681 GC heap after
Heap after GC invocations=5 (full 2):
 PSYoungGen      total 460800K, used 0K [0x000000076ab00000, 0x000000078d600000, 0x00000007c0000000)
  eden space 446464K, 0% used [0x000000076ab00000,0x000000076ab00000,0x0000000785f00000)
  from space 14336K, 0% used [0x0000000789180000,0x0000000789180000,0x0000000789f80000)
  to   space 43520K, 0% used [0x000000078ab80000,0x000000078ab80000,0x000000078d600000)
 ParOldGen       total 750592K, used 22926K [0x00000006c0000000, 0x00000006edd00000, 0x000000076ab00000)
  object space 750592K, 3% used [0x00000006c0000000,0x00000006c1663b20,0x00000006edd00000)
 Metaspace       used 35025K, capacity 35286K, committed 35496K, reserved 1081344K
  class space    used 4496K, capacity 4580K, committed 4608K, reserved 1048576K
}

