# JRE version: Java(TM) SE Runtime Environment (8.0_121-b13) (build 1.8.0_121-b13)
# Java VM: Java HotSpot(TM) 64-Bit Server VM (25.121-b13 mixed mode linux-amd64 compressed oops)
Heap:
 PSYoungGen      total 305664K, used 180373K [0x000000076ab00000, 0x0000000788080000, 0x00000007c0000000)
  eden space 262144K, 68% used [0x000000076ab00000,0x0000000775b254d8,0x000000077ab00000)
  from space 43520K, 0% used [0x000000077ab00000,0x000000077ab00000,0x000000077d580000)
  to   space 43520K, 0% used [0x0000000785600000,0x0000000785600000,0x0000000788080000)
 ParOldGen       total 699904K, used 22184K [0x00000006c0000000, 0x00000006eab80000, 0x000000076ab00000)
  object space 699904K, 3% used [0x00000006c0000000,0x00000006c15aa240,0x00000006eab80000)
 Metaspace       used 45099K, capacity 45484K, committed 45824K, reserved 1089536K
  class space    used 5899K, capacity 6029K, committed 6144K, reserved 1048576K
GC Heap History (10 events):
Event: 5.974 GC heap before
{Heap before GC invocations=1 (full 0):
 PSYoungGen      total 305664K, used 209898K [0x000000076ab00000, 0x0000000780000000, 0x00000007c0000000)
  eden space 262144K, 80% used [0x000000076ab00000,0x00000007777fa988,0x000000077ab00000)
  from space 43520K, 0% used [0x000000077d580000,0x000000077d580000,0x0000000780000000)
  to   space 43520K, 0% used [0x000000077ab00000,0x000000077ab00000,0x000000077d580000)
 ParOldGen       total 699392K, used 0K [0x00000006c0000000, 0x00000006eab00000, 0x000000076ab00000)
  object space 699392K, 0% used [0x00000006c0000000,0x00000006c0000000,0x00000006eab00000)
 Metaspace       used 21046K, capacity 21158K, committed 21296K, reserved 1069056K
  class space    used 2567K, capacity 2609K, committed 2688K, reserved 1048576K
Event: 6.004 GC heap after
Heap after GC invocations=1 (full 0):
 PSYoungGen      total 305664K, used 21658K [0x000000076ab00000, 0x0000000780000000, 0x00000007c0000000)
  eden space 262144K, 0% used [0x000000076ab00000,0x000000076ab00000,0x000000077ab00000)
  from space 43520K, 49% used [0x000000077ab00000,0x000000077c026a30,0x000000077d580000)
  to   space 43520K, 0% used [0x000000077d580000,0x000000077d580000,0x0000000780000000)
 ParOldGen       total 699392K, used 80K [0x00000006c0000000, 0x00000006eab00000, 0x000000076ab00000)
  object space 699392K, 0% used [0x00000006c0000000,0x00000006c0014010,0x00000006eab00000)
 Metaspace       used 21046K, capacity 21158K, committed 21296K, reserved 1069056K
  class space    used 2567K, capacity 2609K, committed 2688K, reserved 1048576K
}
Event: 6.004 GC heap before
{Heap before GC invocations=2 (full 1):
 PSYoungGen      total 305664K, used 21658K [0x000000076ab00000, 0x0000000780000000, 0x00000007c0000000)
  eden space 262144K, 0% used [0x000000076ab00000,0x000000076ab00000,0x000000077ab00000)
  from space 43520K, 49% used [0x000000077ab00000,0x000000077c026a30,0x000000077d580000)
  to   space 43520K, 0% used [0x000000077d580000,0x000000077d580000,0x0000000780000000)
 ParOldGen       total 699392K, used 80K [0x00000006c0000000, 0x00000006eab00000, 0x000000076ab00000)
  object space 699392K, 0% used [0x00000006c0000000,0x00000006c0014010,0x00000006eab00000)
 Metaspace       used 21046K, capacity 21158K, committed 21296K, reserved 1069056K
  class space    used 2567K, capacity 2609K, committed 2688K, reserved 1048576K
Event: 6.051 GC heap after
Heap after GC invocations=2 (full 1):
 PSYoungGen      total 305664K, used 0K [0x000000076ab00000, 0x0000000780000000, 0x00000007c0000000)
  eden space 262144K, 0% used [0x000000076ab00000,0x000000076ab00000,0x000000077ab00000)
  from space 43520K, 0% used [0x000000077ab00000,0x000000077ab00000,0x000000077d580000)
  to   space 43520K, 0% used [0x000000077d580000,0x000000077d580000,0x0000000780000000)
 ParOldGen       total 699392K, used 20810K [0x00000006c0000000, 0x00000006eab00000, 0x000000076ab00000)
  object space 699392K, 2% used [0x00000006c0000000,0x00000006c1452ac8,0x00000006eab00000)
 Metaspace       used 21046K, capacity 21158K, committed 21296K, reserved 1069056K
  class space    used 2567K, capacity 2609K, committed 2688K, reserved 1048576K
}
Event: 9.362 GC heap before
{Heap before GC invocations=3 (full 1):
 PSYoungGen      total 305664K, used 262144K [0x000000076ab00000, 0x0000000780000000, 0x00000007c0000000)
  eden space 262144K, 100% used [0x000000076ab00000,0x000000077ab00000,0x000000077ab00000)
  from space 43520K, 0% used [0x000000077ab00000,0x000000077ab00000,0x000000077d580000)
  to   space 43520K, 0% used [0x000000077d580000,0x000000077d580000,0x0000000780000000)
 ParOldGen       total 699392K, used 20810K [0x00000006c0000000, 0x00000006eab00000, 0x000000076ab00000)
  object space 699392K, 2% used [0x00000006c0000000,0x00000006c1452ac8,0x00000006eab00000)
 Metaspace       used 30627K, capacity 30934K, committed 31104K, reserved 1077248K
  class space    used 3794K, capacity 3892K, committed 3968K, reserved 1048576K
Event: 9.398 GC heap after
Heap after GC invocations=3 (full 1):
 PSYoungGen      total 305664K, used 21976K [0x000000076ab00000, 0x0000000787d00000, 0x00000007c0000000)
  eden space 262144K, 0% used [0x000000076ab00000,0x000000076ab00000,0x000000077ab00000)
  from space 43520K, 50% used [0x000000077d580000,0x000000077eaf6210,0x0000000780000000)
  to   space 43520K, 0% used [0x000000077ab00000,0x000000077ab00000,0x000000077d580000)
 ParOldGen       total 699392K, used 20818K [0x00000006c0000000, 0x00000006eab00000, 0x000000076ab00000)
  object space 699392K, 2% used [0x00000006c0000000,0x00000006c1454ac8,0x00000006eab00000)
 Metaspace       used 30627K, capacity 30934K, committed 31104K, reserved 1077248K
  class space    used 3794K, capacity 3892K, committed 3968K, reserved 1048576K
}
Event: 11.039 GC heap before
{Heap before GC invocations=4 (full 1):
 PSYoungGen      total 305664K, used 105341K [0x000000076ab00000, 0x0000000787d00000, 0x00000007c0000000)
  eden space 262144K, 31% used [0x000000076ab00000,0x000000076fc69458,0x000000077ab00000)
  from space 43520K, 50% used [0x000000077d580000,0x000000077eaf6210,0x0000000780000000)
  to   space 43520K, 0% used [0x000000077ab00000,0x000000077ab00000,0x000000077d580000)
 ParOldGen       total 699392K, used 20818K [0x00000006c0000000, 0x00000006eab00000, 0x000000076ab00000)
  object space 699392K, 2% used [0x00000006c0000000,0x00000006c1454ac8,0x00000006eab00000)
 Metaspace       used 35055K, capacity 35350K, committed 35496K, reserved 1081344K
  class space    used 4496K, capacity 4580K, committed 4608K, reserved 1048576K
Event: 11.053 GC heap after
Heap after GC invocations=4 (full 1):
 PSYoungGen      total 305664K, used 12702K [0x000000076ab00000, 0x0000000788080000, 0x00000007c0000000)
  eden space 262144K, 0% used [0x000000076ab00000,0x000000076ab00000,0x000000077ab00000)
  from space 43520K, 29% used [0x000000077ab00000,0x000000077b767a28,0x000000077d580000)
  to   space 43520K, 0% used [0x0000000785600000,0x0000000785600000,0x0000000788080000)
 ParOldGen       total 699392K, used 20826K [0x00000006c0000000, 0x00000006eab00000, 0x000000076ab00000)
  object space 699392K, 2% used [0x00000006c0000000,0x00000006c1456ac8,0x00000006eab00000)
 Metaspace       used 35055K, capacity 35350K, committed 35496K, reserved 1081344K
  class space    used 4496K, capacity 4580K, committed 4608K, reserved 1048576K
}
Event: 11.054 GC heap before
{Heap before GC invocations=5 (full 2):
 PSYoungGen      total 305664K, used 12702K [0x000000076ab00000, 0x0000000788080000, 0x00000007c0000000)
  eden space 262144K, 0% used [0x000000076ab00000,0x000000076ab00000,0x000000077ab00000)
  from space 43520K, 29% used [0x000000077ab00000,0x000000077b767a28,0x000000077d580000)
  to   space 43520K, 0% used [0x0000000785600000,0x0000000785600000,0x0000000788080000)
 ParOldGen       total 699392K, used 20826K [0x00000006c0000000, 0x00000006eab00000, 0x000000076ab00000)
  object space 699392K, 2% used [0x00000006c0000000,0x00000006c1456ac8,0x00000006eab00000)
 Metaspace       used 35055K, capacity 35350K, committed 35496K, reserved 1081344K
  class space    used 4496K, capacity 4580K, committed 4608K, reserved 1048576K
Event: 11.118 GC heap after
Heap after GC invocations=5 (full 2):
 PSYoungGen      total 305664K, used 0K [0x000000076ab00000, 0x0000000788080000, 0x00000007c0000000)
  eden space 262144K, 0% used [0x000000076ab00000,0x000000076ab00000,0x000000077ab00000)
  from space 43520K, 0% used [0x000000077ab00000,0x000000077ab00000,0x000000077d580000)
  to   space 43520K, 0% used [0x0000000785600000,0x0000000785600000,0x0000000788080000)
 ParOldGen       total 699904K, used 22184K [0x00000006c0000000, 0x00000006eab80000, 0x000000076ab00000)
  object space 699904K, 3% used [0x00000006c0000000,0x00000006c15aa240,0x00000006eab80000)
 Metaspace       used 35055K, capacity 35350K, committed 35496K, reserved 1081344K
  class space    used 4496K, capacity 4580K, committed 4608K, reserved 1048576K
}

