# JRE version: Java(TM) SE Runtime Environment (8.0_121-b13) (build 1.8.0_121-b13)
# Java VM: Java HotSpot(TM) 64-Bit Server VM (25.121-b13 mixed mode linux-amd64 compressed oops)
Heap:
 PSYoungGen      total 244224K, used 179317K [0x00000000ebe00000, 0x0000000100000000, 0x0000000100000000)
  eden space 229888K, 78% used [0x00000000ebe00000,0x00000000f6d1d580,0x00000000f9e80000)
  from space 14336K, 0% used [0x00000000f9e80000,0x00000000f9e80000,0x00000000fac80000)
  to   space 16384K, 0% used [0x00000000ff000000,0x00000000ff000000,0x0000000100000000)
 ParOldGen       total 53760K, used 22544K [0x00000000c3a00000, 0x00000000c6e80000, 0x00000000ebe00000)
  object space 53760K, 41% used [0x00000000c3a00000,0x00000000c50040b8,0x00000000c6e80000)
 Metaspace       used 45081K, capacity 45428K, committed 45824K, reserved 1089536K
  class space    used 5899K, capacity 6029K, committed 6144K, reserved 1048576K
GC Heap History (10 events):
Event: 2.076 GC heap before
{Heap before GC invocations=7 (full 1):
 PSYoungGen      total 138752K, used 2654K [0x00000000ebe00000, 0x00000000f5200000, 0x0000000100000000)
  eden space 126976K, 0% used [0x00000000ebe00000,0x00000000ebe00000,0x00000000f3a00000)
  from space 11776K, 22% used [0x00000000f4680000,0x00000000f4917978,0x00000000f5200000)
  to   space 12288K, 0% used [0x00000000f3a00000,0x00000000f3a00000,0x00000000f4600000)
 ParOldGen       total 42496K, used 16619K [0x00000000c3a00000, 0x00000000c6380000, 0x00000000ebe00000)
  object space 42496K, 39% used [0x00000000c3a00000,0x00000000c4a3af08,0x00000000c6380000)
 Metaspace       used 21059K, capacity 21202K, committed 21296K, reserved 1069056K
  class space    used 2593K, capacity 2642K, committed 2688K, reserved 1048576K
Event: 2.132 GC heap after
Heap after GC invocations=7 (full 1):
 PSYoungGen      total 138752K, used 0K [0x00000000ebe00000, 0x00000000f5200000, 0x0000000100000000)
  eden space 126976K, 0% used [0x00000000ebe00000,0x00000000ebe00000,0x00000000f3a00000)
  from space 11776K, 0% used [0x00000000f4680000,0x00000000f4680000,0x00000000f5200000)
  to   space 12288K, 0% used [0x00000000f3a00000,0x00000000f3a00000,0x00000000f4600000)
 ParOldGen       total 39936K, used 12485K [0x00000000c3a00000, 0x00000000c6100000, 0x00000000ebe00000)
  object space 39936K, 31% used [0x00000000c3a00000,0x00000000c46315b0,0x00000000c6100000)
 Metaspace       used 21059K, capacity 21202K, committed 21296K, reserved 1069056K
  class space    used 2593K, capacity 2642K, committed 2688K, reserved 1048576K
}
Event: 3.021 GC heap before
{Heap before GC invocations=8 (full 1):
 PSYoungGen      total 138752K, used 126976K [0x00000000ebe00000, 0x00000000f5200000, 0x0000000100000000)
  eden space 126976K, 100% used [0x00000000ebe00000,0x00000000f3a00000,0x00000000f3a00000)
  from space 11776K, 0% used [0x00000000f4680000,0x00000000f4680000,0x00000000f5200000)
  to   space 12288K, 0% used [0x00000000f3a00000,0x00000000f3a00000,0x00000000f4600000)
 ParOldGen       total 39936K, used 12485K [0x00000000c3a00000, 0x00000000c6100000, 0x00000000ebe00000)
  object space 39936K, 31% used [0x00000000c3a00000,0x00000000c46315b0,0x00000000c6100000)
 Metaspace       used 24496K, capacity 24808K, committed 24960K, reserved 1071104K
  class space    used 3028K, capacity 3115K, committed 3200K, reserved 1048576K
Event: 3.034 GC heap after
Heap after GC invocations=8 (full 1):
 PSYoungGen      total 139264K, used 7855K [0x00000000ebe00000, 0x00000000fbc00000, 0x0000000100000000)
  eden space 126976K, 0% used [0x00000000ebe00000,0x00000000ebe00000,0x00000000f3a00000)
  from space 12288K, 63% used [0x00000000f3a00000,0x00000000f41abcc0,0x00000000f4600000)
  to   space 12800K, 0% used [0x00000000faf80000,0x00000000faf80000,0x00000000fbc00000)
 ParOldGen       total 39936K, used 12493K [0x00000000c3a00000, 0x00000000c6100000, 0x00000000ebe00000)
  object space 39936K, 31% used [0x00000000c3a00000,0x00000000c46335b0,0x00000000c6100000)
 Metaspace       used 24496K, capacity 24808K, committed 24960K, reserved 1071104K
  class space    used 3028K, capacity 3115K, committed 3200K, reserved 1048576K
}
Event: 4.448 GC heap before
{Heap before GC invocations=9 (full 1):
 PSYoungGen      total 139264K, used 134803K [0x00000000ebe00000, 0x00000000fbc00000, 0x0000000100000000)
  eden space 126976K, 99% used [0x00000000ebe00000,0x00000000f39f9250,0x00000000f3a00000)
  from space 12288K, 63% used [0x00000000f3a00000,0x00000000f41abcc0,0x00000000f4600000)
  to   space 12800K, 0% used [0x00000000faf80000,0x00000000faf80000,0x00000000fbc00000)
 ParOldGen       total 39936K, used 12493K [0x00000000c3a00000, 0x00000000c6100000, 0x00000000ebe00000)
  object space 39936K, 31% used [0x00000000c3a00000,0x00000000c46335b0,0x00000000c6100000)
 Metaspace       used 30251K, capacity 30558K, committed 30720K, reserved 1077248K
  class space    used 3751K, capacity 3828K, committed 3840K, reserved 1048576K
Event: 4.470 GC heap after
Heap after GC invocations=9 (full 1):
 PSYoungGen      total 241152K, used 11013K [0x00000000ebe00000, 0x00000000fba80000, 0x0000000100000000)
  eden space 229888K, 0% used [0x00000000ebe00000,0x00000000ebe00000,0x00000000f9e80000)
  from space 11264K, 97% used [0x00000000faf80000,0x00000000fba415f8,0x00000000fba80000)
  to   space 14336K, 0% used [0x00000000f9e80000,0x00000000f9e80000,0x00000000fac80000)
 ParOldGen       total 39936K, used 12501K [0x00000000c3a00000, 0x00000000c6100000, 0x00000000ebe00000)
  object space 39936K, 31% used [0x00000000c3a00000,0x00000000c46355b0,0x00000000c6100000)
 Metaspace       used 30251K, capacity 30558K, committed 30720K, reserved 1077248K
  class space    used 3751K, capacity 3828K, committed 3840K, reserved 1048576K
}
Event: 5.529 GC heap before
{Heap before GC invocations=10 (full 1):
 PSYoungGen      total 241152K, used 128547K [0x00000000ebe00000, 0x00000000fba80000, 0x0000000100000000)
  eden space 229888K, 51% used [0x00000000ebe00000,0x00000000f30c7850,0x00000000f9e80000)
  from space 11264K, 97% used [0x00000000faf80000,0x00000000fba415f8,0x00000000fba80000)
  to   space 14336K, 0% used [0x00000000f9e80000,0x00000000f9e80000,0x00000000fac80000)
 ParOldGen       total 39936K, used 12501K [0x00000000c3a00000, 0x00000000c6100000, 0x00000000ebe00000)
  object space 39936K, 31% used [0x00000000c3a00000,0x00000000c46355b0,0x00000000c6100000)
 Metaspace       used 35062K, capacity 35358K, committed 35496K, reserved 1081344K
  class space    used 4498K, capacity 4580K, committed 4608K, reserved 1048576K
Event: 5.552 GC heap after
Heap after GC invocations=10 (full 1):
 PSYoungGen      total 244224K, used 13725K [0x00000000ebe00000, 0x0000000100000000, 0x0000000100000000)
  eden space 229888K, 0% used [0x00000000ebe00000,0x00000000ebe00000,0x00000000f9e80000)
  from space 14336K, 95% used [0x00000000f9e80000,0x00000000fabe7430,0x00000000fac80000)
  to   space 16384K, 0% used [0x00000000ff000000,0x00000000ff000000,0x0000000100000000)
 ParOldGen       total 39936K, used 12509K [0x00000000c3a00000, 0x00000000c6100000, 0x00000000ebe00000)
  object space 39936K, 31% used [0x00000000c3a00000,0x00000000c46375b0,0x00000000c6100000)
 Metaspace       used 35062K, capacity 35358K, committed 35496K, reserved 1081344K
  class space    used 4498K, capacity 4580K, committed 4608K, reserved 1048576K
}
Event: 5.552 GC heap before
{Heap before GC invocations=11 (full 2):
 PSYoungGen      total 244224K, used 13725K [0x00000000ebe00000, 0x0000000100000000, 0x0000000100000000)
  eden space 229888K, 0% used [0x00000000ebe00000,0x00000000ebe00000,0x00000000f9e80000)
  from space 14336K, 95% used [0x00000000f9e80000,0x00000000fabe7430,0x00000000fac80000)
  to   space 16384K, 0% used [0x00000000ff000000,0x00000000ff000000,0x0000000100000000)
 ParOldGen       total 39936K, used 12509K [0x00000000c3a00000, 0x00000000c6100000, 0x00000000ebe00000)
  object space 39936K, 31% used [0x00000000c3a00000,0x00000000c46375b0,0x00000000c6100000)
 Metaspace       used 35062K, capacity 35358K, committed 35496K, reserved 1081344K
  class space    used 4498K, capacity 4580K, committed 4608K, reserved 1048576K
Event: 5.661 GC heap after
Heap after GC invocations=11 (full 2):
 PSYoungGen      total 244224K, used 0K [0x00000000ebe00000, 0x0000000100000000, 0x0000000100000000)
  eden space 229888K, 0% used [0x00000000ebe00000,0x00000000ebe00000,0x00000000f9e80000)
  from space 14336K, 0% used [0x00000000f9e80000,0x00000000f9e80000,0x00000000fac80000)
  to   space 16384K, 0% used [0x00000000ff000000,0x00000000ff000000,0x0000000100000000)
 ParOldGen       total 53760K, used 22544K [0x00000000c3a00000, 0x00000000c6e80000, 0x00000000ebe00000)
  object space 53760K, 41% used [0x00000000c3a00000,0x00000000c50040b8,0x00000000c6e80000)
 Metaspace       used 35062K, capacity 35358K, committed 35496K, reserved 1081344K
  class space    used 4498K, capacity 4580K, committed 4608K, reserved 1048576K
}

