# JRE version: Java(TM) SE Runtime Environment (8.0_121-b13) (build 1.8.0_121-b13)
# Java VM: Java HotSpot(TM) 64-Bit Server VM (25.121-b13 mixed mode linux-amd64 compressed oops)
Heap:
 PSYoungGen      total 567808K, used 191853K [0x000000076ab00000, 0x00000007a8b80000, 0x00000007c0000000)
  eden space 524288K, 36% used [0x000000076ab00000,0x000000077665b6b0,0x000000078ab00000)
  from space 43520K, 0% used [0x000000078ab00000,0x000000078ab00000,0x000000078d580000)
  to   space 43520K, 0% used [0x00000007a6100000,0x00000007a6100000,0x00000007a8b80000)
 ParOldGen       total 699392K, used 33074K [0x00000006c0000000, 0x00000006eab00000, 0x000000076ab00000)
  object space 699392K, 4% used [0x00000006c0000000,0x00000006c204caf8,0x00000006eab00000)
 Metaspace       used 45059K, capacity 45432K, committed 45820K, reserved 1089536K
  class space    used 5900K, capacity 6029K, committed 6144K, reserved 1048576K
GC Heap History (10 events):
Event: 1.993 GC heap before
{Heap before GC invocations=1 (full 0):
 PSYoungGen      total 305664K, used 167919K [0x000000076ab00000, 0x0000000780000000, 0x00000007c0000000)
  eden space 262144K, 64% used [0x000000076ab00000,0x0000000774efbd30,0x000000077ab00000)
  from space 43520K, 0% used [0x000000077d580000,0x000000077d580000,0x0000000780000000)
  to   space 43520K, 0% used [0x000000077ab00000,0x000000077ab00000,0x000000077d580000)
 ParOldGen       total 699392K, used 0K [0x00000006c0000000, 0x00000006eab00000, 0x000000076ab00000)
  object space 699392K, 0% used [0x00000006c0000000,0x00000006c0000000,0x00000006eab00000)
 Metaspace       used 21077K, capacity 21270K, committed 21552K, reserved 1069056K
  class space    used 2599K, capacity 2642K, committed 2688K, reserved 1048576K
Event: 2.019 GC heap after
Heap after GC invocations=1 (full 0):
 PSYoungGen      total 305664K, used 20513K [0x000000076ab00000, 0x0000000790000000, 0x00000007c0000000)
  eden space 262144K, 0% used [0x000000076ab00000,0x000000076ab00000,0x000000077ab00000)
  from space 43520K, 47% used [0x000000077ab00000,0x000000077bf08688,0x000000077d580000)
  to   space 43520K, 0% used [0x000000078d580000,0x000000078d580000,0x0000000790000000)
 ParOldGen       total 699392K, used 80K [0x00000006c0000000, 0x00000006eab00000, 0x000000076ab00000)
  object space 699392K, 0% used [0x00000006c0000000,0x00000006c0014010,0x00000006eab00000)
 Metaspace       used 21077K, capacity 21270K, committed 21552K, reserved 1069056K
  class space    used 2599K, capacity 2642K, committed 2688K, reserved 1048576K
}
Event: 2.077 GC heap before
{Heap before GC invocations=2 (full 0):
 PSYoungGen      total 305664K, used 38698K [0x000000076ab00000, 0x0000000790000000, 0x00000007c0000000)
  eden space 262144K, 6% used [0x000000076ab00000,0x000000076bcc2530,0x000000077ab00000)
  from space 43520K, 47% used [0x000000077ab00000,0x000000077bf08688,0x000000077d580000)
  to   space 43520K, 0% used [0x000000078d580000,0x000000078d580000,0x0000000790000000)
 ParOldGen       total 699392K, used 80K [0x00000006c0000000, 0x00000006eab00000, 0x000000076ab00000)
  object space 699392K, 0% used [0x00000006c0000000,0x00000006c0014010,0x00000006eab00000)
 Metaspace       used 21401K, capacity 21558K, committed 21628K, reserved 1069056K
  class space    used 2636K, capacity 2674K, committed 2688K, reserved 1048576K
Event: 2.093 GC heap after
Heap after GC invocations=2 (full 0):
 PSYoungGen      total 567808K, used 9687K [0x000000076ab00000, 0x0000000790000000, 0x00000007c0000000)
  eden space 524288K, 0% used [0x000000076ab00000,0x000000076ab00000,0x000000078ab00000)
  from space 43520K, 22% used [0x000000078d580000,0x000000078def5d48,0x0000000790000000)
  to   space 43520K, 0% used [0x000000078ab00000,0x000000078ab00000,0x000000078d580000)
 ParOldGen       total 699392K, used 88K [0x00000006c0000000, 0x00000006eab00000, 0x000000076ab00000)
  object space 699392K, 0% used [0x00000006c0000000,0x00000006c0016010,0x00000006eab00000)
 Metaspace       used 21401K, capacity 21558K, committed 21628K, reserved 1069056K
  class space    used 2636K, capacity 2674K, committed 2688K, reserved 1048576K
}
Event: 2.093 GC heap before
{Heap before GC invocations=3 (full 1):
 PSYoungGen      total 567808K, used 9687K [0x000000076ab00000, 0x0000000790000000, 0x00000007c0000000)
  eden space 524288K, 0% used [0x000000076ab00000,0x000000076ab00000,0x000000078ab00000)
  from space 43520K, 22% used [0x000000078d580000,0x000000078def5d48,0x0000000790000000)
  to   space 43520K, 0% used [0x000000078ab00000,0x000000078ab00000,0x000000078d580000)
 ParOldGen       total 699392K, used 88K [0x00000006c0000000, 0x00000006eab00000, 0x000000076ab00000)
  object space 699392K, 0% used [0x00000006c0000000,0x00000006c0016010,0x00000006eab00000)
 Metaspace       used 21401K, capacity 21558K, committed 21628K, reserved 1069056K
  class space    used 2636K, capacity 2674K, committed 2688K, reserved 1048576K
Event: 2.139 GC heap after
Heap after GC invocations=3 (full 1):
 PSYoungGen      total 567808K, used 0K [0x000000076ab00000, 0x0000000790000000, 0x00000007c0000000)
  eden space 524288K, 0% used [0x000000076ab00000,0x000000076ab00000,0x000000078ab00000)
  from space 43520K, 0% used [0x000000078d580000,0x000000078d580000,0x0000000790000000)
  to   space 43520K, 0% used [0x000000078ab00000,0x000000078ab00000,0x000000078d580000)
 ParOldGen       total 699392K, used 9560K [0x00000006c0000000, 0x00000006eab00000, 0x000000076ab00000)
  object space 699392K, 1% used [0x00000006c0000000,0x00000006c0956038,0x00000006eab00000)
 Metaspace       used 21401K, capacity 21558K, committed 21628K, reserved 1069056K
  class space    used 2636K, capacity 2674K, committed 2688K, reserved 1048576K
}
Event: 6.121 GC heap before
{Heap before GC invocations=4 (full 1):
 PSYoungGen      total 567808K, used 402141K [0x000000076ab00000, 0x0000000790000000, 0x00000007c0000000)
  eden space 524288K, 76% used [0x000000076ab00000,0x00000007833b76a0,0x000000078ab00000)
  from space 43520K, 0% used [0x000000078d580000,0x000000078d580000,0x0000000790000000)
  to   space 43520K, 0% used [0x000000078ab00000,0x000000078ab00000,0x000000078d580000)
 ParOldGen       total 699392K, used 9560K [0x00000006c0000000, 0x00000006eab00000, 0x000000076ab00000)
  object space 699392K, 1% used [0x00000006c0000000,0x00000006c0956038,0x00000006eab00000)
 Metaspace       used 35604K, capacity 35906K, committed 36048K, reserved 1081344K
  class space    used 4571K, capacity 4676K, committed 4736K, reserved 1048576K
Event: 6.148 GC heap after
Heap after GC invocations=4 (full 1):
 PSYoungGen      total 567808K, used 25107K [0x000000076ab00000, 0x00000007a8b80000, 0x00000007c0000000)
  eden space 524288K, 0% used [0x000000076ab00000,0x000000076ab00000,0x000000078ab00000)
  from space 43520K, 57% used [0x000000078ab00000,0x000000078c384d90,0x000000078d580000)
  to   space 43520K, 0% used [0x00000007a6100000,0x00000007a6100000,0x00000007a8b80000)
 ParOldGen       total 699392K, used 9568K [0x00000006c0000000, 0x00000006eab00000, 0x000000076ab00000)
  object space 699392K, 1% used [0x00000006c0000000,0x00000006c0958038,0x00000006eab00000)
 Metaspace       used 35604K, capacity 35906K, committed 36048K, reserved 1081344K
  class space    used 4571K, capacity 4676K, committed 4736K, reserved 1048576K
}
Event: 6.148 GC heap before
{Heap before GC invocations=5 (full 2):
 PSYoungGen      total 567808K, used 25107K [0x000000076ab00000, 0x00000007a8b80000, 0x00000007c0000000)
  eden space 524288K, 0% used [0x000000076ab00000,0x000000076ab00000,0x000000078ab00000)
  from space 43520K, 57% used [0x000000078ab00000,0x000000078c384d90,0x000000078d580000)
  to   space 43520K, 0% used [0x00000007a6100000,0x00000007a6100000,0x00000007a8b80000)
 ParOldGen       total 699392K, used 9568K [0x00000006c0000000, 0x00000006eab00000, 0x000000076ab00000)
  object space 699392K, 1% used [0x00000006c0000000,0x00000006c0958038,0x00000006eab00000)
 Metaspace       used 35604K, capacity 35906K, committed 36048K, reserved 1081344K
  class space    used 4571K, capacity 4676K, committed 4736K, reserved 1048576K
Event: 6.260 GC heap after
Heap after GC invocations=5 (full 2):
 PSYoungGen      total 567808K, used 0K [0x000000076ab00000, 0x00000007a8b80000, 0x00000007c0000000)
  eden space 524288K, 0% used [0x000000076ab00000,0x000000076ab00000,0x000000078ab00000)
  from space 43520K, 0% used [0x000000078ab00000,0x000000078ab00000,0x000000078d580000)
  to   space 43520K, 0% used [0x00000007a6100000,0x00000007a6100000,0x00000007a8b80000)
 ParOldGen       total 699392K, used 33074K [0x00000006c0000000, 0x00000006eab00000, 0x000000076ab00000)
  object space 699392K, 4% used [0x00000006c0000000,0x00000006c204caf8,0x00000006eab00000)
 Metaspace       used 35604K, capacity 35906K, committed 36048K, reserved 1081344K
  class space    used 4571K, capacity 4676K, committed 4736K, reserved 1048576K
}

