# JRE version: Java(TM) SE Runtime Environment (8.0_121-b13) (build 1.8.0_121-b13)
# Java VM: Java HotSpot(TM) 64-Bit Server VM (25.121-b13 mixed mode linux-amd64 compressed oops)
Heap:
 PSYoungGen      total 541184K, used 206844K [0x000000076ab00000, 0x0000000790100000, 0x00000007c0000000)
  eden space 497664K, 41% used [0x000000076ab00000,0x00000007774ff210,0x0000000789100000)
  from space 43520K, 0% used [0x0000000789100000,0x0000000789100000,0x000000078bb80000)
  to   space 43520K, 0% used [0x000000078d680000,0x000000078d680000,0x0000000790100000)
 ParOldGen       total 699392K, used 23047K [0x00000006c0000000, 0x00000006eab00000, 0x000000076ab00000)
  object space 699392K, 3% used [0x00000006c0000000,0x00000006c1681f58,0x00000006eab00000)
 Metaspace       used 45091K, capacity 45496K, committed 45824K, reserved 1089536K
  class space    used 5899K, capacity 6029K, committed 6144K, reserved 1048576K
GC Heap History (10 events):
Event: 2.129 GC heap before
{Heap before GC invocations=1 (full 0):
 PSYoungGen      total 305664K, used 173161K [0x000000076ab00000, 0x0000000780000000, 0x00000007c0000000)
  eden space 262144K, 66% used [0x000000076ab00000,0x000000077541a660,0x000000077ab00000)
  from space 43520K, 0% used [0x000000077d580000,0x000000077d580000,0x0000000780000000)
  to   space 43520K, 0% used [0x000000077ab00000,0x000000077ab00000,0x000000077d580000)
 ParOldGen       total 699392K, used 0K [0x00000006c0000000, 0x00000006eab00000, 0x000000076ab00000)
  object space 699392K, 0% used [0x00000006c0000000,0x00000006c0000000,0x00000006eab00000)
 Metaspace       used 21071K, capacity 21206K, committed 21296K, reserved 1069056K
  class space    used 2598K, capacity 2642K, committed 2688K, reserved 1048576K
Event: 2.159 GC heap after
Heap after GC invocations=1 (full 0):
 PSYoungGen      total 305664K, used 20963K [0x000000076ab00000, 0x0000000790000000, 0x00000007c0000000)
  eden space 262144K, 0% used [0x000000076ab00000,0x000000076ab00000,0x000000077ab00000)
  from space 43520K, 48% used [0x000000077ab00000,0x000000077bf78ce0,0x000000077d580000)
  to   space 43520K, 0% used [0x000000078d580000,0x000000078d580000,0x0000000790000000)
 ParOldGen       total 699392K, used 80K [0x00000006c0000000, 0x00000006eab00000, 0x000000076ab00000)
  object space 699392K, 0% used [0x00000006c0000000,0x00000006c0014010,0x00000006eab00000)
 Metaspace       used 21071K, capacity 21206K, committed 21296K, reserved 1069056K
  class space    used 2598K, capacity 2642K, committed 2688K, reserved 1048576K
}
Event: 2.159 GC heap before
{Heap before GC invocations=2 (full 1):
 PSYoungGen      total 305664K, used 20963K [0x000000076ab00000, 0x0000000790000000, 0x00000007c0000000)
  eden space 262144K, 0% used [0x000000076ab00000,0x000000076ab00000,0x000000077ab00000)
  from space 43520K, 48% used [0x000000077ab00000,0x000000077bf78ce0,0x000000077d580000)
  to   space 43520K, 0% used [0x000000078d580000,0x000000078d580000,0x0000000790000000)
 ParOldGen       total 699392K, used 80K [0x00000006c0000000, 0x00000006eab00000, 0x000000076ab00000)
  object space 699392K, 0% used [0x00000006c0000000,0x00000006c0014010,0x00000006eab00000)
 Metaspace       used 21071K, capacity 21206K, committed 21296K, reserved 1069056K
  class space    used 2598K, capacity 2642K, committed 2688K, reserved 1048576K
Event: 2.207 GC heap after
Heap after GC invocations=2 (full 1):
 PSYoungGen      total 305664K, used 0K [0x000000076ab00000, 0x0000000790000000, 0x00000007c0000000)
  eden space 262144K, 0% used [0x000000076ab00000,0x000000076ab00000,0x000000077ab00000)
  from space 43520K, 0% used [0x000000077ab00000,0x000000077ab00000,0x000000077d580000)
  to   space 43520K, 0% used [0x000000078d580000,0x000000078d580000,0x0000000790000000)
 ParOldGen       total 699392K, used 20251K [0x00000006c0000000, 0x00000006eab00000, 0x000000076ab00000)
  object space 699392K, 2% used [0x00000006c0000000,0x00000006c13c6ff8,0x00000006eab00000)
 Metaspace       used 21071K, capacity 21206K, committed 21296K, reserved 1069056K
  class space    used 2598K, capacity 2642K, committed 2688K, reserved 1048576K
}
Event: 4.976 GC heap before
{Heap before GC invocations=3 (full 1):
 PSYoungGen      total 305664K, used 262113K [0x000000076ab00000, 0x0000000790000000, 0x00000007c0000000)
  eden space 262144K, 99% used [0x000000076ab00000,0x000000077aaf87d0,0x000000077ab00000)
  from space 43520K, 0% used [0x000000077ab00000,0x000000077ab00000,0x000000077d580000)
  to   space 43520K, 0% used [0x000000078d580000,0x000000078d580000,0x0000000790000000)
 ParOldGen       total 699392K, used 20251K [0x00000006c0000000, 0x00000006eab00000, 0x000000076ab00000)
  object space 699392K, 2% used [0x00000006c0000000,0x00000006c13c6ff8,0x00000006eab00000)
 Metaspace       used 30231K, capacity 30498K, committed 30720K, reserved 1077248K
  class space    used 3752K, capacity 3828K, committed 3840K, reserved 1048576K
Event: 5.016 GC heap after
Heap after GC invocations=3 (full 1):
 PSYoungGen      total 382464K, used 16773K [0x000000076ab00000, 0x000000078e600000, 0x00000007c0000000)
  eden space 365568K, 0% used [0x000000076ab00000,0x000000076ab00000,0x0000000781000000)
  from space 16896K, 99% used [0x000000078d580000,0x000000078e5e1458,0x000000078e600000)
  to   space 43520K, 0% used [0x0000000789100000,0x0000000789100000,0x000000078bb80000)
 ParOldGen       total 699392K, used 20259K [0x00000006c0000000, 0x00000006eab00000, 0x000000076ab00000)
  object space 699392K, 2% used [0x00000006c0000000,0x00000006c13c8ff8,0x00000006eab00000)
 Metaspace       used 30231K, capacity 30498K, committed 30720K, reserved 1077248K
  class space    used 3752K, capacity 3828K, committed 3840K, reserved 1048576K
}
Event: 6.268 GC heap before
{Heap before GC invocations=4 (full 1):
 PSYoungGen      total 382464K, used 139533K [0x000000076ab00000, 0x000000078e600000, 0x00000007c0000000)
  eden space 365568K, 33% used [0x000000076ab00000,0x00000007722e22f0,0x0000000781000000)
  from space 16896K, 99% used [0x000000078d580000,0x000000078e5e1458,0x000000078e600000)
  to   space 43520K, 0% used [0x0000000789100000,0x0000000789100000,0x000000078bb80000)
 ParOldGen       total 699392K, used 20259K [0x00000006c0000000, 0x00000006eab00000, 0x000000076ab00000)
  object space 699392K, 2% used [0x00000006c0000000,0x00000006c13c8ff8,0x00000006eab00000)
 Metaspace       used 35074K, capacity 35362K, committed 35496K, reserved 1081344K
  class space    used 4503K, capacity 4580K, committed 4608K, reserved 1048576K
Event: 6.296 GC heap after
Heap after GC invocations=4 (full 1):
 PSYoungGen      total 541184K, used 13845K [0x000000076ab00000, 0x0000000790100000, 0x00000007c0000000)
  eden space 497664K, 0% used [0x000000076ab00000,0x000000076ab00000,0x0000000789100000)
  from space 43520K, 31% used [0x0000000789100000,0x0000000789e856e8,0x000000078bb80000)
  to   space 43520K, 0% used [0x000000078d680000,0x000000078d680000,0x0000000790100000)
 ParOldGen       total 699392K, used 20267K [0x00000006c0000000, 0x00000006eab00000, 0x000000076ab00000)
  object space 699392K, 2% used [0x00000006c0000000,0x00000006c13caff8,0x00000006eab00000)
 Metaspace       used 35074K, capacity 35362K, committed 35496K, reserved 1081344K
  class space    used 4503K, capacity 4580K, committed 4608K, reserved 1048576K
}
Event: 6.296 GC heap before
{Heap before GC invocations=5 (full 2):
 PSYoungGen      total 541184K, used 13845K [0x000000076ab00000, 0x0000000790100000, 0x00000007c0000000)
  eden space 497664K, 0% used [0x000000076ab00000,0x000000076ab00000,0x0000000789100000)
  from space 43520K, 31% used [0x0000000789100000,0x0000000789e856e8,0x000000078bb80000)
  to   space 43520K, 0% used [0x000000078d680000,0x000000078d680000,0x0000000790100000)
 ParOldGen       total 699392K, used 20267K [0x00000006c0000000, 0x00000006eab00000, 0x000000076ab00000)
  object space 699392K, 2% used [0x00000006c0000000,0x00000006c13caff8,0x00000006eab00000)
 Metaspace       used 35074K, capacity 35362K, committed 35496K, reserved 1081344K
  class space    used 4503K, capacity 4580K, committed 4608K, reserved 1048576K
Event: 6.366 GC heap after
Heap after GC invocations=5 (full 2):
 PSYoungGen      total 541184K, used 0K [0x000000076ab00000, 0x0000000790100000, 0x00000007c0000000)
  eden space 497664K, 0% used [0x000000076ab00000,0x000000076ab00000,0x0000000789100000)
  from space 43520K, 0% used [0x0000000789100000,0x0000000789100000,0x000000078bb80000)
  to   space 43520K, 0% used [0x000000078d680000,0x000000078d680000,0x0000000790100000)
 ParOldGen       total 699392K, used 23047K [0x00000006c0000000, 0x00000006eab00000, 0x000000076ab00000)
  object space 699392K, 3% used [0x00000006c0000000,0x00000006c1681f58,0x00000006eab00000)
 Metaspace       used 35074K, capacity 35362K, committed 35496K, reserved 1081344K
  class space    used 4503K, capacity 4580K, committed 4608K, reserved 1048576K
}

