# JRE version: Java(TM) SE Runtime Environment (8.0_121-b13) (build 1.8.0_121-b13)
# Java VM: Java HotSpot(TM) 64-Bit Server VM (25.121-b13 mixed mode linux-amd64 compressed oops)
Heap:
 PSYoungGen      total 202752K, used 57349K [0x00000000ebe00000, 0x00000000f9400000, 0x0000000100000000)
  eden space 190976K, 23% used [0x00000000ebe00000,0x00000000eea85e40,0x00000000f7880000)
  from space 11776K, 99% used [0x00000000f8880000,0x00000000f93fb640,0x00000000f9400000)
  to   space 13824K, 0% used [0x00000000f7900000,0x00000000f7900000,0x00000000f8680000)
 ParOldGen       total 58880K, used 23651K [0x00000000c3a00000, 0x00000000c7380000, 0x00000000ebe00000)
  object space 58880K, 40% used [0x00000000c3a00000,0x00000000c5118fd8,0x00000000c7380000)
 Metaspace       used 45064K, capacity 45388K, committed 45696K, reserved 1089536K
  class space    used 5899K, capacity 5997K, committed 6016K, reserved 1048576K
GC Heap History (10 events):
Event: 3.924 GC heap before
{Heap before GC invocations=10 (full 1):
 PSYoungGen      total 110080K, used 109613K [0x00000000ebe00000, 0x00000000f4680000, 0x0000000100000000)
  eden space 105472K, 100% used [0x00000000ebe00000,0x00000000f2500000,0x00000000f2500000)
  from space 4608K, 89% used [0x00000000f4200000,0x00000000f460b520,0x00000000f4680000)
  to   space 7680K, 0% used [0x00000000f3780000,0x00000000f3780000,0x00000000f3f00000)
 ParOldGen       total 36864K, used 10298K [0x00000000c3a00000, 0x00000000c5e00000, 0x00000000ebe00000)
  object space 36864K, 27% used [0x00000000c3a00000,0x00000000c440e9c0,0x00000000c5e00000)
 Metaspace       used 26663K, capacity 26916K, committed 27264K, reserved 1073152K
  class space    used 3313K, capacity 3409K, committed 3456K, reserved 1048576K
Event: 3.944 GC heap after
Heap after GC invocations=10 (full 1):
 PSYoungGen      total 132096K, used 7661K [0x00000000ebe00000, 0x00000000f5e00000, 0x0000000100000000)
  eden space 124416K, 0% used [0x00000000ebe00000,0x00000000ebe00000,0x00000000f3780000)
  from space 7680K, 99% used [0x00000000f3780000,0x00000000f3efb770,0x00000000f3f00000)
  to   space 9216K, 0% used [0x00000000f5500000,0x00000000f5500000,0x00000000f5e00000)
 ParOldGen       total 36864K, used 11936K [0x00000000c3a00000, 0x00000000c5e00000, 0x00000000ebe00000)
  object space 36864K, 32% used [0x00000000c3a00000,0x00000000c45a81b0,0x00000000c5e00000)
 Metaspace       used 26663K, capacity 26916K, committed 27264K, reserved 1073152K
  class space    used 3313K, capacity 3409K, committed 3456K, reserved 1048576K
}
Event: 4.720 GC heap before
{Heap before GC invocations=11 (full 1):
 PSYoungGen      total 132096K, used 132077K [0x00000000ebe00000, 0x00000000f5e00000, 0x0000000100000000)
  eden space 124416K, 100% used [0x00000000ebe00000,0x00000000f3780000,0x00000000f3780000)
  from space 7680K, 99% used [0x00000000f3780000,0x00000000f3efb770,0x00000000f3f00000)
  to   space 9216K, 0% used [0x00000000f5500000,0x00000000f5500000,0x00000000f5e00000)
 ParOldGen       total 36864K, used 11936K [0x00000000c3a00000, 0x00000000c5e00000, 0x00000000ebe00000)
  object space 36864K, 32% used [0x00000000c3a00000,0x00000000c45a81b0,0x00000000c5e00000)
 Metaspace       used 30266K, capacity 30576K, committed 30848K, reserved 1077248K
  class space    used 3763K, capacity 3859K, committed 3968K, reserved 1048576K
Event: 4.752 GC heap after
Heap after GC invocations=11 (full 1):
 PSYoungGen      total 151552K, used 9215K [0x00000000ebe00000, 0x00000000f7e80000, 0x0000000100000000)
  eden space 142336K, 0% used [0x00000000ebe00000,0x00000000ebe00000,0x00000000f4900000)
  from space 9216K, 99% used [0x00000000f5500000,0x00000000f5dffd70,0x00000000f5e00000)
  to   space 12288K, 0% used [0x00000000f4900000,0x00000000f4900000,0x00000000f5500000)
 ParOldGen       total 36864K, used 17004K [0x00000000c3a00000, 0x00000000c5e00000, 0x00000000ebe00000)
  object space 36864K, 46% used [0x00000000c3a00000,0x00000000c4a9b390,0x00000000c5e00000)
 Metaspace       used 30266K, capacity 30576K, committed 30848K, reserved 1077248K
  class space    used 3763K, capacity 3859K, committed 3968K, reserved 1048576K
}
Event: 5.620 GC heap before
{Heap before GC invocations=12 (full 1):
 PSYoungGen      total 151552K, used 86216K [0x00000000ebe00000, 0x00000000f7e80000, 0x0000000100000000)
  eden space 142336K, 54% used [0x00000000ebe00000,0x00000000f0932630,0x00000000f4900000)
  from space 9216K, 99% used [0x00000000f5500000,0x00000000f5dffd70,0x00000000f5e00000)
  to   space 12288K, 0% used [0x00000000f4900000,0x00000000f4900000,0x00000000f5500000)
 ParOldGen       total 36864K, used 17004K [0x00000000c3a00000, 0x00000000c5e00000, 0x00000000ebe00000)
  object space 36864K, 46% used [0x00000000c3a00000,0x00000000c4a9b390,0x00000000c5e00000)
 Metaspace       used 34969K, capacity 35280K, committed 35496K, reserved 1081344K
  class space    used 4496K, capacity 4579K, committed 4608K, reserved 1048576K
Event: 5.639 GC heap after
Heap after GC invocations=12 (full 1):
 PSYoungGen      total 154624K, used 6467K [0x00000000ebe00000, 0x00000000f9400000, 0x0000000100000000)
  eden space 142336K, 0% used [0x00000000ebe00000,0x00000000ebe00000,0x00000000f4900000)
  from space 12288K, 52% used [0x00000000f4900000,0x00000000f4f50c58,0x00000000f5500000)
  to   space 11776K, 0% used [0x00000000f8880000,0x00000000f8880000,0x00000000f9400000)
 ParOldGen       total 36864K, used 22264K [0x00000000c3a00000, 0x00000000c5e00000, 0x00000000ebe00000)
  object space 36864K, 60% used [0x00000000c3a00000,0x00000000c4fbe170,0x00000000c5e00000)
 Metaspace       used 34969K, capacity 35280K, committed 35496K, reserved 1081344K
  class space    used 4496K, capacity 4579K, committed 4608K, reserved 1048576K
}
Event: 5.639 GC heap before
{Heap before GC invocations=13 (full 2):
 PSYoungGen      total 154624K, used 6467K [0x00000000ebe00000, 0x00000000f9400000, 0x0000000100000000)
  eden space 142336K, 0% used [0x00000000ebe00000,0x00000000ebe00000,0x00000000f4900000)
  from space 12288K, 52% used [0x00000000f4900000,0x00000000f4f50c58,0x00000000f5500000)
  to   space 11776K, 0% used [0x00000000f8880000,0x00000000f8880000,0x00000000f9400000)
 ParOldGen       total 36864K, used 22264K [0x00000000c3a00000, 0x00000000c5e00000, 0x00000000ebe00000)
  object space 36864K, 60% used [0x00000000c3a00000,0x00000000c4fbe170,0x00000000c5e00000)
 Metaspace       used 34969K, capacity 35280K, committed 35496K, reserved 1081344K
  class space    used 4496K, capacity 4579K, committed 4608K, reserved 1048576K
Event: 5.707 GC heap after
Heap after GC invocations=13 (full 2):
 PSYoungGen      total 154624K, used 0K [0x00000000ebe00000, 0x00000000f9400000, 0x0000000100000000)
  eden space 142336K, 0% used [0x00000000ebe00000,0x00000000ebe00000,0x00000000f4900000)
  from space 12288K, 0% used [0x00000000f4900000,0x00000000f4900000,0x00000000f5500000)
  to   space 11776K, 0% used [0x00000000f8880000,0x00000000f8880000,0x00000000f9400000)
 ParOldGen       total 58880K, used 22079K [0x00000000c3a00000, 0x00000000c7380000, 0x00000000ebe00000)
  object space 58880K, 37% used [0x00000000c3a00000,0x00000000c4f8fef8,0x00000000c7380000)
 Metaspace       used 34969K, capacity 35280K, committed 35496K, reserved 1081344K
  class space    used 4496K, capacity 4579K, committed 4608K, reserved 1048576K
}
Event: 7.321 GC heap before
{Heap before GC invocations=14 (full 2):
 PSYoungGen      total 154624K, used 142336K [0x00000000ebe00000, 0x00000000f9400000, 0x0000000100000000)
  eden space 142336K, 100% used [0x00000000ebe00000,0x00000000f4900000,0x00000000f4900000)
  from space 12288K, 0% used [0x00000000f4900000,0x00000000f4900000,0x00000000f5500000)
  to   space 11776K, 0% used [0x00000000f8880000,0x00000000f8880000,0x00000000f9400000)
 ParOldGen       total 58880K, used 22079K [0x00000000c3a00000, 0x00000000c7380000, 0x00000000ebe00000)
  object space 58880K, 37% used [0x00000000c3a00000,0x00000000c4f8fef8,0x00000000c7380000)
 Metaspace       used 44076K, capacity 44410K, committed 44800K, reserved 1087488K
  class space    used 5771K, capacity 5866K, committed 5888K, reserved 1048576K
Event: 7.342 GC heap after
Heap after GC invocations=14 (full 2):
 PSYoungGen      total 202752K, used 11757K [0x00000000ebe00000, 0x00000000f9400000, 0x0000000100000000)
  eden space 190976K, 0% used [0x00000000ebe00000,0x00000000ebe00000,0x00000000f7880000)
  from space 11776K, 99% used [0x00000000f8880000,0x00000000f93fb640,0x00000000f9400000)
  to   space 13824K, 0% used [0x00000000f7900000,0x00000000f7900000,0x00000000f8680000)
 ParOldGen       total 58880K, used 23651K [0x00000000c3a00000, 0x00000000c7380000, 0x00000000ebe00000)
  object space 58880K, 40% used [0x00000000c3a00000,0x00000000c5118fd8,0x00000000c7380000)
 Metaspace       used 44076K, capacity 44410K, committed 44800K, reserved 1087488K
  class space    used 5771K, capacity 5866K, committed 5888K, reserved 1048576K
}

