# JRE version: Java(TM) SE Runtime Environment (8.0_121-b13) (build 1.8.0_121-b13)
# Java VM: Java HotSpot(TM) 64-Bit Server VM (25.121-b13 mixed mode linux-amd64 compressed oops)
Heap:
 PSYoungGen      total 305664K, used 193804K [0x000000076ab00000, 0x0000000789f80000, 0x00000007c0000000)
  eden space 262144K, 73% used [0x000000076ab00000,0x00000007768432c0,0x000000077ab00000)
  from space 43520K, 0% used [0x000000077ab00000,0x000000077ab00000,0x000000077d580000)
  to   space 43520K, 0% used [0x0000000787500000,0x0000000787500000,0x0000000789f80000)
 ParOldGen       total 699392K, used 23021K [0x00000006c0000000, 0x00000006eab00000, 0x000000076ab00000)
  object space 699392K, 3% used [0x00000006c0000000,0x00000006c167b7c8,0x00000006eab00000)
 Metaspace       used 45067K, capacity 45428K, committed 45824K, reserved 1089536K
  class space    used 5899K, capacity 6029K, committed 6144K, reserved 1048576K
GC Heap History (10 events):
Event: 6.396 GC heap before
{Heap before GC invocations=1 (full 0):
 PSYoungGen      total 305664K, used 167917K [0x000000076ab00000, 0x0000000780000000, 0x00000007c0000000)
  eden space 262144K, 64% used [0x000000076ab00000,0x0000000774efb748,0x000000077ab00000)
  from space 43520K, 0% used [0x000000077d580000,0x000000077d580000,0x0000000780000000)
  to   space 43520K, 0% used [0x000000077ab00000,0x000000077ab00000,0x000000077d580000)
 ParOldGen       total 699392K, used 0K [0x00000006c0000000, 0x00000006eab00000, 0x000000076ab00000)
  object space 699392K, 0% used [0x00000006c0000000,0x00000006c0000000,0x00000006eab00000)
 Metaspace       used 21025K, capacity 21202K, committed 21296K, reserved 1069056K
  class space    used 2589K, capacity 2642K, committed 2688K, reserved 1048576K
Event: 6.419 GC heap after
Heap after GC invocations=1 (full 0):
 PSYoungGen      total 305664K, used 20853K [0x000000076ab00000, 0x0000000780000000, 0x00000007c0000000)
  eden space 262144K, 0% used [0x000000076ab00000,0x000000076ab00000,0x000000077ab00000)
  from space 43520K, 47% used [0x000000077ab00000,0x000000077bf5d720,0x000000077d580000)
  to   space 43520K, 0% used [0x000000077d580000,0x000000077d580000,0x0000000780000000)
 ParOldGen       total 699392K, used 88K [0x00000006c0000000, 0x00000006eab00000, 0x000000076ab00000)
  object space 699392K, 0% used [0x00000006c0000000,0x00000006c0016010,0x00000006eab00000)
 Metaspace       used 21025K, capacity 21202K, committed 21296K, reserved 1069056K
  class space    used 2589K, capacity 2642K, committed 2688K, reserved 1048576K
}
Event: 6.419 GC heap before
{Heap before GC invocations=2 (full 1):
 PSYoungGen      total 305664K, used 20853K [0x000000076ab00000, 0x0000000780000000, 0x00000007c0000000)
  eden space 262144K, 0% used [0x000000076ab00000,0x000000076ab00000,0x000000077ab00000)
  from space 43520K, 47% used [0x000000077ab00000,0x000000077bf5d720,0x000000077d580000)
  to   space 43520K, 0% used [0x000000077d580000,0x000000077d580000,0x0000000780000000)
 ParOldGen       total 699392K, used 88K [0x00000006c0000000, 0x00000006eab00000, 0x000000076ab00000)
  object space 699392K, 0% used [0x00000006c0000000,0x00000006c0016010,0x00000006eab00000)
 Metaspace       used 21025K, capacity 21202K, committed 21296K, reserved 1069056K
  class space    used 2589K, capacity 2642K, committed 2688K, reserved 1048576K
Event: 6.468 GC heap after
Heap after GC invocations=2 (full 1):
 PSYoungGen      total 305664K, used 0K [0x000000076ab00000, 0x0000000780000000, 0x00000007c0000000)
  eden space 262144K, 0% used [0x000000076ab00000,0x000000076ab00000,0x000000077ab00000)
  from space 43520K, 0% used [0x000000077ab00000,0x000000077ab00000,0x000000077d580000)
  to   space 43520K, 0% used [0x000000077d580000,0x000000077d580000,0x0000000780000000)
 ParOldGen       total 699392K, used 20151K [0x00000006c0000000, 0x00000006eab00000, 0x000000076ab00000)
  object space 699392K, 2% used [0x00000006c0000000,0x00000006c13ade68,0x00000006eab00000)
 Metaspace       used 21025K, capacity 21202K, committed 21296K, reserved 1069056K
  class space    used 2589K, capacity 2642K, committed 2688K, reserved 1048576K
}
Event: 8.678 GC heap before
{Heap before GC invocations=3 (full 1):
 PSYoungGen      total 305664K, used 262106K [0x000000076ab00000, 0x0000000780000000, 0x00000007c0000000)
  eden space 262144K, 99% used [0x000000076ab00000,0x000000077aaf6b38,0x000000077ab00000)
  from space 43520K, 0% used [0x000000077ab00000,0x000000077ab00000,0x000000077d580000)
  to   space 43520K, 0% used [0x000000077d580000,0x000000077d580000,0x0000000780000000)
 ParOldGen       total 699392K, used 20151K [0x00000006c0000000, 0x00000006eab00000, 0x000000076ab00000)
  object space 699392K, 2% used [0x00000006c0000000,0x00000006c13ade68,0x00000006eab00000)
 Metaspace       used 30257K, capacity 30558K, committed 30720K, reserved 1077248K
  class space    used 3751K, capacity 3828K, committed 3840K, reserved 1048576K
Event: 8.715 GC heap after
Heap after GC invocations=3 (full 1):
 PSYoungGen      total 305664K, used 16812K [0x000000076ab00000, 0x0000000788f80000, 0x00000007c0000000)
  eden space 262144K, 0% used [0x000000076ab00000,0x000000076ab00000,0x000000077ab00000)
  from space 43520K, 38% used [0x000000077d580000,0x000000077e5eb290,0x0000000780000000)
  to   space 43520K, 0% used [0x000000077ab00000,0x000000077ab00000,0x000000077d580000)
 ParOldGen       total 699392K, used 20151K [0x00000006c0000000, 0x00000006eab00000, 0x000000076ab00000)
  object space 699392K, 2% used [0x00000006c0000000,0x00000006c13ade68,0x00000006eab00000)
 Metaspace       used 30257K, capacity 30558K, committed 30720K, reserved 1077248K
  class space    used 3751K, capacity 3828K, committed 3840K, reserved 1048576K
}
Event: 9.827 GC heap before
{Heap before GC invocations=4 (full 1):
 PSYoungGen      total 305664K, used 146611K [0x000000076ab00000, 0x0000000788f80000, 0x00000007c0000000)
  eden space 262144K, 49% used [0x000000076ab00000,0x00000007729c19f8,0x000000077ab00000)
  from space 43520K, 38% used [0x000000077d580000,0x000000077e5eb290,0x0000000780000000)
  to   space 43520K, 0% used [0x000000077ab00000,0x000000077ab00000,0x000000077d580000)
 ParOldGen       total 699392K, used 20151K [0x00000006c0000000, 0x00000006eab00000, 0x000000076ab00000)
  object space 699392K, 2% used [0x00000006c0000000,0x00000006c13ade68,0x00000006eab00000)
 Metaspace       used 35053K, capacity 35358K, committed 35496K, reserved 1081344K
  class space    used 4498K, capacity 4580K, committed 4608K, reserved 1048576K
Event: 9.848 GC heap after
Heap after GC invocations=4 (full 1):
 PSYoungGen      total 305664K, used 13839K [0x000000076ab00000, 0x0000000789f80000, 0x00000007c0000000)
  eden space 262144K, 0% used [0x000000076ab00000,0x000000076ab00000,0x000000077ab00000)
  from space 43520K, 31% used [0x000000077ab00000,0x000000077b883f20,0x000000077d580000)
  to   space 43520K, 0% used [0x0000000787500000,0x0000000787500000,0x0000000789f80000)
 ParOldGen       total 699392K, used 20159K [0x00000006c0000000, 0x00000006eab00000, 0x000000076ab00000)
  object space 699392K, 2% used [0x00000006c0000000,0x00000006c13afe68,0x00000006eab00000)
 Metaspace       used 35053K, capacity 35358K, committed 35496K, reserved 1081344K
  class space    used 4498K, capacity 4580K, committed 4608K, reserved 1048576K
}
Event: 9.848 GC heap before
{Heap before GC invocations=5 (full 2):
 PSYoungGen      total 305664K, used 13839K [0x000000076ab00000, 0x0000000789f80000, 0x00000007c0000000)
  eden space 262144K, 0% used [0x000000076ab00000,0x000000076ab00000,0x000000077ab00000)
  from space 43520K, 31% used [0x000000077ab00000,0x000000077b883f20,0x000000077d580000)
  to   space 43520K, 0% used [0x0000000787500000,0x0000000787500000,0x0000000789f80000)
 ParOldGen       total 699392K, used 20159K [0x00000006c0000000, 0x00000006eab00000, 0x000000076ab00000)
  object space 699392K, 2% used [0x00000006c0000000,0x00000006c13afe68,0x00000006eab00000)
 Metaspace       used 35053K, capacity 35358K, committed 35496K, reserved 1081344K
  class space    used 4498K, capacity 4580K, committed 4608K, reserved 1048576K
Event: 9.916 GC heap after
Heap after GC invocations=5 (full 2):
 PSYoungGen      total 305664K, used 0K [0x000000076ab00000, 0x0000000789f80000, 0x00000007c0000000)
  eden space 262144K, 0% used [0x000000076ab00000,0x000000076ab00000,0x000000077ab00000)
  from space 43520K, 0% used [0x000000077ab00000,0x000000077ab00000,0x000000077d580000)
  to   space 43520K, 0% used [0x0000000787500000,0x0000000787500000,0x0000000789f80000)
 ParOldGen       total 699392K, used 23021K [0x00000006c0000000, 0x00000006eab00000, 0x000000076ab00000)
  object space 699392K, 3% used [0x00000006c0000000,0x00000006c167b7c8,0x00000006eab00000)
 Metaspace       used 35053K, capacity 35358K, committed 35496K, reserved 1081344K
  class space    used 4498K, capacity 4580K, committed 4608K, reserved 1048576K
}

