# JRE version: Java(TM) SE Runtime Environment (8.0_121-b13) (build 1.8.0_121-b13)
# Java VM: Java HotSpot(TM) 64-Bit Server VM (25.121-b13 mixed mode linux-amd64 compressed oops)
Heap:
 PSYoungGen      total 504320K, used 203225K [0x000000076ab00000, 0x000000078de80000, 0x00000007c0000000)
  eden space 489984K, 41% used [0x000000076ab00000,0x0000000777176538,0x0000000788980000)
  from space 14336K, 0% used [0x0000000789200000,0x0000000789200000,0x000000078a000000)
  to   space 43520K, 0% used [0x000000078b400000,0x000000078b400000,0x000000078de80000)
 ParOldGen       total 729600K, used 23061K [0x00000006c0000000, 0x00000006ec880000, 0x000000076ab00000)
  object space 729600K, 3% used [0x00000006c0000000,0x00000006c16854e8,0x00000006ec880000)
 Metaspace       used 45069K, capacity 45432K, committed 45824K, reserved 1089536K
  class space    used 5899K, capacity 6029K, committed 6144K, reserved 1048576K
GC Heap History (10 events):
Event: 2.185 GC heap before
{Heap before GC invocations=1 (full 0):
 PSYoungGen      total 305664K, used 162703K [0x000000076ab00000, 0x0000000780000000, 0x00000007c0000000)
  eden space 262144K, 62% used [0x000000076ab00000,0x00000007749e3c30,0x000000077ab00000)
  from space 43520K, 0% used [0x000000077d580000,0x000000077d580000,0x0000000780000000)
  to   space 43520K, 0% used [0x000000077ab00000,0x000000077ab00000,0x000000077d580000)
 ParOldGen       total 699392K, used 0K [0x00000006c0000000, 0x00000006eab00000, 0x000000076ab00000)
  object space 699392K, 0% used [0x00000006c0000000,0x00000006c0000000,0x00000006eab00000)
 Metaspace       used 20985K, capacity 21136K, committed 21296K, reserved 1069056K
  class space    used 2587K, capacity 2641K, committed 2688K, reserved 1048576K
Event: 2.207 GC heap after
Heap after GC invocations=1 (full 0):
 PSYoungGen      total 305664K, used 20283K [0x000000076ab00000, 0x0000000790000000, 0x00000007c0000000)
  eden space 262144K, 0% used [0x000000076ab00000,0x000000076ab00000,0x000000077ab00000)
  from space 43520K, 46% used [0x000000077ab00000,0x000000077becef20,0x000000077d580000)
  to   space 43520K, 0% used [0x000000078d580000,0x000000078d580000,0x0000000790000000)
 ParOldGen       total 699392K, used 80K [0x00000006c0000000, 0x00000006eab00000, 0x000000076ab00000)
  object space 699392K, 0% used [0x00000006c0000000,0x00000006c0014010,0x00000006eab00000)
 Metaspace       used 20985K, capacity 21136K, committed 21296K, reserved 1069056K
  class space    used 2587K, capacity 2641K, committed 2688K, reserved 1048576K
}
Event: 2.207 GC heap before
{Heap before GC invocations=2 (full 1):
 PSYoungGen      total 305664K, used 20283K [0x000000076ab00000, 0x0000000790000000, 0x00000007c0000000)
  eden space 262144K, 0% used [0x000000076ab00000,0x000000076ab00000,0x000000077ab00000)
  from space 43520K, 46% used [0x000000077ab00000,0x000000077becef20,0x000000077d580000)
  to   space 43520K, 0% used [0x000000078d580000,0x000000078d580000,0x0000000790000000)
 ParOldGen       total 699392K, used 80K [0x00000006c0000000, 0x00000006eab00000, 0x000000076ab00000)
  object space 699392K, 0% used [0x00000006c0000000,0x00000006c0014010,0x00000006eab00000)
 Metaspace       used 20985K, capacity 21136K, committed 21296K, reserved 1069056K
  class space    used 2587K, capacity 2641K, committed 2688K, reserved 1048576K
Event: 2.253 GC heap after
Heap after GC invocations=2 (full 1):
 PSYoungGen      total 305664K, used 0K [0x000000076ab00000, 0x0000000790000000, 0x00000007c0000000)
  eden space 262144K, 0% used [0x000000076ab00000,0x000000076ab00000,0x000000077ab00000)
  from space 43520K, 0% used [0x000000077ab00000,0x000000077ab00000,0x000000077d580000)
  to   space 43520K, 0% used [0x000000078d580000,0x000000078d580000,0x0000000790000000)
 ParOldGen       total 699392K, used 19449K [0x00000006c0000000, 0x00000006eab00000, 0x000000076ab00000)
  object space 699392K, 2% used [0x00000006c0000000,0x00000006c12fe548,0x00000006eab00000)
 Metaspace       used 20985K, capacity 21136K, committed 21296K, reserved 1069056K
  class space    used 2587K, capacity 2641K, committed 2688K, reserved 1048576K
}
Event: 4.642 GC heap before
{Heap before GC invocations=3 (full 1):
 PSYoungGen      total 305664K, used 262113K [0x000000076ab00000, 0x0000000790000000, 0x00000007c0000000)
  eden space 262144K, 99% used [0x000000076ab00000,0x000000077aaf8428,0x000000077ab00000)
  from space 43520K, 0% used [0x000000077ab00000,0x000000077ab00000,0x000000077d580000)
  to   space 43520K, 0% used [0x000000078d580000,0x000000078d580000,0x0000000790000000)
 ParOldGen       total 699392K, used 19449K [0x00000006c0000000, 0x00000006eab00000, 0x000000076ab00000)
  object space 699392K, 2% used [0x00000006c0000000,0x00000006c12fe548,0x00000006eab00000)
 Metaspace       used 30238K, capacity 30562K, committed 30720K, reserved 1077248K
  class space    used 3749K, capacity 3828K, committed 3840K, reserved 1048576K
Event: 4.672 GC heap after
Heap after GC invocations=3 (full 1):
 PSYoungGen      total 372224K, used 17603K [0x000000076ab00000, 0x000000078e700000, 0x00000007c0000000)
  eden space 354304K, 0% used [0x000000076ab00000,0x000000076ab00000,0x0000000780500000)
  from space 17920K, 98% used [0x000000078d580000,0x000000078e6b0d28,0x000000078e700000)
  to   space 43520K, 0% used [0x0000000789200000,0x0000000789200000,0x000000078bc80000)
 ParOldGen       total 699392K, used 19457K [0x00000006c0000000, 0x00000006eab00000, 0x000000076ab00000)
  object space 699392K, 2% used [0x00000006c0000000,0x00000006c1300548,0x00000006eab00000)
 Metaspace       used 30238K, capacity 30562K, committed 30720K, reserved 1077248K
  class space    used 3749K, capacity 3828K, committed 3840K, reserved 1048576K
}
Event: 5.662 GC heap before
{Heap before GC invocations=4 (full 1):
 PSYoungGen      total 372224K, used 144553K [0x000000076ab00000, 0x000000078e700000, 0x00000007c0000000)
  eden space 354304K, 35% used [0x000000076ab00000,0x00000007726f9a88,0x0000000780500000)
  from space 17920K, 98% used [0x000000078d580000,0x000000078e6b0d28,0x000000078e700000)
  to   space 43520K, 0% used [0x0000000789200000,0x0000000789200000,0x000000078bc80000)
 ParOldGen       total 699392K, used 19457K [0x00000006c0000000, 0x00000006eab00000, 0x000000076ab00000)
  object space 699392K, 2% used [0x00000006c0000000,0x00000006c1300548,0x00000006eab00000)
 Metaspace       used 35018K, capacity 35298K, committed 35496K, reserved 1081344K
  class space    used 4495K, capacity 4580K, committed 4608K, reserved 1048576K
Event: 5.679 GC heap after
Heap after GC invocations=4 (full 1):
 PSYoungGen      total 504320K, used 14335K [0x000000076ab00000, 0x000000078de80000, 0x00000007c0000000)
  eden space 489984K, 0% used [0x000000076ab00000,0x000000076ab00000,0x0000000788980000)
  from space 14336K, 99% used [0x0000000789200000,0x0000000789ffff28,0x000000078a000000)
  to   space 43520K, 0% used [0x000000078b400000,0x000000078b400000,0x000000078de80000)
 ParOldGen       total 699392K, used 19465K [0x00000006c0000000, 0x00000006eab00000, 0x000000076ab00000)
  object space 699392K, 2% used [0x00000006c0000000,0x00000006c1302548,0x00000006eab00000)
 Metaspace       used 35018K, capacity 35298K, committed 35496K, reserved 1081344K
  class space    used 4495K, capacity 4580K, committed 4608K, reserved 1048576K
}
Event: 5.679 GC heap before
{Heap before GC invocations=5 (full 2):
 PSYoungGen      total 504320K, used 14335K [0x000000076ab00000, 0x000000078de80000, 0x00000007c0000000)
  eden space 489984K, 0% used [0x000000076ab00000,0x000000076ab00000,0x0000000788980000)
  from space 14336K, 99% used [0x0000000789200000,0x0000000789ffff28,0x000000078a000000)
  to   space 43520K, 0% used [0x000000078b400000,0x000000078b400000,0x000000078de80000)
 ParOldGen       total 699392K, used 19465K [0x00000006c0000000, 0x00000006eab00000, 0x000000076ab00000)
  object space 699392K, 2% used [0x00000006c0000000,0x00000006c1302548,0x00000006eab00000)
 Metaspace       used 35018K, capacity 35298K, committed 35496K, reserved 1081344K
  class space    used 4495K, capacity 4580K, committed 4608K, reserved 1048576K
Event: 5.746 GC heap after
Heap after GC invocations=5 (full 2):
 PSYoungGen      total 504320K, used 0K [0x000000076ab00000, 0x000000078de80000, 0x00000007c0000000)
  eden space 489984K, 0% used [0x000000076ab00000,0x000000076ab00000,0x0000000788980000)
  from space 14336K, 0% used [0x0000000789200000,0x0000000789200000,0x000000078a000000)
  to   space 43520K, 0% used [0x000000078b400000,0x000000078b400000,0x000000078de80000)
 ParOldGen       total 729600K, used 23061K [0x00000006c0000000, 0x00000006ec880000, 0x000000076ab00000)
  object space 729600K, 3% used [0x00000006c0000000,0x00000006c16854e8,0x00000006ec880000)
 Metaspace       used 35018K, capacity 35298K, committed 35496K, reserved 1081344K
  class space    used 4495K, capacity 4580K, committed 4608K, reserved 1048576K
}

