# JRE version: Java(TM) SE Runtime Environment (8.0_121-b13) (build 1.8.0_121-b13)
# Java VM: Java HotSpot(TM) 64-Bit Server VM (25.121-b13 mixed mode linux-amd64 compressed oops)
Heap:
 PSYoungGen      total 179712K, used 59419K [0x00000000ebe00000, 0x00000000f8f80000, 0x0000000100000000)
  eden space 169984K, 29% used [0x00000000ebe00000,0x00000000eee8a948,0x00000000f6400000)
  from space 9728K, 99% used [0x00000000f8600000,0x00000000f8f7c5c8,0x00000000f8f80000)
  to   space 12288K, 0% used [0x00000000f7780000,0x00000000f7780000,0x00000000f8380000)
 ParOldGen       total 53248K, used 24904K [0x00000000c3a00000, 0x00000000c6e00000, 0x00000000ebe00000)
  object space 53248K, 46% used [0x00000000c3a00000,0x00000000c5252010,0x00000000c6e00000)
 Metaspace       used 45126K, capacity 45468K, committed 45952K, reserved 1089536K
  class space    used 5898K, capacity 5997K, committed 6016K, reserved 1048576K
GC Heap History (10 events):
Event: 9.555 GC heap before
{Heap before GC invocations=12 (full 1):
 PSYoungGen      total 98816K, used 96898K [0x00000000ebe00000, 0x00000000f2800000, 0x0000000100000000)
  eden space 90112K, 99% used [0x00000000ebe00000,0x00000000f15f75e0,0x00000000f1600000)
  from space 8704K, 78% used [0x00000000f1f00000,0x00000000f25a9570,0x00000000f2780000)
  to   space 9216K, 0% used [0x00000000f1600000,0x00000000f1600000,0x00000000f1f00000)
 ParOldGen       total 30720K, used 9573K [0x00000000c3a00000, 0x00000000c5800000, 0x00000000ebe00000)
  object space 30720K, 31% used [0x00000000c3a00000,0x00000000c4359638,0x00000000c5800000)
 Metaspace       used 28070K, capacity 28352K, committed 28800K, reserved 1075200K
  class space    used 3511K, capacity 3603K, committed 3712K, reserved 1048576K
Event: 9.567 GC heap after
Heap after GC invocations=12 (full 1):
 PSYoungGen      total 99328K, used 6115K [0x00000000ebe00000, 0x00000000f5200000, 0x0000000100000000)
  eden space 90112K, 0% used [0x00000000ebe00000,0x00000000ebe00000,0x00000000f1600000)
  from space 9216K, 66% used [0x00000000f1600000,0x00000000f1bf8ff8,0x00000000f1f00000)
  to   space 9216K, 0% used [0x00000000f4900000,0x00000000f4900000,0x00000000f5200000)
 ParOldGen       total 30720K, used 11372K [0x00000000c3a00000, 0x00000000c5800000, 0x00000000ebe00000)
  object space 30720K, 37% used [0x00000000c3a00000,0x00000000c451b1a0,0x00000000c5800000)
 Metaspace       used 28070K, capacity 28352K, committed 28800K, reserved 1075200K
  class space    used 3511K, capacity 3603K, committed 3712K, reserved 1048576K
}
Event: 10.337 GC heap before
{Heap before GC invocations=13 (full 1):
 PSYoungGen      total 99328K, used 96227K [0x00000000ebe00000, 0x00000000f5200000, 0x0000000100000000)
  eden space 90112K, 100% used [0x00000000ebe00000,0x00000000f1600000,0x00000000f1600000)
  from space 9216K, 66% used [0x00000000f1600000,0x00000000f1bf8ff8,0x00000000f1f00000)
  to   space 9216K, 0% used [0x00000000f4900000,0x00000000f4900000,0x00000000f5200000)
 ParOldGen       total 30720K, used 11372K [0x00000000c3a00000, 0x00000000c5800000, 0x00000000ebe00000)
  object space 30720K, 37% used [0x00000000c3a00000,0x00000000c451b1a0,0x00000000c5800000)
 Metaspace       used 30322K, capacity 30656K, committed 31104K, reserved 1077248K
  class space    used 3762K, capacity 3859K, committed 3968K, reserved 1048576K
Event: 10.362 GC heap after
Heap after GC invocations=13 (full 1):
 PSYoungGen      total 141824K, used 8614K [0x00000000ebe00000, 0x00000000f5380000, 0x0000000100000000)
  eden space 132608K, 0% used [0x00000000ebe00000,0x00000000ebe00000,0x00000000f3f80000)
  from space 9216K, 93% used [0x00000000f4900000,0x00000000f5169b28,0x00000000f5200000)
  to   space 9728K, 0% used [0x00000000f3f80000,0x00000000f3f80000,0x00000000f4900000)
 ParOldGen       total 30720K, used 14224K [0x00000000c3a00000, 0x00000000c5800000, 0x00000000ebe00000)
  object space 30720K, 46% used [0x00000000c3a00000,0x00000000c47e41c0,0x00000000c5800000)
 Metaspace       used 30322K, capacity 30656K, committed 31104K, reserved 1077248K
  class space    used 3762K, capacity 3859K, committed 3968K, reserved 1048576K
}
Event: 11.382 GC heap before
{Heap before GC invocations=14 (full 1):
 PSYoungGen      total 141824K, used 85150K [0x00000000ebe00000, 0x00000000f5380000, 0x0000000100000000)
  eden space 132608K, 57% used [0x00000000ebe00000,0x00000000f08bdf68,0x00000000f3f80000)
  from space 9216K, 93% used [0x00000000f4900000,0x00000000f5169b28,0x00000000f5200000)
  to   space 9728K, 0% used [0x00000000f3f80000,0x00000000f3f80000,0x00000000f4900000)
 ParOldGen       total 30720K, used 14224K [0x00000000c3a00000, 0x00000000c5800000, 0x00000000ebe00000)
  object space 30720K, 46% used [0x00000000c3a00000,0x00000000c47e41c0,0x00000000c5800000)
 Metaspace       used 34909K, capacity 35232K, committed 35496K, reserved 1081344K
  class space    used 4481K, capacity 4579K, committed 4608K, reserved 1048576K
Event: 11.396 GC heap after
Heap after GC invocations=14 (full 1):
 PSYoungGen      total 142336K, used 6447K [0x00000000ebe00000, 0x00000000f8f80000, 0x0000000100000000)
  eden space 132608K, 0% used [0x00000000ebe00000,0x00000000ebe00000,0x00000000f3f80000)
  from space 9728K, 66% used [0x00000000f3f80000,0x00000000f45cbf90,0x00000000f4900000)
  to   space 9728K, 0% used [0x00000000f8600000,0x00000000f8600000,0x00000000f8f80000)
 ParOldGen       total 30720K, used 16363K [0x00000000c3a00000, 0x00000000c5800000, 0x00000000ebe00000)
  object space 30720K, 53% used [0x00000000c3a00000,0x00000000c49fafb8,0x00000000c5800000)
 Metaspace       used 34909K, capacity 35232K, committed 35496K, reserved 1081344K
  class space    used 4481K, capacity 4579K, committed 4608K, reserved 1048576K
}
Event: 11.396 GC heap before
{Heap before GC invocations=15 (full 2):
 PSYoungGen      total 142336K, used 6447K [0x00000000ebe00000, 0x00000000f8f80000, 0x0000000100000000)
  eden space 132608K, 0% used [0x00000000ebe00000,0x00000000ebe00000,0x00000000f3f80000)
  from space 9728K, 66% used [0x00000000f3f80000,0x00000000f45cbf90,0x00000000f4900000)
  to   space 9728K, 0% used [0x00000000f8600000,0x00000000f8600000,0x00000000f8f80000)
 ParOldGen       total 30720K, used 16363K [0x00000000c3a00000, 0x00000000c5800000, 0x00000000ebe00000)
  object space 30720K, 53% used [0x00000000c3a00000,0x00000000c49fafb8,0x00000000c5800000)
 Metaspace       used 34909K, capacity 35232K, committed 35496K, reserved 1081344K
  class space    used 4481K, capacity 4579K, committed 4608K, reserved 1048576K
Event: 11.543 GC heap after
Heap after GC invocations=15 (full 2):
 PSYoungGen      total 142336K, used 0K [0x00000000ebe00000, 0x00000000f8f80000, 0x0000000100000000)
  eden space 132608K, 0% used [0x00000000ebe00000,0x00000000ebe00000,0x00000000f3f80000)
  from space 9728K, 0% used [0x00000000f3f80000,0x00000000f3f80000,0x00000000f4900000)
  to   space 9728K, 0% used [0x00000000f8600000,0x00000000f8600000,0x00000000f8f80000)
 ParOldGen       total 53248K, used 21701K [0x00000000c3a00000, 0x00000000c6e00000, 0x00000000ebe00000)
  object space 53248K, 40% used [0x00000000c3a00000,0x00000000c4f31748,0x00000000c6e00000)
 Metaspace       used 34909K, capacity 35232K, committed 35496K, reserved 1081344K
  class space    used 4481K, capacity 4579K, committed 4608K, reserved 1048576K
}
Event: 13.097 GC heap before
{Heap before GC invocations=16 (full 2):
 PSYoungGen      total 142336K, used 132608K [0x00000000ebe00000, 0x00000000f8f80000, 0x0000000100000000)
  eden space 132608K, 100% used [0x00000000ebe00000,0x00000000f3f80000,0x00000000f3f80000)
  from space 9728K, 0% used [0x00000000f3f80000,0x00000000f3f80000,0x00000000f4900000)
  to   space 9728K, 0% used [0x00000000f8600000,0x00000000f8600000,0x00000000f8f80000)
 ParOldGen       total 53248K, used 21701K [0x00000000c3a00000, 0x00000000c6e00000, 0x00000000ebe00000)
  object space 53248K, 40% used [0x00000000c3a00000,0x00000000c4f31748,0x00000000c6e00000)
 Metaspace       used 44103K, capacity 44490K, committed 44800K, reserved 1087488K
  class space    used 5768K, capacity 5866K, committed 5888K, reserved 1048576K
Event: 13.113 GC heap after
Heap after GC invocations=16 (full 2):
 PSYoungGen      total 179712K, used 9713K [0x00000000ebe00000, 0x00000000f8f80000, 0x0000000100000000)
  eden space 169984K, 0% used [0x00000000ebe00000,0x00000000ebe00000,0x00000000f6400000)
  from space 9728K, 99% used [0x00000000f8600000,0x00000000f8f7c5c8,0x00000000f8f80000)
  to   space 12288K, 0% used [0x00000000f7780000,0x00000000f7780000,0x00000000f8380000)
 ParOldGen       total 53248K, used 24904K [0x00000000c3a00000, 0x00000000c6e00000, 0x00000000ebe00000)
  object space 53248K, 46% used [0x00000000c3a00000,0x00000000c5252010,0x00000000c6e00000)
 Metaspace       used 44103K, capacity 44490K, committed 44800K, reserved 1087488K
  class space    used 5768K, capacity 5866K, committed 5888K, reserved 1048576K
}

