# JRE version: Java(TM) SE Runtime Environment (8.0_121-b13) (build 1.8.0_121-b13)
# Java VM: Java HotSpot(TM) 64-Bit Server VM (25.121-b13 mixed mode linux-amd64 compressed oops)
Heap:
 PSYoungGen      total 464896K, used 194007K [0x000000076ab00000, 0x000000078d600000, 0x00000007c0000000)
  eden space 451072K, 43% used [0x000000076ab00000,0x0000000776875f20,0x0000000786380000)
  from space 13824K, 0% used [0x0000000789100000,0x0000000789100000,0x0000000789e80000)
  to   space 43520K, 0% used [0x000000078ab80000,0x000000078ab80000,0x000000078d600000)
 ParOldGen       total 737792K, used 23034K [0x00000006c0000000, 0x00000006ed080000, 0x000000076ab00000)
  object space 737792K, 3% used [0x00000006c0000000,0x00000006c167eb28,0x00000006ed080000)
 Metaspace       used 45087K, capacity 45484K, committed 45824K, reserved 1089536K
  class space    used 5900K, capacity 6029K, committed 6144K, reserved 1048576K
GC Heap History (10 events):
Event: 2.562 GC heap before
{Heap before GC invocations=1 (full 0):
 PSYoungGen      total 305664K, used 178404K [0x000000076ab00000, 0x0000000780000000, 0x00000007c0000000)
  eden space 262144K, 68% used [0x000000076ab00000,0x00000007759393b0,0x000000077ab00000)
  from space 43520K, 0% used [0x000000077d580000,0x000000077d580000,0x0000000780000000)
  to   space 43520K, 0% used [0x000000077ab00000,0x000000077ab00000,0x000000077d580000)
 ParOldGen       total 699392K, used 0K [0x00000006c0000000, 0x00000006eab00000, 0x000000076ab00000)
  object space 699392K, 0% used [0x00000006c0000000,0x00000006c0000000,0x00000006eab00000)
 Metaspace       used 21014K, capacity 21190K, committed 21296K, reserved 1069056K
  class space    used 2583K, capacity 2642K, committed 2688K, reserved 1048576K
Event: 2.591 GC heap after
Heap after GC invocations=1 (full 0):
 PSYoungGen      total 305664K, used 20827K [0x000000076ab00000, 0x0000000790000000, 0x00000007c0000000)
  eden space 262144K, 0% used [0x000000076ab00000,0x000000076ab00000,0x000000077ab00000)
  from space 43520K, 47% used [0x000000077ab00000,0x000000077bf56ce8,0x000000077d580000)
  to   space 43520K, 0% used [0x000000078d580000,0x000000078d580000,0x0000000790000000)
 ParOldGen       total 699392K, used 80K [0x00000006c0000000, 0x00000006eab00000, 0x000000076ab00000)
  object space 699392K, 0% used [0x00000006c0000000,0x00000006c0014010,0x00000006eab00000)
 Metaspace       used 21014K, capacity 21190K, committed 21296K, reserved 1069056K
  class space    used 2583K, capacity 2642K, committed 2688K, reserved 1048576K
}
Event: 2.591 GC heap before
{Heap before GC invocations=2 (full 1):
 PSYoungGen      total 305664K, used 20827K [0x000000076ab00000, 0x0000000790000000, 0x00000007c0000000)
  eden space 262144K, 0% used [0x000000076ab00000,0x000000076ab00000,0x000000077ab00000)
  from space 43520K, 47% used [0x000000077ab00000,0x000000077bf56ce8,0x000000077d580000)
  to   space 43520K, 0% used [0x000000078d580000,0x000000078d580000,0x0000000790000000)
 ParOldGen       total 699392K, used 80K [0x00000006c0000000, 0x00000006eab00000, 0x000000076ab00000)
  object space 699392K, 0% used [0x00000006c0000000,0x00000006c0014010,0x00000006eab00000)
 Metaspace       used 21014K, capacity 21190K, committed 21296K, reserved 1069056K
  class space    used 2583K, capacity 2642K, committed 2688K, reserved 1048576K
Event: 2.654 GC heap after
Heap after GC invocations=2 (full 1):
 PSYoungGen      total 305664K, used 0K [0x000000076ab00000, 0x0000000790000000, 0x00000007c0000000)
  eden space 262144K, 0% used [0x000000076ab00000,0x000000076ab00000,0x000000077ab00000)
  from space 43520K, 0% used [0x000000077ab00000,0x000000077ab00000,0x000000077d580000)
  to   space 43520K, 0% used [0x000000078d580000,0x000000078d580000,0x0000000790000000)
 ParOldGen       total 699392K, used 20117K [0x00000006c0000000, 0x00000006eab00000, 0x000000076ab00000)
  object space 699392K, 2% used [0x00000006c0000000,0x00000006c13a56b0,0x00000006eab00000)
 Metaspace       used 21014K, capacity 21190K, committed 21296K, reserved 1069056K
  class space    used 2583K, capacity 2642K, committed 2688K, reserved 1048576K
}
Event: 7.404 GC heap before
{Heap before GC invocations=3 (full 1):
 PSYoungGen      total 305664K, used 262144K [0x000000076ab00000, 0x0000000790000000, 0x00000007c0000000)
  eden space 262144K, 100% used [0x000000076ab00000,0x000000077ab00000,0x000000077ab00000)
  from space 43520K, 0% used [0x000000077ab00000,0x000000077ab00000,0x000000077d580000)
  to   space 43520K, 0% used [0x000000078d580000,0x000000078d580000,0x0000000790000000)
 ParOldGen       total 699392K, used 20117K [0x00000006c0000000, 0x00000006eab00000, 0x000000076ab00000)
  object space 699392K, 2% used [0x00000006c0000000,0x00000006c13a56b0,0x00000006eab00000)
 Metaspace       used 30274K, capacity 30550K, committed 30720K, reserved 1077248K
  class space    used 3754K, capacity 3828K, committed 3840K, reserved 1048576K
Event: 7.462 GC heap after
Heap after GC invocations=3 (full 1):
 PSYoungGen      total 364544K, used 16826K [0x000000076ab00000, 0x000000078e600000, 0x00000007c0000000)
  eden space 347648K, 0% used [0x000000076ab00000,0x000000076ab00000,0x000000077fe80000)
  from space 16896K, 99% used [0x000000078d580000,0x000000078e5ee8e8,0x000000078e600000)
  to   space 43520K, 0% used [0x0000000789100000,0x0000000789100000,0x000000078bb80000)
 ParOldGen       total 699392K, used 20125K [0x00000006c0000000, 0x00000006eab00000, 0x000000076ab00000)
  object space 699392K, 2% used [0x00000006c0000000,0x00000006c13a76b0,0x00000006eab00000)
 Metaspace       used 30274K, capacity 30550K, committed 30720K, reserved 1077248K
  class space    used 3754K, capacity 3828K, committed 3840K, reserved 1048576K
}
Event: 9.959 GC heap before
{Heap before GC invocations=4 (full 1):
 PSYoungGen      total 364544K, used 132421K [0x000000076ab00000, 0x000000078e600000, 0x00000007c0000000)
  eden space 347648K, 33% used [0x000000076ab00000,0x0000000771be2b60,0x000000077fe80000)
  from space 16896K, 99% used [0x000000078d580000,0x000000078e5ee8e8,0x000000078e600000)
  to   space 43520K, 0% used [0x0000000789100000,0x0000000789100000,0x000000078bb80000)
 ParOldGen       total 699392K, used 20125K [0x00000006c0000000, 0x00000006eab00000, 0x000000076ab00000)
  object space 699392K, 2% used [0x00000006c0000000,0x00000006c13a76b0,0x00000006eab00000)
 Metaspace       used 35049K, capacity 35350K, committed 35496K, reserved 1081344K
  class space    used 4502K, capacity 4580K, committed 4608K, reserved 1048576K
Event: 9.978 GC heap after
Heap after GC invocations=4 (full 1):
 PSYoungGen      total 464896K, used 13777K [0x000000076ab00000, 0x000000078d600000, 0x00000007c0000000)
  eden space 451072K, 0% used [0x000000076ab00000,0x000000076ab00000,0x0000000786380000)
  from space 13824K, 99% used [0x0000000789100000,0x0000000789e74510,0x0000000789e80000)
  to   space 43520K, 0% used [0x000000078ab80000,0x000000078ab80000,0x000000078d600000)
 ParOldGen       total 699392K, used 20133K [0x00000006c0000000, 0x00000006eab00000, 0x000000076ab00000)
  object space 699392K, 2% used [0x00000006c0000000,0x00000006c13a96b0,0x00000006eab00000)
 Metaspace       used 35049K, capacity 35350K, committed 35496K, reserved 1081344K
  class space    used 4502K, capacity 4580K, committed 4608K, reserved 1048576K
}
Event: 9.978 GC heap before
{Heap before GC invocations=5 (full 2):
 PSYoungGen      total 464896K, used 13777K [0x000000076ab00000, 0x000000078d600000, 0x00000007c0000000)
  eden space 451072K, 0% used [0x000000076ab00000,0x000000076ab00000,0x0000000786380000)
  from space 13824K, 99% used [0x0000000789100000,0x0000000789e74510,0x0000000789e80000)
  to   space 43520K, 0% used [0x000000078ab80000,0x000000078ab80000,0x000000078d600000)
 ParOldGen       total 699392K, used 20133K [0x00000006c0000000, 0x00000006eab00000, 0x000000076ab00000)
  object space 699392K, 2% used [0x00000006c0000000,0x00000006c13a96b0,0x00000006eab00000)
 Metaspace       used 35049K, capacity 35350K, committed 35496K, reserved 1081344K
  class space    used 4502K, capacity 4580K, committed 4608K, reserved 1048576K
Event: 10.043 GC heap after
Heap after GC invocations=5 (full 2):
 PSYoungGen      total 464896K, used 0K [0x000000076ab00000, 0x000000078d600000, 0x00000007c0000000)
  eden space 451072K, 0% used [0x000000076ab00000,0x000000076ab00000,0x0000000786380000)
  from space 13824K, 0% used [0x0000000789100000,0x0000000789100000,0x0000000789e80000)
  to   space 43520K, 0% used [0x000000078ab80000,0x000000078ab80000,0x000000078d600000)
 ParOldGen       total 737792K, used 23034K [0x00000006c0000000, 0x00000006ed080000, 0x000000076ab00000)
  object space 737792K, 3% used [0x00000006c0000000,0x00000006c167eb28,0x00000006ed080000)
 Metaspace       used 35049K, capacity 35350K, committed 35496K, reserved 1081344K
  class space    used 4502K, capacity 4580K, committed 4608K, reserved 1048576K
}

