# JRE version: Java(TM) SE Runtime Environment (8.0_121-b13) (build 1.8.0_121-b13)
# Java VM: Java HotSpot(TM) 64-Bit Server VM (25.121-b13 mixed mode linux-amd64 compressed oops)
Heap:
 PSYoungGen      total 305664K, used 189565K [0x000000076ab00000, 0x0000000786480000, 0x00000007c0000000)
  eden space 262144K, 72% used [0x000000076ab00000,0x000000077641f6c0,0x000000077ab00000)
  from space 43520K, 0% used [0x000000077ab00000,0x000000077ab00000,0x000000077d580000)
  to   space 43520K, 0% used [0x0000000783a00000,0x0000000783a00000,0x0000000786480000)
 ParOldGen       total 782336K, used 22764K [0x00000006c0000000, 0x00000006efc00000, 0x000000076ab00000)
  object space 782336K, 2% used [0x00000006c0000000,0x00000006c163b118,0x00000006efc00000)
 Metaspace       used 45128K, capacity 45500K, committed 45824K, reserved 1089536K
  class space    used 5899K, capacity 6029K, committed 6144K, reserved 1048576K
GC Heap History (10 events):
Event: 9.033 GC heap before
{Heap before GC invocations=1 (full 0):
 PSYoungGen      total 305664K, used 194134K [0x000000076ab00000, 0x0000000780000000, 0x00000007c0000000)
  eden space 262144K, 74% used [0x000000076ab00000,0x0000000776895840,0x000000077ab00000)
  from space 43520K, 0% used [0x000000077d580000,0x000000077d580000,0x0000000780000000)
  to   space 43520K, 0% used [0x000000077ab00000,0x000000077ab00000,0x000000077d580000)
 ParOldGen       total 699392K, used 0K [0x00000006c0000000, 0x00000006eab00000, 0x000000076ab00000)
  object space 699392K, 0% used [0x00000006c0000000,0x00000006c0000000,0x00000006eab00000)
 Metaspace       used 21028K, capacity 21174K, committed 21296K, reserved 1069056K
  class space    used 2564K, capacity 2609K, committed 2688K, reserved 1048576K
Event: 9.062 GC heap after
Heap after GC invocations=1 (full 0):
 PSYoungGen      total 305664K, used 21114K [0x000000076ab00000, 0x0000000780000000, 0x00000007c0000000)
  eden space 262144K, 0% used [0x000000076ab00000,0x000000076ab00000,0x000000077ab00000)
  from space 43520K, 48% used [0x000000077ab00000,0x000000077bf9e908,0x000000077d580000)
  to   space 43520K, 0% used [0x000000077d580000,0x000000077d580000,0x0000000780000000)
 ParOldGen       total 699392K, used 88K [0x00000006c0000000, 0x00000006eab00000, 0x000000076ab00000)
  object space 699392K, 0% used [0x00000006c0000000,0x00000006c0016010,0x00000006eab00000)
 Metaspace       used 21028K, capacity 21174K, committed 21296K, reserved 1069056K
  class space    used 2564K, capacity 2609K, committed 2688K, reserved 1048576K
}
Event: 9.062 GC heap before
{Heap before GC invocations=2 (full 1):
 PSYoungGen      total 305664K, used 21114K [0x000000076ab00000, 0x0000000780000000, 0x00000007c0000000)
  eden space 262144K, 0% used [0x000000076ab00000,0x000000076ab00000,0x000000077ab00000)
  from space 43520K, 48% used [0x000000077ab00000,0x000000077bf9e908,0x000000077d580000)
  to   space 43520K, 0% used [0x000000077d580000,0x000000077d580000,0x0000000780000000)
 ParOldGen       total 699392K, used 88K [0x00000006c0000000, 0x00000006eab00000, 0x000000076ab00000)
  object space 699392K, 0% used [0x00000006c0000000,0x00000006c0016010,0x00000006eab00000)
 Metaspace       used 21028K, capacity 21174K, committed 21296K, reserved 1069056K
  class space    used 2564K, capacity 2609K, committed 2688K, reserved 1048576K
Event: 9.165 GC heap after
Heap after GC invocations=2 (full 1):
 PSYoungGen      total 305664K, used 0K [0x000000076ab00000, 0x0000000780000000, 0x00000007c0000000)
  eden space 262144K, 0% used [0x000000076ab00000,0x000000076ab00000,0x000000077ab00000)
  from space 43520K, 0% used [0x000000077ab00000,0x000000077ab00000,0x000000077d580000)
  to   space 43520K, 0% used [0x000000077d580000,0x000000077d580000,0x0000000780000000)
 ParOldGen       total 699392K, used 20397K [0x00000006c0000000, 0x00000006eab00000, 0x000000076ab00000)
  object space 699392K, 2% used [0x00000006c0000000,0x00000006c13eb5e0,0x00000006eab00000)
 Metaspace       used 21028K, capacity 21174K, committed 21296K, reserved 1069056K
  class space    used 2564K, capacity 2609K, committed 2688K, reserved 1048576K
}
Event: 12.736 GC heap before
{Heap before GC invocations=3 (full 1):
 PSYoungGen      total 305664K, used 262137K [0x000000076ab00000, 0x0000000780000000, 0x00000007c0000000)
  eden space 262144K, 99% used [0x000000076ab00000,0x000000077aafe480,0x000000077ab00000)
  from space 43520K, 0% used [0x000000077ab00000,0x000000077ab00000,0x000000077d580000)
  to   space 43520K, 0% used [0x000000077d580000,0x000000077d580000,0x0000000780000000)
 ParOldGen       total 699392K, used 20397K [0x00000006c0000000, 0x00000006eab00000, 0x000000076ab00000)
  object space 699392K, 2% used [0x00000006c0000000,0x00000006c13eb5e0,0x00000006eab00000)
 Metaspace       used 30427K, capacity 30726K, committed 31104K, reserved 1077248K
  class space    used 3768K, capacity 3860K, committed 3968K, reserved 1048576K
Event: 12.763 GC heap after
Heap after GC invocations=3 (full 1):
 PSYoungGen      total 305664K, used 17107K [0x000000076ab00000, 0x0000000784f80000, 0x00000007c0000000)
  eden space 262144K, 0% used [0x000000076ab00000,0x000000076ab00000,0x000000077ab00000)
  from space 43520K, 39% used [0x000000077d580000,0x000000077e634ff0,0x0000000780000000)
  to   space 43520K, 0% used [0x000000077ab00000,0x000000077ab00000,0x000000077d580000)
 ParOldGen       total 699392K, used 20405K [0x00000006c0000000, 0x00000006eab00000, 0x000000076ab00000)
  object space 699392K, 2% used [0x00000006c0000000,0x00000006c13ed5e0,0x00000006eab00000)
 Metaspace       used 30427K, capacity 30726K, committed 31104K, reserved 1077248K
  class space    used 3768K, capacity 3860K, committed 3968K, reserved 1048576K
}
Event: 14.415 GC heap before
{Heap before GC invocations=4 (full 1):
 PSYoungGen      total 305664K, used 119221K [0x000000076ab00000, 0x0000000784f80000, 0x00000007c0000000)
  eden space 262144K, 38% used [0x000000076ab00000,0x0000000770eb8500,0x000000077ab00000)
  from space 43520K, 39% used [0x000000077d580000,0x000000077e634ff0,0x0000000780000000)
  to   space 43520K, 0% used [0x000000077ab00000,0x000000077ab00000,0x000000077d580000)
 ParOldGen       total 699392K, used 20405K [0x00000006c0000000, 0x00000006eab00000, 0x000000076ab00000)
  object space 699392K, 2% used [0x00000006c0000000,0x00000006c13ed5e0,0x00000006eab00000)
 Metaspace       used 35085K, capacity 35366K, committed 35496K, reserved 1081344K
  class space    used 4496K, capacity 4580K, committed 4608K, reserved 1048576K
Event: 14.436 GC heap after
Heap after GC invocations=4 (full 1):
 PSYoungGen      total 305664K, used 13477K [0x000000076ab00000, 0x0000000786480000, 0x00000007c0000000)
  eden space 262144K, 0% used [0x000000076ab00000,0x000000076ab00000,0x000000077ab00000)
  from space 43520K, 30% used [0x000000077ab00000,0x000000077b829638,0x000000077d580000)
  to   space 43520K, 0% used [0x0000000783a00000,0x0000000783a00000,0x0000000786480000)
 ParOldGen       total 699392K, used 20413K [0x00000006c0000000, 0x00000006eab00000, 0x000000076ab00000)
  object space 699392K, 2% used [0x00000006c0000000,0x00000006c13ef5e0,0x00000006eab00000)
 Metaspace       used 35085K, capacity 35366K, committed 35496K, reserved 1081344K
  class space    used 4496K, capacity 4580K, committed 4608K, reserved 1048576K
}
Event: 14.436 GC heap before
{Heap before GC invocations=5 (full 2):
 PSYoungGen      total 305664K, used 13477K [0x000000076ab00000, 0x0000000786480000, 0x00000007c0000000)
  eden space 262144K, 0% used [0x000000076ab00000,0x000000076ab00000,0x000000077ab00000)
  from space 43520K, 30% used [0x000000077ab00000,0x000000077b829638,0x000000077d580000)
  to   space 43520K, 0% used [0x0000000783a00000,0x0000000783a00000,0x0000000786480000)
 ParOldGen       total 699392K, used 20413K [0x00000006c0000000, 0x00000006eab00000, 0x000000076ab00000)
  object space 699392K, 2% used [0x00000006c0000000,0x00000006c13ef5e0,0x00000006eab00000)
 Metaspace       used 35085K, capacity 35366K, committed 35496K, reserved 1081344K
  class space    used 4496K, capacity 4580K, committed 4608K, reserved 1048576K
Event: 14.504 GC heap after
Heap after GC invocations=5 (full 2):
 PSYoungGen      total 305664K, used 0K [0x000000076ab00000, 0x0000000786480000, 0x00000007c0000000)
  eden space 262144K, 0% used [0x000000076ab00000,0x000000076ab00000,0x000000077ab00000)
  from space 43520K, 0% used [0x000000077ab00000,0x000000077ab00000,0x000000077d580000)
  to   space 43520K, 0% used [0x0000000783a00000,0x0000000783a00000,0x0000000786480000)
 ParOldGen       total 782336K, used 22764K [0x00000006c0000000, 0x00000006efc00000, 0x000000076ab00000)
  object space 782336K, 2% used [0x00000006c0000000,0x00000006c163b118,0x00000006efc00000)
 Metaspace       used 35085K, capacity 35366K, committed 35496K, reserved 1081344K
  class space    used 4496K, capacity 4580K, committed 4608K, reserved 1048576K
}

