# JRE version: Java(TM) SE Runtime Environment (8.0_121-b13) (build 1.8.0_121-b13)
# Java VM: Java HotSpot(TM) 64-Bit Server VM (25.121-b13 mixed mode linux-amd64 compressed oops)
Heap:
 PSYoungGen      total 305664K, used 199925K [0x000000076ab00000, 0x0000000786000000, 0x00000007c0000000)
  eden space 262144K, 76% used [0x000000076ab00000,0x0000000776e3d670,0x000000077ab00000)
  from space 43520K, 0% used [0x000000077ab00000,0x000000077ab00000,0x000000077d580000)
  to   space 43520K, 0% used [0x0000000783580000,0x0000000783580000,0x0000000786000000)
 ParOldGen       total 752640K, used 22780K [0x00000006c0000000, 0x00000006edf00000, 0x000000076ab00000)
  object space 752640K, 3% used [0x00000006c0000000,0x00000006c163f010,0x00000006edf00000)
 Metaspace       used 45084K, capacity 45484K, committed 45824K, reserved 1089536K
  class space    used 5899K, capacity 6029K, committed 6144K, reserved 1048576K
GC Heap History (10 events):
Event: 2.372 GC heap before
{Heap before GC invocations=1 (full 0):
 PSYoungGen      total 305664K, used 188923K [0x000000076ab00000, 0x0000000780000000, 0x00000007c0000000)
  eden space 262144K, 72% used [0x000000076ab00000,0x000000077637eda0,0x000000077ab00000)
  from space 43520K, 0% used [0x000000077d580000,0x000000077d580000,0x0000000780000000)
  to   space 43520K, 0% used [0x000000077ab00000,0x000000077ab00000,0x000000077d580000)
 ParOldGen       total 699392K, used 0K [0x00000006c0000000, 0x00000006eab00000, 0x000000076ab00000)
  object space 699392K, 0% used [0x00000006c0000000,0x00000006c0000000,0x00000006eab00000)
 Metaspace       used 21054K, capacity 21194K, committed 21296K, reserved 1069056K
  class space    used 2594K, capacity 2642K, committed 2688K, reserved 1048576K
Event: 2.394 GC heap after
Heap after GC invocations=1 (full 0):
 PSYoungGen      total 305664K, used 20981K [0x000000076ab00000, 0x0000000780000000, 0x00000007c0000000)
  eden space 262144K, 0% used [0x000000076ab00000,0x000000076ab00000,0x000000077ab00000)
  from space 43520K, 48% used [0x000000077ab00000,0x000000077bf7d460,0x000000077d580000)
  to   space 43520K, 0% used [0x000000077d580000,0x000000077d580000,0x0000000780000000)
 ParOldGen       total 699392K, used 88K [0x00000006c0000000, 0x00000006eab00000, 0x000000076ab00000)
  object space 699392K, 0% used [0x00000006c0000000,0x00000006c0016010,0x00000006eab00000)
 Metaspace       used 21054K, capacity 21194K, committed 21296K, reserved 1069056K
  class space    used 2594K, capacity 2642K, committed 2688K, reserved 1048576K
}
Event: 2.394 GC heap before
{Heap before GC invocations=2 (full 1):
 PSYoungGen      total 305664K, used 20981K [0x000000076ab00000, 0x0000000780000000, 0x00000007c0000000)
  eden space 262144K, 0% used [0x000000076ab00000,0x000000076ab00000,0x000000077ab00000)
  from space 43520K, 48% used [0x000000077ab00000,0x000000077bf7d460,0x000000077d580000)
  to   space 43520K, 0% used [0x000000077d580000,0x000000077d580000,0x0000000780000000)
 ParOldGen       total 699392K, used 88K [0x00000006c0000000, 0x00000006eab00000, 0x000000076ab00000)
  object space 699392K, 0% used [0x00000006c0000000,0x00000006c0016010,0x00000006eab00000)
 Metaspace       used 21054K, capacity 21194K, committed 21296K, reserved 1069056K
  class space    used 2594K, capacity 2642K, committed 2688K, reserved 1048576K
Event: 2.441 GC heap after
Heap after GC invocations=2 (full 1):
 PSYoungGen      total 305664K, used 0K [0x000000076ab00000, 0x0000000780000000, 0x00000007c0000000)
  eden space 262144K, 0% used [0x000000076ab00000,0x000000076ab00000,0x000000077ab00000)
  from space 43520K, 0% used [0x000000077ab00000,0x000000077ab00000,0x000000077d580000)
  to   space 43520K, 0% used [0x000000077d580000,0x000000077d580000,0x0000000780000000)
 ParOldGen       total 699392K, used 20193K [0x00000006c0000000, 0x00000006eab00000, 0x000000076ab00000)
  object space 699392K, 2% used [0x00000006c0000000,0x00000006c13b8570,0x00000006eab00000)
 Metaspace       used 21054K, capacity 21194K, committed 21296K, reserved 1069056K
  class space    used 2594K, capacity 2642K, committed 2688K, reserved 1048576K
}
Event: 4.631 GC heap before
{Heap before GC invocations=3 (full 1):
 PSYoungGen      total 305664K, used 262144K [0x000000076ab00000, 0x0000000780000000, 0x00000007c0000000)
  eden space 262144K, 100% used [0x000000076ab00000,0x000000077ab00000,0x000000077ab00000)
  from space 43520K, 0% used [0x000000077ab00000,0x000000077ab00000,0x000000077d580000)
  to   space 43520K, 0% used [0x000000077d580000,0x000000077d580000,0x0000000780000000)
 ParOldGen       total 699392K, used 20193K [0x00000006c0000000, 0x00000006eab00000, 0x000000076ab00000)
  object space 699392K, 2% used [0x00000006c0000000,0x00000006c13b8570,0x00000006eab00000)
 Metaspace       used 30348K, capacity 30646K, committed 30848K, reserved 1077248K
  class space    used 3766K, capacity 3860K, committed 3968K, reserved 1048576K
Event: 4.657 GC heap after
Heap after GC invocations=3 (full 1):
 PSYoungGen      total 305664K, used 17291K [0x000000076ab00000, 0x0000000785980000, 0x00000007c0000000)
  eden space 262144K, 0% used [0x000000076ab00000,0x000000076ab00000,0x000000077ab00000)
  from space 43520K, 39% used [0x000000077d580000,0x000000077e662f50,0x0000000780000000)
  to   space 43520K, 0% used [0x000000077ab00000,0x000000077ab00000,0x000000077d580000)
 ParOldGen       total 699392K, used 20201K [0x00000006c0000000, 0x00000006eab00000, 0x000000076ab00000)
  object space 699392K, 2% used [0x00000006c0000000,0x00000006c13ba570,0x00000006eab00000)
 Metaspace       used 30348K, capacity 30646K, committed 30848K, reserved 1077248K
  class space    used 3766K, capacity 3860K, committed 3968K, reserved 1048576K
}
Event: 6.057 GC heap before
{Heap before GC invocations=4 (full 1):
 PSYoungGen      total 305664K, used 126990K [0x000000076ab00000, 0x0000000785980000, 0x00000007c0000000)
  eden space 262144K, 41% used [0x000000076ab00000,0x0000000771620a58,0x000000077ab00000)
  from space 43520K, 39% used [0x000000077d580000,0x000000077e662f50,0x0000000780000000)
  to   space 43520K, 0% used [0x000000077ab00000,0x000000077ab00000,0x000000077d580000)
 ParOldGen       total 699392K, used 20201K [0x00000006c0000000, 0x00000006eab00000, 0x000000076ab00000)
  object space 699392K, 2% used [0x00000006c0000000,0x00000006c13ba570,0x00000006eab00000)
 Metaspace       used 35067K, capacity 35350K, committed 35496K, reserved 1081344K
  class space    used 4498K, capacity 4580K, committed 4608K, reserved 1048576K
Event: 6.077 GC heap after
Heap after GC invocations=4 (full 1):
 PSYoungGen      total 305664K, used 13552K [0x000000076ab00000, 0x0000000786000000, 0x00000007c0000000)
  eden space 262144K, 0% used [0x000000076ab00000,0x000000076ab00000,0x000000077ab00000)
  from space 43520K, 31% used [0x000000077ab00000,0x000000077b83c1f8,0x000000077d580000)
  to   space 43520K, 0% used [0x0000000783580000,0x0000000783580000,0x0000000786000000)
 ParOldGen       total 699392K, used 20209K [0x00000006c0000000, 0x00000006eab00000, 0x000000076ab00000)
  object space 699392K, 2% used [0x00000006c0000000,0x00000006c13bc570,0x00000006eab00000)
 Metaspace       used 35067K, capacity 35350K, committed 35496K, reserved 1081344K
  class space    used 4498K, capacity 4580K, committed 4608K, reserved 1048576K
}
Event: 6.077 GC heap before
{Heap before GC invocations=5 (full 2):
 PSYoungGen      total 305664K, used 13552K [0x000000076ab00000, 0x0000000786000000, 0x00000007c0000000)
  eden space 262144K, 0% used [0x000000076ab00000,0x000000076ab00000,0x000000077ab00000)
  from space 43520K, 31% used [0x000000077ab00000,0x000000077b83c1f8,0x000000077d580000)
  to   space 43520K, 0% used [0x0000000783580000,0x0000000783580000,0x0000000786000000)
 ParOldGen       total 699392K, used 20209K [0x00000006c0000000, 0x00000006eab00000, 0x000000076ab00000)
  object space 699392K, 2% used [0x00000006c0000000,0x00000006c13bc570,0x00000006eab00000)
 Metaspace       used 35067K, capacity 35350K, committed 35496K, reserved 1081344K
  class space    used 4498K, capacity 4580K, committed 4608K, reserved 1048576K
Event: 6.167 GC heap after
Heap after GC invocations=5 (full 2):
 PSYoungGen      total 305664K, used 0K [0x000000076ab00000, 0x0000000786000000, 0x00000007c0000000)
  eden space 262144K, 0% used [0x000000076ab00000,0x000000076ab00000,0x000000077ab00000)
  from space 43520K, 0% used [0x000000077ab00000,0x000000077ab00000,0x000000077d580000)
  to   space 43520K, 0% used [0x0000000783580000,0x0000000783580000,0x0000000786000000)
 ParOldGen       total 752640K, used 22780K [0x00000006c0000000, 0x00000006edf00000, 0x000000076ab00000)
  object space 752640K, 3% used [0x00000006c0000000,0x00000006c163f010,0x00000006edf00000)
 Metaspace       used 35067K, capacity 35350K, committed 35496K, reserved 1081344K
  class space    used 4498K, capacity 4580K, committed 4608K, reserved 1048576K
}

