# JRE version: Java(TM) SE Runtime Environment (8.0_121-b13) (build 1.8.0_121-b13)
# Java VM: Java HotSpot(TM) 64-Bit Server VM (25.121-b13 mixed mode linux-amd64 compressed oops)
Heap:
 PSYoungGen      total 305664K, used 195153K [0x000000076ab00000, 0x0000000788300000, 0x00000007c0000000)
  eden space 262144K, 74% used [0x000000076ab00000,0x0000000776994460,0x000000077ab00000)
  from space 43520K, 0% used [0x000000077ab00000,0x000000077ab00000,0x000000077d580000)
  to   space 43520K, 0% used [0x0000000785880000,0x0000000785880000,0x0000000788300000)
 ParOldGen       total 711680K, used 22684K [0x00000006c0000000, 0x00000006eb700000, 0x000000076ab00000)
  object space 711680K, 3% used [0x00000006c0000000,0x00000006c16271e8,0x00000006eb700000)
 Metaspace       used 45175K, capacity 45528K, committed 45824K, reserved 1089536K
  class space    used 5915K, capacity 6041K, committed 6144K, reserved 1048576K
GC Heap History (10 events):
Event: 7.753 GC heap before
{Heap before GC invocations=1 (full 0):
 PSYoungGen      total 305664K, used 183647K [0x000000076ab00000, 0x0000000780000000, 0x00000007c0000000)
  eden space 262144K, 70% used [0x000000076ab00000,0x0000000775e57cc0,0x000000077ab00000)
  from space 43520K, 0% used [0x000000077d580000,0x000000077d580000,0x0000000780000000)
  to   space 43520K, 0% used [0x000000077ab00000,0x000000077ab00000,0x000000077d580000)
 ParOldGen       total 699392K, used 0K [0x00000006c0000000, 0x00000006eab00000, 0x000000076ab00000)
  object space 699392K, 0% used [0x00000006c0000000,0x00000006c0000000,0x00000006eab00000)
 Metaspace       used 21026K, capacity 21184K, committed 21296K, reserved 1069056K
  class space    used 2581K, capacity 2640K, committed 2688K, reserved 1048576K
Event: 7.783 GC heap after
Heap after GC invocations=1 (full 0):
 PSYoungGen      total 305664K, used 20914K [0x000000076ab00000, 0x0000000780000000, 0x00000007c0000000)
  eden space 262144K, 0% used [0x000000076ab00000,0x000000076ab00000,0x000000077ab00000)
  from space 43520K, 48% used [0x000000077ab00000,0x000000077bf6cb40,0x000000077d580000)
  to   space 43520K, 0% used [0x000000077d580000,0x000000077d580000,0x0000000780000000)
 ParOldGen       total 699392K, used 80K [0x00000006c0000000, 0x00000006eab00000, 0x000000076ab00000)
  object space 699392K, 0% used [0x00000006c0000000,0x00000006c0014010,0x00000006eab00000)
 Metaspace       used 21026K, capacity 21184K, committed 21296K, reserved 1069056K
  class space    used 2581K, capacity 2640K, committed 2688K, reserved 1048576K
}
Event: 7.783 GC heap before
{Heap before GC invocations=2 (full 1):
 PSYoungGen      total 305664K, used 20914K [0x000000076ab00000, 0x0000000780000000, 0x00000007c0000000)
  eden space 262144K, 0% used [0x000000076ab00000,0x000000076ab00000,0x000000077ab00000)
  from space 43520K, 48% used [0x000000077ab00000,0x000000077bf6cb40,0x000000077d580000)
  to   space 43520K, 0% used [0x000000077d580000,0x000000077d580000,0x0000000780000000)
 ParOldGen       total 699392K, used 80K [0x00000006c0000000, 0x00000006eab00000, 0x000000076ab00000)
  object space 699392K, 0% used [0x00000006c0000000,0x00000006c0014010,0x00000006eab00000)
 Metaspace       used 21026K, capacity 21184K, committed 21296K, reserved 1069056K
  class space    used 2581K, capacity 2640K, committed 2688K, reserved 1048576K
Event: 7.838 GC heap after
Heap after GC invocations=2 (full 1):
 PSYoungGen      total 305664K, used 0K [0x000000076ab00000, 0x0000000780000000, 0x00000007c0000000)
  eden space 262144K, 0% used [0x000000076ab00000,0x000000076ab00000,0x000000077ab00000)
  from space 43520K, 0% used [0x000000077ab00000,0x000000077ab00000,0x000000077d580000)
  to   space 43520K, 0% used [0x000000077d580000,0x000000077d580000,0x0000000780000000)
 ParOldGen       total 699392K, used 20067K [0x00000006c0000000, 0x00000006eab00000, 0x000000076ab00000)
  object space 699392K, 2% used [0x00000006c0000000,0x00000006c1398d18,0x00000006eab00000)
 Metaspace       used 21026K, capacity 21184K, committed 21296K, reserved 1069056K
  class space    used 2581K, capacity 2640K, committed 2688K, reserved 1048576K
}
Event: 10.827 GC heap before
{Heap before GC invocations=3 (full 1):
 PSYoungGen      total 305664K, used 262144K [0x000000076ab00000, 0x0000000780000000, 0x00000007c0000000)
  eden space 262144K, 100% used [0x000000076ab00000,0x000000077ab00000,0x000000077ab00000)
  from space 43520K, 0% used [0x000000077ab00000,0x000000077ab00000,0x000000077d580000)
  to   space 43520K, 0% used [0x000000077d580000,0x000000077d580000,0x0000000780000000)
 ParOldGen       total 699392K, used 20067K [0x00000006c0000000, 0x00000006eab00000, 0x000000076ab00000)
  object space 699392K, 2% used [0x00000006c0000000,0x00000006c1398d18,0x00000006eab00000)
 Metaspace       used 30384K, capacity 30710K, committed 31104K, reserved 1077248K
  class space    used 3766K, capacity 3860K, committed 3968K, reserved 1048576K
Event: 10.845 GC heap after
Heap after GC invocations=3 (full 1):
 PSYoungGen      total 305664K, used 17318K [0x000000076ab00000, 0x0000000786a00000, 0x00000007c0000000)
  eden space 262144K, 0% used [0x000000076ab00000,0x000000076ab00000,0x000000077ab00000)
  from space 43520K, 39% used [0x000000077d580000,0x000000077e669b58,0x0000000780000000)
  to   space 43520K, 0% used [0x000000077ab00000,0x000000077ab00000,0x000000077d580000)
 ParOldGen       total 699392K, used 20075K [0x00000006c0000000, 0x00000006eab00000, 0x000000076ab00000)
  object space 699392K, 2% used [0x00000006c0000000,0x00000006c139ad18,0x00000006eab00000)
 Metaspace       used 30384K, capacity 30710K, committed 31104K, reserved 1077248K
  class space    used 3766K, capacity 3860K, committed 3968K, reserved 1048576K
}
Event: 12.387 GC heap before
{Heap before GC invocations=4 (full 1):
 PSYoungGen      total 305664K, used 122088K [0x000000076ab00000, 0x0000000786a00000, 0x00000007c0000000)
  eden space 262144K, 39% used [0x000000076ab00000,0x0000000771150818,0x000000077ab00000)
  from space 43520K, 39% used [0x000000077d580000,0x000000077e669b58,0x0000000780000000)
  to   space 43520K, 0% used [0x000000077ab00000,0x000000077ab00000,0x000000077d580000)
 ParOldGen       total 699392K, used 20075K [0x00000006c0000000, 0x00000006eab00000, 0x000000076ab00000)
  object space 699392K, 2% used [0x00000006c0000000,0x00000006c139ad18,0x00000006eab00000)
 Metaspace       used 35043K, capacity 35350K, committed 35496K, reserved 1081344K
  class space    used 4496K, capacity 4580K, committed 4608K, reserved 1048576K
Event: 12.407 GC heap after
Heap after GC invocations=4 (full 1):
 PSYoungGen      total 305664K, used 13590K [0x000000076ab00000, 0x0000000788300000, 0x00000007c0000000)
  eden space 262144K, 0% used [0x000000076ab00000,0x000000076ab00000,0x000000077ab00000)
  from space 43520K, 31% used [0x000000077ab00000,0x000000077b845928,0x000000077d580000)
  to   space 43520K, 0% used [0x0000000785880000,0x0000000785880000,0x0000000788300000)
 ParOldGen       total 699392K, used 20083K [0x00000006c0000000, 0x00000006eab00000, 0x000000076ab00000)
  object space 699392K, 2% used [0x00000006c0000000,0x00000006c139cd18,0x00000006eab00000)
 Metaspace       used 35043K, capacity 35350K, committed 35496K, reserved 1081344K
  class space    used 4496K, capacity 4580K, committed 4608K, reserved 1048576K
}
Event: 12.407 GC heap before
{Heap before GC invocations=5 (full 2):
 PSYoungGen      total 305664K, used 13590K [0x000000076ab00000, 0x0000000788300000, 0x00000007c0000000)
  eden space 262144K, 0% used [0x000000076ab00000,0x000000076ab00000,0x000000077ab00000)
  from space 43520K, 31% used [0x000000077ab00000,0x000000077b845928,0x000000077d580000)
  to   space 43520K, 0% used [0x0000000785880000,0x0000000785880000,0x0000000788300000)
 ParOldGen       total 699392K, used 20083K [0x00000006c0000000, 0x00000006eab00000, 0x000000076ab00000)
  object space 699392K, 2% used [0x00000006c0000000,0x00000006c139cd18,0x00000006eab00000)
 Metaspace       used 35043K, capacity 35350K, committed 35496K, reserved 1081344K
  class space    used 4496K, capacity 4580K, committed 4608K, reserved 1048576K
Event: 12.472 GC heap after
Heap after GC invocations=5 (full 2):
 PSYoungGen      total 305664K, used 0K [0x000000076ab00000, 0x0000000788300000, 0x00000007c0000000)
  eden space 262144K, 0% used [0x000000076ab00000,0x000000076ab00000,0x000000077ab00000)
  from space 43520K, 0% used [0x000000077ab00000,0x000000077ab00000,0x000000077d580000)
  to   space 43520K, 0% used [0x0000000785880000,0x0000000785880000,0x0000000788300000)
 ParOldGen       total 711680K, used 22684K [0x00000006c0000000, 0x00000006eb700000, 0x000000076ab00000)
  object space 711680K, 3% used [0x00000006c0000000,0x00000006c16271e8,0x00000006eb700000)
 Metaspace       used 35043K, capacity 35350K, committed 35496K, reserved 1081344K
  class space    used 4496K, capacity 4580K, committed 4608K, reserved 1048576K
}

