# JRE version: Java(TM) SE Runtime Environment (8.0_121-b13) (build 1.8.0_121-b13)
# Java VM: Java HotSpot(TM) 64-Bit Server VM (25.121-b13 mixed mode linux-amd64 compressed oops)
Heap:
 PSYoungGen      total 166400K, used 68656K [0x00000000ebe00000, 0x00000000f7a00000, 0x0000000100000000)
  eden space 157696K, 38% used [0x00000000ebe00000,0x00000000ef88ff18,0x00000000f5800000)
  from space 8704K, 99% used [0x00000000f7180000,0x00000000f79fc370,0x00000000f7a00000)
  to   space 10752K, 0% used [0x00000000f6500000,0x00000000f6500000,0x00000000f6f80000)
 ParOldGen       total 55296K, used 24985K [0x00000000c3a00000, 0x00000000c7000000, 0x00000000ebe00000)
  object space 55296K, 45% used [0x00000000c3a00000,0x00000000c52666d8,0x00000000c7000000)
 Metaspace       used 45173K, capacity 45504K, committed 45952K, reserved 1089536K
  class space    used 5913K, capacity 6009K, committed 6016K, reserved 1048576K
GC Heap History (10 events):
Event: 9.830 GC heap before
{Heap before GC invocations=12 (full 1):
 PSYoungGen      total 93184K, used 92084K [0x00000000ebe00000, 0x00000000f2180000, 0x0000000100000000)
  eden space 85504K, 99% used [0x00000000ebe00000,0x00000000f1177350,0x00000000f1180000)
  from space 7680K, 86% used [0x00000000f1a00000,0x00000000f2075ce0,0x00000000f2180000)
  to   space 8192K, 0% used [0x00000000f1180000,0x00000000f1180000,0x00000000f1980000)
 ParOldGen       total 32768K, used 10151K [0x00000000c3a00000, 0x00000000c5a00000, 0x00000000ebe00000)
  object space 32768K, 30% used [0x00000000c3a00000,0x00000000c43e9fd0,0x00000000c5a00000)
 Metaspace       used 28044K, capacity 28344K, committed 28544K, reserved 1075200K
  class space    used 3518K, capacity 3603K, committed 3712K, reserved 1048576K
Event: 9.844 GC heap after
Heap after GC invocations=12 (full 1):
 PSYoungGen      total 93696K, used 5953K [0x00000000ebe00000, 0x00000000f4680000, 0x0000000100000000)
  eden space 85504K, 0% used [0x00000000ebe00000,0x00000000ebe00000,0x00000000f1180000)
  from space 8192K, 72% used [0x00000000f1180000,0x00000000f1750680,0x00000000f1980000)
  to   space 8192K, 0% used [0x00000000f3e80000,0x00000000f3e80000,0x00000000f4680000)
 ParOldGen       total 32768K, used 11862K [0x00000000c3a00000, 0x00000000c5a00000, 0x00000000ebe00000)
  object space 32768K, 36% used [0x00000000c3a00000,0x00000000c4595b38,0x00000000c5a00000)
 Metaspace       used 28044K, capacity 28344K, committed 28544K, reserved 1075200K
  class space    used 3518K, capacity 3603K, committed 3712K, reserved 1048576K
}
Event: 10.585 GC heap before
{Heap before GC invocations=13 (full 1):
 PSYoungGen      total 93696K, used 91457K [0x00000000ebe00000, 0x00000000f4680000, 0x0000000100000000)
  eden space 85504K, 100% used [0x00000000ebe00000,0x00000000f1180000,0x00000000f1180000)
  from space 8192K, 72% used [0x00000000f1180000,0x00000000f1750680,0x00000000f1980000)
  to   space 8192K, 0% used [0x00000000f3e80000,0x00000000f3e80000,0x00000000f4680000)
 ParOldGen       total 32768K, used 11862K [0x00000000c3a00000, 0x00000000c5a00000, 0x00000000ebe00000)
  object space 32768K, 36% used [0x00000000c3a00000,0x00000000c4595b38,0x00000000c5a00000)
 Metaspace       used 30313K, capacity 30648K, committed 30848K, reserved 1077248K
  class space    used 3770K, capacity 3859K, committed 3968K, reserved 1048576K
Event: 10.601 GC heap after
Heap after GC invocations=13 (full 1):
 PSYoungGen      total 131072K, used 6502K [0x00000000ebe00000, 0x00000000f4800000, 0x0000000100000000)
  eden space 122880K, 0% used [0x00000000ebe00000,0x00000000ebe00000,0x00000000f3600000)
  from space 8192K, 79% used [0x00000000f3e80000,0x00000000f44d9a90,0x00000000f4680000)
  to   space 8704K, 0% used [0x00000000f3600000,0x00000000f3600000,0x00000000f3e80000)
 ParOldGen       total 32768K, used 14714K [0x00000000c3a00000, 0x00000000c5a00000, 0x00000000ebe00000)
  object space 32768K, 44% used [0x00000000c3a00000,0x00000000c485eb78,0x00000000c5a00000)
 Metaspace       used 30313K, capacity 30648K, committed 30848K, reserved 1077248K
  class space    used 3770K, capacity 3859K, committed 3968K, reserved 1048576K
}
Event: 11.979 GC heap before
{Heap before GC invocations=14 (full 1):
 PSYoungGen      total 131072K, used 85940K [0x00000000ebe00000, 0x00000000f4800000, 0x0000000100000000)
  eden space 122880K, 64% used [0x00000000ebe00000,0x00000000f0b937f0,0x00000000f3600000)
  from space 8192K, 79% used [0x00000000f3e80000,0x00000000f44d9a90,0x00000000f4680000)
  to   space 8704K, 0% used [0x00000000f3600000,0x00000000f3600000,0x00000000f3e80000)
 ParOldGen       total 32768K, used 14714K [0x00000000c3a00000, 0x00000000c5a00000, 0x00000000ebe00000)
  object space 32768K, 44% used [0x00000000c3a00000,0x00000000c485eb78,0x00000000c5a00000)
 Metaspace       used 34991K, capacity 35288K, committed 35496K, reserved 1081344K
  class space    used 4492K, capacity 4579K, committed 4608K, reserved 1048576K
Event: 11.992 GC heap after
Heap after GC invocations=14 (full 1):
 PSYoungGen      total 131584K, used 6466K [0x00000000ebe00000, 0x00000000f7a00000, 0x0000000100000000)
  eden space 122880K, 0% used [0x00000000ebe00000,0x00000000ebe00000,0x00000000f3600000)
  from space 8704K, 74% used [0x00000000f3600000,0x00000000f3c50a70,0x00000000f3e80000)
  to   space 8704K, 0% used [0x00000000f7180000,0x00000000f7180000,0x00000000f7a00000)
 ParOldGen       total 32768K, used 16834K [0x00000000c3a00000, 0x00000000c5a00000, 0x00000000ebe00000)
  object space 32768K, 51% used [0x00000000c3a00000,0x00000000c4a70b98,0x00000000c5a00000)
 Metaspace       used 34991K, capacity 35288K, committed 35496K, reserved 1081344K
  class space    used 4492K, capacity 4579K, committed 4608K, reserved 1048576K
}
Event: 11.992 GC heap before
{Heap before GC invocations=15 (full 2):
 PSYoungGen      total 131584K, used 6466K [0x00000000ebe00000, 0x00000000f7a00000, 0x0000000100000000)
  eden space 122880K, 0% used [0x00000000ebe00000,0x00000000ebe00000,0x00000000f3600000)
  from space 8704K, 74% used [0x00000000f3600000,0x00000000f3c50a70,0x00000000f3e80000)
  to   space 8704K, 0% used [0x00000000f7180000,0x00000000f7180000,0x00000000f7a00000)
 ParOldGen       total 32768K, used 16834K [0x00000000c3a00000, 0x00000000c5a00000, 0x00000000ebe00000)
  object space 32768K, 51% used [0x00000000c3a00000,0x00000000c4a70b98,0x00000000c5a00000)
 Metaspace       used 34991K, capacity 35288K, committed 35496K, reserved 1081344K
  class space    used 4492K, capacity 4579K, committed 4608K, reserved 1048576K
Event: 12.127 GC heap after
Heap after GC invocations=15 (full 2):
 PSYoungGen      total 131584K, used 0K [0x00000000ebe00000, 0x00000000f7a00000, 0x0000000100000000)
  eden space 122880K, 0% used [0x00000000ebe00000,0x00000000ebe00000,0x00000000f3600000)
  from space 8704K, 0% used [0x00000000f3600000,0x00000000f3600000,0x00000000f3e80000)
  to   space 8704K, 0% used [0x00000000f7180000,0x00000000f7180000,0x00000000f7a00000)
 ParOldGen       total 55296K, used 21762K [0x00000000c3a00000, 0x00000000c7000000, 0x00000000ebe00000)
  object space 55296K, 39% used [0x00000000c3a00000,0x00000000c4f40820,0x00000000c7000000)
 Metaspace       used 34991K, capacity 35288K, committed 35496K, reserved 1081344K
  class space    used 4492K, capacity 4579K, committed 4608K, reserved 1048576K
}
Event: 13.564 GC heap before
{Heap before GC invocations=16 (full 2):
 PSYoungGen      total 131584K, used 122880K [0x00000000ebe00000, 0x00000000f7a00000, 0x0000000100000000)
  eden space 122880K, 100% used [0x00000000ebe00000,0x00000000f3600000,0x00000000f3600000)
  from space 8704K, 0% used [0x00000000f3600000,0x00000000f3600000,0x00000000f3e80000)
  to   space 8704K, 0% used [0x00000000f7180000,0x00000000f7180000,0x00000000f7a00000)
 ParOldGen       total 55296K, used 21762K [0x00000000c3a00000, 0x00000000c7000000, 0x00000000ebe00000)
  object space 55296K, 39% used [0x00000000c3a00000,0x00000000c4f40820,0x00000000c7000000)
 Metaspace       used 43681K, capacity 44002K, committed 44288K, reserved 1087488K
  class space    used 5717K, capacity 5812K, committed 5888K, reserved 1048576K
Event: 13.588 GC heap after
Heap after GC invocations=16 (full 2):
 PSYoungGen      total 166400K, used 8688K [0x00000000ebe00000, 0x00000000f7a00000, 0x0000000100000000)
  eden space 157696K, 0% used [0x00000000ebe00000,0x00000000ebe00000,0x00000000f5800000)
  from space 8704K, 99% used [0x00000000f7180000,0x00000000f79fc370,0x00000000f7a00000)
  to   space 10752K, 0% used [0x00000000f6500000,0x00000000f6500000,0x00000000f6f80000)
 ParOldGen       total 55296K, used 24985K [0x00000000c3a00000, 0x00000000c7000000, 0x00000000ebe00000)
  object space 55296K, 45% used [0x00000000c3a00000,0x00000000c52666d8,0x00000000c7000000)
 Metaspace       used 43681K, capacity 44002K, committed 44288K, reserved 1087488K
  class space    used 5717K, capacity 5812K, committed 5888K, reserved 1048576K
}

