# JRE version: Java(TM) SE Runtime Environment (8.0_121-b13) (build 1.8.0_121-b13)
# Java VM: Java HotSpot(TM) 64-Bit Server VM (25.121-b13 mixed mode linux-amd64 compressed oops)
Heap:
 PSYoungGen      total 194560K, used 182961K [0x00000000ebe00000, 0x00000000fe000000, 0x0000000100000000)
  eden space 183296K, 99% used [0x00000000ebe00000,0x00000000f70ac678,0x00000000f7100000)
  from space 11264K, 0% used [0x00000000f7100000,0x00000000f7100000,0x00000000f7c00000)
  to   space 11264K, 0% used [0x00000000fd500000,0x00000000fd500000,0x00000000fe000000)
 ParOldGen       total 50688K, used 22294K [0x00000000c3a00000, 0x00000000c6b80000, 0x00000000ebe00000)
  object space 50688K, 43% used [0x00000000c3a00000,0x00000000c4fc5870,0x00000000c6b80000)
 Metaspace       used 45058K, capacity 45388K, committed 45696K, reserved 1089536K
  class space    used 5897K, capacity 5997K, committed 6016K, reserved 1048576K
GC Heap History (10 events):
Event: 2.688 GC heap before
{Heap before GC invocations=9 (full 1):
 PSYoungGen      total 72192K, used 63488K [0x00000000ebe00000, 0x00000000f4b00000, 0x0000000100000000)
  eden space 63488K, 100% used [0x00000000ebe00000,0x00000000efc00000,0x00000000efc00000)
  from space 8704K, 0% used [0x00000000efc00000,0x00000000efc00000,0x00000000f0480000)
  to   space 8704K, 0% used [0x00000000f4280000,0x00000000f4280000,0x00000000f4b00000)
 ParOldGen       total 32256K, used 8934K [0x00000000c3a00000, 0x00000000c5980000, 0x00000000ebe00000)
  object space 32256K, 27% used [0x00000000c3a00000,0x00000000c42b9b48,0x00000000c5980000)
 Metaspace       used 22930K, capacity 23144K, committed 23344K, reserved 1069056K
  class space    used 2815K, capacity 2887K, committed 2944K, reserved 1048576K
Event: 2.694 GC heap after
Heap after GC invocations=9 (full 1):
 PSYoungGen      total 123904K, used 2771K [0x00000000ebe00000, 0x00000000f4580000, 0x0000000100000000)
  eden space 120832K, 0% used [0x00000000ebe00000,0x00000000ebe00000,0x00000000f3400000)
  from space 3072K, 90% used [0x00000000f4280000,0x00000000f4534d40,0x00000000f4580000)
  to   space 8704K, 0% used [0x00000000f3480000,0x00000000f3480000,0x00000000f3d00000)
 ParOldGen       total 32256K, used 8942K [0x00000000c3a00000, 0x00000000c5980000, 0x00000000ebe00000)
  object space 32256K, 27% used [0x00000000c3a00000,0x00000000c42bbb48,0x00000000c5980000)
 Metaspace       used 22930K, capacity 23144K, committed 23344K, reserved 1069056K
  class space    used 2815K, capacity 2887K, committed 2944K, reserved 1048576K
}
Event: 3.799 GC heap before
{Heap before GC invocations=10 (full 1):
 PSYoungGen      total 123904K, used 123603K [0x00000000ebe00000, 0x00000000f4580000, 0x0000000100000000)
  eden space 120832K, 100% used [0x00000000ebe00000,0x00000000f3400000,0x00000000f3400000)
  from space 3072K, 90% used [0x00000000f4280000,0x00000000f4534d40,0x00000000f4580000)
  to   space 8704K, 0% used [0x00000000f3480000,0x00000000f3480000,0x00000000f3d00000)
 ParOldGen       total 32256K, used 8942K [0x00000000c3a00000, 0x00000000c5980000, 0x00000000ebe00000)
  object space 32256K, 27% used [0x00000000c3a00000,0x00000000c42bbb48,0x00000000c5980000)
 Metaspace       used 26051K, capacity 26334K, committed 26752K, reserved 1073152K
  class space    used 3239K, capacity 3344K, committed 3456K, reserved 1048576K
Event: 3.823 GC heap after
Heap after GC invocations=10 (full 1):
 PSYoungGen      total 130048K, used 8673K [0x00000000ebe00000, 0x00000000f8600000, 0x0000000100000000)
  eden space 121344K, 0% used [0x00000000ebe00000,0x00000000ebe00000,0x00000000f3480000)
  from space 8704K, 99% used [0x00000000f3480000,0x00000000f3cf8618,0x00000000f3d00000)
  to   space 10240K, 0% used [0x00000000f7c00000,0x00000000f7c00000,0x00000000f8600000)
 ParOldGen       total 32256K, used 10348K [0x00000000c3a00000, 0x00000000c5980000, 0x00000000ebe00000)
  object space 32256K, 32% used [0x00000000c3a00000,0x00000000c441b038,0x00000000c5980000)
 Metaspace       used 26051K, capacity 26334K, committed 26752K, reserved 1073152K
  class space    used 3239K, capacity 3344K, committed 3456K, reserved 1048576K
}
Event: 4.718 GC heap before
{Heap before GC invocations=11 (full 1):
 PSYoungGen      total 130048K, used 130010K [0x00000000ebe00000, 0x00000000f8600000, 0x0000000100000000)
  eden space 121344K, 99% used [0x00000000ebe00000,0x00000000f347e380,0x00000000f3480000)
  from space 8704K, 99% used [0x00000000f3480000,0x00000000f3cf8618,0x00000000f3d00000)
  to   space 10240K, 0% used [0x00000000f7c00000,0x00000000f7c00000,0x00000000f8600000)
 ParOldGen       total 32256K, used 10348K [0x00000000c3a00000, 0x00000000c5980000, 0x00000000ebe00000)
  object space 32256K, 32% used [0x00000000c3a00000,0x00000000c441b038,0x00000000c5980000)
 Metaspace       used 30064K, capacity 30352K, committed 30720K, reserved 1077248K
  class space    used 3735K, capacity 3827K, committed 3840K, reserved 1048576K
Event: 4.746 GC heap after
Heap after GC invocations=11 (full 1):
 PSYoungGen      total 193536K, used 8841K [0x00000000ebe00000, 0x00000000f8780000, 0x0000000100000000)
  eden space 183296K, 0% used [0x00000000ebe00000,0x00000000ebe00000,0x00000000f7100000)
  from space 10240K, 86% used [0x00000000f7c00000,0x00000000f84a2738,0x00000000f8600000)
  to   space 11264K, 0% used [0x00000000f7100000,0x00000000f7100000,0x00000000f7c00000)
 ParOldGen       total 32256K, used 11759K [0x00000000c3a00000, 0x00000000c5980000, 0x00000000ebe00000)
  object space 32256K, 36% used [0x00000000c3a00000,0x00000000c457bd70,0x00000000c5980000)
 Metaspace       used 30064K, capacity 30352K, committed 30720K, reserved 1077248K
  class space    used 3735K, capacity 3827K, committed 3840K, reserved 1048576K
}
Event: 5.780 GC heap before
{Heap before GC invocations=12 (full 1):
 PSYoungGen      total 193536K, used 103236K [0x00000000ebe00000, 0x00000000f8780000, 0x0000000100000000)
  eden space 183296K, 51% used [0x00000000ebe00000,0x00000000f1a2eb20,0x00000000f7100000)
  from space 10240K, 86% used [0x00000000f7c00000,0x00000000f84a2738,0x00000000f8600000)
  to   space 11264K, 0% used [0x00000000f7100000,0x00000000f7100000,0x00000000f7c00000)
 ParOldGen       total 32256K, used 11759K [0x00000000c3a00000, 0x00000000c5980000, 0x00000000ebe00000)
  object space 32256K, 36% used [0x00000000c3a00000,0x00000000c457bd70,0x00000000c5980000)
 Metaspace       used 34906K, capacity 35216K, committed 35496K, reserved 1081344K
  class space    used 4482K, capacity 4579K, committed 4608K, reserved 1048576K
Event: 5.822 GC heap after
Heap after GC invocations=12 (full 1):
 PSYoungGen      total 194560K, used 7526K [0x00000000ebe00000, 0x00000000fe000000, 0x0000000100000000)
  eden space 183296K, 0% used [0x00000000ebe00000,0x00000000ebe00000,0x00000000f7100000)
  from space 11264K, 66% used [0x00000000f7100000,0x00000000f7859a28,0x00000000f7c00000)
  to   space 11264K, 0% used [0x00000000fd500000,0x00000000fd500000,0x00000000fe000000)
 ParOldGen       total 32256K, used 16957K [0x00000000c3a00000, 0x00000000c5980000, 0x00000000ebe00000)
  object space 32256K, 52% used [0x00000000c3a00000,0x00000000c4a8f708,0x00000000c5980000)
 Metaspace       used 34906K, capacity 35216K, committed 35496K, reserved 1081344K
  class space    used 4482K, capacity 4579K, committed 4608K, reserved 1048576K
}
Event: 5.822 GC heap before
{Heap before GC invocations=13 (full 2):
 PSYoungGen      total 194560K, used 7526K [0x00000000ebe00000, 0x00000000fe000000, 0x0000000100000000)
  eden space 183296K, 0% used [0x00000000ebe00000,0x00000000ebe00000,0x00000000f7100000)
  from space 11264K, 66% used [0x00000000f7100000,0x00000000f7859a28,0x00000000f7c00000)
  to   space 11264K, 0% used [0x00000000fd500000,0x00000000fd500000,0x00000000fe000000)
 ParOldGen       total 32256K, used 16957K [0x00000000c3a00000, 0x00000000c5980000, 0x00000000ebe00000)
  object space 32256K, 52% used [0x00000000c3a00000,0x00000000c4a8f708,0x00000000c5980000)
 Metaspace       used 34906K, capacity 35216K, committed 35496K, reserved 1081344K
  class space    used 4482K, capacity 4579K, committed 4608K, reserved 1048576K
Event: 5.983 GC heap after
Heap after GC invocations=13 (full 2):
 PSYoungGen      total 194560K, used 0K [0x00000000ebe00000, 0x00000000fe000000, 0x0000000100000000)
  eden space 183296K, 0% used [0x00000000ebe00000,0x00000000ebe00000,0x00000000f7100000)
  from space 11264K, 0% used [0x00000000f7100000,0x00000000f7100000,0x00000000f7c00000)
  to   space 11264K, 0% used [0x00000000fd500000,0x00000000fd500000,0x00000000fe000000)
 ParOldGen       total 50688K, used 22294K [0x00000000c3a00000, 0x00000000c6b80000, 0x00000000ebe00000)
  object space 50688K, 43% used [0x00000000c3a00000,0x00000000c4fc5870,0x00000000c6b80000)
 Metaspace       used 34906K, capacity 35216K, committed 35496K, reserved 1081344K
  class space    used 4482K, capacity 4579K, committed 4608K, reserved 1048576K
}

