# JRE version: Java(TM) SE Runtime Environment (8.0_121-b13) (build 1.8.0_121-b13)
# Java VM: Java HotSpot(TM) 64-Bit Server VM (25.121-b13 mixed mode linux-amd64 compressed oops)
Heap:
 PSYoungGen      total 197632K, used 50410K [0x00000000ebe00000, 0x00000000f9a00000, 0x0000000100000000)
  eden space 183808K, 20% used [0x00000000ebe00000,0x00000000ee1fe858,0x00000000f7180000)
  from space 13824K, 98% used [0x00000000f8c80000,0x00000000f99bc398,0x00000000f9a00000)
  to   space 17920K, 0% used [0x00000000f7700000,0x00000000f7700000,0x00000000f8880000)
 ParOldGen       total 66048K, used 22345K [0x00000000c3a00000, 0x00000000c7a80000, 0x00000000ebe00000)
  object space 66048K, 33% used [0x00000000c3a00000,0x00000000c4fd27e0,0x00000000c7a80000)
 Metaspace       used 45067K, capacity 45420K, committed 45824K, reserved 1089536K
  class space    used 5899K, capacity 6029K, committed 6144K, reserved 1048576K
GC Heap History (10 events):
Event: 3.272 GC heap before
{Heap before GC invocations=8 (full 1):
 PSYoungGen      total 100352K, used 100155K [0x00000000ebe00000, 0x00000000f4900000, 0x0000000100000000)
  eden space 97280K, 100% used [0x00000000ebe00000,0x00000000f1d00000,0x00000000f1d00000)
  from space 3072K, 93% used [0x00000000f4600000,0x00000000f48ced00,0x00000000f4900000)
  to   space 11776K, 0% used [0x00000000f3200000,0x00000000f3200000,0x00000000f3d80000)
 ParOldGen       total 45056K, used 12222K [0x00000000c3a00000, 0x00000000c6600000, 0x00000000ebe00000)
  object space 45056K, 27% used [0x00000000c3a00000,0x00000000c45efbc0,0x00000000c6600000)
 Metaspace       used 25442K, capacity 25734K, committed 25856K, reserved 1071104K
  class space    used 3166K, capacity 3276K, committed 3328K, reserved 1048576K
Event: 3.284 GC heap after
Heap after GC invocations=8 (full 1):
 PSYoungGen      total 130560K, used 8530K [0x00000000ebe00000, 0x00000000f6680000, 0x0000000100000000)
  eden space 118784K, 0% used [0x00000000ebe00000,0x00000000ebe00000,0x00000000f3200000)
  from space 11776K, 72% used [0x00000000f3200000,0x00000000f3a54a08,0x00000000f3d80000)
  to   space 12800K, 0% used [0x00000000f5a00000,0x00000000f5a00000,0x00000000f6680000)
 ParOldGen       total 45056K, used 12230K [0x00000000c3a00000, 0x00000000c6600000, 0x00000000ebe00000)
  object space 45056K, 27% used [0x00000000c3a00000,0x00000000c45f1bc0,0x00000000c6600000)
 Metaspace       used 25442K, capacity 25734K, committed 25856K, reserved 1071104K
  class space    used 3166K, capacity 3276K, committed 3328K, reserved 1048576K
}
Event: 4.469 GC heap before
{Heap before GC invocations=9 (full 1):
 PSYoungGen      total 130560K, used 127294K [0x00000000ebe00000, 0x00000000f6680000, 0x0000000100000000)
  eden space 118784K, 99% used [0x00000000ebe00000,0x00000000f31faf40,0x00000000f3200000)
  from space 11776K, 72% used [0x00000000f3200000,0x00000000f3a54a08,0x00000000f3d80000)
  to   space 12800K, 0% used [0x00000000f5a00000,0x00000000f5a00000,0x00000000f6680000)
 ParOldGen       total 45056K, used 12230K [0x00000000c3a00000, 0x00000000c6600000, 0x00000000ebe00000)
  object space 45056K, 27% used [0x00000000c3a00000,0x00000000c45f1bc0,0x00000000c6600000)
 Metaspace       used 30372K, capacity 30646K, committed 30848K, reserved 1077248K
  class space    used 3770K, capacity 3860K, committed 3968K, reserved 1048576K
Event: 4.497 GC heap after
Heap after GC invocations=9 (full 1):
 PSYoungGen      total 158720K, used 10392K [0x00000000ebe00000, 0x00000000f8880000, 0x0000000100000000)
  eden space 145920K, 0% used [0x00000000ebe00000,0x00000000ebe00000,0x00000000f4c80000)
  from space 12800K, 81% used [0x00000000f5a00000,0x00000000f64262e0,0x00000000f6680000)
  to   space 13824K, 0% used [0x00000000f4c80000,0x00000000f4c80000,0x00000000f5a00000)
 ParOldGen       total 45056K, used 12238K [0x00000000c3a00000, 0x00000000c6600000, 0x00000000ebe00000)
  object space 45056K, 27% used [0x00000000c3a00000,0x00000000c45f3bc0,0x00000000c6600000)
 Metaspace       used 30372K, capacity 30646K, committed 30848K, reserved 1077248K
  class space    used 3770K, capacity 3860K, committed 3968K, reserved 1048576K
}
Event: 5.489 GC heap before
{Heap before GC invocations=10 (full 1):
 PSYoungGen      total 158720K, used 109517K [0x00000000ebe00000, 0x00000000f8880000, 0x0000000100000000)
  eden space 145920K, 67% used [0x00000000ebe00000,0x00000000f1ecd370,0x00000000f4c80000)
  from space 12800K, 81% used [0x00000000f5a00000,0x00000000f64262e0,0x00000000f6680000)
  to   space 13824K, 0% used [0x00000000f4c80000,0x00000000f4c80000,0x00000000f5a00000)
 ParOldGen       total 45056K, used 12238K [0x00000000c3a00000, 0x00000000c6600000, 0x00000000ebe00000)
  object space 45056K, 27% used [0x00000000c3a00000,0x00000000c45f3bc0,0x00000000c6600000)
 Metaspace       used 35032K, capacity 35350K, committed 35496K, reserved 1081344K
  class space    used 4495K, capacity 4580K, committed 4608K, reserved 1048576K
Event: 5.530 GC heap after
Heap after GC invocations=10 (full 1):
 PSYoungGen      total 159744K, used 13801K [0x00000000ebe00000, 0x00000000f9c80000, 0x0000000100000000)
  eden space 145920K, 0% used [0x00000000ebe00000,0x00000000ebe00000,0x00000000f4c80000)
  from space 13824K, 99% used [0x00000000f4c80000,0x00000000f59fa630,0x00000000f5a00000)
  to   space 16384K, 0% used [0x00000000f8c80000,0x00000000f8c80000,0x00000000f9c80000)
 ParOldGen       total 45056K, used 12278K [0x00000000c3a00000, 0x00000000c6600000, 0x00000000ebe00000)
  object space 45056K, 27% used [0x00000000c3a00000,0x00000000c45fd9d0,0x00000000c6600000)
 Metaspace       used 35032K, capacity 35350K, committed 35496K, reserved 1081344K
  class space    used 4495K, capacity 4580K, committed 4608K, reserved 1048576K
}
Event: 5.530 GC heap before
{Heap before GC invocations=11 (full 2):
 PSYoungGen      total 159744K, used 13801K [0x00000000ebe00000, 0x00000000f9c80000, 0x0000000100000000)
  eden space 145920K, 0% used [0x00000000ebe00000,0x00000000ebe00000,0x00000000f4c80000)
  from space 13824K, 99% used [0x00000000f4c80000,0x00000000f59fa630,0x00000000f5a00000)
  to   space 16384K, 0% used [0x00000000f8c80000,0x00000000f8c80000,0x00000000f9c80000)
 ParOldGen       total 45056K, used 12278K [0x00000000c3a00000, 0x00000000c6600000, 0x00000000ebe00000)
  object space 45056K, 27% used [0x00000000c3a00000,0x00000000c45fd9d0,0x00000000c6600000)
 Metaspace       used 35032K, capacity 35350K, committed 35496K, reserved 1081344K
  class space    used 4495K, capacity 4580K, committed 4608K, reserved 1048576K
Event: 5.666 GC heap after
Heap after GC invocations=11 (full 2):
 PSYoungGen      total 159744K, used 0K [0x00000000ebe00000, 0x00000000f9c80000, 0x0000000100000000)
  eden space 145920K, 0% used [0x00000000ebe00000,0x00000000ebe00000,0x00000000f4c80000)
  from space 13824K, 0% used [0x00000000f4c80000,0x00000000f4c80000,0x00000000f5a00000)
  to   space 16384K, 0% used [0x00000000f8c80000,0x00000000f8c80000,0x00000000f9c80000)
 ParOldGen       total 66048K, used 22337K [0x00000000c3a00000, 0x00000000c7a80000, 0x00000000ebe00000)
  object space 66048K, 33% used [0x00000000c3a00000,0x00000000c4fd07e0,0x00000000c7a80000)
 Metaspace       used 35032K, capacity 35350K, committed 35496K, reserved 1081344K
  class space    used 4495K, capacity 4580K, committed 4608K, reserved 1048576K
}
Event: 7.611 GC heap before
{Heap before GC invocations=12 (full 2):
 PSYoungGen      total 159744K, used 145920K [0x00000000ebe00000, 0x00000000f9c80000, 0x0000000100000000)
  eden space 145920K, 100% used [0x00000000ebe00000,0x00000000f4c80000,0x00000000f4c80000)
  from space 13824K, 0% used [0x00000000f4c80000,0x00000000f4c80000,0x00000000f5a00000)
  to   space 16384K, 0% used [0x00000000f8c80000,0x00000000f8c80000,0x00000000f9c80000)
 ParOldGen       total 66048K, used 22337K [0x00000000c3a00000, 0x00000000c7a80000, 0x00000000ebe00000)
  object space 66048K, 33% used [0x00000000c3a00000,0x00000000c4fd07e0,0x00000000c7a80000)
 Metaspace       used 44116K, capacity 44442K, committed 44672K, reserved 1087488K
  class space    used 5774K, capacity 5898K, committed 6016K, reserved 1048576K
Event: 7.631 GC heap after
Heap after GC invocations=12 (full 2):
 PSYoungGen      total 197632K, used 13552K [0x00000000ebe00000, 0x00000000f9a00000, 0x0000000100000000)
  eden space 183808K, 0% used [0x00000000ebe00000,0x00000000ebe00000,0x00000000f7180000)
  from space 13824K, 98% used [0x00000000f8c80000,0x00000000f99bc398,0x00000000f9a00000)
  to   space 17920K, 0% used [0x00000000f7700000,0x00000000f7700000,0x00000000f8880000)
 ParOldGen       total 66048K, used 22345K [0x00000000c3a00000, 0x00000000c7a80000, 0x00000000ebe00000)
  object space 66048K, 33% used [0x00000000c3a00000,0x00000000c4fd27e0,0x00000000c7a80000)
 Metaspace       used 44116K, capacity 44442K, committed 44672K, reserved 1087488K
  class space    used 5774K, capacity 5898K, committed 6016K, reserved 1048576K
}

