# JRE version: Java(TM) SE Runtime Environment (8.0_121-b13) (build 1.8.0_121-b13)
# Java VM: Java HotSpot(TM) 64-Bit Server VM (25.121-b13 mixed mode linux-amd64 compressed oops)
Heap:
 PSYoungGen      total 507392K, used 204938K [0x000000076ab00000, 0x000000078e200000, 0x00000007c0000000)
  eden space 493568K, 41% used [0x000000076ab00000,0x0000000777322ad8,0x0000000788d00000)
  from space 13824K, 0% used [0x0000000789100000,0x0000000789100000,0x0000000789e80000)
  to   space 43520K, 0% used [0x000000078b780000,0x000000078b780000,0x000000078e200000)
 ParOldGen       total 701952K, used 23067K [0x00000006c0000000, 0x00000006ead80000, 0x000000076ab00000)
  object space 701952K, 3% used [0x00000006c0000000,0x00000006c1686c90,0x00000006ead80000)
 Metaspace       used 45065K, capacity 45420K, committed 45824K, reserved 1089536K
  class space    used 5899K, capacity 6029K, committed 6144K, reserved 1048576K
GC Heap History (10 events):
Event: 2.373 GC heap before
{Heap before GC invocations=1 (full 0):
 PSYoungGen      total 305664K, used 167919K [0x000000076ab00000, 0x0000000780000000, 0x00000007c0000000)
  eden space 262144K, 64% used [0x000000076ab00000,0x0000000774efbd10,0x000000077ab00000)
  from space 43520K, 0% used [0x000000077d580000,0x000000077d580000,0x0000000780000000)
  to   space 43520K, 0% used [0x000000077ab00000,0x000000077ab00000,0x000000077d580000)
 ParOldGen       total 699392K, used 0K [0x00000006c0000000, 0x00000006eab00000, 0x000000076ab00000)
  object space 699392K, 0% used [0x00000006c0000000,0x00000006c0000000,0x00000006eab00000)
 Metaspace       used 21008K, capacity 21194K, committed 21296K, reserved 1069056K
  class space    used 2589K, capacity 2642K, committed 2688K, reserved 1048576K
Event: 2.407 GC heap after
Heap after GC invocations=1 (full 0):
 PSYoungGen      total 305664K, used 20933K [0x000000076ab00000, 0x0000000790000000, 0x00000007c0000000)
  eden space 262144K, 0% used [0x000000076ab00000,0x000000076ab00000,0x000000077ab00000)
  from space 43520K, 48% used [0x000000077ab00000,0x000000077bf715b0,0x000000077d580000)
  to   space 43520K, 0% used [0x000000078d580000,0x000000078d580000,0x0000000790000000)
 ParOldGen       total 699392K, used 80K [0x00000006c0000000, 0x00000006eab00000, 0x000000076ab00000)
  object space 699392K, 0% used [0x00000006c0000000,0x00000006c0014010,0x00000006eab00000)
 Metaspace       used 21008K, capacity 21194K, committed 21296K, reserved 1069056K
  class space    used 2589K, capacity 2642K, committed 2688K, reserved 1048576K
}
Event: 2.407 GC heap before
{Heap before GC invocations=2 (full 1):
 PSYoungGen      total 305664K, used 20933K [0x000000076ab00000, 0x0000000790000000, 0x00000007c0000000)
  eden space 262144K, 0% used [0x000000076ab00000,0x000000076ab00000,0x000000077ab00000)
  from space 43520K, 48% used [0x000000077ab00000,0x000000077bf715b0,0x000000077d580000)
  to   space 43520K, 0% used [0x000000078d580000,0x000000078d580000,0x0000000790000000)
 ParOldGen       total 699392K, used 80K [0x00000006c0000000, 0x00000006eab00000, 0x000000076ab00000)
  object space 699392K, 0% used [0x00000006c0000000,0x00000006c0014010,0x00000006eab00000)
 Metaspace       used 21008K, capacity 21194K, committed 21296K, reserved 1069056K
  class space    used 2589K, capacity 2642K, committed 2688K, reserved 1048576K
Event: 2.464 GC heap after
Heap after GC invocations=2 (full 1):
 PSYoungGen      total 305664K, used 0K [0x000000076ab00000, 0x0000000790000000, 0x00000007c0000000)
  eden space 262144K, 0% used [0x000000076ab00000,0x000000076ab00000,0x000000077ab00000)
  from space 43520K, 0% used [0x000000077ab00000,0x000000077ab00000,0x000000077d580000)
  to   space 43520K, 0% used [0x000000078d580000,0x000000078d580000,0x0000000790000000)
 ParOldGen       total 699392K, used 20141K [0x00000006c0000000, 0x00000006eab00000, 0x000000076ab00000)
  object space 699392K, 2% used [0x00000006c0000000,0x00000006c13ab608,0x00000006eab00000)
 Metaspace       used 21008K, capacity 21194K, committed 21296K, reserved 1069056K
  class space    used 2589K, capacity 2642K, committed 2688K, reserved 1048576K
}
Event: 5.151 GC heap before
{Heap before GC invocations=3 (full 1):
 PSYoungGen      total 305664K, used 262141K [0x000000076ab00000, 0x0000000790000000, 0x00000007c0000000)
  eden space 262144K, 99% used [0x000000076ab00000,0x000000077aaff648,0x000000077ab00000)
  from space 43520K, 0% used [0x000000077ab00000,0x000000077ab00000,0x000000077d580000)
  to   space 43520K, 0% used [0x000000078d580000,0x000000078d580000,0x0000000790000000)
 ParOldGen       total 699392K, used 20141K [0x00000006c0000000, 0x00000006eab00000, 0x000000076ab00000)
  object space 699392K, 2% used [0x00000006c0000000,0x00000006c13ab608,0x00000006eab00000)
 Metaspace       used 30223K, capacity 30486K, committed 30720K, reserved 1077248K
  class space    used 3751K, capacity 3828K, committed 3840K, reserved 1048576K
Event: 5.180 GC heap after
Heap after GC invocations=3 (full 1):
 PSYoungGen      total 369152K, used 16849K [0x000000076ab00000, 0x000000078e600000, 0x00000007c0000000)
  eden space 352256K, 0% used [0x000000076ab00000,0x000000076ab00000,0x0000000780300000)
  from space 16896K, 99% used [0x000000078d580000,0x000000078e5f45d0,0x000000078e600000)
  to   space 43520K, 0% used [0x0000000789100000,0x0000000789100000,0x000000078bb80000)
 ParOldGen       total 699392K, used 20149K [0x00000006c0000000, 0x00000006eab00000, 0x000000076ab00000)
  object space 699392K, 2% used [0x00000006c0000000,0x00000006c13ad608,0x00000006eab00000)
 Metaspace       used 30223K, capacity 30486K, committed 30720K, reserved 1077248K
  class space    used 3751K, capacity 3828K, committed 3840K, reserved 1048576K
}
Event: 6.267 GC heap before
{Heap before GC invocations=4 (full 1):
 PSYoungGen      total 369152K, used 148474K [0x000000076ab00000, 0x000000078e600000, 0x00000007c0000000)
  eden space 352256K, 37% used [0x000000076ab00000,0x0000000772b8a5a8,0x0000000780300000)
  from space 16896K, 99% used [0x000000078d580000,0x000000078e5f45d0,0x000000078e600000)
  to   space 43520K, 0% used [0x0000000789100000,0x0000000789100000,0x000000078bb80000)
 ParOldGen       total 699392K, used 20149K [0x00000006c0000000, 0x00000006eab00000, 0x000000076ab00000)
  object space 699392K, 2% used [0x00000006c0000000,0x00000006c13ad608,0x00000006eab00000)
 Metaspace       used 35022K, capacity 35350K, committed 35496K, reserved 1081344K
  class space    used 4503K, capacity 4580K, committed 4608K, reserved 1048576K
Event: 6.293 GC heap after
Heap after GC invocations=4 (full 1):
 PSYoungGen      total 507392K, used 13819K [0x000000076ab00000, 0x000000078e200000, 0x00000007c0000000)
  eden space 493568K, 0% used [0x000000076ab00000,0x000000076ab00000,0x0000000788d00000)
  from space 13824K, 99% used [0x0000000789100000,0x0000000789e7ed60,0x0000000789e80000)
  to   space 43520K, 0% used [0x000000078b780000,0x000000078b780000,0x000000078e200000)
 ParOldGen       total 699392K, used 20157K [0x00000006c0000000, 0x00000006eab00000, 0x000000076ab00000)
  object space 699392K, 2% used [0x00000006c0000000,0x00000006c13af608,0x00000006eab00000)
 Metaspace       used 35022K, capacity 35350K, committed 35496K, reserved 1081344K
  class space    used 4503K, capacity 4580K, committed 4608K, reserved 1048576K
}
Event: 6.293 GC heap before
{Heap before GC invocations=5 (full 2):
 PSYoungGen      total 507392K, used 13819K [0x000000076ab00000, 0x000000078e200000, 0x00000007c0000000)
  eden space 493568K, 0% used [0x000000076ab00000,0x000000076ab00000,0x0000000788d00000)
  from space 13824K, 99% used [0x0000000789100000,0x0000000789e7ed60,0x0000000789e80000)
  to   space 43520K, 0% used [0x000000078b780000,0x000000078b780000,0x000000078e200000)
 ParOldGen       total 699392K, used 20157K [0x00000006c0000000, 0x00000006eab00000, 0x000000076ab00000)
  object space 699392K, 2% used [0x00000006c0000000,0x00000006c13af608,0x00000006eab00000)
 Metaspace       used 35022K, capacity 35350K, committed 35496K, reserved 1081344K
  class space    used 4503K, capacity 4580K, committed 4608K, reserved 1048576K
Event: 6.378 GC heap after
Heap after GC invocations=5 (full 2):
 PSYoungGen      total 507392K, used 0K [0x000000076ab00000, 0x000000078e200000, 0x00000007c0000000)
  eden space 493568K, 0% used [0x000000076ab00000,0x000000076ab00000,0x0000000788d00000)
  from space 13824K, 0% used [0x0000000789100000,0x0000000789100000,0x0000000789e80000)
  to   space 43520K, 0% used [0x000000078b780000,0x000000078b780000,0x000000078e200000)
 ParOldGen       total 701952K, used 23067K [0x00000006c0000000, 0x00000006ead80000, 0x000000076ab00000)
  object space 701952K, 3% used [0x00000006c0000000,0x00000006c1686c90,0x00000006ead80000)
 Metaspace       used 35022K, capacity 35350K, committed 35496K, reserved 1081344K
  class space    used 4503K, capacity 4580K, committed 4608K, reserved 1048576K
}

