# JRE version: Java(TM) SE Runtime Environment (8.0_121-b13) (build 1.8.0_121-b13)
# Java VM: Java HotSpot(TM) 64-Bit Server VM (25.121-b13 mixed mode linux-amd64 compressed oops)
Heap:
 PSYoungGen      total 210944K, used 44911K [0x00000000ebe00000, 0x00000000fa580000, 0x0000000100000000)
  eden space 196608K, 15% used [0x00000000ebe00000,0x00000000edc515c8,0x00000000f7e00000)
  from space 14336K, 96% used [0x00000000f9780000,0x00000000fa50a870,0x00000000fa580000)
  to   space 17408K, 0% used [0x00000000f8380000,0x00000000f8380000,0x00000000f9480000)
 ParOldGen       total 65024K, used 22342K [0x00000000c3a00000, 0x00000000c7980000, 0x00000000ebe00000)
  object space 65024K, 34% used [0x00000000c3a00000,0x00000000c4fd1988,0x00000000c7980000)
 Metaspace       used 45086K, capacity 45420K, committed 45824K, reserved 1089536K
  class space    used 5899K, capacity 6029K, committed 6144K, reserved 1048576K
GC Heap History (10 events):
Event: 4.445 GC heap before
{Heap before GC invocations=8 (full 1):
 PSYoungGen      total 101888K, used 101467K [0x00000000ebe00000, 0x00000000f4980000, 0x0000000100000000)
  eden space 98816K, 100% used [0x00000000ebe00000,0x00000000f1e80000,0x00000000f1e80000)
  from space 3072K, 86% used [0x00000000f4680000,0x00000000f4916d00,0x00000000f4980000)
  to   space 12288K, 0% used [0x00000000f3180000,0x00000000f3180000,0x00000000f3d80000)
 ParOldGen       total 45568K, used 13081K [0x00000000c3a00000, 0x00000000c6680000, 0x00000000ebe00000)
  object space 45568K, 28% used [0x00000000c3a00000,0x00000000c46c6590,0x00000000c6680000)
 Metaspace       used 25706K, capacity 26002K, committed 26112K, reserved 1073152K
  class space    used 3181K, capacity 3278K, committed 3328K, reserved 1048576K
Event: 4.465 GC heap after
Heap after GC invocations=8 (full 1):
 PSYoungGen      total 130560K, used 8545K [0x00000000ebe00000, 0x00000000f6f00000, 0x0000000100000000)
  eden space 118272K, 0% used [0x00000000ebe00000,0x00000000ebe00000,0x00000000f3180000)
  from space 12288K, 69% used [0x00000000f3180000,0x00000000f39d84a8,0x00000000f3d80000)
  to   space 12800K, 0% used [0x00000000f6280000,0x00000000f6280000,0x00000000f6f00000)
 ParOldGen       total 45568K, used 13089K [0x00000000c3a00000, 0x00000000c6680000, 0x00000000ebe00000)
  object space 45568K, 28% used [0x00000000c3a00000,0x00000000c46c8590,0x00000000c6680000)
 Metaspace       used 25706K, capacity 26002K, committed 26112K, reserved 1073152K
  class space    used 3181K, capacity 3278K, committed 3328K, reserved 1048576K
}
Event: 6.341 GC heap before
{Heap before GC invocations=9 (full 1):
 PSYoungGen      total 130560K, used 126814K [0x00000000ebe00000, 0x00000000f6f00000, 0x0000000100000000)
  eden space 118272K, 99% used [0x00000000ebe00000,0x00000000f317f470,0x00000000f3180000)
  from space 12288K, 69% used [0x00000000f3180000,0x00000000f39d84a8,0x00000000f3d80000)
  to   space 12800K, 0% used [0x00000000f6280000,0x00000000f6280000,0x00000000f6f00000)
 ParOldGen       total 45568K, used 13089K [0x00000000c3a00000, 0x00000000c6680000, 0x00000000ebe00000)
  object space 45568K, 28% used [0x00000000c3a00000,0x00000000c46c8590,0x00000000c6680000)
 Metaspace       used 30371K, capacity 30646K, committed 30848K, reserved 1077248K
  class space    used 3766K, capacity 3860K, committed 3968K, reserved 1048576K
Event: 6.367 GC heap after
Heap after GC invocations=9 (full 1):
 PSYoungGen      total 166912K, used 10184K [0x00000000ebe00000, 0x00000000f8d80000, 0x0000000100000000)
  eden space 154112K, 0% used [0x00000000ebe00000,0x00000000ebe00000,0x00000000f5480000)
  from space 12800K, 79% used [0x00000000f6280000,0x00000000f6c72228,0x00000000f6f00000)
  to   space 14336K, 0% used [0x00000000f5480000,0x00000000f5480000,0x00000000f6280000)
 ParOldGen       total 45568K, used 13097K [0x00000000c3a00000, 0x00000000c6680000, 0x00000000ebe00000)
  object space 45568K, 28% used [0x00000000c3a00000,0x00000000c46ca590,0x00000000c6680000)
 Metaspace       used 30371K, capacity 30646K, committed 30848K, reserved 1077248K
  class space    used 3766K, capacity 3860K, committed 3968K, reserved 1048576K
}
Event: 7.468 GC heap before
{Heap before GC invocations=10 (full 1):
 PSYoungGen      total 166912K, used 105510K [0x00000000ebe00000, 0x00000000f8d80000, 0x0000000100000000)
  eden space 154112K, 61% used [0x00000000ebe00000,0x00000000f1b17820,0x00000000f5480000)
  from space 12800K, 79% used [0x00000000f6280000,0x00000000f6c72228,0x00000000f6f00000)
  to   space 14336K, 0% used [0x00000000f5480000,0x00000000f5480000,0x00000000f6280000)
 ParOldGen       total 45568K, used 13097K [0x00000000c3a00000, 0x00000000c6680000, 0x00000000ebe00000)
  object space 45568K, 28% used [0x00000000c3a00000,0x00000000c46ca590,0x00000000c6680000)
 Metaspace       used 35051K, capacity 35350K, committed 35496K, reserved 1081344K
  class space    used 4501K, capacity 4580K, committed 4608K, reserved 1048576K
Event: 7.492 GC heap after
Heap after GC invocations=10 (full 1):
 PSYoungGen      total 168448K, used 12433K [0x00000000ebe00000, 0x00000000fa700000, 0x0000000100000000)
  eden space 154112K, 0% used [0x00000000ebe00000,0x00000000ebe00000,0x00000000f5480000)
  from space 14336K, 86% used [0x00000000f5480000,0x00000000f60a47f8,0x00000000f6280000)
  to   space 15872K, 0% used [0x00000000f9780000,0x00000000f9780000,0x00000000fa700000)
 ParOldGen       total 45568K, used 14260K [0x00000000c3a00000, 0x00000000c6680000, 0x00000000ebe00000)
  object space 45568K, 31% used [0x00000000c3a00000,0x00000000c47ed2c8,0x00000000c6680000)
 Metaspace       used 35051K, capacity 35350K, committed 35496K, reserved 1081344K
  class space    used 4501K, capacity 4580K, committed 4608K, reserved 1048576K
}
Event: 7.492 GC heap before
{Heap before GC invocations=11 (full 2):
 PSYoungGen      total 168448K, used 12433K [0x00000000ebe00000, 0x00000000fa700000, 0x0000000100000000)
  eden space 154112K, 0% used [0x00000000ebe00000,0x00000000ebe00000,0x00000000f5480000)
  from space 14336K, 86% used [0x00000000f5480000,0x00000000f60a47f8,0x00000000f6280000)
  to   space 15872K, 0% used [0x00000000f9780000,0x00000000f9780000,0x00000000fa700000)
 ParOldGen       total 45568K, used 14260K [0x00000000c3a00000, 0x00000000c6680000, 0x00000000ebe00000)
  object space 45568K, 31% used [0x00000000c3a00000,0x00000000c47ed2c8,0x00000000c6680000)
 Metaspace       used 35051K, capacity 35350K, committed 35496K, reserved 1081344K
  class space    used 4501K, capacity 4580K, committed 4608K, reserved 1048576K
Event: 7.606 GC heap after
Heap after GC invocations=11 (full 2):
 PSYoungGen      total 168448K, used 0K [0x00000000ebe00000, 0x00000000fa700000, 0x0000000100000000)
  eden space 154112K, 0% used [0x00000000ebe00000,0x00000000ebe00000,0x00000000f5480000)
  from space 14336K, 0% used [0x00000000f5480000,0x00000000f5480000,0x00000000f6280000)
  to   space 15872K, 0% used [0x00000000f9780000,0x00000000f9780000,0x00000000fa700000)
 ParOldGen       total 65024K, used 22334K [0x00000000c3a00000, 0x00000000c7980000, 0x00000000ebe00000)
  object space 65024K, 34% used [0x00000000c3a00000,0x00000000c4fcf988,0x00000000c7980000)
 Metaspace       used 35051K, capacity 35350K, committed 35496K, reserved 1081344K
  class space    used 4501K, capacity 4580K, committed 4608K, reserved 1048576K
}
Event: 9.509 GC heap before
{Heap before GC invocations=12 (full 2):
 PSYoungGen      total 168448K, used 154112K [0x00000000ebe00000, 0x00000000fa700000, 0x0000000100000000)
  eden space 154112K, 100% used [0x00000000ebe00000,0x00000000f5480000,0x00000000f5480000)
  from space 14336K, 0% used [0x00000000f5480000,0x00000000f5480000,0x00000000f6280000)
  to   space 15872K, 0% used [0x00000000f9780000,0x00000000f9780000,0x00000000fa700000)
 ParOldGen       total 65024K, used 22334K [0x00000000c3a00000, 0x00000000c7980000, 0x00000000ebe00000)
  object space 65024K, 34% used [0x00000000c3a00000,0x00000000c4fcf988,0x00000000c7980000)
 Metaspace       used 44212K, capacity 44570K, committed 44928K, reserved 1087488K
  class space    used 5786K, capacity 5898K, committed 6016K, reserved 1048576K
Event: 9.529 GC heap after
Heap after GC invocations=12 (full 2):
 PSYoungGen      total 210944K, used 13866K [0x00000000ebe00000, 0x00000000fa580000, 0x0000000100000000)
  eden space 196608K, 0% used [0x00000000ebe00000,0x00000000ebe00000,0x00000000f7e00000)
  from space 14336K, 96% used [0x00000000f9780000,0x00000000fa50a870,0x00000000fa580000)
  to   space 17408K, 0% used [0x00000000f8380000,0x00000000f8380000,0x00000000f9480000)
 ParOldGen       total 65024K, used 22342K [0x00000000c3a00000, 0x00000000c7980000, 0x00000000ebe00000)
  object space 65024K, 34% used [0x00000000c3a00000,0x00000000c4fd1988,0x00000000c7980000)
 Metaspace       used 44212K, capacity 44570K, committed 44928K, reserved 1087488K
  class space    used 5786K, capacity 5898K, committed 6016K, reserved 1048576K
}

