# JRE version: Java(TM) SE Runtime Environment (8.0_121-b13) (build 1.8.0_121-b13)
# Java VM: Java HotSpot(TM) 64-Bit Server VM (25.121-b13 mixed mode linux-amd64 compressed oops)
Heap:
 PSYoungGen      total 487424K, used 203838K [0x000000076ab00000, 0x000000078d600000, 0x00000007c0000000)
  eden space 473600K, 43% used [0x000000076ab00000,0x000000077720f820,0x0000000787980000)
  from space 13824K, 0% used [0x0000000789100000,0x0000000789100000,0x0000000789e80000)
  to   space 43520K, 0% used [0x000000078ab80000,0x000000078ab80000,0x000000078d600000)
 ParOldGen       total 725504K, used 23000K [0x00000006c0000000, 0x00000006ec480000, 0x000000076ab00000)
  object space 725504K, 3% used [0x00000006c0000000,0x00000006c16763d8,0x00000006ec480000)
 Metaspace       used 45076K, capacity 45436K, committed 45824K, reserved 1089536K
  class space    used 5899K, capacity 6029K, committed 6144K, reserved 1048576K
GC Heap History (10 events):
Event: 2.829 GC heap before
{Heap before GC invocations=1 (full 0):
 PSYoungGen      total 305664K, used 173161K [0x000000076ab00000, 0x0000000780000000, 0x00000007c0000000)
  eden space 262144K, 66% used [0x000000076ab00000,0x000000077541a4f0,0x000000077ab00000)
  from space 43520K, 0% used [0x000000077d580000,0x000000077d580000,0x0000000780000000)
  to   space 43520K, 0% used [0x000000077ab00000,0x000000077ab00000,0x000000077d580000)
 ParOldGen       total 699392K, used 0K [0x00000006c0000000, 0x00000006eab00000, 0x000000076ab00000)
  object space 699392K, 0% used [0x00000006c0000000,0x00000006c0000000,0x00000006eab00000)
 Metaspace       used 21085K, capacity 21210K, committed 21296K, reserved 1069056K
  class space    used 2598K, capacity 2642K, committed 2688K, reserved 1048576K
Event: 2.871 GC heap after
Heap after GC invocations=1 (full 0):
 PSYoungGen      total 305664K, used 20998K [0x000000076ab00000, 0x0000000790000000, 0x00000007c0000000)
  eden space 262144K, 0% used [0x000000076ab00000,0x000000076ab00000,0x000000077ab00000)
  from space 43520K, 48% used [0x000000077ab00000,0x000000077bf81b78,0x000000077d580000)
  to   space 43520K, 0% used [0x000000078d580000,0x000000078d580000,0x0000000790000000)
 ParOldGen       total 699392K, used 88K [0x00000006c0000000, 0x00000006eab00000, 0x000000076ab00000)
  object space 699392K, 0% used [0x00000006c0000000,0x00000006c0016010,0x00000006eab00000)
 Metaspace       used 21085K, capacity 21210K, committed 21296K, reserved 1069056K
  class space    used 2598K, capacity 2642K, committed 2688K, reserved 1048576K
}
Event: 2.871 GC heap before
{Heap before GC invocations=2 (full 1):
 PSYoungGen      total 305664K, used 20998K [0x000000076ab00000, 0x0000000790000000, 0x00000007c0000000)
  eden space 262144K, 0% used [0x000000076ab00000,0x000000076ab00000,0x000000077ab00000)
  from space 43520K, 48% used [0x000000077ab00000,0x000000077bf81b78,0x000000077d580000)
  to   space 43520K, 0% used [0x000000078d580000,0x000000078d580000,0x0000000790000000)
 ParOldGen       total 699392K, used 88K [0x00000006c0000000, 0x00000006eab00000, 0x000000076ab00000)
  object space 699392K, 0% used [0x00000006c0000000,0x00000006c0016010,0x00000006eab00000)
 Metaspace       used 21085K, capacity 21210K, committed 21296K, reserved 1069056K
  class space    used 2598K, capacity 2642K, committed 2688K, reserved 1048576K
Event: 2.952 GC heap after
Heap after GC invocations=2 (full 1):
 PSYoungGen      total 305664K, used 0K [0x000000076ab00000, 0x0000000790000000, 0x00000007c0000000)
  eden space 262144K, 0% used [0x000000076ab00000,0x000000076ab00000,0x000000077ab00000)
  from space 43520K, 0% used [0x000000077ab00000,0x000000077ab00000,0x000000077d580000)
  to   space 43520K, 0% used [0x000000078d580000,0x000000078d580000,0x0000000790000000)
 ParOldGen       total 699392K, used 20246K [0x00000006c0000000, 0x00000006eab00000, 0x000000076ab00000)
  object space 699392K, 2% used [0x00000006c0000000,0x00000006c13c5a48,0x00000006eab00000)
 Metaspace       used 21085K, capacity 21210K, committed 21296K, reserved 1069056K
  class space    used 2598K, capacity 2642K, committed 2688K, reserved 1048576K
}
Event: 5.443 GC heap before
{Heap before GC invocations=3 (full 1):
 PSYoungGen      total 305664K, used 262112K [0x000000076ab00000, 0x0000000790000000, 0x00000007c0000000)
  eden space 262144K, 99% used [0x000000076ab00000,0x000000077aaf8068,0x000000077ab00000)
  from space 43520K, 0% used [0x000000077ab00000,0x000000077ab00000,0x000000077d580000)
  to   space 43520K, 0% used [0x000000078d580000,0x000000078d580000,0x0000000790000000)
 ParOldGen       total 699392K, used 20246K [0x00000006c0000000, 0x00000006eab00000, 0x000000076ab00000)
  object space 699392K, 2% used [0x00000006c0000000,0x00000006c13c5a48,0x00000006eab00000)
 Metaspace       used 30257K, capacity 30566K, committed 30720K, reserved 1077248K
  class space    used 3751K, capacity 3828K, committed 3840K, reserved 1048576K
Event: 5.470 GC heap after
Heap after GC invocations=3 (full 1):
 PSYoungGen      total 359936K, used 16762K [0x000000076ab00000, 0x000000078e600000, 0x00000007c0000000)
  eden space 343040K, 0% used [0x000000076ab00000,0x000000076ab00000,0x000000077fa00000)
  from space 16896K, 99% used [0x000000078d580000,0x000000078e5de9b0,0x000000078e600000)
  to   space 43520K, 0% used [0x0000000789100000,0x0000000789100000,0x000000078bb80000)
 ParOldGen       total 699392K, used 20254K [0x00000006c0000000, 0x00000006eab00000, 0x000000076ab00000)
  object space 699392K, 2% used [0x00000006c0000000,0x00000006c13c7a48,0x00000006eab00000)
 Metaspace       used 30257K, capacity 30566K, committed 30720K, reserved 1077248K
  class space    used 3751K, capacity 3828K, committed 3840K, reserved 1048576K
}
Event: 6.803 GC heap before
{Heap before GC invocations=4 (full 1):
 PSYoungGen      total 359936K, used 141100K [0x000000076ab00000, 0x000000078e600000, 0x00000007c0000000)
  eden space 343040K, 36% used [0x000000076ab00000,0x000000077246c7a0,0x000000077fa00000)
  from space 16896K, 99% used [0x000000078d580000,0x000000078e5de9b0,0x000000078e600000)
  to   space 43520K, 0% used [0x0000000789100000,0x0000000789100000,0x000000078bb80000)
 ParOldGen       total 699392K, used 20254K [0x00000006c0000000, 0x00000006eab00000, 0x000000076ab00000)
  object space 699392K, 2% used [0x00000006c0000000,0x00000006c13c7a48,0x00000006eab00000)
 Metaspace       used 35051K, capacity 35366K, committed 35496K, reserved 1081344K
  class space    used 4498K, capacity 4580K, committed 4608K, reserved 1048576K
Event: 6.841 GC heap after
Heap after GC invocations=4 (full 1):
 PSYoungGen      total 487424K, used 13747K [0x000000076ab00000, 0x000000078d600000, 0x00000007c0000000)
  eden space 473600K, 0% used [0x000000076ab00000,0x000000076ab00000,0x0000000787980000)
  from space 13824K, 99% used [0x0000000789100000,0x0000000789e6cf40,0x0000000789e80000)
  to   space 43520K, 0% used [0x000000078ab80000,0x000000078ab80000,0x000000078d600000)
 ParOldGen       total 699392K, used 20254K [0x00000006c0000000, 0x00000006eab00000, 0x000000076ab00000)
  object space 699392K, 2% used [0x00000006c0000000,0x00000006c13c7a48,0x00000006eab00000)
 Metaspace       used 35051K, capacity 35366K, committed 35496K, reserved 1081344K
  class space    used 4498K, capacity 4580K, committed 4608K, reserved 1048576K
}
Event: 6.841 GC heap before
{Heap before GC invocations=5 (full 2):
 PSYoungGen      total 487424K, used 13747K [0x000000076ab00000, 0x000000078d600000, 0x00000007c0000000)
  eden space 473600K, 0% used [0x000000076ab00000,0x000000076ab00000,0x0000000787980000)
  from space 13824K, 99% used [0x0000000789100000,0x0000000789e6cf40,0x0000000789e80000)
  to   space 43520K, 0% used [0x000000078ab80000,0x000000078ab80000,0x000000078d600000)
 ParOldGen       total 699392K, used 20254K [0x00000006c0000000, 0x00000006eab00000, 0x000000076ab00000)
  object space 699392K, 2% used [0x00000006c0000000,0x00000006c13c7a48,0x00000006eab00000)
 Metaspace       used 35051K, capacity 35366K, committed 35496K, reserved 1081344K
  class space    used 4498K, capacity 4580K, committed 4608K, reserved 1048576K
Event: 6.947 GC heap after
Heap after GC invocations=5 (full 2):
 PSYoungGen      total 487424K, used 0K [0x000000076ab00000, 0x000000078d600000, 0x00000007c0000000)
  eden space 473600K, 0% used [0x000000076ab00000,0x000000076ab00000,0x0000000787980000)
  from space 13824K, 0% used [0x0000000789100000,0x0000000789100000,0x0000000789e80000)
  to   space 43520K, 0% used [0x000000078ab80000,0x000000078ab80000,0x000000078d600000)
 ParOldGen       total 725504K, used 23000K [0x00000006c0000000, 0x00000006ec480000, 0x000000076ab00000)
  object space 725504K, 3% used [0x00000006c0000000,0x00000006c16763d8,0x00000006ec480000)
 Metaspace       used 35051K, capacity 35366K, committed 35496K, reserved 1081344K
  class space    used 4498K, capacity 4580K, committed 4608K, reserved 1048576K
}

