# JRE version: Java(TM) SE Runtime Environment (8.0_121-b13) (build 1.8.0_121-b13)
# Java VM: Java HotSpot(TM) 64-Bit Server VM (25.121-b13 mixed mode linux-amd64 compressed oops)
Heap:
 PSYoungGen      total 180224K, used 19110K [0x00000000ebe00000, 0x00000000fb180000, 0x0000000100000000)
  eden space 172032K, 6% used [0x00000000ebe00000,0x00000000ec8ac380,0x00000000f6600000)
  from space 8192K, 99% used [0x00000000f6600000,0x00000000f6dfd508,0x00000000f6e00000)
  to   space 11776K, 0% used [0x00000000fa600000,0x00000000fa600000,0x00000000fb180000)
 ParOldGen       total 44032K, used 25846K [0x00000000c3a00000, 0x00000000c6500000, 0x00000000ebe00000)
  object space 44032K, 58% used [0x00000000c3a00000,0x00000000c533d868,0x00000000c6500000)
 Metaspace       used 45277K, capacity 45612K, committed 46080K, reserved 1089536K
  class space    used 5917K, capacity 6029K, committed 6144K, reserved 1048576K
GC Heap History (10 events):
Event: 18.252 GC heap before
{Heap before GC invocations=15 (full 1):
 PSYoungGen      total 81408K, used 79603K [0x00000000ebe00000, 0x00000000f3c80000, 0x0000000100000000)
  eden space 74240K, 99% used [0x00000000ebe00000,0x00000000f0679b08,0x00000000f0680000)
  from space 7168K, 75% used [0x00000000f0680000,0x00000000f0bc3120,0x00000000f0d80000)
  to   space 7168K, 0% used [0x00000000f3580000,0x00000000f3580000,0x00000000f3c80000)
 ParOldGen       total 30208K, used 11552K [0x00000000c3a00000, 0x00000000c5780000, 0x00000000ebe00000)
  object space 30208K, 38% used [0x00000000c3a00000,0x00000000c45481f8,0x00000000c5780000)
 Metaspace       used 30008K, capacity 30320K, committed 30464K, reserved 1075200K
  class space    used 3724K, capacity 3795K, committed 3840K, reserved 1048576K
Event: 18.293 GC heap after
Heap after GC invocations=15 (full 1):
 PSYoungGen      total 121344K, used 5335K [0x00000000ebe00000, 0x00000000f3c80000, 0x0000000100000000)
  eden space 114176K, 0% used [0x00000000ebe00000,0x00000000ebe00000,0x00000000f2d80000)
  from space 7168K, 74% used [0x00000000f3580000,0x00000000f3ab5da0,0x00000000f3c80000)
  to   space 7680K, 0% used [0x00000000f2d80000,0x00000000f2d80000,0x00000000f3500000)
 ParOldGen       total 30208K, used 13940K [0x00000000c3a00000, 0x00000000c5780000, 0x00000000ebe00000)
  object space 30208K, 46% used [0x00000000c3a00000,0x00000000c479d238,0x00000000c5780000)
 Metaspace       used 30008K, capacity 30320K, committed 30464K, reserved 1075200K
  class space    used 3724K, capacity 3795K, committed 3840K, reserved 1048576K
}
Event: 21.986 GC heap before
{Heap before GC invocations=16 (full 1):
 PSYoungGen      total 121344K, used 119511K [0x00000000ebe00000, 0x00000000f3c80000, 0x0000000100000000)
  eden space 114176K, 100% used [0x00000000ebe00000,0x00000000f2d80000,0x00000000f2d80000)
  from space 7168K, 74% used [0x00000000f3580000,0x00000000f3ab5da0,0x00000000f3c80000)
  to   space 7680K, 0% used [0x00000000f2d80000,0x00000000f2d80000,0x00000000f3500000)
 ParOldGen       total 30208K, used 13940K [0x00000000c3a00000, 0x00000000c5780000, 0x00000000ebe00000)
  object space 30208K, 46% used [0x00000000c3a00000,0x00000000c479d238,0x00000000c5780000)
 Metaspace       used 33541K, capacity 33904K, committed 34176K, reserved 1079296K
  class space    used 4238K, capacity 4355K, committed 4480K, reserved 1048576K
Event: 21.997 GC heap after
Heap after GC invocations=16 (full 1):
 PSYoungGen      total 121856K, used 6601K [0x00000000ebe00000, 0x00000000f7800000, 0x0000000100000000)
  eden space 114176K, 0% used [0x00000000ebe00000,0x00000000ebe00000,0x00000000f2d80000)
  from space 7680K, 85% used [0x00000000f2d80000,0x00000000f33f2650,0x00000000f3500000)
  to   space 8192K, 0% used [0x00000000f7000000,0x00000000f7000000,0x00000000f7800000)
 ParOldGen       total 30208K, used 16126K [0x00000000c3a00000, 0x00000000c5780000, 0x00000000ebe00000)
  object space 30208K, 53% used [0x00000000c3a00000,0x00000000c49bf970,0x00000000c5780000)
 Metaspace       used 33541K, capacity 33904K, committed 34176K, reserved 1079296K
  class space    used 4238K, capacity 4355K, committed 4480K, reserved 1048576K
}
Event: 22.640 GC heap before
{Heap before GC invocations=17 (full 1):
 PSYoungGen      total 121856K, used 19620K [0x00000000ebe00000, 0x00000000f7800000, 0x0000000100000000)
  eden space 114176K, 11% used [0x00000000ebe00000,0x00000000ecab6b80,0x00000000f2d80000)
  from space 7680K, 85% used [0x00000000f2d80000,0x00000000f33f2650,0x00000000f3500000)
  to   space 8192K, 0% used [0x00000000f7000000,0x00000000f7000000,0x00000000f7800000)
 ParOldGen       total 30208K, used 16126K [0x00000000c3a00000, 0x00000000c5780000, 0x00000000ebe00000)
  object space 30208K, 53% used [0x00000000c3a00000,0x00000000c49bf970,0x00000000c5780000)
 Metaspace       used 35013K, capacity 35280K, committed 35496K, reserved 1081344K
  class space    used 4484K, capacity 4579K, committed 4608K, reserved 1048576K
Event: 22.647 GC heap after
Heap after GC invocations=17 (full 1):
 PSYoungGen      total 178176K, used 1539K [0x00000000ebe00000, 0x00000000f7600000, 0x0000000100000000)
  eden space 172032K, 0% used [0x00000000ebe00000,0x00000000ebe00000,0x00000000f6600000)
  from space 6144K, 25% used [0x00000000f7000000,0x00000000f7180c00,0x00000000f7600000)
  to   space 8192K, 0% used [0x00000000f6600000,0x00000000f6600000,0x00000000f6e00000)
 ParOldGen       total 30208K, used 19188K [0x00000000c3a00000, 0x00000000c5780000, 0x00000000ebe00000)
  object space 30208K, 63% used [0x00000000c3a00000,0x00000000c4cbd278,0x00000000c5780000)
 Metaspace       used 35013K, capacity 35280K, committed 35496K, reserved 1081344K
  class space    used 4484K, capacity 4579K, committed 4608K, reserved 1048576K
}
Event: 22.647 GC heap before
{Heap before GC invocations=18 (full 2):
 PSYoungGen      total 178176K, used 1539K [0x00000000ebe00000, 0x00000000f7600000, 0x0000000100000000)
  eden space 172032K, 0% used [0x00000000ebe00000,0x00000000ebe00000,0x00000000f6600000)
  from space 6144K, 25% used [0x00000000f7000000,0x00000000f7180c00,0x00000000f7600000)
  to   space 8192K, 0% used [0x00000000f6600000,0x00000000f6600000,0x00000000f6e00000)
 ParOldGen       total 30208K, used 19188K [0x00000000c3a00000, 0x00000000c5780000, 0x00000000ebe00000)
  object space 30208K, 63% used [0x00000000c3a00000,0x00000000c4cbd278,0x00000000c5780000)
 Metaspace       used 35013K, capacity 35280K, committed 35496K, reserved 1081344K
  class space    used 4484K, capacity 4579K, committed 4608K, reserved 1048576K
Event: 22.778 GC heap after
Heap after GC invocations=18 (full 2):
 PSYoungGen      total 178176K, used 0K [0x00000000ebe00000, 0x00000000f7600000, 0x0000000100000000)
  eden space 172032K, 0% used [0x00000000ebe00000,0x00000000ebe00000,0x00000000f6600000)
  from space 6144K, 0% used [0x00000000f7000000,0x00000000f7000000,0x00000000f7600000)
  to   space 8192K, 0% used [0x00000000f6600000,0x00000000f6600000,0x00000000f6e00000)
 ParOldGen       total 44032K, used 19272K [0x00000000c3a00000, 0x00000000c6500000, 0x00000000ebe00000)
  object space 44032K, 43% used [0x00000000c3a00000,0x00000000c4cd20d8,0x00000000c6500000)
 Metaspace       used 35013K, capacity 35280K, committed 35496K, reserved 1081344K
  class space    used 4484K, capacity 4579K, committed 4608K, reserved 1048576K
}
Event: 27.670 GC heap before
{Heap before GC invocations=19 (full 2):
 PSYoungGen      total 178176K, used 172032K [0x00000000ebe00000, 0x00000000f7600000, 0x0000000100000000)
  eden space 172032K, 100% used [0x00000000ebe00000,0x00000000f6600000,0x00000000f6600000)
  from space 6144K, 0% used [0x00000000f7000000,0x00000000f7000000,0x00000000f7600000)
  to   space 8192K, 0% used [0x00000000f6600000,0x00000000f6600000,0x00000000f6e00000)
 ParOldGen       total 44032K, used 19272K [0x00000000c3a00000, 0x00000000c6500000, 0x00000000ebe00000)
  object space 44032K, 43% used [0x00000000c3a00000,0x00000000c4cd20d8,0x00000000c6500000)
 Metaspace       used 44437K, capacity 44762K, committed 45184K, reserved 1089536K
  class space    used 5808K, capacity 5898K, committed 6016K, reserved 1048576K
Event: 27.696 GC heap after
Heap after GC invocations=19 (full 2):
 PSYoungGen      total 180224K, used 8181K [0x00000000ebe00000, 0x00000000fb180000, 0x0000000100000000)
  eden space 172032K, 0% used [0x00000000ebe00000,0x00000000ebe00000,0x00000000f6600000)
  from space 8192K, 99% used [0x00000000f6600000,0x00000000f6dfd508,0x00000000f6e00000)
  to   space 11776K, 0% used [0x00000000fa600000,0x00000000fa600000,0x00000000fb180000)
 ParOldGen       total 44032K, used 25846K [0x00000000c3a00000, 0x00000000c6500000, 0x00000000ebe00000)
  object space 44032K, 58% used [0x00000000c3a00000,0x00000000c533d868,0x00000000c6500000)
 Metaspace       used 44437K, capacity 44762K, committed 45184K, reserved 1089536K
  class space    used 5808K, capacity 5898K, committed 6016K, reserved 1048576K
}

