# JRE version: Java(TM) SE Runtime Environment (8.0_121-b13) (build 1.8.0_121-b13)
# Java VM: Java HotSpot(TM) 64-Bit Server VM (25.121-b13 mixed mode linux-amd64 compressed oops)
Heap:
 PSYoungGen      total 305664K, used 190386K [0x000000076ab00000, 0x0000000789100000, 0x00000007c0000000)
  eden space 262144K, 72% used [0x000000076ab00000,0x00000007764ec8f8,0x000000077ab00000)
  from space 43520K, 0% used [0x000000077ab00000,0x000000077ab00000,0x000000077d580000)
  to   space 43520K, 0% used [0x0000000786680000,0x0000000786680000,0x0000000789100000)
 ParOldGen       total 719872K, used 22818K [0x00000006c0000000, 0x00000006ebf00000, 0x000000076ab00000)
  object space 719872K, 3% used [0x00000006c0000000,0x00000006c1648960,0x00000006ebf00000)
 Metaspace       used 45097K, capacity 45484K, committed 45824K, reserved 1089536K
  class space    used 5899K, capacity 6029K, committed 6144K, reserved 1048576K
GC Heap History (10 events):
Event: 7.531 GC heap before
{Heap before GC invocations=1 (full 0):
 PSYoungGen      total 305664K, used 188891K [0x000000076ab00000, 0x0000000780000000, 0x00000007c0000000)
  eden space 262144K, 72% used [0x000000076ab00000,0x0000000776376c98,0x000000077ab00000)
  from space 43520K, 0% used [0x000000077d580000,0x000000077d580000,0x0000000780000000)
  to   space 43520K, 0% used [0x000000077ab00000,0x000000077ab00000,0x000000077d580000)
 ParOldGen       total 699392K, used 0K [0x00000006c0000000, 0x00000006eab00000, 0x000000076ab00000)
  object space 699392K, 0% used [0x00000006c0000000,0x00000006c0000000,0x00000006eab00000)
 Metaspace       used 20970K, capacity 21152K, committed 21296K, reserved 1069056K
  class space    used 2557K, capacity 2608K, committed 2688K, reserved 1048576K
Event: 7.555 GC heap after
Heap after GC invocations=1 (full 0):
 PSYoungGen      total 305664K, used 21047K [0x000000076ab00000, 0x0000000780000000, 0x00000007c0000000)
  eden space 262144K, 0% used [0x000000076ab00000,0x000000076ab00000,0x000000077ab00000)
  from space 43520K, 48% used [0x000000077ab00000,0x000000077bf8dd00,0x000000077d580000)
  to   space 43520K, 0% used [0x000000077d580000,0x000000077d580000,0x0000000780000000)
 ParOldGen       total 699392K, used 88K [0x00000006c0000000, 0x00000006eab00000, 0x000000076ab00000)
  object space 699392K, 0% used [0x00000006c0000000,0x00000006c0016010,0x00000006eab00000)
 Metaspace       used 20970K, capacity 21152K, committed 21296K, reserved 1069056K
  class space    used 2557K, capacity 2608K, committed 2688K, reserved 1048576K
}
Event: 7.555 GC heap before
{Heap before GC invocations=2 (full 1):
 PSYoungGen      total 305664K, used 21047K [0x000000076ab00000, 0x0000000780000000, 0x00000007c0000000)
  eden space 262144K, 0% used [0x000000076ab00000,0x000000076ab00000,0x000000077ab00000)
  from space 43520K, 48% used [0x000000077ab00000,0x000000077bf8dd00,0x000000077d580000)
  to   space 43520K, 0% used [0x000000077d580000,0x000000077d580000,0x0000000780000000)
 ParOldGen       total 699392K, used 88K [0x00000006c0000000, 0x00000006eab00000, 0x000000076ab00000)
  object space 699392K, 0% used [0x00000006c0000000,0x00000006c0016010,0x00000006eab00000)
 Metaspace       used 20970K, capacity 21152K, committed 21296K, reserved 1069056K
  class space    used 2557K, capacity 2608K, committed 2688K, reserved 1048576K
Event: 7.610 GC heap after
Heap after GC invocations=2 (full 1):
 PSYoungGen      total 305664K, used 0K [0x000000076ab00000, 0x0000000780000000, 0x00000007c0000000)
  eden space 262144K, 0% used [0x000000076ab00000,0x000000076ab00000,0x000000077ab00000)
  from space 43520K, 0% used [0x000000077ab00000,0x000000077ab00000,0x000000077d580000)
  to   space 43520K, 0% used [0x000000077d580000,0x000000077d580000,0x0000000780000000)
 ParOldGen       total 699392K, used 20245K [0x00000006c0000000, 0x00000006eab00000, 0x000000076ab00000)
  object space 699392K, 2% used [0x00000006c0000000,0x00000006c13c57e0,0x00000006eab00000)
 Metaspace       used 20970K, capacity 21152K, committed 21296K, reserved 1069056K
  class space    used 2557K, capacity 2608K, committed 2688K, reserved 1048576K
}
Event: 10.591 GC heap before
{Heap before GC invocations=3 (full 1):
 PSYoungGen      total 305664K, used 262144K [0x000000076ab00000, 0x0000000780000000, 0x00000007c0000000)
  eden space 262144K, 100% used [0x000000076ab00000,0x000000077ab00000,0x000000077ab00000)
  from space 43520K, 0% used [0x000000077ab00000,0x000000077ab00000,0x000000077d580000)
  to   space 43520K, 0% used [0x000000077d580000,0x000000077d580000,0x0000000780000000)
 ParOldGen       total 699392K, used 20245K [0x00000006c0000000, 0x00000006eab00000, 0x000000076ab00000)
  object space 699392K, 2% used [0x00000006c0000000,0x00000006c13c57e0,0x00000006eab00000)
 Metaspace       used 30400K, capacity 30710K, committed 31104K, reserved 1077248K
  class space    used 3768K, capacity 3860K, committed 3968K, reserved 1048576K
Event: 10.614 GC heap after
Heap after GC invocations=3 (full 1):
 PSYoungGen      total 305664K, used 17338K [0x000000076ab00000, 0x0000000786c80000, 0x00000007c0000000)
  eden space 262144K, 0% used [0x000000076ab00000,0x000000076ab00000,0x000000077ab00000)
  from space 43520K, 39% used [0x000000077d580000,0x000000077e66eb20,0x0000000780000000)
  to   space 43520K, 0% used [0x000000077ab00000,0x000000077ab00000,0x000000077d580000)
 ParOldGen       total 699392K, used 20253K [0x00000006c0000000, 0x00000006eab00000, 0x000000076ab00000)
  object space 699392K, 2% used [0x00000006c0000000,0x00000006c13c77e0,0x00000006eab00000)
 Metaspace       used 30400K, capacity 30710K, committed 31104K, reserved 1077248K
  class space    used 3768K, capacity 3860K, committed 3968K, reserved 1048576K
}
Event: 12.018 GC heap before
{Heap before GC invocations=4 (full 1):
 PSYoungGen      total 305664K, used 120838K [0x000000076ab00000, 0x0000000786c80000, 0x00000007c0000000)
  eden space 262144K, 39% used [0x000000076ab00000,0x0000000771012e30,0x000000077ab00000)
  from space 43520K, 39% used [0x000000077d580000,0x000000077e66eb20,0x0000000780000000)
  to   space 43520K, 0% used [0x000000077ab00000,0x000000077ab00000,0x000000077d580000)
 ParOldGen       total 699392K, used 20253K [0x00000006c0000000, 0x00000006eab00000, 0x000000076ab00000)
  object space 699392K, 2% used [0x00000006c0000000,0x00000006c13c77e0,0x00000006eab00000)
 Metaspace       used 35048K, capacity 35350K, committed 35496K, reserved 1081344K
  class space    used 4496K, capacity 4580K, committed 4608K, reserved 1048576K
Event: 12.044 GC heap after
Heap after GC invocations=4 (full 1):
 PSYoungGen      total 305664K, used 13510K [0x000000076ab00000, 0x0000000789100000, 0x00000007c0000000)
  eden space 262144K, 0% used [0x000000076ab00000,0x000000076ab00000,0x000000077ab00000)
  from space 43520K, 31% used [0x000000077ab00000,0x000000077b831860,0x000000077d580000)
  to   space 43520K, 0% used [0x0000000786680000,0x0000000786680000,0x0000000789100000)
 ParOldGen       total 699392K, used 20261K [0x00000006c0000000, 0x00000006eab00000, 0x000000076ab00000)
  object space 699392K, 2% used [0x00000006c0000000,0x00000006c13c97e0,0x00000006eab00000)
 Metaspace       used 35048K, capacity 35350K, committed 35496K, reserved 1081344K
  class space    used 4496K, capacity 4580K, committed 4608K, reserved 1048576K
}
Event: 12.044 GC heap before
{Heap before GC invocations=5 (full 2):
 PSYoungGen      total 305664K, used 13510K [0x000000076ab00000, 0x0000000789100000, 0x00000007c0000000)
  eden space 262144K, 0% used [0x000000076ab00000,0x000000076ab00000,0x000000077ab00000)
  from space 43520K, 31% used [0x000000077ab00000,0x000000077b831860,0x000000077d580000)
  to   space 43520K, 0% used [0x0000000786680000,0x0000000786680000,0x0000000789100000)
 ParOldGen       total 699392K, used 20261K [0x00000006c0000000, 0x00000006eab00000, 0x000000076ab00000)
  object space 699392K, 2% used [0x00000006c0000000,0x00000006c13c97e0,0x00000006eab00000)
 Metaspace       used 35048K, capacity 35350K, committed 35496K, reserved 1081344K
  class space    used 4496K, capacity 4580K, committed 4608K, reserved 1048576K
Event: 12.120 GC heap after
Heap after GC invocations=5 (full 2):
 PSYoungGen      total 305664K, used 0K [0x000000076ab00000, 0x0000000789100000, 0x00000007c0000000)
  eden space 262144K, 0% used [0x000000076ab00000,0x000000076ab00000,0x000000077ab00000)
  from space 43520K, 0% used [0x000000077ab00000,0x000000077ab00000,0x000000077d580000)
  to   space 43520K, 0% used [0x0000000786680000,0x0000000786680000,0x0000000789100000)
 ParOldGen       total 719872K, used 22818K [0x00000006c0000000, 0x00000006ebf00000, 0x000000076ab00000)
  object space 719872K, 3% used [0x00000006c0000000,0x00000006c1648960,0x00000006ebf00000)
 Metaspace       used 35048K, capacity 35350K, committed 35496K, reserved 1081344K
  class space    used 4496K, capacity 4580K, committed 4608K, reserved 1048576K
}

