# JRE version: Java(TM) SE Runtime Environment (8.0_121-b13) (build 1.8.0_121-b13)
# Java VM: Java HotSpot(TM) 64-Bit Server VM (25.121-b13 mixed mode linux-amd64 compressed oops)
Heap:
 PSYoungGen      total 305664K, used 193729K [0x000000076ab00000, 0x0000000788f00000, 0x00000007c0000000)
  eden space 262144K, 73% used [0x000000076ab00000,0x00000007768305d8,0x000000077ab00000)
  from space 43520K, 0% used [0x000000077ab00000,0x000000077ab00000,0x000000077d580000)
  to   space 43520K, 0% used [0x0000000786480000,0x0000000786480000,0x0000000788f00000)
 ParOldGen       total 699392K, used 22820K [0x00000006c0000000, 0x00000006eab00000, 0x000000076ab00000)
  object space 699392K, 3% used [0x00000006c0000000,0x00000006c1649068,0x00000006eab00000)
 Metaspace       used 45167K, capacity 45544K, committed 45824K, reserved 1089536K
  class space    used 5915K, capacity 6041K, committed 6144K, reserved 1048576K
GC Heap History (10 events):
Event: 7.530 GC heap before
{Heap before GC invocations=1 (full 0):
 PSYoungGen      total 305664K, used 183654K [0x000000076ab00000, 0x0000000780000000, 0x00000007c0000000)
  eden space 262144K, 70% used [0x000000076ab00000,0x0000000775e59b78,0x000000077ab00000)
  from space 43520K, 0% used [0x000000077d580000,0x000000077d580000,0x0000000780000000)
  to   space 43520K, 0% used [0x000000077ab00000,0x000000077ab00000,0x000000077d580000)
 ParOldGen       total 699392K, used 0K [0x00000006c0000000, 0x00000006eab00000, 0x000000076ab00000)
  object space 699392K, 0% used [0x00000006c0000000,0x00000006c0000000,0x00000006eab00000)
 Metaspace       used 21032K, capacity 21168K, committed 21296K, reserved 1069056K
  class space    used 2578K, capacity 2608K, committed 2688K, reserved 1048576K
Event: 7.552 GC heap after
Heap after GC invocations=1 (full 0):
 PSYoungGen      total 305664K, used 20898K [0x000000076ab00000, 0x0000000780000000, 0x00000007c0000000)
  eden space 262144K, 0% used [0x000000076ab00000,0x000000076ab00000,0x000000077ab00000)
  from space 43520K, 48% used [0x000000077ab00000,0x000000077bf68b50,0x000000077d580000)
  to   space 43520K, 0% used [0x000000077d580000,0x000000077d580000,0x0000000780000000)
 ParOldGen       total 699392K, used 80K [0x00000006c0000000, 0x00000006eab00000, 0x000000076ab00000)
  object space 699392K, 0% used [0x00000006c0000000,0x00000006c0014010,0x00000006eab00000)
 Metaspace       used 21032K, capacity 21168K, committed 21296K, reserved 1069056K
  class space    used 2578K, capacity 2608K, committed 2688K, reserved 1048576K
}
Event: 7.552 GC heap before
{Heap before GC invocations=2 (full 1):
 PSYoungGen      total 305664K, used 20898K [0x000000076ab00000, 0x0000000780000000, 0x00000007c0000000)
  eden space 262144K, 0% used [0x000000076ab00000,0x000000076ab00000,0x000000077ab00000)
  from space 43520K, 48% used [0x000000077ab00000,0x000000077bf68b50,0x000000077d580000)
  to   space 43520K, 0% used [0x000000077d580000,0x000000077d580000,0x0000000780000000)
 ParOldGen       total 699392K, used 80K [0x00000006c0000000, 0x00000006eab00000, 0x000000076ab00000)
  object space 699392K, 0% used [0x00000006c0000000,0x00000006c0014010,0x00000006eab00000)
 Metaspace       used 21032K, capacity 21168K, committed 21296K, reserved 1069056K
  class space    used 2578K, capacity 2608K, committed 2688K, reserved 1048576K
Event: 7.600 GC heap after
Heap after GC invocations=2 (full 1):
 PSYoungGen      total 305664K, used 0K [0x000000076ab00000, 0x0000000780000000, 0x00000007c0000000)
  eden space 262144K, 0% used [0x000000076ab00000,0x000000076ab00000,0x000000077ab00000)
  from space 43520K, 0% used [0x000000077ab00000,0x000000077ab00000,0x000000077d580000)
  to   space 43520K, 0% used [0x000000077d580000,0x000000077d580000,0x0000000780000000)
 ParOldGen       total 699392K, used 20197K [0x00000006c0000000, 0x00000006eab00000, 0x000000076ab00000)
  object space 699392K, 2% used [0x00000006c0000000,0x00000006c13b96d0,0x00000006eab00000)
 Metaspace       used 21032K, capacity 21168K, committed 21296K, reserved 1069056K
  class space    used 2578K, capacity 2608K, committed 2688K, reserved 1048576K
}
Event: 10.593 GC heap before
{Heap before GC invocations=3 (full 1):
 PSYoungGen      total 305664K, used 262144K [0x000000076ab00000, 0x0000000780000000, 0x00000007c0000000)
  eden space 262144K, 100% used [0x000000076ab00000,0x000000077ab00000,0x000000077ab00000)
  from space 43520K, 0% used [0x000000077ab00000,0x000000077ab00000,0x000000077d580000)
  to   space 43520K, 0% used [0x000000077d580000,0x000000077d580000,0x0000000780000000)
 ParOldGen       total 699392K, used 20197K [0x00000006c0000000, 0x00000006eab00000, 0x000000076ab00000)
  object space 699392K, 2% used [0x00000006c0000000,0x00000006c13b96d0,0x00000006eab00000)
 Metaspace       used 30367K, capacity 30662K, committed 30848K, reserved 1077248K
  class space    used 3765K, capacity 3860K, committed 3968K, reserved 1048576K
Event: 10.627 GC heap after
Heap after GC invocations=3 (full 1):
 PSYoungGen      total 305664K, used 17314K [0x000000076ab00000, 0x0000000788580000, 0x00000007c0000000)
  eden space 262144K, 0% used [0x000000076ab00000,0x000000076ab00000,0x000000077ab00000)
  from space 43520K, 39% used [0x000000077d580000,0x000000077e668b40,0x0000000780000000)
  to   space 43520K, 0% used [0x000000077ab00000,0x000000077ab00000,0x000000077d580000)
 ParOldGen       total 699392K, used 20205K [0x00000006c0000000, 0x00000006eab00000, 0x000000076ab00000)
  object space 699392K, 2% used [0x00000006c0000000,0x00000006c13bb6d0,0x00000006eab00000)
 Metaspace       used 30367K, capacity 30662K, committed 30848K, reserved 1077248K
  class space    used 3765K, capacity 3860K, committed 3968K, reserved 1048576K
}
Event: 12.054 GC heap before
{Heap before GC invocations=4 (full 1):
 PSYoungGen      total 305664K, used 122411K [0x000000076ab00000, 0x0000000788580000, 0x00000007c0000000)
  eden space 262144K, 40% used [0x000000076ab00000,0x00000007711a23a0,0x000000077ab00000)
  from space 43520K, 39% used [0x000000077d580000,0x000000077e668b40,0x0000000780000000)
  to   space 43520K, 0% used [0x000000077ab00000,0x000000077ab00000,0x000000077d580000)
 ParOldGen       total 699392K, used 20205K [0x00000006c0000000, 0x00000006eab00000, 0x000000076ab00000)
  object space 699392K, 2% used [0x00000006c0000000,0x00000006c13bb6d0,0x00000006eab00000)
 Metaspace       used 35089K, capacity 35366K, committed 35496K, reserved 1081344K
  class space    used 4503K, capacity 4580K, committed 4608K, reserved 1048576K
Event: 12.069 GC heap after
Heap after GC invocations=4 (full 1):
 PSYoungGen      total 305664K, used 13589K [0x000000076ab00000, 0x0000000788f00000, 0x00000007c0000000)
  eden space 262144K, 0% used [0x000000076ab00000,0x000000076ab00000,0x000000077ab00000)
  from space 43520K, 31% used [0x000000077ab00000,0x000000077b845518,0x000000077d580000)
  to   space 43520K, 0% used [0x0000000786480000,0x0000000786480000,0x0000000788f00000)
 ParOldGen       total 699392K, used 20213K [0x00000006c0000000, 0x00000006eab00000, 0x000000076ab00000)
  object space 699392K, 2% used [0x00000006c0000000,0x00000006c13bd6d0,0x00000006eab00000)
 Metaspace       used 35089K, capacity 35366K, committed 35496K, reserved 1081344K
  class space    used 4503K, capacity 4580K, committed 4608K, reserved 1048576K
}
Event: 12.069 GC heap before
{Heap before GC invocations=5 (full 2):
 PSYoungGen      total 305664K, used 13589K [0x000000076ab00000, 0x0000000788f00000, 0x00000007c0000000)
  eden space 262144K, 0% used [0x000000076ab00000,0x000000076ab00000,0x000000077ab00000)
  from space 43520K, 31% used [0x000000077ab00000,0x000000077b845518,0x000000077d580000)
  to   space 43520K, 0% used [0x0000000786480000,0x0000000786480000,0x0000000788f00000)
 ParOldGen       total 699392K, used 20213K [0x00000006c0000000, 0x00000006eab00000, 0x000000076ab00000)
  object space 699392K, 2% used [0x00000006c0000000,0x00000006c13bd6d0,0x00000006eab00000)
 Metaspace       used 35089K, capacity 35366K, committed 35496K, reserved 1081344K
  class space    used 4503K, capacity 4580K, committed 4608K, reserved 1048576K
Event: 12.135 GC heap after
Heap after GC invocations=5 (full 2):
 PSYoungGen      total 305664K, used 0K [0x000000076ab00000, 0x0000000788f00000, 0x00000007c0000000)
  eden space 262144K, 0% used [0x000000076ab00000,0x000000076ab00000,0x000000077ab00000)
  from space 43520K, 0% used [0x000000077ab00000,0x000000077ab00000,0x000000077d580000)
  to   space 43520K, 0% used [0x0000000786480000,0x0000000786480000,0x0000000788f00000)
 ParOldGen       total 699392K, used 22820K [0x00000006c0000000, 0x00000006eab00000, 0x000000076ab00000)
  object space 699392K, 3% used [0x00000006c0000000,0x00000006c1649068,0x00000006eab00000)
 Metaspace       used 35089K, capacity 35366K, committed 35496K, reserved 1081344K
  class space    used 4503K, capacity 4580K, committed 4608K, reserved 1048576K
}

