# JRE version: Java(TM) SE Runtime Environment (8.0_121-b13) (build 1.8.0_121-b13)
# Java VM: Java HotSpot(TM) 64-Bit Server VM (25.121-b13 mixed mode linux-amd64 compressed oops)
Heap:
 PSYoungGen      total 502784K, used 200096K [0x000000076ab00000, 0x000000078dd80000, 0x00000007c0000000)
  eden space 488960K, 40% used [0x000000076ab00000,0x0000000776e68368,0x0000000788880000)
  from space 13824K, 0% used [0x0000000789180000,0x0000000789180000,0x0000000789f00000)
  to   space 43520K, 0% used [0x000000078b300000,0x000000078b300000,0x000000078dd80000)
 ParOldGen       total 699392K, used 22927K [0x00000006c0000000, 0x00000006eab00000, 0x000000076ab00000)
  object space 699392K, 3% used [0x00000006c0000000,0x00000006c1663ee8,0x00000006eab00000)
 Metaspace       used 45072K, capacity 45428K, committed 45824K, reserved 1089536K
  class space    used 5899K, capacity 6029K, committed 6144K, reserved 1048576K
GC Heap History (10 events):
Event: 2.444 GC heap before
{Heap before GC invocations=1 (full 0):
 PSYoungGen      total 305664K, used 178404K [0x000000076ab00000, 0x0000000780000000, 0x00000007c0000000)
  eden space 262144K, 68% used [0x000000076ab00000,0x0000000775939298,0x000000077ab00000)
  from space 43520K, 0% used [0x000000077d580000,0x000000077d580000,0x0000000780000000)
  to   space 43520K, 0% used [0x000000077ab00000,0x000000077ab00000,0x000000077d580000)
 ParOldGen       total 699392K, used 0K [0x00000006c0000000, 0x00000006eab00000, 0x000000076ab00000)
  object space 699392K, 0% used [0x00000006c0000000,0x00000006c0000000,0x00000006eab00000)
 Metaspace       used 21075K, capacity 21202K, committed 21296K, reserved 1069056K
  class space    used 2598K, capacity 2642K, committed 2688K, reserved 1048576K
Event: 2.485 GC heap after
Heap after GC invocations=1 (full 0):
 PSYoungGen      total 305664K, used 20969K [0x000000076ab00000, 0x0000000790000000, 0x00000007c0000000)
  eden space 262144K, 0% used [0x000000076ab00000,0x000000076ab00000,0x000000077ab00000)
  from space 43520K, 48% used [0x000000077ab00000,0x000000077bf7a7b8,0x000000077d580000)
  to   space 43520K, 0% used [0x000000078d580000,0x000000078d580000,0x0000000790000000)
 ParOldGen       total 699392K, used 88K [0x00000006c0000000, 0x00000006eab00000, 0x000000076ab00000)
  object space 699392K, 0% used [0x00000006c0000000,0x00000006c0016010,0x00000006eab00000)
 Metaspace       used 21075K, capacity 21202K, committed 21296K, reserved 1069056K
  class space    used 2598K, capacity 2642K, committed 2688K, reserved 1048576K
}
Event: 2.485 GC heap before
{Heap before GC invocations=2 (full 1):
 PSYoungGen      total 305664K, used 20969K [0x000000076ab00000, 0x0000000790000000, 0x00000007c0000000)
  eden space 262144K, 0% used [0x000000076ab00000,0x000000076ab00000,0x000000077ab00000)
  from space 43520K, 48% used [0x000000077ab00000,0x000000077bf7a7b8,0x000000077d580000)
  to   space 43520K, 0% used [0x000000078d580000,0x000000078d580000,0x0000000790000000)
 ParOldGen       total 699392K, used 88K [0x00000006c0000000, 0x00000006eab00000, 0x000000076ab00000)
  object space 699392K, 0% used [0x00000006c0000000,0x00000006c0016010,0x00000006eab00000)
 Metaspace       used 21075K, capacity 21202K, committed 21296K, reserved 1069056K
  class space    used 2598K, capacity 2642K, committed 2688K, reserved 1048576K
Event: 2.541 GC heap after
Heap after GC invocations=2 (full 1):
 PSYoungGen      total 305664K, used 0K [0x000000076ab00000, 0x0000000790000000, 0x00000007c0000000)
  eden space 262144K, 0% used [0x000000076ab00000,0x000000076ab00000,0x000000077ab00000)
  from space 43520K, 0% used [0x000000077ab00000,0x000000077ab00000,0x000000077d580000)
  to   space 43520K, 0% used [0x000000078d580000,0x000000078d580000,0x0000000790000000)
 ParOldGen       total 699392K, used 20251K [0x00000006c0000000, 0x00000006eab00000, 0x000000076ab00000)
  object space 699392K, 2% used [0x00000006c0000000,0x00000006c13c6e68,0x00000006eab00000)
 Metaspace       used 21075K, capacity 21202K, committed 21296K, reserved 1069056K
  class space    used 2598K, capacity 2642K, committed 2688K, reserved 1048576K
}
Event: 4.854 GC heap before
{Heap before GC invocations=3 (full 1):
 PSYoungGen      total 305664K, used 262144K [0x000000076ab00000, 0x0000000790000000, 0x00000007c0000000)
  eden space 262144K, 100% used [0x000000076ab00000,0x000000077ab00000,0x000000077ab00000)
  from space 43520K, 0% used [0x000000077ab00000,0x000000077ab00000,0x000000077d580000)
  to   space 43520K, 0% used [0x000000078d580000,0x000000078d580000,0x0000000790000000)
 ParOldGen       total 699392K, used 20251K [0x00000006c0000000, 0x00000006eab00000, 0x000000076ab00000)
  object space 699392K, 2% used [0x00000006c0000000,0x00000006c13c6e68,0x00000006eab00000)
 Metaspace       used 30377K, capacity 30654K, committed 30848K, reserved 1077248K
  class space    used 3766K, capacity 3860K, committed 3968K, reserved 1048576K
Event: 4.877 GC heap after
Heap after GC invocations=3 (full 1):
 PSYoungGen      total 374784K, used 16964K [0x000000076ab00000, 0x000000078e680000, 0x00000007c0000000)
  eden space 357376K, 0% used [0x000000076ab00000,0x000000076ab00000,0x0000000780800000)
  from space 17408K, 97% used [0x000000078d580000,0x000000078e611168,0x000000078e680000)
  to   space 43520K, 0% used [0x0000000789180000,0x0000000789180000,0x000000078bc00000)
 ParOldGen       total 699392K, used 20259K [0x00000006c0000000, 0x00000006eab00000, 0x000000076ab00000)
  object space 699392K, 2% used [0x00000006c0000000,0x00000006c13c8e68,0x00000006eab00000)
 Metaspace       used 30377K, capacity 30654K, committed 30848K, reserved 1077248K
  class space    used 3766K, capacity 3860K, committed 3968K, reserved 1048576K
}
Event: 6.185 GC heap before
{Heap before GC invocations=4 (full 1):
 PSYoungGen      total 374784K, used 132762K [0x000000076ab00000, 0x000000078e680000, 0x00000007c0000000)
  eden space 357376K, 32% used [0x000000076ab00000,0x0000000771c15920,0x0000000780800000)
  from space 17408K, 97% used [0x000000078d580000,0x000000078e611168,0x000000078e680000)
  to   space 43520K, 0% used [0x0000000789180000,0x0000000789180000,0x000000078bc00000)
 ParOldGen       total 699392K, used 20259K [0x00000006c0000000, 0x00000006eab00000, 0x000000076ab00000)
  object space 699392K, 2% used [0x00000006c0000000,0x00000006c13c8e68,0x00000006eab00000)
 Metaspace       used 35049K, capacity 35358K, committed 35496K, reserved 1081344K
  class space    used 4501K, capacity 4580K, committed 4608K, reserved 1048576K
Event: 6.204 GC heap after
Heap after GC invocations=4 (full 1):
 PSYoungGen      total 502784K, used 13707K [0x000000076ab00000, 0x000000078dd80000, 0x00000007c0000000)
  eden space 488960K, 0% used [0x000000076ab00000,0x000000076ab00000,0x0000000788880000)
  from space 13824K, 99% used [0x0000000789180000,0x0000000789ee2d10,0x0000000789f00000)
  to   space 43520K, 0% used [0x000000078b300000,0x000000078b300000,0x000000078dd80000)
 ParOldGen       total 699392K, used 20267K [0x00000006c0000000, 0x00000006eab00000, 0x000000076ab00000)
  object space 699392K, 2% used [0x00000006c0000000,0x00000006c13cae68,0x00000006eab00000)
 Metaspace       used 35049K, capacity 35358K, committed 35496K, reserved 1081344K
  class space    used 4501K, capacity 4580K, committed 4608K, reserved 1048576K
}
Event: 6.204 GC heap before
{Heap before GC invocations=5 (full 2):
 PSYoungGen      total 502784K, used 13707K [0x000000076ab00000, 0x000000078dd80000, 0x00000007c0000000)
  eden space 488960K, 0% used [0x000000076ab00000,0x000000076ab00000,0x0000000788880000)
  from space 13824K, 99% used [0x0000000789180000,0x0000000789ee2d10,0x0000000789f00000)
  to   space 43520K, 0% used [0x000000078b300000,0x000000078b300000,0x000000078dd80000)
 ParOldGen       total 699392K, used 20267K [0x00000006c0000000, 0x00000006eab00000, 0x000000076ab00000)
  object space 699392K, 2% used [0x00000006c0000000,0x00000006c13cae68,0x00000006eab00000)
 Metaspace       used 35049K, capacity 35358K, committed 35496K, reserved 1081344K
  class space    used 4501K, capacity 4580K, committed 4608K, reserved 1048576K
Event: 6.271 GC heap after
Heap after GC invocations=5 (full 2):
 PSYoungGen      total 502784K, used 0K [0x000000076ab00000, 0x000000078dd80000, 0x00000007c0000000)
  eden space 488960K, 0% used [0x000000076ab00000,0x000000076ab00000,0x0000000788880000)
  from space 13824K, 0% used [0x0000000789180000,0x0000000789180000,0x0000000789f00000)
  to   space 43520K, 0% used [0x000000078b300000,0x000000078b300000,0x000000078dd80000)
 ParOldGen       total 699392K, used 22927K [0x00000006c0000000, 0x00000006eab00000, 0x000000076ab00000)
  object space 699392K, 3% used [0x00000006c0000000,0x00000006c1663ee8,0x00000006eab00000)
 Metaspace       used 35049K, capacity 35358K, committed 35496K, reserved 1081344K
  class space    used 4501K, capacity 4580K, committed 4608K, reserved 1048576K
}

