# JRE version: Java(TM) SE Runtime Environment (8.0_121-b13) (build 1.8.0_121-b13)
# Java VM: Java HotSpot(TM) 64-Bit Server VM (25.121-b13 mixed mode linux-amd64 compressed oops)
Heap:
 PSYoungGen      total 305664K, used 186265K [0x000000076ab00000, 0x0000000788b80000, 0x00000007c0000000)
  eden space 262144K, 71% used [0x000000076ab00000,0x00000007760e6550,0x000000077ab00000)
  from space 43520K, 0% used [0x000000077ab00000,0x000000077ab00000,0x000000077d580000)
  to   space 43520K, 0% used [0x0000000786100000,0x0000000786100000,0x0000000788b80000)
 ParOldGen       total 699392K, used 22682K [0x00000006c0000000, 0x00000006eab00000, 0x000000076ab00000)
  object space 699392K, 3% used [0x00000006c0000000,0x00000006c1626a30,0x00000006eab00000)
 Metaspace       used 45179K, capacity 45592K, committed 46080K, reserved 1089536K
  class space    used 5916K, capacity 6041K, committed 6144K, reserved 1048576K
GC Heap History (10 events):
Event: 9.097 GC heap before
{Heap before GC invocations=1 (full 0):
 PSYoungGen      total 305664K, used 204619K [0x000000076ab00000, 0x0000000780000000, 0x00000007c0000000)
  eden space 262144K, 78% used [0x000000076ab00000,0x00000007772d2de0,0x000000077ab00000)
  from space 43520K, 0% used [0x000000077d580000,0x000000077d580000,0x0000000780000000)
  to   space 43520K, 0% used [0x000000077ab00000,0x000000077ab00000,0x000000077d580000)
 ParOldGen       total 699392K, used 0K [0x00000006c0000000, 0x00000006eab00000, 0x000000076ab00000)
  object space 699392K, 0% used [0x00000006c0000000,0x00000006c0000000,0x00000006eab00000)
 Metaspace       used 21022K, capacity 21158K, committed 21296K, reserved 1069056K
  class space    used 2574K, capacity 2609K, committed 2688K, reserved 1048576K
Event: 9.134 GC heap after
Heap after GC invocations=1 (full 0):
 PSYoungGen      total 305664K, used 21404K [0x000000076ab00000, 0x0000000780000000, 0x00000007c0000000)
  eden space 262144K, 0% used [0x000000076ab00000,0x000000076ab00000,0x000000077ab00000)
  from space 43520K, 49% used [0x000000077ab00000,0x000000077bfe7398,0x000000077d580000)
  to   space 43520K, 0% used [0x000000077d580000,0x000000077d580000,0x0000000780000000)
 ParOldGen       total 699392K, used 80K [0x00000006c0000000, 0x00000006eab00000, 0x000000076ab00000)
  object space 699392K, 0% used [0x00000006c0000000,0x00000006c0014010,0x00000006eab00000)
 Metaspace       used 21022K, capacity 21158K, committed 21296K, reserved 1069056K
  class space    used 2574K, capacity 2609K, committed 2688K, reserved 1048576K
}
Event: 9.144 GC heap before
{Heap before GC invocations=2 (full 1):
 PSYoungGen      total 305664K, used 21404K [0x000000076ab00000, 0x0000000780000000, 0x00000007c0000000)
  eden space 262144K, 0% used [0x000000076ab00000,0x000000076ab00000,0x000000077ab00000)
  from space 43520K, 49% used [0x000000077ab00000,0x000000077bfe7398,0x000000077d580000)
  to   space 43520K, 0% used [0x000000077d580000,0x000000077d580000,0x0000000780000000)
 ParOldGen       total 699392K, used 80K [0x00000006c0000000, 0x00000006eab00000, 0x000000076ab00000)
  object space 699392K, 0% used [0x00000006c0000000,0x00000006c0014010,0x00000006eab00000)
 Metaspace       used 21022K, capacity 21158K, committed 21296K, reserved 1069056K
  class space    used 2574K, capacity 2609K, committed 2688K, reserved 1048576K
Event: 9.262 GC heap after
Heap after GC invocations=2 (full 1):
 PSYoungGen      total 305664K, used 0K [0x000000076ab00000, 0x0000000780000000, 0x00000007c0000000)
  eden space 262144K, 0% used [0x000000076ab00000,0x000000076ab00000,0x000000077ab00000)
  from space 43520K, 0% used [0x000000077ab00000,0x000000077ab00000,0x000000077d580000)
  to   space 43520K, 0% used [0x000000077d580000,0x000000077d580000,0x0000000780000000)
 ParOldGen       total 699392K, used 20630K [0x00000006c0000000, 0x00000006eab00000, 0x000000076ab00000)
  object space 699392K, 2% used [0x00000006c0000000,0x00000006c1425ab0,0x00000006eab00000)
 Metaspace       used 21022K, capacity 21158K, committed 21296K, reserved 1069056K
  class space    used 2574K, capacity 2609K, committed 2688K, reserved 1048576K
}
Event: 12.675 GC heap before
{Heap before GC invocations=3 (full 1):
 PSYoungGen      total 305664K, used 262144K [0x000000076ab00000, 0x0000000780000000, 0x00000007c0000000)
  eden space 262144K, 100% used [0x000000076ab00000,0x000000077ab00000,0x000000077ab00000)
  from space 43520K, 0% used [0x000000077ab00000,0x000000077ab00000,0x000000077d580000)
  to   space 43520K, 0% used [0x000000077d580000,0x000000077d580000,0x0000000780000000)
 ParOldGen       total 699392K, used 20630K [0x00000006c0000000, 0x00000006eab00000, 0x000000076ab00000)
  object space 699392K, 2% used [0x00000006c0000000,0x00000006c1425ab0,0x00000006eab00000)
 Metaspace       used 30403K, capacity 30710K, committed 31104K, reserved 1077248K
  class space    used 3765K, capacity 3860K, committed 3968K, reserved 1048576K
Event: 12.811 GC heap after
Heap after GC invocations=3 (full 1):
 PSYoungGen      total 305664K, used 17011K [0x000000076ab00000, 0x0000000789c80000, 0x00000007c0000000)
  eden space 262144K, 0% used [0x000000076ab00000,0x000000076ab00000,0x000000077ab00000)
  from space 43520K, 39% used [0x000000077d580000,0x000000077e61ce58,0x0000000780000000)
  to   space 43520K, 0% used [0x000000077ab00000,0x000000077ab00000,0x000000077d580000)
 ParOldGen       total 699392K, used 20630K [0x00000006c0000000, 0x00000006eab00000, 0x000000076ab00000)
  object space 699392K, 2% used [0x00000006c0000000,0x00000006c1425ab0,0x00000006eab00000)
 Metaspace       used 30403K, capacity 30710K, committed 31104K, reserved 1077248K
  class space    used 3765K, capacity 3860K, committed 3968K, reserved 1048576K
}
Event: 15.419 GC heap before
{Heap before GC invocations=4 (full 1):
 PSYoungGen      total 305664K, used 114817K [0x000000076ab00000, 0x0000000789c80000, 0x00000007c0000000)
  eden space 262144K, 37% used [0x000000076ab00000,0x0000000770a835d0,0x000000077ab00000)
  from space 43520K, 39% used [0x000000077d580000,0x000000077e61ce58,0x0000000780000000)
  to   space 43520K, 0% used [0x000000077ab00000,0x000000077ab00000,0x000000077d580000)
 ParOldGen       total 699392K, used 20630K [0x00000006c0000000, 0x00000006eab00000, 0x000000076ab00000)
  object space 699392K, 2% used [0x00000006c0000000,0x00000006c1425ab0,0x00000006eab00000)
 Metaspace       used 35052K, capacity 35350K, committed 35496K, reserved 1081344K
  class space    used 4500K, capacity 4580K, committed 4608K, reserved 1048576K
Event: 15.434 GC heap after
Heap after GC invocations=4 (full 1):
 PSYoungGen      total 305664K, used 13215K [0x000000076ab00000, 0x0000000788b80000, 0x00000007c0000000)
  eden space 262144K, 0% used [0x000000076ab00000,0x000000076ab00000,0x000000077ab00000)
  from space 43520K, 30% used [0x000000077ab00000,0x000000077b7e7fc8,0x000000077d580000)
  to   space 43520K, 0% used [0x0000000786100000,0x0000000786100000,0x0000000788b80000)
 ParOldGen       total 699392K, used 20638K [0x00000006c0000000, 0x00000006eab00000, 0x000000076ab00000)
  object space 699392K, 2% used [0x00000006c0000000,0x00000006c1427ab0,0x00000006eab00000)
 Metaspace       used 35052K, capacity 35350K, committed 35496K, reserved 1081344K
  class space    used 4500K, capacity 4580K, committed 4608K, reserved 1048576K
}
Event: 15.434 GC heap before
{Heap before GC invocations=5 (full 2):
 PSYoungGen      total 305664K, used 13215K [0x000000076ab00000, 0x0000000788b80000, 0x00000007c0000000)
  eden space 262144K, 0% used [0x000000076ab00000,0x000000076ab00000,0x000000077ab00000)
  from space 43520K, 30% used [0x000000077ab00000,0x000000077b7e7fc8,0x000000077d580000)
  to   space 43520K, 0% used [0x0000000786100000,0x0000000786100000,0x0000000788b80000)
 ParOldGen       total 699392K, used 20638K [0x00000006c0000000, 0x00000006eab00000, 0x000000076ab00000)
  object space 699392K, 2% used [0x00000006c0000000,0x00000006c1427ab0,0x00000006eab00000)
 Metaspace       used 35052K, capacity 35350K, committed 35496K, reserved 1081344K
  class space    used 4500K, capacity 4580K, committed 4608K, reserved 1048576K
Event: 15.499 GC heap after
Heap after GC invocations=5 (full 2):
 PSYoungGen      total 305664K, used 0K [0x000000076ab00000, 0x0000000788b80000, 0x00000007c0000000)
  eden space 262144K, 0% used [0x000000076ab00000,0x000000076ab00000,0x000000077ab00000)
  from space 43520K, 0% used [0x000000077ab00000,0x000000077ab00000,0x000000077d580000)
  to   space 43520K, 0% used [0x0000000786100000,0x0000000786100000,0x0000000788b80000)
 ParOldGen       total 699392K, used 22682K [0x00000006c0000000, 0x00000006eab00000, 0x000000076ab00000)
  object space 699392K, 3% used [0x00000006c0000000,0x00000006c1626a30,0x00000006eab00000)
 Metaspace       used 35052K, capacity 35350K, committed 35496K, reserved 1081344K
  class space    used 4500K, capacity 4580K, committed 4608K, reserved 1048576K
}

