# JRE version: Java(TM) SE Runtime Environment (8.0_121-b13) (build 1.8.0_121-b13)
# Java VM: Java HotSpot(TM) 64-Bit Server VM (25.121-b13 mixed mode linux-amd64 compressed oops)
Heap:
 PSYoungGen      total 176640K, used 65495K [0x00000000ebe00000, 0x00000000f7b80000, 0x0000000100000000)
  eden space 162304K, 32% used [0x00000000ebe00000,0x00000000ef160ad8,0x00000000f5c80000)
  from space 14336K, 89% used [0x00000000f6d00000,0x00000000f7995418,0x00000000f7b00000)
  to   space 15872K, 0% used [0x00000000f5c80000,0x00000000f5c80000,0x00000000f6c00000)
 ParOldGen       total 67584K, used 22631K [0x00000000c3a00000, 0x00000000c7c00000, 0x00000000ebe00000)
  object space 67584K, 33% used [0x00000000c3a00000,0x00000000c5019cb8,0x00000000c7c00000)
 Metaspace       used 45070K, capacity 45400K, committed 45696K, reserved 1089536K
  class space    used 5897K, capacity 5997K, committed 6016K, reserved 1048576K
GC Heap History (10 events):
Event: 3.278 GC heap before
{Heap before GC invocations=8 (full 1):
 PSYoungGen      total 93696K, used 93615K [0x00000000ebe00000, 0x00000000f4600000, 0x0000000100000000)
  eden space 91136K, 100% used [0x00000000ebe00000,0x00000000f1700000,0x00000000f1700000)
  from space 2560K, 96% used [0x00000000f4380000,0x00000000f45ebd48,0x00000000f4600000)
  to   space 10240K, 0% used [0x00000000f3200000,0x00000000f3200000,0x00000000f3c00000)
 ParOldGen       total 43008K, used 10963K [0x00000000c3a00000, 0x00000000c6400000, 0x00000000ebe00000)
  object space 43008K, 25% used [0x00000000c3a00000,0x00000000c44b4dc0,0x00000000c6400000)
 Metaspace       used 25365K, capacity 25624K, committed 25856K, reserved 1071104K
  class space    used 3145K, capacity 3213K, committed 3328K, reserved 1048576K
Event: 3.292 GC heap after
Heap after GC invocations=8 (full 1):
 PSYoungGen      total 129024K, used 8304K [0x00000000ebe00000, 0x00000000f5200000, 0x0000000100000000)
  eden space 118784K, 0% used [0x00000000ebe00000,0x00000000ebe00000,0x00000000f3200000)
  from space 10240K, 81% used [0x00000000f3200000,0x00000000f3a1c058,0x00000000f3c00000)
  to   space 10752K, 0% used [0x00000000f4780000,0x00000000f4780000,0x00000000f5200000)
 ParOldGen       total 43008K, used 10971K [0x00000000c3a00000, 0x00000000c6400000, 0x00000000ebe00000)
  object space 43008K, 25% used [0x00000000c3a00000,0x00000000c44b6dc0,0x00000000c6400000)
 Metaspace       used 25365K, capacity 25624K, committed 25856K, reserved 1071104K
  class space    used 3145K, capacity 3213K, committed 3328K, reserved 1048576K
}
Event: 4.327 GC heap before
{Heap before GC invocations=9 (full 1):
 PSYoungGen      total 129024K, used 127088K [0x00000000ebe00000, 0x00000000f5200000, 0x0000000100000000)
  eden space 118784K, 100% used [0x00000000ebe00000,0x00000000f3200000,0x00000000f3200000)
  from space 10240K, 81% used [0x00000000f3200000,0x00000000f3a1c058,0x00000000f3c00000)
  to   space 10752K, 0% used [0x00000000f4780000,0x00000000f4780000,0x00000000f5200000)
 ParOldGen       total 43008K, used 10971K [0x00000000c3a00000, 0x00000000c6400000, 0x00000000ebe00000)
  object space 43008K, 25% used [0x00000000c3a00000,0x00000000c44b6dc0,0x00000000c6400000)
 Metaspace       used 29907K, capacity 30204K, committed 30464K, reserved 1075200K
  class space    used 3719K, capacity 3795K, committed 3840K, reserved 1048576K
Event: 4.355 GC heap after
Heap after GC invocations=9 (full 1):
 PSYoungGen      total 139264K, used 9761K [0x00000000ebe00000, 0x00000000f7d00000, 0x0000000100000000)
  eden space 128512K, 0% used [0x00000000ebe00000,0x00000000ebe00000,0x00000000f3b80000)
  from space 10752K, 90% used [0x00000000f4780000,0x00000000f51087a0,0x00000000f5200000)
  to   space 12288K, 0% used [0x00000000f3b80000,0x00000000f3b80000,0x00000000f4780000)
 ParOldGen       total 43008K, used 10979K [0x00000000c3a00000, 0x00000000c6400000, 0x00000000ebe00000)
  object space 43008K, 25% used [0x00000000c3a00000,0x00000000c44b8dc0,0x00000000c6400000)
 Metaspace       used 29907K, capacity 30204K, committed 30464K, reserved 1075200K
  class space    used 3719K, capacity 3795K, committed 3840K, reserved 1048576K
}
Event: 5.401 GC heap before
{Heap before GC invocations=10 (full 1):
 PSYoungGen      total 139264K, used 124937K [0x00000000ebe00000, 0x00000000f7d00000, 0x0000000100000000)
  eden space 128512K, 89% used [0x00000000ebe00000,0x00000000f2e79e20,0x00000000f3b80000)
  from space 10752K, 90% used [0x00000000f4780000,0x00000000f51087a0,0x00000000f5200000)
  to   space 12288K, 0% used [0x00000000f3b80000,0x00000000f3b80000,0x00000000f4780000)
 ParOldGen       total 43008K, used 10979K [0x00000000c3a00000, 0x00000000c6400000, 0x00000000ebe00000)
  object space 43008K, 25% used [0x00000000c3a00000,0x00000000c44b8dc0,0x00000000c6400000)
 Metaspace       used 34968K, capacity 35228K, committed 35496K, reserved 1081344K
  class space    used 4496K, capacity 4579K, committed 4608K, reserved 1048576K
Event: 5.434 GC heap after
Heap after GC invocations=10 (full 1):
 PSYoungGen      total 140800K, used 12272K [0x00000000ebe00000, 0x00000000f7b00000, 0x0000000100000000)
  eden space 128512K, 0% used [0x00000000ebe00000,0x00000000ebe00000,0x00000000f3b80000)
  from space 12288K, 99% used [0x00000000f3b80000,0x00000000f477c2e8,0x00000000f4780000)
  to   space 14336K, 0% used [0x00000000f6d00000,0x00000000f6d00000,0x00000000f7b00000)
 ParOldGen       total 43008K, used 12653K [0x00000000c3a00000, 0x00000000c6400000, 0x00000000ebe00000)
  object space 43008K, 29% used [0x00000000c3a00000,0x00000000c465b4b0,0x00000000c6400000)
 Metaspace       used 34968K, capacity 35228K, committed 35496K, reserved 1081344K
  class space    used 4496K, capacity 4579K, committed 4608K, reserved 1048576K
}
Event: 5.434 GC heap before
{Heap before GC invocations=11 (full 2):
 PSYoungGen      total 140800K, used 12272K [0x00000000ebe00000, 0x00000000f7b00000, 0x0000000100000000)
  eden space 128512K, 0% used [0x00000000ebe00000,0x00000000ebe00000,0x00000000f3b80000)
  from space 12288K, 99% used [0x00000000f3b80000,0x00000000f477c2e8,0x00000000f4780000)
  to   space 14336K, 0% used [0x00000000f6d00000,0x00000000f6d00000,0x00000000f7b00000)
 ParOldGen       total 43008K, used 12653K [0x00000000c3a00000, 0x00000000c6400000, 0x00000000ebe00000)
  object space 43008K, 29% used [0x00000000c3a00000,0x00000000c465b4b0,0x00000000c6400000)
 Metaspace       used 34968K, capacity 35228K, committed 35496K, reserved 1081344K
  class space    used 4496K, capacity 4579K, committed 4608K, reserved 1048576K
Event: 5.527 GC heap after
Heap after GC invocations=11 (full 2):
 PSYoungGen      total 140800K, used 0K [0x00000000ebe00000, 0x00000000f7b00000, 0x0000000100000000)
  eden space 128512K, 0% used [0x00000000ebe00000,0x00000000ebe00000,0x00000000f3b80000)
  from space 12288K, 0% used [0x00000000f3b80000,0x00000000f3b80000,0x00000000f4780000)
  to   space 14336K, 0% used [0x00000000f6d00000,0x00000000f6d00000,0x00000000f7b00000)
 ParOldGen       total 67584K, used 22623K [0x00000000c3a00000, 0x00000000c7c00000, 0x00000000ebe00000)
  object space 67584K, 33% used [0x00000000c3a00000,0x00000000c5017cb8,0x00000000c7c00000)
 Metaspace       used 34968K, capacity 35228K, committed 35496K, reserved 1081344K
  class space    used 4496K, capacity 4579K, committed 4608K, reserved 1048576K
}
Event: 7.143 GC heap before
{Heap before GC invocations=12 (full 2):
 PSYoungGen      total 140800K, used 128512K [0x00000000ebe00000, 0x00000000f7b00000, 0x0000000100000000)
  eden space 128512K, 100% used [0x00000000ebe00000,0x00000000f3b80000,0x00000000f3b80000)
  from space 12288K, 0% used [0x00000000f3b80000,0x00000000f3b80000,0x00000000f4780000)
  to   space 14336K, 0% used [0x00000000f6d00000,0x00000000f6d00000,0x00000000f7b00000)
 ParOldGen       total 67584K, used 22623K [0x00000000c3a00000, 0x00000000c7c00000, 0x00000000ebe00000)
  object space 67584K, 33% used [0x00000000c3a00000,0x00000000c5017cb8,0x00000000c7c00000)
 Metaspace       used 44028K, capacity 44358K, committed 44800K, reserved 1087488K
  class space    used 5765K, capacity 5866K, committed 5888K, reserved 1048576K
Event: 7.165 GC heap after
Heap after GC invocations=12 (full 2):
 PSYoungGen      total 176640K, used 12885K [0x00000000ebe00000, 0x00000000f7b80000, 0x0000000100000000)
  eden space 162304K, 0% used [0x00000000ebe00000,0x00000000ebe00000,0x00000000f5c80000)
  from space 14336K, 89% used [0x00000000f6d00000,0x00000000f7995418,0x00000000f7b00000)
  to   space 15872K, 0% used [0x00000000f5c80000,0x00000000f5c80000,0x00000000f6c00000)
 ParOldGen       total 67584K, used 22631K [0x00000000c3a00000, 0x00000000c7c00000, 0x00000000ebe00000)
  object space 67584K, 33% used [0x00000000c3a00000,0x00000000c5019cb8,0x00000000c7c00000)
 Metaspace       used 44028K, capacity 44358K, committed 44800K, reserved 1087488K
  class space    used 5765K, capacity 5866K, committed 5888K, reserved 1048576K
}

