# JRE version: Java(TM) SE Runtime Environment (8.0_121-b13) (build 1.8.0_121-b13)
# Java VM: Java HotSpot(TM) 64-Bit Server VM (25.121-b13 mixed mode linux-amd64 compressed oops)
Heap:
 PSYoungGen      total 175104K, used 58921K [0x00000000ebe00000, 0x00000000f8000000, 0x0000000100000000)
  eden space 161792K, 28% used [0x00000000ebe00000,0x00000000eea8ca48,0x00000000f5c00000)
  from space 13312K, 99% used [0x00000000f7300000,0x00000000f7ffda68,0x00000000f8000000)
  to   space 17408K, 0% used [0x00000000f5e00000,0x00000000f5e00000,0x00000000f6f00000)
 ParOldGen       total 70144K, used 22322K [0x00000000c3a00000, 0x00000000c7e80000, 0x00000000ebe00000)
  object space 70144K, 31% used [0x00000000c3a00000,0x00000000c4fcc8e0,0x00000000c7e80000)
 Metaspace       used 45086K, capacity 45496K, committed 45824K, reserved 1089536K
  class space    used 5898K, capacity 6029K, committed 6144K, reserved 1048576K
GC Heap History (10 events):
Event: 3.316 GC heap before
{Heap before GC invocations=8 (full 1):
 PSYoungGen      total 95232K, used 94759K [0x00000000ebe00000, 0x00000000f4980000, 0x0000000100000000)
  eden space 92160K, 100% used [0x00000000ebe00000,0x00000000f1800000,0x00000000f1800000)
  from space 3072K, 84% used [0x00000000f4680000,0x00000000f4909d88,0x00000000f4980000)
  to   space 12288K, 0% used [0x00000000f3180000,0x00000000f3180000,0x00000000f3d80000)
 ParOldGen       total 49152K, used 15166K [0x00000000c3a00000, 0x00000000c6a00000, 0x00000000ebe00000)
  object space 49152K, 30% used [0x00000000c3a00000,0x00000000c48cf800,0x00000000c6a00000)
 Metaspace       used 25457K, capacity 25746K, committed 25856K, reserved 1071104K
  class space    used 3165K, capacity 3276K, committed 3328K, reserved 1048576K
Event: 3.329 GC heap after
Heap after GC invocations=8 (full 1):
 PSYoungGen      total 130560K, used 8254K [0x00000000ebe00000, 0x00000000f5900000, 0x0000000100000000)
  eden space 118272K, 0% used [0x00000000ebe00000,0x00000000ebe00000,0x00000000f3180000)
  from space 12288K, 67% used [0x00000000f3180000,0x00000000f398f800,0x00000000f3d80000)
  to   space 12800K, 0% used [0x00000000f4c80000,0x00000000f4c80000,0x00000000f5900000)
 ParOldGen       total 49152K, used 15174K [0x00000000c3a00000, 0x00000000c6a00000, 0x00000000ebe00000)
  object space 49152K, 30% used [0x00000000c3a00000,0x00000000c48d1800,0x00000000c6a00000)
 Metaspace       used 25457K, capacity 25746K, committed 25856K, reserved 1071104K
  class space    used 3165K, capacity 3276K, committed 3328K, reserved 1048576K
}
Event: 4.415 GC heap before
{Heap before GC invocations=9 (full 1):
 PSYoungGen      total 130560K, used 126526K [0x00000000ebe00000, 0x00000000f5900000, 0x0000000100000000)
  eden space 118272K, 100% used [0x00000000ebe00000,0x00000000f3180000,0x00000000f3180000)
  from space 12288K, 67% used [0x00000000f3180000,0x00000000f398f800,0x00000000f3d80000)
  to   space 12800K, 0% used [0x00000000f4c80000,0x00000000f4c80000,0x00000000f5900000)
 ParOldGen       total 49152K, used 15174K [0x00000000c3a00000, 0x00000000c6a00000, 0x00000000ebe00000)
  object space 49152K, 30% used [0x00000000c3a00000,0x00000000c48d1800,0x00000000c6a00000)
 Metaspace       used 30357K, capacity 30658K, committed 30848K, reserved 1077248K
  class space    used 3767K, capacity 3860K, committed 3968K, reserved 1048576K
Event: 4.429 GC heap after
Heap after GC invocations=9 (full 1):
 PSYoungGen      total 144896K, used 10123K [0x00000000ebe00000, 0x00000000f7c80000, 0x0000000100000000)
  eden space 132096K, 0% used [0x00000000ebe00000,0x00000000ebe00000,0x00000000f3f00000)
  from space 12800K, 79% used [0x00000000f4c80000,0x00000000f5662c30,0x00000000f5900000)
  to   space 13824K, 0% used [0x00000000f3f00000,0x00000000f3f00000,0x00000000f4c80000)
 ParOldGen       total 49152K, used 15182K [0x00000000c3a00000, 0x00000000c6a00000, 0x00000000ebe00000)
  object space 49152K, 30% used [0x00000000c3a00000,0x00000000c48d3800,0x00000000c6a00000)
 Metaspace       used 30357K, capacity 30658K, committed 30848K, reserved 1077248K
  class space    used 3767K, capacity 3860K, committed 3968K, reserved 1048576K
}
Event: 5.601 GC heap before
{Heap before GC invocations=10 (full 1):
 PSYoungGen      total 144896K, used 111789K [0x00000000ebe00000, 0x00000000f7c80000, 0x0000000100000000)
  eden space 132096K, 76% used [0x00000000ebe00000,0x00000000f2148bb8,0x00000000f3f00000)
  from space 12800K, 79% used [0x00000000f4c80000,0x00000000f5662c30,0x00000000f5900000)
  to   space 13824K, 0% used [0x00000000f3f00000,0x00000000f3f00000,0x00000000f4c80000)
 ParOldGen       total 49152K, used 15182K [0x00000000c3a00000, 0x00000000c6a00000, 0x00000000ebe00000)
  object space 49152K, 30% used [0x00000000c3a00000,0x00000000c48d3800,0x00000000c6a00000)
 Metaspace       used 35053K, capacity 35362K, committed 35496K, reserved 1081344K
  class space    used 4499K, capacity 4580K, committed 4608K, reserved 1048576K
Event: 5.643 GC heap after
Heap after GC invocations=10 (full 1):
 PSYoungGen      total 145920K, used 13539K [0x00000000ebe00000, 0x00000000f8300000, 0x0000000100000000)
  eden space 132096K, 0% used [0x00000000ebe00000,0x00000000ebe00000,0x00000000f3f00000)
  from space 13824K, 97% used [0x00000000f3f00000,0x00000000f4c38d30,0x00000000f4c80000)
  to   space 16384K, 0% used [0x00000000f7300000,0x00000000f7300000,0x00000000f8300000)
 ParOldGen       total 49152K, used 15190K [0x00000000c3a00000, 0x00000000c6a00000, 0x00000000ebe00000)
  object space 49152K, 30% used [0x00000000c3a00000,0x00000000c48d5800,0x00000000c6a00000)
 Metaspace       used 35053K, capacity 35362K, committed 35496K, reserved 1081344K
  class space    used 4499K, capacity 4580K, committed 4608K, reserved 1048576K
}
Event: 5.643 GC heap before
{Heap before GC invocations=11 (full 2):
 PSYoungGen      total 145920K, used 13539K [0x00000000ebe00000, 0x00000000f8300000, 0x0000000100000000)
  eden space 132096K, 0% used [0x00000000ebe00000,0x00000000ebe00000,0x00000000f3f00000)
  from space 13824K, 97% used [0x00000000f3f00000,0x00000000f4c38d30,0x00000000f4c80000)
  to   space 16384K, 0% used [0x00000000f7300000,0x00000000f7300000,0x00000000f8300000)
 ParOldGen       total 49152K, used 15190K [0x00000000c3a00000, 0x00000000c6a00000, 0x00000000ebe00000)
  object space 49152K, 30% used [0x00000000c3a00000,0x00000000c48d5800,0x00000000c6a00000)
 Metaspace       used 35053K, capacity 35362K, committed 35496K, reserved 1081344K
  class space    used 4499K, capacity 4580K, committed 4608K, reserved 1048576K
Event: 5.800 GC heap after
Heap after GC invocations=11 (full 2):
 PSYoungGen      total 145920K, used 0K [0x00000000ebe00000, 0x00000000f8300000, 0x0000000100000000)
  eden space 132096K, 0% used [0x00000000ebe00000,0x00000000ebe00000,0x00000000f3f00000)
  from space 13824K, 0% used [0x00000000f3f00000,0x00000000f3f00000,0x00000000f4c80000)
  to   space 16384K, 0% used [0x00000000f7300000,0x00000000f7300000,0x00000000f8300000)
 ParOldGen       total 70144K, used 22314K [0x00000000c3a00000, 0x00000000c7e80000, 0x00000000ebe00000)
  object space 70144K, 31% used [0x00000000c3a00000,0x00000000c4fca8e0,0x00000000c7e80000)
 Metaspace       used 35053K, capacity 35362K, committed 35496K, reserved 1081344K
  class space    used 4499K, capacity 4580K, committed 4608K, reserved 1048576K
}
Event: 7.989 GC heap before
{Heap before GC invocations=12 (full 2):
 PSYoungGen      total 145920K, used 132096K [0x00000000ebe00000, 0x00000000f8300000, 0x0000000100000000)
  eden space 132096K, 100% used [0x00000000ebe00000,0x00000000f3f00000,0x00000000f3f00000)
  from space 13824K, 0% used [0x00000000f3f00000,0x00000000f3f00000,0x00000000f4c80000)
  to   space 16384K, 0% used [0x00000000f7300000,0x00000000f7300000,0x00000000f8300000)
 ParOldGen       total 70144K, used 22314K [0x00000000c3a00000, 0x00000000c7e80000, 0x00000000ebe00000)
  object space 70144K, 31% used [0x00000000c3a00000,0x00000000c4fca8e0,0x00000000c7e80000)
 Metaspace       used 44071K, capacity 44422K, committed 44544K, reserved 1087488K
  class space    used 5769K, capacity 5866K, committed 5888K, reserved 1048576K
Event: 8.023 GC heap after
Heap after GC invocations=12 (full 2):
 PSYoungGen      total 175104K, used 13302K [0x00000000ebe00000, 0x00000000f8000000, 0x0000000100000000)
  eden space 161792K, 0% used [0x00000000ebe00000,0x00000000ebe00000,0x00000000f5c00000)
  from space 13312K, 99% used [0x00000000f7300000,0x00000000f7ffda68,0x00000000f8000000)
  to   space 17408K, 0% used [0x00000000f5e00000,0x00000000f5e00000,0x00000000f6f00000)
 ParOldGen       total 70144K, used 22322K [0x00000000c3a00000, 0x00000000c7e80000, 0x00000000ebe00000)
  object space 70144K, 31% used [0x00000000c3a00000,0x00000000c4fcc8e0,0x00000000c7e80000)
 Metaspace       used 44071K, capacity 44422K, committed 44544K, reserved 1087488K
  class space    used 5769K, capacity 5866K, committed 5888K, reserved 1048576K
}

