# JRE version: Java(TM) SE Runtime Environment (8.0_121-b13) (build 1.8.0_121-b13)
# Java VM: Java HotSpot(TM) 64-Bit Server VM (25.121-b13 mixed mode linux-amd64 compressed oops)
Heap:
 PSYoungGen      total 305664K, used 190456K [0x000000076ab00000, 0x0000000788680000, 0x00000007c0000000)
  eden space 262144K, 72% used [0x000000076ab00000,0x00000007764fe1d8,0x000000077ab00000)
  from space 43520K, 0% used [0x000000077ab00000,0x000000077ab00000,0x000000077d580000)
  to   space 43520K, 0% used [0x0000000785c00000,0x0000000785c00000,0x0000000788680000)
 ParOldGen       total 726016K, used 22685K [0x00000006c0000000, 0x00000006ec500000, 0x000000076ab00000)
  object space 726016K, 3% used [0x00000006c0000000,0x00000006c1627728,0x00000006ec500000)
 Metaspace       used 45096K, capacity 45484K, committed 45824K, reserved 1089536K
  class space    used 5897K, capacity 6029K, committed 6144K, reserved 1048576K
GC Heap History (10 events):
Event: 7.901 GC heap before
{Heap before GC invocations=1 (full 0):
 PSYoungGen      total 305664K, used 204619K [0x000000076ab00000, 0x0000000780000000, 0x00000007c0000000)
  eden space 262144K, 78% used [0x000000076ab00000,0x00000007772d2ff0,0x000000077ab00000)
  from space 43520K, 0% used [0x000000077d580000,0x000000077d580000,0x0000000780000000)
  to   space 43520K, 0% used [0x000000077ab00000,0x000000077ab00000,0x000000077d580000)
 ParOldGen       total 699392K, used 0K [0x00000006c0000000, 0x00000006eab00000, 0x000000076ab00000)
  object space 699392K, 0% used [0x00000006c0000000,0x00000006c0000000,0x00000006eab00000)
 Metaspace       used 21014K, capacity 21158K, committed 21296K, reserved 1069056K
  class space    used 2575K, capacity 2609K, committed 2688K, reserved 1048576K
Event: 7.931 GC heap after
Heap after GC invocations=1 (full 0):
 PSYoungGen      total 305664K, used 21507K [0x000000076ab00000, 0x0000000780000000, 0x00000007c0000000)
  eden space 262144K, 0% used [0x000000076ab00000,0x000000076ab00000,0x000000077ab00000)
  from space 43520K, 49% used [0x000000077ab00000,0x000000077c000e10,0x000000077d580000)
  to   space 43520K, 0% used [0x000000077d580000,0x000000077d580000,0x0000000780000000)
 ParOldGen       total 699392K, used 88K [0x00000006c0000000, 0x00000006eab00000, 0x000000076ab00000)
  object space 699392K, 0% used [0x00000006c0000000,0x00000006c0016010,0x00000006eab00000)
 Metaspace       used 21014K, capacity 21158K, committed 21296K, reserved 1069056K
  class space    used 2575K, capacity 2609K, committed 2688K, reserved 1048576K
}
Event: 7.931 GC heap before
{Heap before GC invocations=2 (full 1):
 PSYoungGen      total 305664K, used 21507K [0x000000076ab00000, 0x0000000780000000, 0x00000007c0000000)
  eden space 262144K, 0% used [0x000000076ab00000,0x000000076ab00000,0x000000077ab00000)
  from space 43520K, 49% used [0x000000077ab00000,0x000000077c000e10,0x000000077d580000)
  to   space 43520K, 0% used [0x000000077d580000,0x000000077d580000,0x0000000780000000)
 ParOldGen       total 699392K, used 88K [0x00000006c0000000, 0x00000006eab00000, 0x000000076ab00000)
  object space 699392K, 0% used [0x00000006c0000000,0x00000006c0016010,0x00000006eab00000)
 Metaspace       used 21014K, capacity 21158K, committed 21296K, reserved 1069056K
  class space    used 2575K, capacity 2609K, committed 2688K, reserved 1048576K
Event: 7.985 GC heap after
Heap after GC invocations=2 (full 1):
 PSYoungGen      total 305664K, used 0K [0x000000076ab00000, 0x0000000780000000, 0x00000007c0000000)
  eden space 262144K, 0% used [0x000000076ab00000,0x000000076ab00000,0x000000077ab00000)
  from space 43520K, 0% used [0x000000077ab00000,0x000000077ab00000,0x000000077d580000)
  to   space 43520K, 0% used [0x000000077d580000,0x000000077d580000,0x0000000780000000)
 ParOldGen       total 699392K, used 20626K [0x00000006c0000000, 0x00000006eab00000, 0x000000076ab00000)
  object space 699392K, 2% used [0x00000006c0000000,0x00000006c1424bb0,0x00000006eab00000)
 Metaspace       used 21014K, capacity 21158K, committed 21296K, reserved 1069056K
  class space    used 2575K, capacity 2609K, committed 2688K, reserved 1048576K
}
Event: 11.207 GC heap before
{Heap before GC invocations=3 (full 1):
 PSYoungGen      total 305664K, used 262144K [0x000000076ab00000, 0x0000000780000000, 0x00000007c0000000)
  eden space 262144K, 100% used [0x000000076ab00000,0x000000077ab00000,0x000000077ab00000)
  from space 43520K, 0% used [0x000000077ab00000,0x000000077ab00000,0x000000077d580000)
  to   space 43520K, 0% used [0x000000077d580000,0x000000077d580000,0x0000000780000000)
 ParOldGen       total 699392K, used 20626K [0x00000006c0000000, 0x00000006eab00000, 0x000000076ab00000)
  object space 699392K, 2% used [0x00000006c0000000,0x00000006c1424bb0,0x00000006eab00000)
 Metaspace       used 30369K, capacity 30710K, committed 31104K, reserved 1077248K
  class space    used 3766K, capacity 3860K, committed 3968K, reserved 1048576K
Event: 11.228 GC heap after
Heap after GC invocations=3 (full 1):
 PSYoungGen      total 305664K, used 17034K [0x000000076ab00000, 0x0000000786b80000, 0x00000007c0000000)
  eden space 262144K, 0% used [0x000000076ab00000,0x000000076ab00000,0x000000077ab00000)
  from space 43520K, 39% used [0x000000077d580000,0x000000077e622be0,0x0000000780000000)
  to   space 43520K, 0% used [0x000000077ab00000,0x000000077ab00000,0x000000077d580000)
 ParOldGen       total 699392K, used 20634K [0x00000006c0000000, 0x00000006eab00000, 0x000000076ab00000)
  object space 699392K, 2% used [0x00000006c0000000,0x00000006c1426bb0,0x00000006eab00000)
 Metaspace       used 30369K, capacity 30710K, committed 31104K, reserved 1077248K
  class space    used 3766K, capacity 3860K, committed 3968K, reserved 1048576K
}
Event: 12.754 GC heap before
{Heap before GC invocations=4 (full 1):
 PSYoungGen      total 305664K, used 112222K [0x000000076ab00000, 0x0000000786b80000, 0x00000007c0000000)
  eden space 262144K, 36% used [0x000000076ab00000,0x00000007707f4fb0,0x000000077ab00000)
  from space 43520K, 39% used [0x000000077d580000,0x000000077e622be0,0x0000000780000000)
  to   space 43520K, 0% used [0x000000077ab00000,0x000000077ab00000,0x000000077d580000)
 ParOldGen       total 699392K, used 20634K [0x00000006c0000000, 0x00000006eab00000, 0x000000076ab00000)
  object space 699392K, 2% used [0x00000006c0000000,0x00000006c1426bb0,0x00000006eab00000)
 Metaspace       used 35048K, capacity 35350K, committed 35496K, reserved 1081344K
  class space    used 4497K, capacity 4580K, committed 4608K, reserved 1048576K
Event: 12.774 GC heap after
Heap after GC invocations=4 (full 1):
 PSYoungGen      total 305664K, used 13348K [0x000000076ab00000, 0x0000000788680000, 0x00000007c0000000)
  eden space 262144K, 0% used [0x000000076ab00000,0x000000076ab00000,0x000000077ab00000)
  from space 43520K, 30% used [0x000000077ab00000,0x000000077b809258,0x000000077d580000)
  to   space 43520K, 0% used [0x0000000785c00000,0x0000000785c00000,0x0000000788680000)
 ParOldGen       total 699392K, used 20642K [0x00000006c0000000, 0x00000006eab00000, 0x000000076ab00000)
  object space 699392K, 2% used [0x00000006c0000000,0x00000006c1428bb0,0x00000006eab00000)
 Metaspace       used 35048K, capacity 35350K, committed 35496K, reserved 1081344K
  class space    used 4497K, capacity 4580K, committed 4608K, reserved 1048576K
}
Event: 12.774 GC heap before
{Heap before GC invocations=5 (full 2):
 PSYoungGen      total 305664K, used 13348K [0x000000076ab00000, 0x0000000788680000, 0x00000007c0000000)
  eden space 262144K, 0% used [0x000000076ab00000,0x000000076ab00000,0x000000077ab00000)
  from space 43520K, 30% used [0x000000077ab00000,0x000000077b809258,0x000000077d580000)
  to   space 43520K, 0% used [0x0000000785c00000,0x0000000785c00000,0x0000000788680000)
 ParOldGen       total 699392K, used 20642K [0x00000006c0000000, 0x00000006eab00000, 0x000000076ab00000)
  object space 699392K, 2% used [0x00000006c0000000,0x00000006c1428bb0,0x00000006eab00000)
 Metaspace       used 35048K, capacity 35350K, committed 35496K, reserved 1081344K
  class space    used 4497K, capacity 4580K, committed 4608K, reserved 1048576K
Event: 12.864 GC heap after
Heap after GC invocations=5 (full 2):
 PSYoungGen      total 305664K, used 0K [0x000000076ab00000, 0x0000000788680000, 0x00000007c0000000)
  eden space 262144K, 0% used [0x000000076ab00000,0x000000076ab00000,0x000000077ab00000)
  from space 43520K, 0% used [0x000000077ab00000,0x000000077ab00000,0x000000077d580000)
  to   space 43520K, 0% used [0x0000000785c00000,0x0000000785c00000,0x0000000788680000)
 ParOldGen       total 726016K, used 22685K [0x00000006c0000000, 0x00000006ec500000, 0x000000076ab00000)
  object space 726016K, 3% used [0x00000006c0000000,0x00000006c1627728,0x00000006ec500000)
 Metaspace       used 35048K, capacity 35350K, committed 35496K, reserved 1081344K
  class space    used 4497K, capacity 4580K, committed 4608K, reserved 1048576K
}

