# JRE version: Java(TM) SE Runtime Environment (8.0_121-b13) (build 1.8.0_121-b13)
# Java VM: Java HotSpot(TM) 64-Bit Server VM (25.121-b13 mixed mode linux-amd64 compressed oops)
Heap:
 PSYoungGen      total 405504K, used 195341K [0x000000076ab00000, 0x000000078d600000, 0x00000007c0000000)
  eden space 391168K, 49% used [0x000000076ab00000,0x00000007769c3590,0x0000000782900000)
  from space 14336K, 0% used [0x0000000789180000,0x0000000789180000,0x0000000789f80000)
  to   space 43520K, 0% used [0x000000078ab80000,0x000000078ab80000,0x000000078d600000)
 ParOldGen       total 790016K, used 22983K [0x00000006c0000000, 0x00000006f0380000, 0x000000076ab00000)
  object space 790016K, 2% used [0x00000006c0000000,0x00000006c1671c48,0x00000006f0380000)
 Metaspace       used 45089K, capacity 45420K, committed 45824K, reserved 1089536K
  class space    used 5899K, capacity 6029K, committed 6144K, reserved 1048576K
GC Heap History (10 events):
Event: 1.891 GC heap before
{Heap before GC invocations=1 (full 0):
 PSYoungGen      total 305664K, used 167950K [0x000000076ab00000, 0x0000000780000000, 0x00000007c0000000)
  eden space 262144K, 64% used [0x000000076ab00000,0x0000000774f039d0,0x000000077ab00000)
  from space 43520K, 0% used [0x000000077d580000,0x000000077d580000,0x0000000780000000)
  to   space 43520K, 0% used [0x000000077ab00000,0x000000077ab00000,0x000000077d580000)
 ParOldGen       total 699392K, used 0K [0x00000006c0000000, 0x00000006eab00000, 0x000000076ab00000)
  object space 699392K, 0% used [0x00000006c0000000,0x00000006c0000000,0x00000006eab00000)
 Metaspace       used 21064K, capacity 21194K, committed 21296K, reserved 1069056K
  class space    used 2602K, capacity 2642K, committed 2688K, reserved 1048576K
Event: 1.920 GC heap after
Heap after GC invocations=1 (full 0):
 PSYoungGen      total 305664K, used 20765K [0x000000076ab00000, 0x0000000790000000, 0x00000007c0000000)
  eden space 262144K, 0% used [0x000000076ab00000,0x000000076ab00000,0x000000077ab00000)
  from space 43520K, 47% used [0x000000077ab00000,0x000000077bf47678,0x000000077d580000)
  to   space 43520K, 0% used [0x000000078d580000,0x000000078d580000,0x0000000790000000)
 ParOldGen       total 699392K, used 80K [0x00000006c0000000, 0x00000006eab00000, 0x000000076ab00000)
  object space 699392K, 0% used [0x00000006c0000000,0x00000006c0014010,0x00000006eab00000)
 Metaspace       used 21064K, capacity 21194K, committed 21296K, reserved 1069056K
  class space    used 2602K, capacity 2642K, committed 2688K, reserved 1048576K
}
Event: 1.920 GC heap before
{Heap before GC invocations=2 (full 1):
 PSYoungGen      total 305664K, used 20765K [0x000000076ab00000, 0x0000000790000000, 0x00000007c0000000)
  eden space 262144K, 0% used [0x000000076ab00000,0x000000076ab00000,0x000000077ab00000)
  from space 43520K, 47% used [0x000000077ab00000,0x000000077bf47678,0x000000077d580000)
  to   space 43520K, 0% used [0x000000078d580000,0x000000078d580000,0x0000000790000000)
 ParOldGen       total 699392K, used 80K [0x00000006c0000000, 0x00000006eab00000, 0x000000076ab00000)
  object space 699392K, 0% used [0x00000006c0000000,0x00000006c0014010,0x00000006eab00000)
 Metaspace       used 21064K, capacity 21194K, committed 21296K, reserved 1069056K
  class space    used 2602K, capacity 2642K, committed 2688K, reserved 1048576K
Event: 1.992 GC heap after
Heap after GC invocations=2 (full 1):
 PSYoungGen      total 305664K, used 0K [0x000000076ab00000, 0x0000000790000000, 0x00000007c0000000)
  eden space 262144K, 0% used [0x000000076ab00000,0x000000076ab00000,0x000000077ab00000)
  from space 43520K, 0% used [0x000000077ab00000,0x000000077ab00000,0x000000077d580000)
  to   space 43520K, 0% used [0x000000078d580000,0x000000078d580000,0x0000000790000000)
 ParOldGen       total 699392K, used 19972K [0x00000006c0000000, 0x00000006eab00000, 0x000000076ab00000)
  object space 699392K, 2% used [0x00000006c0000000,0x00000006c1381120,0x00000006eab00000)
 Metaspace       used 21064K, capacity 21194K, committed 21296K, reserved 1069056K
  class space    used 2602K, capacity 2642K, committed 2688K, reserved 1048576K
}
Event: 5.107 GC heap before
{Heap before GC invocations=3 (full 1):
 PSYoungGen      total 305664K, used 262144K [0x000000076ab00000, 0x0000000790000000, 0x00000007c0000000)
  eden space 262144K, 100% used [0x000000076ab00000,0x000000077ab00000,0x000000077ab00000)
  from space 43520K, 0% used [0x000000077ab00000,0x000000077ab00000,0x000000077d580000)
  to   space 43520K, 0% used [0x000000078d580000,0x000000078d580000,0x0000000790000000)
 ParOldGen       total 699392K, used 19972K [0x00000006c0000000, 0x00000006eab00000, 0x000000076ab00000)
  object space 699392K, 2% used [0x00000006c0000000,0x00000006c1381120,0x00000006eab00000)
 Metaspace       used 30242K, capacity 30486K, committed 30720K, reserved 1077248K
  class space    used 3754K, capacity 3828K, committed 3840K, reserved 1048576K
Event: 5.135 GC heap after
Heap after GC invocations=3 (full 1):
 PSYoungGen      total 344064K, used 17109K [0x000000076ab00000, 0x000000078e680000, 0x00000007c0000000)
  eden space 326656K, 0% used [0x000000076ab00000,0x000000076ab00000,0x000000077ea00000)
  from space 17408K, 98% used [0x000000078d580000,0x000000078e6355f8,0x000000078e680000)
  to   space 43520K, 0% used [0x0000000789180000,0x0000000789180000,0x000000078bc00000)
 ParOldGen       total 699392K, used 19980K [0x00000006c0000000, 0x00000006eab00000, 0x000000076ab00000)
  object space 699392K, 2% used [0x00000006c0000000,0x00000006c1383120,0x00000006eab00000)
 Metaspace       used 30242K, capacity 30486K, committed 30720K, reserved 1077248K
  class space    used 3754K, capacity 3828K, committed 3840K, reserved 1048576K
}
Event: 11.542 GC heap before
{Heap before GC invocations=4 (full 1):
 PSYoungGen      total 344064K, used 154190K [0x000000076ab00000, 0x000000078e680000, 0x00000007c0000000)
  eden space 326656K, 41% used [0x000000076ab00000,0x00000007730de400,0x000000077ea00000)
  from space 17408K, 98% used [0x000000078d580000,0x000000078e6355f8,0x000000078e680000)
  to   space 43520K, 0% used [0x0000000789180000,0x0000000789180000,0x000000078bc00000)
 ParOldGen       total 699392K, used 19980K [0x00000006c0000000, 0x00000006eab00000, 0x000000076ab00000)
  object space 699392K, 2% used [0x00000006c0000000,0x00000006c1383120,0x00000006eab00000)
 Metaspace       used 35054K, capacity 35350K, committed 35496K, reserved 1081344K
  class space    used 4500K, capacity 4580K, committed 4608K, reserved 1048576K
Event: 11.563 GC heap after
Heap after GC invocations=4 (full 1):
 PSYoungGen      total 405504K, used 13981K [0x000000076ab00000, 0x000000078d600000, 0x00000007c0000000)
  eden space 391168K, 0% used [0x000000076ab00000,0x000000076ab00000,0x0000000782900000)
  from space 14336K, 97% used [0x0000000789180000,0x0000000789f27640,0x0000000789f80000)
  to   space 43520K, 0% used [0x000000078ab80000,0x000000078ab80000,0x000000078d600000)
 ParOldGen       total 699392K, used 19988K [0x00000006c0000000, 0x00000006eab00000, 0x000000076ab00000)
  object space 699392K, 2% used [0x00000006c0000000,0x00000006c1385120,0x00000006eab00000)
 Metaspace       used 35054K, capacity 35350K, committed 35496K, reserved 1081344K
  class space    used 4500K, capacity 4580K, committed 4608K, reserved 1048576K
}
Event: 11.563 GC heap before
{Heap before GC invocations=5 (full 2):
 PSYoungGen      total 405504K, used 13981K [0x000000076ab00000, 0x000000078d600000, 0x00000007c0000000)
  eden space 391168K, 0% used [0x000000076ab00000,0x000000076ab00000,0x0000000782900000)
  from space 14336K, 97% used [0x0000000789180000,0x0000000789f27640,0x0000000789f80000)
  to   space 43520K, 0% used [0x000000078ab80000,0x000000078ab80000,0x000000078d600000)
 ParOldGen       total 699392K, used 19988K [0x00000006c0000000, 0x00000006eab00000, 0x000000076ab00000)
  object space 699392K, 2% used [0x00000006c0000000,0x00000006c1385120,0x00000006eab00000)
 Metaspace       used 35054K, capacity 35350K, committed 35496K, reserved 1081344K
  class space    used 4500K, capacity 4580K, committed 4608K, reserved 1048576K
Event: 11.630 GC heap after
Heap after GC invocations=5 (full 2):
 PSYoungGen      total 405504K, used 0K [0x000000076ab00000, 0x000000078d600000, 0x00000007c0000000)
  eden space 391168K, 0% used [0x000000076ab00000,0x000000076ab00000,0x0000000782900000)
  from space 14336K, 0% used [0x0000000789180000,0x0000000789180000,0x0000000789f80000)
  to   space 43520K, 0% used [0x000000078ab80000,0x000000078ab80000,0x000000078d600000)
 ParOldGen       total 790016K, used 22983K [0x00000006c0000000, 0x00000006f0380000, 0x000000076ab00000)
  object space 790016K, 2% used [0x00000006c0000000,0x00000006c1671c48,0x00000006f0380000)
 Metaspace       used 35054K, capacity 35350K, committed 35496K, reserved 1081344K
  class space    used 4500K, capacity 4580K, committed 4608K, reserved 1048576K
}

