# JRE version: Java(TM) SE Runtime Environment (8.0_121-b13) (build 1.8.0_121-b13)
# Java VM: Java HotSpot(TM) 64-Bit Server VM (25.121-b13 mixed mode linux-amd64 compressed oops)
Heap:
 PSYoungGen      total 222208K, used 181008K [0x00000000ebe00000, 0x00000000ff280000, 0x0000000100000000)
  eden space 207872K, 87% used [0x00000000ebe00000,0x00000000f6ec4358,0x00000000f8900000)
  from space 14336K, 0% used [0x00000000f8900000,0x00000000f8900000,0x00000000f9700000)
  to   space 16384K, 0% used [0x00000000fe280000,0x00000000fe280000,0x00000000ff280000)
 ParOldGen       total 60416K, used 22360K [0x00000000c3a00000, 0x00000000c7500000, 0x00000000ebe00000)
  object space 60416K, 37% used [0x00000000c3a00000,0x00000000c4fd6318,0x00000000c7500000)
 Metaspace       used 45083K, capacity 45436K, committed 45824K, reserved 1089536K
  class space    used 5900K, capacity 6029K, committed 6144K, reserved 1048576K
GC Heap History (10 events):
Event: 2.016 GC heap before
{Heap before GC invocations=7 (full 1):
 PSYoungGen      total 139264K, used 2773K [0x00000000ebe00000, 0x00000000f5200000, 0x0000000100000000)
  eden space 126976K, 0% used [0x00000000ebe00000,0x00000000ebe00000,0x00000000f3a00000)
  from space 12288K, 22% used [0x00000000f4600000,0x00000000f48b5728,0x00000000f5200000)
  to   space 12288K, 0% used [0x00000000f3a00000,0x00000000f3a00000,0x00000000f4600000)
 ParOldGen       total 42496K, used 16424K [0x00000000c3a00000, 0x00000000c6380000, 0x00000000ebe00000)
  object space 42496K, 38% used [0x00000000c3a00000,0x00000000c4a0a320,0x00000000c6380000)
 Metaspace       used 21026K, capacity 21206K, committed 21296K, reserved 1069056K
  class space    used 2584K, capacity 2642K, committed 2688K, reserved 1048576K
Event: 2.064 GC heap after
Heap after GC invocations=7 (full 1):
 PSYoungGen      total 139264K, used 0K [0x00000000ebe00000, 0x00000000f5200000, 0x0000000100000000)
  eden space 126976K, 0% used [0x00000000ebe00000,0x00000000ebe00000,0x00000000f3a00000)
  from space 12288K, 0% used [0x00000000f4600000,0x00000000f4600000,0x00000000f5200000)
  to   space 12288K, 0% used [0x00000000f3a00000,0x00000000f3a00000,0x00000000f4600000)
 ParOldGen       total 43008K, used 12499K [0x00000000c3a00000, 0x00000000c6400000, 0x00000000ebe00000)
  object space 43008K, 29% used [0x00000000c3a00000,0x00000000c4634d60,0x00000000c6400000)
 Metaspace       used 21026K, capacity 21206K, committed 21296K, reserved 1069056K
  class space    used 2584K, capacity 2642K, committed 2688K, reserved 1048576K
}
Event: 3.081 GC heap before
{Heap before GC invocations=8 (full 1):
 PSYoungGen      total 139264K, used 126976K [0x00000000ebe00000, 0x00000000f5200000, 0x0000000100000000)
  eden space 126976K, 100% used [0x00000000ebe00000,0x00000000f3a00000,0x00000000f3a00000)
  from space 12288K, 0% used [0x00000000f4600000,0x00000000f4600000,0x00000000f5200000)
  to   space 12288K, 0% used [0x00000000f3a00000,0x00000000f3a00000,0x00000000f4600000)
 ParOldGen       total 43008K, used 12499K [0x00000000c3a00000, 0x00000000c6400000, 0x00000000ebe00000)
  object space 43008K, 29% used [0x00000000c3a00000,0x00000000c4634d60,0x00000000c6400000)
 Metaspace       used 24508K, capacity 24816K, committed 24960K, reserved 1071104K
  class space    used 3029K, capacity 3115K, committed 3200K, reserved 1048576K
Event: 3.100 GC heap after
Heap after GC invocations=8 (full 1):
 PSYoungGen      total 139264K, used 8449K [0x00000000ebe00000, 0x00000000fa600000, 0x0000000100000000)
  eden space 126976K, 0% used [0x00000000ebe00000,0x00000000ebe00000,0x00000000f3a00000)
  from space 12288K, 68% used [0x00000000f3a00000,0x00000000f42405f8,0x00000000f4600000)
  to   space 12800K, 0% used [0x00000000f9980000,0x00000000f9980000,0x00000000fa600000)
 ParOldGen       total 43008K, used 12507K [0x00000000c3a00000, 0x00000000c6400000, 0x00000000ebe00000)
  object space 43008K, 29% used [0x00000000c3a00000,0x00000000c4636d60,0x00000000c6400000)
 Metaspace       used 24508K, capacity 24816K, committed 24960K, reserved 1071104K
  class space    used 3029K, capacity 3115K, committed 3200K, reserved 1048576K
}
Event: 4.578 GC heap before
{Heap before GC invocations=9 (full 1):
 PSYoungGen      total 139264K, used 135425K [0x00000000ebe00000, 0x00000000fa600000, 0x0000000100000000)
  eden space 126976K, 100% used [0x00000000ebe00000,0x00000000f3a00000,0x00000000f3a00000)
  from space 12288K, 68% used [0x00000000f3a00000,0x00000000f42405f8,0x00000000f4600000)
  to   space 12800K, 0% used [0x00000000f9980000,0x00000000f9980000,0x00000000fa600000)
 ParOldGen       total 43008K, used 12507K [0x00000000c3a00000, 0x00000000c6400000, 0x00000000ebe00000)
  object space 43008K, 29% used [0x00000000c3a00000,0x00000000c4636d60,0x00000000c6400000)
 Metaspace       used 30379K, capacity 30662K, committed 30848K, reserved 1077248K
  class space    used 3768K, capacity 3860K, committed 3968K, reserved 1048576K
Event: 4.610 GC heap after
Heap after GC invocations=9 (full 1):
 PSYoungGen      total 219648K, used 11072K [0x00000000ebe00000, 0x00000000fa500000, 0x0000000100000000)
  eden space 207872K, 0% used [0x00000000ebe00000,0x00000000ebe00000,0x00000000f8900000)
  from space 11776K, 94% used [0x00000000f9980000,0x00000000fa450168,0x00000000fa500000)
  to   space 14336K, 0% used [0x00000000f8900000,0x00000000f8900000,0x00000000f9700000)
 ParOldGen       total 43008K, used 12515K [0x00000000c3a00000, 0x00000000c6400000, 0x00000000ebe00000)
  object space 43008K, 29% used [0x00000000c3a00000,0x00000000c4638d60,0x00000000c6400000)
 Metaspace       used 30379K, capacity 30662K, committed 30848K, reserved 1077248K
  class space    used 3768K, capacity 3860K, committed 3968K, reserved 1048576K
}
Event: 5.590 GC heap before
{Heap before GC invocations=10 (full 1):
 PSYoungGen      total 219648K, used 120123K [0x00000000ebe00000, 0x00000000fa500000, 0x0000000100000000)
  eden space 207872K, 52% used [0x00000000ebe00000,0x00000000f287ecb8,0x00000000f8900000)
  from space 11776K, 94% used [0x00000000f9980000,0x00000000fa450168,0x00000000fa500000)
  to   space 14336K, 0% used [0x00000000f8900000,0x00000000f8900000,0x00000000f9700000)
 ParOldGen       total 43008K, used 12515K [0x00000000c3a00000, 0x00000000c6400000, 0x00000000ebe00000)
  object space 43008K, 29% used [0x00000000c3a00000,0x00000000c4638d60,0x00000000c6400000)
 Metaspace       used 35066K, capacity 35366K, committed 35496K, reserved 1081344K
  class space    used 4500K, capacity 4580K, committed 4608K, reserved 1048576K
Event: 5.610 GC heap after
Heap after GC invocations=10 (full 1):
 PSYoungGen      total 222208K, used 13494K [0x00000000ebe00000, 0x00000000ff280000, 0x0000000100000000)
  eden space 207872K, 0% used [0x00000000ebe00000,0x00000000ebe00000,0x00000000f8900000)
  from space 14336K, 94% used [0x00000000f8900000,0x00000000f962d868,0x00000000f9700000)
  to   space 16384K, 0% used [0x00000000fe280000,0x00000000fe280000,0x00000000ff280000)
 ParOldGen       total 43008K, used 12523K [0x00000000c3a00000, 0x00000000c6400000, 0x00000000ebe00000)
  object space 43008K, 29% used [0x00000000c3a00000,0x00000000c463ad60,0x00000000c6400000)
 Metaspace       used 35066K, capacity 35366K, committed 35496K, reserved 1081344K
  class space    used 4500K, capacity 4580K, committed 4608K, reserved 1048576K
}
Event: 5.610 GC heap before
{Heap before GC invocations=11 (full 2):
 PSYoungGen      total 222208K, used 13494K [0x00000000ebe00000, 0x00000000ff280000, 0x0000000100000000)
  eden space 207872K, 0% used [0x00000000ebe00000,0x00000000ebe00000,0x00000000f8900000)
  from space 14336K, 94% used [0x00000000f8900000,0x00000000f962d868,0x00000000f9700000)
  to   space 16384K, 0% used [0x00000000fe280000,0x00000000fe280000,0x00000000ff280000)
 ParOldGen       total 43008K, used 12523K [0x00000000c3a00000, 0x00000000c6400000, 0x00000000ebe00000)
  object space 43008K, 29% used [0x00000000c3a00000,0x00000000c463ad60,0x00000000c6400000)
 Metaspace       used 35066K, capacity 35366K, committed 35496K, reserved 1081344K
  class space    used 4500K, capacity 4580K, committed 4608K, reserved 1048576K
Event: 5.694 GC heap after
Heap after GC invocations=11 (full 2):
 PSYoungGen      total 222208K, used 0K [0x00000000ebe00000, 0x00000000ff280000, 0x0000000100000000)
  eden space 207872K, 0% used [0x00000000ebe00000,0x00000000ebe00000,0x00000000f8900000)
  from space 14336K, 0% used [0x00000000f8900000,0x00000000f8900000,0x00000000f9700000)
  to   space 16384K, 0% used [0x00000000fe280000,0x00000000fe280000,0x00000000ff280000)
 ParOldGen       total 60416K, used 22360K [0x00000000c3a00000, 0x00000000c7500000, 0x00000000ebe00000)
  object space 60416K, 37% used [0x00000000c3a00000,0x00000000c4fd6318,0x00000000c7500000)
 Metaspace       used 35066K, capacity 35366K, committed 35496K, reserved 1081344K
  class space    used 4500K, capacity 4580K, committed 4608K, reserved 1048576K
}

