# JRE version: Java(TM) SE Runtime Environment (8.0_121-b13) (build 1.8.0_121-b13)
# Java VM: Java HotSpot(TM) 64-Bit Server VM (25.121-b13 mixed mode linux-amd64 compressed oops)
Heap:
 PSYoungGen      total 195072K, used 55859K [0x00000000ebe00000, 0x00000000f9380000, 0x0000000100000000)
  eden space 181248K, 23% used [0x00000000ebe00000,0x00000000ee7805c8,0x00000000f6f00000)
  from space 13824K, 96% used [0x00000000f8600000,0x00000000f930ca00,0x00000000f9380000)
  to   space 17408K, 0% used [0x00000000f7180000,0x00000000f7180000,0x00000000f8280000)
 ParOldGen       total 68608K, used 22352K [0x00000000c3a00000, 0x00000000c7d00000, 0x00000000ebe00000)
  object space 68608K, 32% used [0x00000000c3a00000,0x00000000c4fd4360,0x00000000c7d00000)
 Metaspace       used 45033K, capacity 45420K, committed 45824K, reserved 1089536K
  class space    used 5899K, capacity 6029K, committed 6144K, reserved 1048576K
GC Heap History (10 events):
Event: 3.974 GC heap before
{Heap before GC invocations=8 (full 1):
 PSYoungGen      total 98304K, used 97984K [0x00000000ebe00000, 0x00000000f4980000, 0x0000000100000000)
  eden space 95232K, 100% used [0x00000000ebe00000,0x00000000f1b00000,0x00000000f1b00000)
  from space 3072K, 89% used [0x00000000f4680000,0x00000000f4930368,0x00000000f4980000)
  to   space 12288K, 0% used [0x00000000f3180000,0x00000000f3180000,0x00000000f3d80000)
 ParOldGen       total 49152K, used 15234K [0x00000000c3a00000, 0x00000000c6a00000, 0x00000000ebe00000)
  object space 49152K, 30% used [0x00000000c3a00000,0x00000000c48e0ab0,0x00000000c6a00000)
 Metaspace       used 25732K, capacity 26002K, committed 26112K, reserved 1073152K
  class space    used 3185K, capacity 3278K, committed 3328K, reserved 1048576K
Event: 3.994 GC heap after
Heap after GC invocations=8 (full 1):
 PSYoungGen      total 130560K, used 8390K [0x00000000ebe00000, 0x00000000f6400000, 0x0000000100000000)
  eden space 118272K, 0% used [0x00000000ebe00000,0x00000000ebe00000,0x00000000f3180000)
  from space 12288K, 68% used [0x00000000f3180000,0x00000000f39b1a18,0x00000000f3d80000)
  to   space 12800K, 0% used [0x00000000f5780000,0x00000000f5780000,0x00000000f6400000)
 ParOldGen       total 49152K, used 15242K [0x00000000c3a00000, 0x00000000c6a00000, 0x00000000ebe00000)
  object space 49152K, 31% used [0x00000000c3a00000,0x00000000c48e2ab0,0x00000000c6a00000)
 Metaspace       used 25732K, capacity 26002K, committed 26112K, reserved 1073152K
  class space    used 3185K, capacity 3278K, committed 3328K, reserved 1048576K
}
Event: 5.042 GC heap before
{Heap before GC invocations=9 (full 1):
 PSYoungGen      total 130560K, used 126645K [0x00000000ebe00000, 0x00000000f6400000, 0x0000000100000000)
  eden space 118272K, 99% used [0x00000000ebe00000,0x00000000f317bc08,0x00000000f3180000)
  from space 12288K, 68% used [0x00000000f3180000,0x00000000f39b1a18,0x00000000f3d80000)
  to   space 12800K, 0% used [0x00000000f5780000,0x00000000f5780000,0x00000000f6400000)
 ParOldGen       total 49152K, used 15242K [0x00000000c3a00000, 0x00000000c6a00000, 0x00000000ebe00000)
  object space 49152K, 31% used [0x00000000c3a00000,0x00000000c48e2ab0,0x00000000c6a00000)
 Metaspace       used 30352K, capacity 30646K, committed 30848K, reserved 1077248K
  class space    used 3766K, capacity 3860K, committed 3968K, reserved 1048576K
Event: 5.064 GC heap after
Heap after GC invocations=9 (full 1):
 PSYoungGen      total 156160K, used 10149K [0x00000000ebe00000, 0x00000000f8800000, 0x0000000100000000)
  eden space 143360K, 0% used [0x00000000ebe00000,0x00000000ebe00000,0x00000000f4a00000)
  from space 12800K, 79% used [0x00000000f5780000,0x00000000f61695a8,0x00000000f6400000)
  to   space 13824K, 0% used [0x00000000f4a00000,0x00000000f4a00000,0x00000000f5780000)
 ParOldGen       total 49152K, used 15250K [0x00000000c3a00000, 0x00000000c6a00000, 0x00000000ebe00000)
  object space 49152K, 31% used [0x00000000c3a00000,0x00000000c48e4ab0,0x00000000c6a00000)
 Metaspace       used 30352K, capacity 30646K, committed 30848K, reserved 1077248K
  class space    used 3766K, capacity 3860K, committed 3968K, reserved 1048576K
}
Event: 5.986 GC heap before
{Heap before GC invocations=10 (full 1):
 PSYoungGen      total 156160K, used 102713K [0x00000000ebe00000, 0x00000000f8800000, 0x0000000100000000)
  eden space 143360K, 64% used [0x00000000ebe00000,0x00000000f1865128,0x00000000f4a00000)
  from space 12800K, 79% used [0x00000000f5780000,0x00000000f61695a8,0x00000000f6400000)
  to   space 13824K, 0% used [0x00000000f4a00000,0x00000000f4a00000,0x00000000f5780000)
 ParOldGen       total 49152K, used 15250K [0x00000000c3a00000, 0x00000000c6a00000, 0x00000000ebe00000)
  object space 49152K, 31% used [0x00000000c3a00000,0x00000000c48e4ab0,0x00000000c6a00000)
 Metaspace       used 35024K, capacity 35350K, committed 35496K, reserved 1081344K
  class space    used 4503K, capacity 4580K, committed 4608K, reserved 1048576K
Event: 6.009 GC heap after
Heap after GC invocations=10 (full 1):
 PSYoungGen      total 157184K, used 13604K [0x00000000ebe00000, 0x00000000f9600000, 0x0000000100000000)
  eden space 143360K, 0% used [0x00000000ebe00000,0x00000000ebe00000,0x00000000f4a00000)
  from space 13824K, 98% used [0x00000000f4a00000,0x00000000f57493e8,0x00000000f5780000)
  to   space 16384K, 0% used [0x00000000f8600000,0x00000000f8600000,0x00000000f9600000)
 ParOldGen       total 49152K, used 15258K [0x00000000c3a00000, 0x00000000c6a00000, 0x00000000ebe00000)
  object space 49152K, 31% used [0x00000000c3a00000,0x00000000c48e6ab0,0x00000000c6a00000)
 Metaspace       used 35024K, capacity 35350K, committed 35496K, reserved 1081344K
  class space    used 4503K, capacity 4580K, committed 4608K, reserved 1048576K
}
Event: 6.009 GC heap before
{Heap before GC invocations=11 (full 2):
 PSYoungGen      total 157184K, used 13604K [0x00000000ebe00000, 0x00000000f9600000, 0x0000000100000000)
  eden space 143360K, 0% used [0x00000000ebe00000,0x00000000ebe00000,0x00000000f4a00000)
  from space 13824K, 98% used [0x00000000f4a00000,0x00000000f57493e8,0x00000000f5780000)
  to   space 16384K, 0% used [0x00000000f8600000,0x00000000f8600000,0x00000000f9600000)
 ParOldGen       total 49152K, used 15258K [0x00000000c3a00000, 0x00000000c6a00000, 0x00000000ebe00000)
  object space 49152K, 31% used [0x00000000c3a00000,0x00000000c48e6ab0,0x00000000c6a00000)
 Metaspace       used 35024K, capacity 35350K, committed 35496K, reserved 1081344K
  class space    used 4503K, capacity 4580K, committed 4608K, reserved 1048576K
Event: 6.107 GC heap after
Heap after GC invocations=11 (full 2):
 PSYoungGen      total 157184K, used 0K [0x00000000ebe00000, 0x00000000f9600000, 0x0000000100000000)
  eden space 143360K, 0% used [0x00000000ebe00000,0x00000000ebe00000,0x00000000f4a00000)
  from space 13824K, 0% used [0x00000000f4a00000,0x00000000f4a00000,0x00000000f5780000)
  to   space 16384K, 0% used [0x00000000f8600000,0x00000000f8600000,0x00000000f9600000)
 ParOldGen       total 68608K, used 22344K [0x00000000c3a00000, 0x00000000c7d00000, 0x00000000ebe00000)
  object space 68608K, 32% used [0x00000000c3a00000,0x00000000c4fd2360,0x00000000c7d00000)
 Metaspace       used 35024K, capacity 35350K, committed 35496K, reserved 1081344K
  class space    used 4503K, capacity 4580K, committed 4608K, reserved 1048576K
}
Event: 7.936 GC heap before
{Heap before GC invocations=12 (full 2):
 PSYoungGen      total 157184K, used 143360K [0x00000000ebe00000, 0x00000000f9600000, 0x0000000100000000)
  eden space 143360K, 100% used [0x00000000ebe00000,0x00000000f4a00000,0x00000000f4a00000)
  from space 13824K, 0% used [0x00000000f4a00000,0x00000000f4a00000,0x00000000f5780000)
  to   space 16384K, 0% used [0x00000000f8600000,0x00000000f8600000,0x00000000f9600000)
 ParOldGen       total 68608K, used 22344K [0x00000000c3a00000, 0x00000000c7d00000, 0x00000000ebe00000)
  object space 68608K, 32% used [0x00000000c3a00000,0x00000000c4fd2360,0x00000000c7d00000)
 Metaspace       used 44058K, capacity 44410K, committed 44544K, reserved 1087488K
  class space    used 5772K, capacity 5866K, committed 5888K, reserved 1048576K
Event: 7.960 GC heap after
Heap after GC invocations=12 (full 2):
 PSYoungGen      total 195072K, used 13362K [0x00000000ebe00000, 0x00000000f9380000, 0x0000000100000000)
  eden space 181248K, 0% used [0x00000000ebe00000,0x00000000ebe00000,0x00000000f6f00000)
  from space 13824K, 96% used [0x00000000f8600000,0x00000000f930ca00,0x00000000f9380000)
  to   space 17408K, 0% used [0x00000000f7180000,0x00000000f7180000,0x00000000f8280000)
 ParOldGen       total 68608K, used 22352K [0x00000000c3a00000, 0x00000000c7d00000, 0x00000000ebe00000)
  object space 68608K, 32% used [0x00000000c3a00000,0x00000000c4fd4360,0x00000000c7d00000)
 Metaspace       used 44058K, capacity 44410K, committed 44544K, reserved 1087488K
  class space    used 5772K, capacity 5866K, committed 5888K, reserved 1048576K
}

