# JRE version: Java(TM) SE Runtime Environment (8.0_121-b13) (build 1.8.0_121-b13)
# Java VM: Java HotSpot(TM) 64-Bit Server VM (25.121-b13 mixed mode linux-amd64 compressed oops)
Heap:
 PSYoungGen      total 305664K, used 186352K [0x000000076ab00000, 0x0000000787700000, 0x00000007c0000000)
  eden space 262144K, 71% used [0x000000076ab00000,0x00000007760fc130,0x000000077ab00000)
  from space 43520K, 0% used [0x000000077ab00000,0x000000077ab00000,0x000000077d580000)
  to   space 43520K, 0% used [0x0000000784c80000,0x0000000784c80000,0x0000000787700000)
 ParOldGen       total 748032K, used 22881K [0x00000006c0000000, 0x00000006eda80000, 0x000000076ab00000)
  object space 748032K, 3% used [0x00000006c0000000,0x00000006c16586c8,0x00000006eda80000)
 Metaspace       used 45157K, capacity 45540K, committed 45824K, reserved 1089536K
  class space    used 5916K, capacity 6041K, committed 6144K, reserved 1048576K
GC Heap History (10 events):
Event: 8.041 GC heap before
{Heap before GC invocations=1 (full 0):
 PSYoungGen      total 305664K, used 183654K [0x000000076ab00000, 0x0000000780000000, 0x00000007c0000000)
  eden space 262144K, 70% used [0x000000076ab00000,0x0000000775e59aa0,0x000000077ab00000)
  from space 43520K, 0% used [0x000000077d580000,0x000000077d580000,0x0000000780000000)
  to   space 43520K, 0% used [0x000000077ab00000,0x000000077ab00000,0x000000077d580000)
 ParOldGen       total 699392K, used 0K [0x00000006c0000000, 0x00000006eab00000, 0x000000076ab00000)
  object space 699392K, 0% used [0x00000006c0000000,0x00000006c0000000,0x00000006eab00000)
 Metaspace       used 21032K, capacity 21196K, committed 21296K, reserved 1069056K
  class space    used 2583K, capacity 2640K, committed 2688K, reserved 1048576K
Event: 8.071 GC heap after
Heap after GC invocations=1 (full 0):
 PSYoungGen      total 305664K, used 20896K [0x000000076ab00000, 0x0000000780000000, 0x00000007c0000000)
  eden space 262144K, 0% used [0x000000076ab00000,0x000000076ab00000,0x000000077ab00000)
  from space 43520K, 48% used [0x000000077ab00000,0x000000077bf68158,0x000000077d580000)
  to   space 43520K, 0% used [0x000000077d580000,0x000000077d580000,0x0000000780000000)
 ParOldGen       total 699392K, used 80K [0x00000006c0000000, 0x00000006eab00000, 0x000000076ab00000)
  object space 699392K, 0% used [0x00000006c0000000,0x00000006c0014010,0x00000006eab00000)
 Metaspace       used 21032K, capacity 21196K, committed 21296K, reserved 1069056K
  class space    used 2583K, capacity 2640K, committed 2688K, reserved 1048576K
}
Event: 8.071 GC heap before
{Heap before GC invocations=2 (full 1):
 PSYoungGen      total 305664K, used 20896K [0x000000076ab00000, 0x0000000780000000, 0x00000007c0000000)
  eden space 262144K, 0% used [0x000000076ab00000,0x000000076ab00000,0x000000077ab00000)
  from space 43520K, 48% used [0x000000077ab00000,0x000000077bf68158,0x000000077d580000)
  to   space 43520K, 0% used [0x000000077d580000,0x000000077d580000,0x0000000780000000)
 ParOldGen       total 699392K, used 80K [0x00000006c0000000, 0x00000006eab00000, 0x000000076ab00000)
  object space 699392K, 0% used [0x00000006c0000000,0x00000006c0014010,0x00000006eab00000)
 Metaspace       used 21032K, capacity 21196K, committed 21296K, reserved 1069056K
  class space    used 2583K, capacity 2640K, committed 2688K, reserved 1048576K
Event: 8.138 GC heap after
Heap after GC invocations=2 (full 1):
 PSYoungGen      total 305664K, used 0K [0x000000076ab00000, 0x0000000780000000, 0x00000007c0000000)
  eden space 262144K, 0% used [0x000000076ab00000,0x000000076ab00000,0x000000077ab00000)
  from space 43520K, 0% used [0x000000077ab00000,0x000000077ab00000,0x000000077d580000)
  to   space 43520K, 0% used [0x000000077d580000,0x000000077d580000,0x0000000780000000)
 ParOldGen       total 699392K, used 20111K [0x00000006c0000000, 0x00000006eab00000, 0x000000076ab00000)
  object space 699392K, 2% used [0x00000006c0000000,0x00000006c13a3d70,0x00000006eab00000)
 Metaspace       used 21032K, capacity 21196K, committed 21296K, reserved 1069056K
  class space    used 2583K, capacity 2640K, committed 2688K, reserved 1048576K
}
Event: 12.167 GC heap before
{Heap before GC invocations=3 (full 1):
 PSYoungGen      total 305664K, used 262144K [0x000000076ab00000, 0x0000000780000000, 0x00000007c0000000)
  eden space 262144K, 100% used [0x000000076ab00000,0x000000077ab00000,0x000000077ab00000)
  from space 43520K, 0% used [0x000000077ab00000,0x000000077ab00000,0x000000077d580000)
  to   space 43520K, 0% used [0x000000077d580000,0x000000077d580000,0x0000000780000000)
 ParOldGen       total 699392K, used 20111K [0x00000006c0000000, 0x00000006eab00000, 0x000000076ab00000)
  object space 699392K, 2% used [0x00000006c0000000,0x00000006c13a3d70,0x00000006eab00000)
 Metaspace       used 30378K, capacity 30658K, committed 30848K, reserved 1077248K
  class space    used 3767K, capacity 3860K, committed 3968K, reserved 1048576K
Event: 12.198 GC heap after
Heap after GC invocations=3 (full 1):
 PSYoungGen      total 305664K, used 17378K [0x000000076ab00000, 0x0000000786680000, 0x00000007c0000000)
  eden space 262144K, 0% used [0x000000076ab00000,0x000000076ab00000,0x000000077ab00000)
  from space 43520K, 39% used [0x000000077d580000,0x000000077e678b68,0x0000000780000000)
  to   space 43520K, 0% used [0x000000077ab00000,0x000000077ab00000,0x000000077d580000)
 ParOldGen       total 699392K, used 20119K [0x00000006c0000000, 0x00000006eab00000, 0x000000076ab00000)
  object space 699392K, 2% used [0x00000006c0000000,0x00000006c13a5d70,0x00000006eab00000)
 Metaspace       used 30378K, capacity 30658K, committed 30848K, reserved 1077248K
  class space    used 3767K, capacity 3860K, committed 3968K, reserved 1048576K
}
Event: 14.209 GC heap before
{Heap before GC invocations=4 (full 1):
 PSYoungGen      total 305664K, used 132419K [0x000000076ab00000, 0x0000000786680000, 0x00000007c0000000)
  eden space 262144K, 43% used [0x000000076ab00000,0x0000000771b58258,0x000000077ab00000)
  from space 43520K, 39% used [0x000000077d580000,0x000000077e678b68,0x0000000780000000)
  to   space 43520K, 0% used [0x000000077ab00000,0x000000077ab00000,0x000000077d580000)
 ParOldGen       total 699392K, used 20119K [0x00000006c0000000, 0x00000006eab00000, 0x000000076ab00000)
  object space 699392K, 2% used [0x00000006c0000000,0x00000006c13a5d70,0x00000006eab00000)
 Metaspace       used 35075K, capacity 35362K, committed 35496K, reserved 1081344K
  class space    used 4504K, capacity 4580K, committed 4608K, reserved 1048576K
Event: 14.230 GC heap after
Heap after GC invocations=4 (full 1):
 PSYoungGen      total 305664K, used 13611K [0x000000076ab00000, 0x0000000787700000, 0x00000007c0000000)
  eden space 262144K, 0% used [0x000000076ab00000,0x000000076ab00000,0x000000077ab00000)
  from space 43520K, 31% used [0x000000077ab00000,0x000000077b84af00,0x000000077d580000)
  to   space 43520K, 0% used [0x0000000784c80000,0x0000000784c80000,0x0000000787700000)
 ParOldGen       total 699392K, used 20119K [0x00000006c0000000, 0x00000006eab00000, 0x000000076ab00000)
  object space 699392K, 2% used [0x00000006c0000000,0x00000006c13a5d70,0x00000006eab00000)
 Metaspace       used 35075K, capacity 35362K, committed 35496K, reserved 1081344K
  class space    used 4504K, capacity 4580K, committed 4608K, reserved 1048576K
}
Event: 14.230 GC heap before
{Heap before GC invocations=5 (full 2):
 PSYoungGen      total 305664K, used 13611K [0x000000076ab00000, 0x0000000787700000, 0x00000007c0000000)
  eden space 262144K, 0% used [0x000000076ab00000,0x000000076ab00000,0x000000077ab00000)
  from space 43520K, 31% used [0x000000077ab00000,0x000000077b84af00,0x000000077d580000)
  to   space 43520K, 0% used [0x0000000784c80000,0x0000000784c80000,0x0000000787700000)
 ParOldGen       total 699392K, used 20119K [0x00000006c0000000, 0x00000006eab00000, 0x000000076ab00000)
  object space 699392K, 2% used [0x00000006c0000000,0x00000006c13a5d70,0x00000006eab00000)
 Metaspace       used 35075K, capacity 35362K, committed 35496K, reserved 1081344K
  class space    used 4504K, capacity 4580K, committed 4608K, reserved 1048576K
Event: 14.332 GC heap after
Heap after GC invocations=5 (full 2):
 PSYoungGen      total 305664K, used 0K [0x000000076ab00000, 0x0000000787700000, 0x00000007c0000000)
  eden space 262144K, 0% used [0x000000076ab00000,0x000000076ab00000,0x000000077ab00000)
  from space 43520K, 0% used [0x000000077ab00000,0x000000077ab00000,0x000000077d580000)
  to   space 43520K, 0% used [0x0000000784c80000,0x0000000784c80000,0x0000000787700000)
 ParOldGen       total 748032K, used 22881K [0x00000006c0000000, 0x00000006eda80000, 0x000000076ab00000)
  object space 748032K, 3% used [0x00000006c0000000,0x00000006c16586c8,0x00000006eda80000)
 Metaspace       used 35075K, capacity 35362K, committed 35496K, reserved 1081344K
  class space    used 4504K, capacity 4580K, committed 4608K, reserved 1048576K
}

