# JRE version: Java(TM) SE Runtime Environment (8.0_121-b13) (build 1.8.0_121-b13)
# Java VM: Java HotSpot(TM) 64-Bit Server VM (25.121-b13 mixed mode linux-amd64 compressed oops)
Heap:
 PSYoungGen      total 189952K, used 69098K [0x00000000ebe00000, 0x00000000f8600000, 0x0000000100000000)
  eden space 180224K, 32% used [0x00000000ebe00000,0x00000000ef7fdf10,0x00000000f6e00000)
  from space 9728K, 99% used [0x00000000f7c80000,0x00000000f85fcb78,0x00000000f8600000)
  to   space 12288K, 0% used [0x00000000f6e00000,0x00000000f6e00000,0x00000000f7a00000)
 ParOldGen       total 59392K, used 24951K [0x00000000c3a00000, 0x00000000c7400000, 0x00000000ebe00000)
  object space 59392K, 42% used [0x00000000c3a00000,0x00000000c525dff0,0x00000000c7400000)
 Metaspace       used 46407K, capacity 46774K, committed 47232K, reserved 1089536K
  class space    used 6048K, capacity 6166K, committed 6272K, reserved 1048576K
GC Heap History (10 events):
Event: 3.957 GC heap before
{Heap before GC invocations=10 (full 1):
 PSYoungGen      total 108544K, used 108524K [0x00000000ebe00000, 0x00000000f4600000, 0x0000000100000000)
  eden space 103936K, 100% used [0x00000000ebe00000,0x00000000f2380000,0x00000000f2380000)
  from space 4608K, 99% used [0x00000000f4180000,0x00000000f45fb270,0x00000000f4600000)
  to   space 7680K, 0% used [0x00000000f3700000,0x00000000f3700000,0x00000000f3e80000)
 ParOldGen       total 38912K, used 12119K [0x00000000c3a00000, 0x00000000c6000000, 0x00000000ebe00000)
  object space 38912K, 31% used [0x00000000c3a00000,0x00000000c45d5e50,0x00000000c6000000)
 Metaspace       used 26250K, capacity 26608K, committed 27008K, reserved 1073152K
  class space    used 3302K, capacity 3391K, committed 3456K, reserved 1048576K
Event: 3.971 GC heap after
Heap after GC invocations=10 (full 1):
 PSYoungGen      total 131584K, used 7676K [0x00000000ebe00000, 0x00000000f5800000, 0x0000000100000000)
  eden space 123904K, 0% used [0x00000000ebe00000,0x00000000ebe00000,0x00000000f3700000)
  from space 7680K, 99% used [0x00000000f3700000,0x00000000f3e7f2c0,0x00000000f3e80000)
  to   space 8704K, 0% used [0x00000000f4f80000,0x00000000f4f80000,0x00000000f5800000)
 ParOldGen       total 38912K, used 12822K [0x00000000c3a00000, 0x00000000c6000000, 0x00000000ebe00000)
  object space 38912K, 32% used [0x00000000c3a00000,0x00000000c4685908,0x00000000c6000000)
 Metaspace       used 26250K, capacity 26608K, committed 27008K, reserved 1073152K
  class space    used 3302K, capacity 3391K, committed 3456K, reserved 1048576K
}
Event: 4.830 GC heap before
{Heap before GC invocations=11 (full 1):
 PSYoungGen      total 131584K, used 131580K [0x00000000ebe00000, 0x00000000f5800000, 0x0000000100000000)
  eden space 123904K, 100% used [0x00000000ebe00000,0x00000000f3700000,0x00000000f3700000)
  from space 7680K, 99% used [0x00000000f3700000,0x00000000f3e7f2c0,0x00000000f3e80000)
  to   space 8704K, 0% used [0x00000000f4f80000,0x00000000f4f80000,0x00000000f5800000)
 ParOldGen       total 38912K, used 12822K [0x00000000c3a00000, 0x00000000c6000000, 0x00000000ebe00000)
  object space 38912K, 32% used [0x00000000c3a00000,0x00000000c4685908,0x00000000c6000000)
 Metaspace       used 29368K, capacity 29758K, committed 29952K, reserved 1075200K
  class space    used 3662K, capacity 3788K, committed 3840K, reserved 1048576K
Event: 4.853 GC heap after
Heap after GC invocations=11 (full 1):
 PSYoungGen      total 147456K, used 8680K [0x00000000ebe00000, 0x00000000f7480000, 0x0000000100000000)
  eden space 138752K, 0% used [0x00000000ebe00000,0x00000000ebe00000,0x00000000f4580000)
  from space 8704K, 99% used [0x00000000f4f80000,0x00000000f57fa010,0x00000000f5800000)
  to   space 10240K, 0% used [0x00000000f4580000,0x00000000f4580000,0x00000000f4f80000)
 ParOldGen       total 38912K, used 14530K [0x00000000c3a00000, 0x00000000c6000000, 0x00000000ebe00000)
  object space 38912K, 37% used [0x00000000c3a00000,0x00000000c4830820,0x00000000c6000000)
 Metaspace       used 29368K, capacity 29758K, committed 29952K, reserved 1075200K
  class space    used 3662K, capacity 3788K, committed 3840K, reserved 1048576K
}
Event: 5.521 GC heap before
{Heap before GC invocations=12 (full 1):
 PSYoungGen      total 147456K, used 60903K [0x00000000ebe00000, 0x00000000f7480000, 0x0000000100000000)
  eden space 138752K, 37% used [0x00000000ebe00000,0x00000000ef0ffc90,0x00000000f4580000)
  from space 8704K, 99% used [0x00000000f4f80000,0x00000000f57fa010,0x00000000f5800000)
  to   space 10240K, 0% used [0x00000000f4580000,0x00000000f4580000,0x00000000f4f80000)
 ParOldGen       total 38912K, used 14530K [0x00000000c3a00000, 0x00000000c6000000, 0x00000000ebe00000)
  object space 38912K, 37% used [0x00000000c3a00000,0x00000000c4830820,0x00000000c6000000)
 Metaspace       used 34884K, capacity 35204K, committed 35456K, reserved 1079296K
  class space    used 4498K, capacity 4621K, committed 4736K, reserved 1048576K
Event: 5.541 GC heap after
Heap after GC invocations=12 (full 1):
 PSYoungGen      total 148992K, used 6191K [0x00000000ebe00000, 0x00000000f8600000, 0x0000000100000000)
  eden space 138752K, 0% used [0x00000000ebe00000,0x00000000ebe00000,0x00000000f4580000)
  from space 10240K, 60% used [0x00000000f4580000,0x00000000f4b8bf30,0x00000000f4f80000)
  to   space 9728K, 0% used [0x00000000f7c80000,0x00000000f7c80000,0x00000000f8600000)
 ParOldGen       total 38912K, used 20929K [0x00000000c3a00000, 0x00000000c6000000, 0x00000000ebe00000)
  object space 38912K, 53% used [0x00000000c3a00000,0x00000000c4e70410,0x00000000c6000000)
 Metaspace       used 34884K, capacity 35204K, committed 35456K, reserved 1079296K
  class space    used 4498K, capacity 4621K, committed 4736K, reserved 1048576K
}
Event: 5.542 GC heap before
{Heap before GC invocations=13 (full 2):
 PSYoungGen      total 148992K, used 6191K [0x00000000ebe00000, 0x00000000f8600000, 0x0000000100000000)
  eden space 138752K, 0% used [0x00000000ebe00000,0x00000000ebe00000,0x00000000f4580000)
  from space 10240K, 60% used [0x00000000f4580000,0x00000000f4b8bf30,0x00000000f4f80000)
  to   space 9728K, 0% used [0x00000000f7c80000,0x00000000f7c80000,0x00000000f8600000)
 ParOldGen       total 38912K, used 20929K [0x00000000c3a00000, 0x00000000c6000000, 0x00000000ebe00000)
  object space 38912K, 53% used [0x00000000c3a00000,0x00000000c4e70410,0x00000000c6000000)
 Metaspace       used 34884K, capacity 35204K, committed 35456K, reserved 1079296K
  class space    used 4498K, capacity 4621K, committed 4736K, reserved 1048576K
Event: 5.647 GC heap after
Heap after GC invocations=13 (full 2):
 PSYoungGen      total 148992K, used 0K [0x00000000ebe00000, 0x00000000f8600000, 0x0000000100000000)
  eden space 138752K, 0% used [0x00000000ebe00000,0x00000000ebe00000,0x00000000f4580000)
  from space 10240K, 0% used [0x00000000f4580000,0x00000000f4580000,0x00000000f4f80000)
  to   space 9728K, 0% used [0x00000000f7c80000,0x00000000f7c80000,0x00000000f8600000)
 ParOldGen       total 59392K, used 21914K [0x00000000c3a00000, 0x00000000c7400000, 0x00000000ebe00000)
  object space 59392K, 36% used [0x00000000c3a00000,0x00000000c4f66a88,0x00000000c7400000)
 Metaspace       used 34884K, capacity 35204K, committed 35456K, reserved 1079296K
  class space    used 4498K, capacity 4621K, committed 4736K, reserved 1048576K
}
Event: 7.505 GC heap before
{Heap before GC invocations=14 (full 2):
 PSYoungGen      total 148992K, used 138752K [0x00000000ebe00000, 0x00000000f8600000, 0x0000000100000000)
  eden space 138752K, 100% used [0x00000000ebe00000,0x00000000f4580000,0x00000000f4580000)
  from space 10240K, 0% used [0x00000000f4580000,0x00000000f4580000,0x00000000f4f80000)
  to   space 9728K, 0% used [0x00000000f7c80000,0x00000000f7c80000,0x00000000f8600000)
 ParOldGen       total 59392K, used 21914K [0x00000000c3a00000, 0x00000000c7400000, 0x00000000ebe00000)
  object space 59392K, 36% used [0x00000000c3a00000,0x00000000c4f66a88,0x00000000c7400000)
 Metaspace       used 42615K, capacity 42990K, committed 43392K, reserved 1087488K
  class space    used 5597K, capacity 5716K, committed 5760K, reserved 1048576K
Event: 7.528 GC heap after
Heap after GC invocations=14 (full 2):
 PSYoungGen      total 189952K, used 9714K [0x00000000ebe00000, 0x00000000f8600000, 0x0000000100000000)
  eden space 180224K, 0% used [0x00000000ebe00000,0x00000000ebe00000,0x00000000f6e00000)
  from space 9728K, 99% used [0x00000000f7c80000,0x00000000f85fcb78,0x00000000f8600000)
  to   space 12288K, 0% used [0x00000000f6e00000,0x00000000f6e00000,0x00000000f7a00000)
 ParOldGen       total 59392K, used 24951K [0x00000000c3a00000, 0x00000000c7400000, 0x00000000ebe00000)
  object space 59392K, 42% used [0x00000000c3a00000,0x00000000c525dff0,0x00000000c7400000)
 Metaspace       used 42615K, capacity 42990K, committed 43392K, reserved 1087488K
  class space    used 5597K, capacity 5716K, committed 5760K, reserved 1048576K
}

