# JRE version: Java(TM) SE Runtime Environment (8.0_121-b13) (build 1.8.0_121-b13)
# Java VM: Java HotSpot(TM) 64-Bit Server VM (25.121-b13 mixed mode linux-amd64 compressed oops)
Heap:
 PSYoungGen      total 305664K, used 192695K [0x000000076ab00000, 0x0000000785e00000, 0x00000007c0000000)
  eden space 262144K, 73% used [0x000000076ab00000,0x000000077672df78,0x000000077ab00000)
  from space 43520K, 0% used [0x000000077ab00000,0x000000077ab00000,0x000000077d580000)
  to   space 43520K, 0% used [0x0000000783380000,0x0000000783380000,0x0000000785e00000)
 ParOldGen       total 772608K, used 22773K [0x00000006c0000000, 0x00000006ef280000, 0x000000076ab00000)
  object space 772608K, 2% used [0x00000006c0000000,0x00000006c163d7b0,0x00000006ef280000)
 Metaspace       used 45092K, capacity 45492K, committed 45824K, reserved 1089536K
  class space    used 5899K, capacity 6029K, committed 6144K, reserved 1048576K
GC Heap History (10 events):
Event: 2.536 GC heap before
{Heap before GC invocations=1 (full 0):
 PSYoungGen      total 305664K, used 183649K [0x000000076ab00000, 0x0000000780000000, 0x00000007c0000000)
  eden space 262144K, 70% used [0x000000076ab00000,0x0000000775e58698,0x000000077ab00000)
  from space 43520K, 0% used [0x000000077d580000,0x000000077d580000,0x0000000780000000)
  to   space 43520K, 0% used [0x000000077ab00000,0x000000077ab00000,0x000000077d580000)
 ParOldGen       total 699392K, used 0K [0x00000006c0000000, 0x00000006eab00000, 0x000000076ab00000)
  object space 699392K, 0% used [0x00000006c0000000,0x00000006c0000000,0x00000006eab00000)
 Metaspace       used 21086K, capacity 21202K, committed 21296K, reserved 1069056K
  class space    used 2599K, capacity 2642K, committed 2688K, reserved 1048576K
Event: 2.558 GC heap after
Heap after GC invocations=1 (full 0):
 PSYoungGen      total 305664K, used 21017K [0x000000076ab00000, 0x0000000780000000, 0x00000007c0000000)
  eden space 262144K, 0% used [0x000000076ab00000,0x000000076ab00000,0x000000077ab00000)
  from space 43520K, 48% used [0x000000077ab00000,0x000000077bf86598,0x000000077d580000)
  to   space 43520K, 0% used [0x000000077d580000,0x000000077d580000,0x0000000780000000)
 ParOldGen       total 699392K, used 88K [0x00000006c0000000, 0x00000006eab00000, 0x000000076ab00000)
  object space 699392K, 0% used [0x00000006c0000000,0x00000006c0016010,0x00000006eab00000)
 Metaspace       used 21086K, capacity 21202K, committed 21296K, reserved 1069056K
  class space    used 2599K, capacity 2642K, committed 2688K, reserved 1048576K
}
Event: 2.558 GC heap before
{Heap before GC invocations=2 (full 1):
 PSYoungGen      total 305664K, used 21017K [0x000000076ab00000, 0x0000000780000000, 0x00000007c0000000)
  eden space 262144K, 0% used [0x000000076ab00000,0x000000076ab00000,0x000000077ab00000)
  from space 43520K, 48% used [0x000000077ab00000,0x000000077bf86598,0x000000077d580000)
  to   space 43520K, 0% used [0x000000077d580000,0x000000077d580000,0x0000000780000000)
 ParOldGen       total 699392K, used 88K [0x00000006c0000000, 0x00000006eab00000, 0x000000076ab00000)
  object space 699392K, 0% used [0x00000006c0000000,0x00000006c0016010,0x00000006eab00000)
 Metaspace       used 21086K, capacity 21202K, committed 21296K, reserved 1069056K
  class space    used 2599K, capacity 2642K, committed 2688K, reserved 1048576K
Event: 2.616 GC heap after
Heap after GC invocations=2 (full 1):
 PSYoungGen      total 305664K, used 0K [0x000000076ab00000, 0x0000000780000000, 0x00000007c0000000)
  eden space 262144K, 0% used [0x000000076ab00000,0x000000076ab00000,0x000000077ab00000)
  from space 43520K, 0% used [0x000000077ab00000,0x000000077ab00000,0x000000077d580000)
  to   space 43520K, 0% used [0x000000077d580000,0x000000077d580000,0x0000000780000000)
 ParOldGen       total 699392K, used 20256K [0x00000006c0000000, 0x00000006eab00000, 0x000000076ab00000)
  object space 699392K, 2% used [0x00000006c0000000,0x00000006c13c82b8,0x00000006eab00000)
 Metaspace       used 21086K, capacity 21202K, committed 21296K, reserved 1069056K
  class space    used 2599K, capacity 2642K, committed 2688K, reserved 1048576K
}
Event: 5.672 GC heap before
{Heap before GC invocations=3 (full 1):
 PSYoungGen      total 305664K, used 262144K [0x000000076ab00000, 0x0000000780000000, 0x00000007c0000000)
  eden space 262144K, 100% used [0x000000076ab00000,0x000000077ab00000,0x000000077ab00000)
  from space 43520K, 0% used [0x000000077ab00000,0x000000077ab00000,0x000000077d580000)
  to   space 43520K, 0% used [0x000000077d580000,0x000000077d580000,0x0000000780000000)
 ParOldGen       total 699392K, used 20256K [0x00000006c0000000, 0x00000006eab00000, 0x000000076ab00000)
  object space 699392K, 2% used [0x00000006c0000000,0x00000006c13c82b8,0x00000006eab00000)
 Metaspace       used 30376K, capacity 30654K, committed 30848K, reserved 1077248K
  class space    used 3768K, capacity 3860K, committed 3968K, reserved 1048576K
Event: 5.705 GC heap after
Heap after GC invocations=3 (full 1):
 PSYoungGen      total 305664K, used 17255K [0x000000076ab00000, 0x0000000784c80000, 0x00000007c0000000)
  eden space 262144K, 0% used [0x000000076ab00000,0x000000076ab00000,0x000000077ab00000)
  from space 43520K, 39% used [0x000000077d580000,0x000000077e659e58,0x0000000780000000)
  to   space 43520K, 0% used [0x000000077ab00000,0x000000077ab00000,0x000000077d580000)
 ParOldGen       total 699392K, used 20264K [0x00000006c0000000, 0x00000006eab00000, 0x000000076ab00000)
  object space 699392K, 2% used [0x00000006c0000000,0x00000006c13ca2b8,0x00000006eab00000)
 Metaspace       used 30376K, capacity 30654K, committed 30848K, reserved 1077248K
  class space    used 3768K, capacity 3860K, committed 3968K, reserved 1048576K
}
Event: 7.059 GC heap before
{Heap before GC invocations=4 (full 1):
 PSYoungGen      total 305664K, used 126232K [0x000000076ab00000, 0x0000000784c80000, 0x00000007c0000000)
  eden space 262144K, 41% used [0x000000076ab00000,0x000000077156c300,0x000000077ab00000)
  from space 43520K, 39% used [0x000000077d580000,0x000000077e659e58,0x0000000780000000)
  to   space 43520K, 0% used [0x000000077ab00000,0x000000077ab00000,0x000000077d580000)
 ParOldGen       total 699392K, used 20264K [0x00000006c0000000, 0x00000006eab00000, 0x000000076ab00000)
  object space 699392K, 2% used [0x00000006c0000000,0x00000006c13ca2b8,0x00000006eab00000)
 Metaspace       used 35067K, capacity 35358K, committed 35496K, reserved 1081344K
  class space    used 4499K, capacity 4580K, committed 4608K, reserved 1048576K
Event: 7.087 GC heap after
Heap after GC invocations=4 (full 1):
 PSYoungGen      total 305664K, used 13546K [0x000000076ab00000, 0x0000000785e00000, 0x00000007c0000000)
  eden space 262144K, 0% used [0x000000076ab00000,0x000000076ab00000,0x000000077ab00000)
  from space 43520K, 31% used [0x000000077ab00000,0x000000077b83a8f8,0x000000077d580000)
  to   space 43520K, 0% used [0x0000000783380000,0x0000000783380000,0x0000000785e00000)
 ParOldGen       total 699392K, used 20272K [0x00000006c0000000, 0x00000006eab00000, 0x000000076ab00000)
  object space 699392K, 2% used [0x00000006c0000000,0x00000006c13cc2b8,0x00000006eab00000)
 Metaspace       used 35067K, capacity 35358K, committed 35496K, reserved 1081344K
  class space    used 4499K, capacity 4580K, committed 4608K, reserved 1048576K
}
Event: 7.087 GC heap before
{Heap before GC invocations=5 (full 2):
 PSYoungGen      total 305664K, used 13546K [0x000000076ab00000, 0x0000000785e00000, 0x00000007c0000000)
  eden space 262144K, 0% used [0x000000076ab00000,0x000000076ab00000,0x000000077ab00000)
  from space 43520K, 31% used [0x000000077ab00000,0x000000077b83a8f8,0x000000077d580000)
  to   space 43520K, 0% used [0x0000000783380000,0x0000000783380000,0x0000000785e00000)
 ParOldGen       total 699392K, used 20272K [0x00000006c0000000, 0x00000006eab00000, 0x000000076ab00000)
  object space 699392K, 2% used [0x00000006c0000000,0x00000006c13cc2b8,0x00000006eab00000)
 Metaspace       used 35067K, capacity 35358K, committed 35496K, reserved 1081344K
  class space    used 4499K, capacity 4580K, committed 4608K, reserved 1048576K
Event: 7.214 GC heap after
Heap after GC invocations=5 (full 2):
 PSYoungGen      total 305664K, used 0K [0x000000076ab00000, 0x0000000785e00000, 0x00000007c0000000)
  eden space 262144K, 0% used [0x000000076ab00000,0x000000076ab00000,0x000000077ab00000)
  from space 43520K, 0% used [0x000000077ab00000,0x000000077ab00000,0x000000077d580000)
  to   space 43520K, 0% used [0x0000000783380000,0x0000000783380000,0x0000000785e00000)
 ParOldGen       total 772608K, used 22773K [0x00000006c0000000, 0x00000006ef280000, 0x000000076ab00000)
  object space 772608K, 2% used [0x00000006c0000000,0x00000006c163d7b0,0x00000006ef280000)
 Metaspace       used 35067K, capacity 35358K, committed 35496K, reserved 1081344K
  class space    used 4499K, capacity 4580K, committed 4608K, reserved 1048576K
}

