# JRE version: Java(TM) SE Runtime Environment (8.0_121-b13) (build 1.8.0_121-b13)
# Java VM: Java HotSpot(TM) 64-Bit Server VM (25.121-b13 mixed mode linux-amd64 compressed oops)
Heap:
 PSYoungGen      total 182272K, used 62849K [0x00000000ebe00000, 0x00000000f8280000, 0x0000000100000000)
  eden space 166400K, 30% used [0x00000000ebe00000,0x00000000eeed91f0,0x00000000f6080000)
  from space 15872K, 80% used [0x00000000f7300000,0x00000000f7f872a8,0x00000000f8280000)
  to   space 17408K, 0% used [0x00000000f6080000,0x00000000f6080000,0x00000000f7180000)
 ParOldGen       total 69120K, used 22374K [0x00000000c3a00000, 0x00000000c7d80000, 0x00000000ebe00000)
  object space 69120K, 32% used [0x00000000c3a00000,0x00000000c4fd9bb0,0x00000000c7d80000)
 Metaspace       used 45069K, capacity 45428K, committed 45824K, reserved 1089536K
  class space    used 5899K, capacity 6029K, committed 6144K, reserved 1048576K
GC Heap History (10 events):
Event: 4.281 GC heap before
{Heap before GC invocations=8 (full 1):
 PSYoungGen      total 96768K, used 96431K [0x00000000ebe00000, 0x00000000f4900000, 0x0000000100000000)
  eden space 93696K, 100% used [0x00000000ebe00000,0x00000000f1980000,0x00000000f1980000)
  from space 3072K, 89% used [0x00000000f4600000,0x00000000f48abd48,0x00000000f4900000)
  to   space 12288K, 0% used [0x00000000f3100000,0x00000000f3100000,0x00000000f3d00000)
 ParOldGen       total 46592K, used 12542K [0x00000000c3a00000, 0x00000000c6780000, 0x00000000ebe00000)
  object space 46592K, 26% used [0x00000000c3a00000,0x00000000c463f868,0x00000000c6780000)
 Metaspace       used 25603K, capacity 25876K, committed 26112K, reserved 1073152K
  class space    used 3175K, capacity 3277K, committed 3328K, reserved 1048576K
Event: 4.296 GC heap after
Heap after GC invocations=8 (full 1):
 PSYoungGen      total 130048K, used 8257K [0x00000000ebe00000, 0x00000000f5b80000, 0x0000000100000000)
  eden space 117760K, 0% used [0x00000000ebe00000,0x00000000ebe00000,0x00000000f3100000)
  from space 12288K, 67% used [0x00000000f3100000,0x00000000f3910498,0x00000000f3d00000)
  to   space 12800K, 0% used [0x00000000f4f00000,0x00000000f4f00000,0x00000000f5b80000)
 ParOldGen       total 46592K, used 12550K [0x00000000c3a00000, 0x00000000c6780000, 0x00000000ebe00000)
  object space 46592K, 26% used [0x00000000c3a00000,0x00000000c4641868,0x00000000c6780000)
 Metaspace       used 25603K, capacity 25876K, committed 26112K, reserved 1073152K
  class space    used 3175K, capacity 3277K, committed 3328K, reserved 1048576K
}
Event: 5.552 GC heap before
{Heap before GC invocations=9 (full 1):
 PSYoungGen      total 130048K, used 126017K [0x00000000ebe00000, 0x00000000f5b80000, 0x0000000100000000)
  eden space 117760K, 100% used [0x00000000ebe00000,0x00000000f3100000,0x00000000f3100000)
  from space 12288K, 67% used [0x00000000f3100000,0x00000000f3910498,0x00000000f3d00000)
  to   space 12800K, 0% used [0x00000000f4f00000,0x00000000f4f00000,0x00000000f5b80000)
 ParOldGen       total 46592K, used 12550K [0x00000000c3a00000, 0x00000000c6780000, 0x00000000ebe00000)
  object space 46592K, 26% used [0x00000000c3a00000,0x00000000c4641868,0x00000000c6780000)
 Metaspace       used 30356K, capacity 30654K, committed 30848K, reserved 1077248K
  class space    used 3766K, capacity 3860K, committed 3968K, reserved 1048576K
Event: 5.567 GC heap after
Heap after GC invocations=9 (full 1):
 PSYoungGen      total 147456K, used 10174K [0x00000000ebe00000, 0x00000000f7d00000, 0x0000000100000000)
  eden space 134656K, 0% used [0x00000000ebe00000,0x00000000ebe00000,0x00000000f4180000)
  from space 12800K, 79% used [0x00000000f4f00000,0x00000000f58efa20,0x00000000f5b80000)
  to   space 13824K, 0% used [0x00000000f4180000,0x00000000f4180000,0x00000000f4f00000)
 ParOldGen       total 46592K, used 12558K [0x00000000c3a00000, 0x00000000c6780000, 0x00000000ebe00000)
  object space 46592K, 26% used [0x00000000c3a00000,0x00000000c4643868,0x00000000c6780000)
 Metaspace       used 30356K, capacity 30654K, committed 30848K, reserved 1077248K
  class space    used 3766K, capacity 3860K, committed 3968K, reserved 1048576K
}
Event: 6.699 GC heap before
{Heap before GC invocations=10 (full 1):
 PSYoungGen      total 147456K, used 107942K [0x00000000ebe00000, 0x00000000f7d00000, 0x0000000100000000)
  eden space 134656K, 72% used [0x00000000ebe00000,0x00000000f1d7a070,0x00000000f4180000)
  from space 12800K, 79% used [0x00000000f4f00000,0x00000000f58efa20,0x00000000f5b80000)
  to   space 13824K, 0% used [0x00000000f4180000,0x00000000f4180000,0x00000000f4f00000)
 ParOldGen       total 46592K, used 12558K [0x00000000c3a00000, 0x00000000c6780000, 0x00000000ebe00000)
  object space 46592K, 26% used [0x00000000c3a00000,0x00000000c4643868,0x00000000c6780000)
 Metaspace       used 35070K, capacity 35358K, committed 35496K, reserved 1081344K
  class space    used 4503K, capacity 4580K, committed 4608K, reserved 1048576K
Event: 6.720 GC heap after
Heap after GC invocations=10 (full 1):
 PSYoungGen      total 148480K, used 13626K [0x00000000ebe00000, 0x00000000f8280000, 0x0000000100000000)
  eden space 134656K, 0% used [0x00000000ebe00000,0x00000000ebe00000,0x00000000f4180000)
  from space 13824K, 98% used [0x00000000f4180000,0x00000000f4ece940,0x00000000f4f00000)
  to   space 15872K, 0% used [0x00000000f7300000,0x00000000f7300000,0x00000000f8280000)
 ParOldGen       total 46592K, used 12566K [0x00000000c3a00000, 0x00000000c6780000, 0x00000000ebe00000)
  object space 46592K, 26% used [0x00000000c3a00000,0x00000000c4645868,0x00000000c6780000)
 Metaspace       used 35070K, capacity 35358K, committed 35496K, reserved 1081344K
  class space    used 4503K, capacity 4580K, committed 4608K, reserved 1048576K
}
Event: 6.720 GC heap before
{Heap before GC invocations=11 (full 2):
 PSYoungGen      total 148480K, used 13626K [0x00000000ebe00000, 0x00000000f8280000, 0x0000000100000000)
  eden space 134656K, 0% used [0x00000000ebe00000,0x00000000ebe00000,0x00000000f4180000)
  from space 13824K, 98% used [0x00000000f4180000,0x00000000f4ece940,0x00000000f4f00000)
  to   space 15872K, 0% used [0x00000000f7300000,0x00000000f7300000,0x00000000f8280000)
 ParOldGen       total 46592K, used 12566K [0x00000000c3a00000, 0x00000000c6780000, 0x00000000ebe00000)
  object space 46592K, 26% used [0x00000000c3a00000,0x00000000c4645868,0x00000000c6780000)
 Metaspace       used 35070K, capacity 35358K, committed 35496K, reserved 1081344K
  class space    used 4503K, capacity 4580K, committed 4608K, reserved 1048576K
Event: 6.821 GC heap after
Heap after GC invocations=11 (full 2):
 PSYoungGen      total 148480K, used 0K [0x00000000ebe00000, 0x00000000f8280000, 0x0000000100000000)
  eden space 134656K, 0% used [0x00000000ebe00000,0x00000000ebe00000,0x00000000f4180000)
  from space 13824K, 0% used [0x00000000f4180000,0x00000000f4180000,0x00000000f4f00000)
  to   space 15872K, 0% used [0x00000000f7300000,0x00000000f7300000,0x00000000f8280000)
 ParOldGen       total 69120K, used 22366K [0x00000000c3a00000, 0x00000000c7d80000, 0x00000000ebe00000)
  object space 69120K, 32% used [0x00000000c3a00000,0x00000000c4fd7bb0,0x00000000c7d80000)
 Metaspace       used 35070K, capacity 35358K, committed 35496K, reserved 1081344K
  class space    used 4503K, capacity 4580K, committed 4608K, reserved 1048576K
}
Event: 8.847 GC heap before
{Heap before GC invocations=12 (full 2):
 PSYoungGen      total 148480K, used 134656K [0x00000000ebe00000, 0x00000000f8280000, 0x0000000100000000)
  eden space 134656K, 100% used [0x00000000ebe00000,0x00000000f4180000,0x00000000f4180000)
  from space 13824K, 0% used [0x00000000f4180000,0x00000000f4180000,0x00000000f4f00000)
  to   space 15872K, 0% used [0x00000000f7300000,0x00000000f7300000,0x00000000f8280000)
 ParOldGen       total 69120K, used 22366K [0x00000000c3a00000, 0x00000000c7d80000, 0x00000000ebe00000)
  object space 69120K, 32% used [0x00000000c3a00000,0x00000000c4fd7bb0,0x00000000c7d80000)
 Metaspace       used 44052K, capacity 44418K, committed 44544K, reserved 1087488K
  class space    used 5768K, capacity 5866K, committed 5888K, reserved 1048576K
Event: 8.863 GC heap after
Heap after GC invocations=12 (full 2):
 PSYoungGen      total 182272K, used 12828K [0x00000000ebe00000, 0x00000000f8280000, 0x0000000100000000)
  eden space 166400K, 0% used [0x00000000ebe00000,0x00000000ebe00000,0x00000000f6080000)
  from space 15872K, 80% used [0x00000000f7300000,0x00000000f7f872a8,0x00000000f8280000)
  to   space 17408K, 0% used [0x00000000f6080000,0x00000000f6080000,0x00000000f7180000)
 ParOldGen       total 69120K, used 22374K [0x00000000c3a00000, 0x00000000c7d80000, 0x00000000ebe00000)
  object space 69120K, 32% used [0x00000000c3a00000,0x00000000c4fd9bb0,0x00000000c7d80000)
 Metaspace       used 44052K, capacity 44418K, committed 44544K, reserved 1087488K
  class space    used 5768K, capacity 5866K, committed 5888K, reserved 1048576K
}

