# JRE version: Java(TM) SE Runtime Environment (8.0_121-b13) (build 1.8.0_121-b13)
# Java VM: Java HotSpot(TM) 64-Bit Server VM (25.121-b13 mixed mode linux-amd64 compressed oops)
Heap:
 PSYoungGen      total 228352K, used 35153K [0x00000000ebe00000, 0x00000000fb680000, 0x0000000100000000)
  eden space 217088K, 11% used [0x00000000ebe00000,0x00000000ed559a78,0x00000000f9200000)
  from space 11264K, 99% used [0x00000000fab80000,0x00000000fb67ab28,0x00000000fb680000)
  to   space 13824K, 0% used [0x00000000f9b80000,0x00000000f9b80000,0x00000000fa900000)
 ParOldGen       total 55808K, used 25717K [0x00000000c3a00000, 0x00000000c7080000, 0x00000000ebe00000)
  object space 55808K, 46% used [0x00000000c3a00000,0x00000000c531d7d0,0x00000000c7080000)
 Metaspace       used 45066K, capacity 45388K, committed 45696K, reserved 1089536K
  class space    used 5897K, capacity 5997K, committed 6016K, reserved 1048576K
GC Heap History (10 events):
Event: 3.867 GC heap before
{Heap before GC invocations=10 (full 1):
 PSYoungGen      total 116224K, used 116132K [0x00000000ebe00000, 0x00000000f4500000, 0x0000000100000000)
  eden space 113664K, 100% used [0x00000000ebe00000,0x00000000f2d00000,0x00000000f2d00000)
  from space 2560K, 96% used [0x00000000f4280000,0x00000000f44e9360,0x00000000f4500000)
  to   space 8704K, 0% used [0x00000000f3400000,0x00000000f3400000,0x00000000f3c80000)
 ParOldGen       total 33792K, used 9241K [0x00000000c3a00000, 0x00000000c5b00000, 0x00000000ebe00000)
  object space 33792K, 27% used [0x00000000c3a00000,0x00000000c4306520,0x00000000c5b00000)
 Metaspace       used 25810K, capacity 26142K, committed 26368K, reserved 1073152K
  class space    used 3191K, capacity 3280K, committed 3328K, reserved 1048576K
Event: 3.880 GC heap after
Heap after GC invocations=10 (full 1):
 PSYoungGen      total 129536K, used 8696K [0x00000000ebe00000, 0x00000000f7380000, 0x0000000100000000)
  eden space 120832K, 0% used [0x00000000ebe00000,0x00000000ebe00000,0x00000000f3400000)
  from space 8704K, 99% used [0x00000000f3400000,0x00000000f3c7e3f0,0x00000000f3c80000)
  to   space 10240K, 0% used [0x00000000f6980000,0x00000000f6980000,0x00000000f7380000)
 ParOldGen       total 33792K, used 9917K [0x00000000c3a00000, 0x00000000c5b00000, 0x00000000ebe00000)
  object space 33792K, 29% used [0x00000000c3a00000,0x00000000c43af490,0x00000000c5b00000)
 Metaspace       used 25810K, capacity 26142K, committed 26368K, reserved 1073152K
  class space    used 3191K, capacity 3280K, committed 3328K, reserved 1048576K
}
Event: 4.847 GC heap before
{Heap before GC invocations=11 (full 1):
 PSYoungGen      total 129536K, used 129528K [0x00000000ebe00000, 0x00000000f7380000, 0x0000000100000000)
  eden space 120832K, 100% used [0x00000000ebe00000,0x00000000f3400000,0x00000000f3400000)
  from space 8704K, 99% used [0x00000000f3400000,0x00000000f3c7e3f0,0x00000000f3c80000)
  to   space 10240K, 0% used [0x00000000f6980000,0x00000000f6980000,0x00000000f7380000)
 ParOldGen       total 33792K, used 9917K [0x00000000c3a00000, 0x00000000c5b00000, 0x00000000ebe00000)
  object space 33792K, 29% used [0x00000000c3a00000,0x00000000c43af490,0x00000000c5b00000)
 Metaspace       used 30029K, capacity 30288K, committed 30464K, reserved 1075200K
  class space    used 3734K, capacity 3827K, committed 3840K, reserved 1048576K
Event: 4.861 GC heap after
Heap after GC invocations=11 (full 1):
 PSYoungGen      total 174592K, used 9129K [0x00000000ebe00000, 0x00000000f7c80000, 0x0000000100000000)
  eden space 164352K, 0% used [0x00000000ebe00000,0x00000000ebe00000,0x00000000f5e80000)
  from space 10240K, 89% used [0x00000000f6980000,0x00000000f726a588,0x00000000f7380000)
  to   space 11264K, 0% used [0x00000000f5e80000,0x00000000f5e80000,0x00000000f6980000)
 ParOldGen       total 33792K, used 11120K [0x00000000c3a00000, 0x00000000c5b00000, 0x00000000ebe00000)
  object space 33792K, 32% used [0x00000000c3a00000,0x00000000c44dc1c8,0x00000000c5b00000)
 Metaspace       used 30029K, capacity 30288K, committed 30464K, reserved 1075200K
  class space    used 3734K, capacity 3827K, committed 3840K, reserved 1048576K
}
Event: 5.907 GC heap before
{Heap before GC invocations=12 (full 1):
 PSYoungGen      total 174592K, used 111085K [0x00000000ebe00000, 0x00000000f7c80000, 0x0000000100000000)
  eden space 164352K, 62% used [0x00000000ebe00000,0x00000000f2191108,0x00000000f5e80000)
  from space 10240K, 89% used [0x00000000f6980000,0x00000000f726a588,0x00000000f7380000)
  to   space 11264K, 0% used [0x00000000f5e80000,0x00000000f5e80000,0x00000000f6980000)
 ParOldGen       total 33792K, used 11120K [0x00000000c3a00000, 0x00000000c5b00000, 0x00000000ebe00000)
  object space 33792K, 32% used [0x00000000c3a00000,0x00000000c44dc1c8,0x00000000c5b00000)
 Metaspace       used 34952K, capacity 35216K, committed 35496K, reserved 1081344K
  class space    used 4491K, capacity 4579K, committed 4608K, reserved 1048576K
Event: 5.927 GC heap after
Heap after GC invocations=12 (full 1):
 PSYoungGen      total 175616K, used 7537K [0x00000000ebe00000, 0x00000000fb680000, 0x0000000100000000)
  eden space 164352K, 0% used [0x00000000ebe00000,0x00000000ebe00000,0x00000000f5e80000)
  from space 11264K, 66% used [0x00000000f5e80000,0x00000000f65dc780,0x00000000f6980000)
  to   space 11264K, 0% used [0x00000000fab80000,0x00000000fab80000,0x00000000fb680000)
 ParOldGen       total 33792K, used 16307K [0x00000000c3a00000, 0x00000000c5b00000, 0x00000000ebe00000)
  object space 33792K, 48% used [0x00000000c3a00000,0x00000000c49eccd8,0x00000000c5b00000)
 Metaspace       used 34952K, capacity 35216K, committed 35496K, reserved 1081344K
  class space    used 4491K, capacity 4579K, committed 4608K, reserved 1048576K
}
Event: 5.927 GC heap before
{Heap before GC invocations=13 (full 2):
 PSYoungGen      total 175616K, used 7537K [0x00000000ebe00000, 0x00000000fb680000, 0x0000000100000000)
  eden space 164352K, 0% used [0x00000000ebe00000,0x00000000ebe00000,0x00000000f5e80000)
  from space 11264K, 66% used [0x00000000f5e80000,0x00000000f65dc780,0x00000000f6980000)
  to   space 11264K, 0% used [0x00000000fab80000,0x00000000fab80000,0x00000000fb680000)
 ParOldGen       total 33792K, used 16307K [0x00000000c3a00000, 0x00000000c5b00000, 0x00000000ebe00000)
  object space 33792K, 48% used [0x00000000c3a00000,0x00000000c49eccd8,0x00000000c5b00000)
 Metaspace       used 34952K, capacity 35216K, committed 35496K, reserved 1081344K
  class space    used 4491K, capacity 4579K, committed 4608K, reserved 1048576K
Event: 6.055 GC heap after
Heap after GC invocations=13 (full 2):
 PSYoungGen      total 175616K, used 0K [0x00000000ebe00000, 0x00000000fb680000, 0x0000000100000000)
  eden space 164352K, 0% used [0x00000000ebe00000,0x00000000ebe00000,0x00000000f5e80000)
  from space 11264K, 0% used [0x00000000f5e80000,0x00000000f5e80000,0x00000000f6980000)
  to   space 11264K, 0% used [0x00000000fab80000,0x00000000fab80000,0x00000000fb680000)
 ParOldGen       total 55808K, used 22398K [0x00000000c3a00000, 0x00000000c7080000, 0x00000000ebe00000)
  object space 55808K, 40% used [0x00000000c3a00000,0x00000000c4fdf898,0x00000000c7080000)
 Metaspace       used 34952K, capacity 35216K, committed 35496K, reserved 1081344K
  class space    used 4491K, capacity 4579K, committed 4608K, reserved 1048576K
}
Event: 7.985 GC heap before
{Heap before GC invocations=14 (full 2):
 PSYoungGen      total 175616K, used 164352K [0x00000000ebe00000, 0x00000000fb680000, 0x0000000100000000)
  eden space 164352K, 100% used [0x00000000ebe00000,0x00000000f5e80000,0x00000000f5e80000)
  from space 11264K, 0% used [0x00000000f5e80000,0x00000000f5e80000,0x00000000f6980000)
  to   space 11264K, 0% used [0x00000000fab80000,0x00000000fab80000,0x00000000fb680000)
 ParOldGen       total 55808K, used 22398K [0x00000000c3a00000, 0x00000000c7080000, 0x00000000ebe00000)
  object space 55808K, 40% used [0x00000000c3a00000,0x00000000c4fdf898,0x00000000c7080000)
 Metaspace       used 44304K, capacity 44698K, committed 45184K, reserved 1089536K
  class space    used 5801K, capacity 5898K, committed 6016K, reserved 1048576K
Event: 8.003 GC heap after
Heap after GC invocations=14 (full 2):
 PSYoungGen      total 228352K, used 11242K [0x00000000ebe00000, 0x00000000fb680000, 0x0000000100000000)
  eden space 217088K, 0% used [0x00000000ebe00000,0x00000000ebe00000,0x00000000f9200000)
  from space 11264K, 99% used [0x00000000fab80000,0x00000000fb67ab28,0x00000000fb680000)
  to   space 13824K, 0% used [0x00000000f9b80000,0x00000000f9b80000,0x00000000fa900000)
 ParOldGen       total 55808K, used 25717K [0x00000000c3a00000, 0x00000000c7080000, 0x00000000ebe00000)
  object space 55808K, 46% used [0x00000000c3a00000,0x00000000c531d7d0,0x00000000c7080000)
 Metaspace       used 44304K, capacity 44698K, committed 45184K, reserved 1089536K
  class space    used 5801K, capacity 5898K, committed 6016K, reserved 1048576K
}

