# JRE version: Java(TM) SE Runtime Environment (8.0_121-b13) (build 1.8.0_121-b13)
# Java VM: Java HotSpot(TM) 64-Bit Server VM (25.121-b13 mixed mode linux-amd64 compressed oops)
Heap:
 PSYoungGen      total 493568K, used 207995K [0x000000076ab00000, 0x000000078d600000, 0x00000007c0000000)
  eden space 479232K, 43% used [0x000000076ab00000,0x000000077761ec68,0x0000000787f00000)
  from space 14336K, 0% used [0x0000000789100000,0x0000000789100000,0x0000000789f00000)
  to   space 43520K, 0% used [0x000000078ab80000,0x000000078ab80000,0x000000078d600000)
 ParOldGen       total 704000K, used 22986K [0x00000006c0000000, 0x00000006eaf80000, 0x000000076ab00000)
  object space 704000K, 3% used [0x00000006c0000000,0x00000006c1672af8,0x00000006eaf80000)
 Metaspace       used 45046K, capacity 45388K, committed 45696K, reserved 1089536K
  class space    used 5896K, capacity 5997K, committed 6016K, reserved 1048576K
GC Heap History (10 events):
Event: 2.098 GC heap before
{Heap before GC invocations=1 (full 0):
 PSYoungGen      total 305664K, used 167775K [0x000000076ab00000, 0x0000000780000000, 0x00000007c0000000)
  eden space 262144K, 64% used [0x000000076ab00000,0x0000000774ed7d08,0x000000077ab00000)
  from space 43520K, 0% used [0x000000077d580000,0x000000077d580000,0x0000000780000000)
  to   space 43520K, 0% used [0x000000077ab00000,0x000000077ab00000,0x000000077d580000)
 ParOldGen       total 699392K, used 0K [0x00000006c0000000, 0x00000006eab00000, 0x000000076ab00000)
  object space 699392K, 0% used [0x00000006c0000000,0x00000006c0000000,0x00000006eab00000)
 Metaspace       used 20995K, capacity 21124K, committed 21296K, reserved 1069056K
  class space    used 2585K, capacity 2641K, committed 2688K, reserved 1048576K
Event: 2.135 GC heap after
Heap after GC invocations=1 (full 0):
 PSYoungGen      total 305664K, used 20706K [0x000000076ab00000, 0x0000000790000000, 0x00000007c0000000)
  eden space 262144K, 0% used [0x000000076ab00000,0x000000076ab00000,0x000000077ab00000)
  from space 43520K, 47% used [0x000000077ab00000,0x000000077bf38800,0x000000077d580000)
  to   space 43520K, 0% used [0x000000078d580000,0x000000078d580000,0x0000000790000000)
 ParOldGen       total 699392K, used 80K [0x00000006c0000000, 0x00000006eab00000, 0x000000076ab00000)
  object space 699392K, 0% used [0x00000006c0000000,0x00000006c0014010,0x00000006eab00000)
 Metaspace       used 20995K, capacity 21124K, committed 21296K, reserved 1069056K
  class space    used 2585K, capacity 2641K, committed 2688K, reserved 1048576K
}
Event: 2.136 GC heap before
{Heap before GC invocations=2 (full 1):
 PSYoungGen      total 305664K, used 20706K [0x000000076ab00000, 0x0000000790000000, 0x00000007c0000000)
  eden space 262144K, 0% used [0x000000076ab00000,0x000000076ab00000,0x000000077ab00000)
  from space 43520K, 47% used [0x000000077ab00000,0x000000077bf38800,0x000000077d580000)
  to   space 43520K, 0% used [0x000000078d580000,0x000000078d580000,0x0000000790000000)
 ParOldGen       total 699392K, used 80K [0x00000006c0000000, 0x00000006eab00000, 0x000000076ab00000)
  object space 699392K, 0% used [0x00000006c0000000,0x00000006c0014010,0x00000006eab00000)
 Metaspace       used 20995K, capacity 21124K, committed 21296K, reserved 1069056K
  class space    used 2585K, capacity 2641K, committed 2688K, reserved 1048576K
Event: 2.198 GC heap after
Heap after GC invocations=2 (full 1):
 PSYoungGen      total 305664K, used 0K [0x000000076ab00000, 0x0000000790000000, 0x00000007c0000000)
  eden space 262144K, 0% used [0x000000076ab00000,0x000000076ab00000,0x000000077ab00000)
  from space 43520K, 0% used [0x000000077ab00000,0x000000077ab00000,0x000000077d580000)
  to   space 43520K, 0% used [0x000000078d580000,0x000000078d580000,0x0000000790000000)
 ParOldGen       total 699392K, used 19938K [0x00000006c0000000, 0x00000006eab00000, 0x000000076ab00000)
  object space 699392K, 2% used [0x00000006c0000000,0x00000006c1378a58,0x00000006eab00000)
 Metaspace       used 20995K, capacity 21124K, committed 21296K, reserved 1069056K
  class space    used 2585K, capacity 2641K, committed 2688K, reserved 1048576K
}
Event: 4.694 GC heap before
{Heap before GC invocations=3 (full 1):
 PSYoungGen      total 305664K, used 262106K [0x000000076ab00000, 0x0000000790000000, 0x00000007c0000000)
  eden space 262144K, 99% used [0x000000076ab00000,0x000000077aaf6b68,0x000000077ab00000)
  from space 43520K, 0% used [0x000000077ab00000,0x000000077ab00000,0x000000077d580000)
  to   space 43520K, 0% used [0x000000078d580000,0x000000078d580000,0x0000000790000000)
 ParOldGen       total 699392K, used 19938K [0x00000006c0000000, 0x00000006eab00000, 0x000000076ab00000)
  object space 699392K, 2% used [0x00000006c0000000,0x00000006c1378a58,0x00000006eab00000)
 Metaspace       used 29894K, capacity 30192K, committed 30464K, reserved 1075200K
  class space    used 3721K, capacity 3795K, committed 3840K, reserved 1048576K
Event: 4.730 GC heap after
Heap after GC invocations=3 (full 1):
 PSYoungGen      total 371200K, used 16861K [0x000000076ab00000, 0x000000078e600000, 0x00000007c0000000)
  eden space 354304K, 0% used [0x000000076ab00000,0x000000076ab00000,0x0000000780500000)
  from space 16896K, 99% used [0x000000078d580000,0x000000078e5f75d0,0x000000078e600000)
  to   space 43520K, 0% used [0x0000000789100000,0x0000000789100000,0x000000078bb80000)
 ParOldGen       total 699392K, used 19946K [0x00000006c0000000, 0x00000006eab00000, 0x000000076ab00000)
  object space 699392K, 2% used [0x00000006c0000000,0x00000006c137aa58,0x00000006eab00000)
 Metaspace       used 29894K, capacity 30192K, committed 30464K, reserved 1075200K
  class space    used 3721K, capacity 3795K, committed 3840K, reserved 1048576K
}
Event: 5.877 GC heap before
{Heap before GC invocations=4 (full 1):
 PSYoungGen      total 371200K, used 145064K [0x000000076ab00000, 0x000000078e600000, 0x00000007c0000000)
  eden space 354304K, 36% used [0x000000076ab00000,0x0000000772832d48,0x0000000780500000)
  from space 16896K, 99% used [0x000000078d580000,0x000000078e5f75d0,0x000000078e600000)
  to   space 43520K, 0% used [0x0000000789100000,0x0000000789100000,0x000000078bb80000)
 ParOldGen       total 699392K, used 19946K [0x00000006c0000000, 0x00000006eab00000, 0x000000076ab00000)
  object space 699392K, 2% used [0x00000006c0000000,0x00000006c137aa58,0x00000006eab00000)
 Metaspace       used 34954K, capacity 35216K, committed 35496K, reserved 1081344K
  class space    used 4496K, capacity 4579K, committed 4608K, reserved 1048576K
Event: 5.897 GC heap after
Heap after GC invocations=4 (full 1):
 PSYoungGen      total 493568K, used 14032K [0x000000076ab00000, 0x000000078d600000, 0x00000007c0000000)
  eden space 479232K, 0% used [0x000000076ab00000,0x000000076ab00000,0x0000000787f00000)
  from space 14336K, 97% used [0x0000000789100000,0x0000000789eb41b8,0x0000000789f00000)
  to   space 43520K, 0% used [0x000000078ab80000,0x000000078ab80000,0x000000078d600000)
 ParOldGen       total 699392K, used 19954K [0x00000006c0000000, 0x00000006eab00000, 0x000000076ab00000)
  object space 699392K, 2% used [0x00000006c0000000,0x00000006c137ca58,0x00000006eab00000)
 Metaspace       used 34954K, capacity 35216K, committed 35496K, reserved 1081344K
  class space    used 4496K, capacity 4579K, committed 4608K, reserved 1048576K
}
Event: 5.897 GC heap before
{Heap before GC invocations=5 (full 2):
 PSYoungGen      total 493568K, used 14032K [0x000000076ab00000, 0x000000078d600000, 0x00000007c0000000)
  eden space 479232K, 0% used [0x000000076ab00000,0x000000076ab00000,0x0000000787f00000)
  from space 14336K, 97% used [0x0000000789100000,0x0000000789eb41b8,0x0000000789f00000)
  to   space 43520K, 0% used [0x000000078ab80000,0x000000078ab80000,0x000000078d600000)
 ParOldGen       total 699392K, used 19954K [0x00000006c0000000, 0x00000006eab00000, 0x000000076ab00000)
  object space 699392K, 2% used [0x00000006c0000000,0x00000006c137ca58,0x00000006eab00000)
 Metaspace       used 34954K, capacity 35216K, committed 35496K, reserved 1081344K
  class space    used 4496K, capacity 4579K, committed 4608K, reserved 1048576K
Event: 5.963 GC heap after
Heap after GC invocations=5 (full 2):
 PSYoungGen      total 493568K, used 0K [0x000000076ab00000, 0x000000078d600000, 0x00000007c0000000)
  eden space 479232K, 0% used [0x000000076ab00000,0x000000076ab00000,0x0000000787f00000)
  from space 14336K, 0% used [0x0000000789100000,0x0000000789100000,0x0000000789f00000)
  to   space 43520K, 0% used [0x000000078ab80000,0x000000078ab80000,0x000000078d600000)
 ParOldGen       total 704000K, used 22986K [0x00000006c0000000, 0x00000006eaf80000, 0x000000076ab00000)
  object space 704000K, 3% used [0x00000006c0000000,0x00000006c1672af8,0x00000006eaf80000)
 Metaspace       used 34954K, capacity 35216K, committed 35496K, reserved 1081344K
  class space    used 4496K, capacity 4579K, committed 4608K, reserved 1048576K
}

