# JRE version: Java(TM) SE Runtime Environment (8.0_121-b13) (build 1.8.0_121-b13)
# Java VM: Java HotSpot(TM) 64-Bit Server VM (25.121-b13 mixed mode linux-amd64 compressed oops)
Heap:
 PSYoungGen      total 305664K, used 188522K [0x000000076ab00000, 0x0000000789100000, 0x00000007c0000000)
  eden space 262144K, 71% used [0x000000076ab00000,0x000000077631aba0,0x000000077ab00000)
  from space 43520K, 0% used [0x000000077ab00000,0x000000077ab00000,0x000000077d580000)
  to   space 43520K, 0% used [0x0000000786680000,0x0000000786680000,0x0000000789100000)
 ParOldGen       total 701440K, used 22800K [0x00000006c0000000, 0x00000006ead00000, 0x000000076ab00000)
  object space 701440K, 3% used [0x00000006c0000000,0x00000006c16442c8,0x00000006ead00000)
 Metaspace       used 45090K, capacity 45428K, committed 45824K, reserved 1089536K
  class space    used 5900K, capacity 6029K, committed 6144K, reserved 1048576K
GC Heap History (10 events):
Event: 7.409 GC heap before
{Heap before GC invocations=1 (full 0):
 PSYoungGen      total 305664K, used 183647K [0x000000076ab00000, 0x0000000780000000, 0x00000007c0000000)
  eden space 262144K, 70% used [0x000000076ab00000,0x0000000775e57f10,0x000000077ab00000)
  from space 43520K, 0% used [0x000000077d580000,0x000000077d580000,0x0000000780000000)
  to   space 43520K, 0% used [0x000000077ab00000,0x000000077ab00000,0x000000077d580000)
 ParOldGen       total 699392K, used 0K [0x00000006c0000000, 0x00000006eab00000, 0x000000076ab00000)
  object space 699392K, 0% used [0x00000006c0000000,0x00000006c0000000,0x00000006eab00000)
 Metaspace       used 21010K, capacity 21198K, committed 21296K, reserved 1069056K
  class space    used 2584K, capacity 2642K, committed 2688K, reserved 1048576K
Event: 7.448 GC heap after
Heap after GC invocations=1 (full 0):
 PSYoungGen      total 305664K, used 20909K [0x000000076ab00000, 0x0000000780000000, 0x00000007c0000000)
  eden space 262144K, 0% used [0x000000076ab00000,0x000000076ab00000,0x000000077ab00000)
  from space 43520K, 48% used [0x000000077ab00000,0x000000077bf6b760,0x000000077d580000)
  to   space 43520K, 0% used [0x000000077d580000,0x000000077d580000,0x0000000780000000)
 ParOldGen       total 699392K, used 80K [0x00000006c0000000, 0x00000006eab00000, 0x000000076ab00000)
  object space 699392K, 0% used [0x00000006c0000000,0x00000006c0014010,0x00000006eab00000)
 Metaspace       used 21010K, capacity 21198K, committed 21296K, reserved 1069056K
  class space    used 2584K, capacity 2642K, committed 2688K, reserved 1048576K
}
Event: 7.448 GC heap before
{Heap before GC invocations=2 (full 1):
 PSYoungGen      total 305664K, used 20909K [0x000000076ab00000, 0x0000000780000000, 0x00000007c0000000)
  eden space 262144K, 0% used [0x000000076ab00000,0x000000076ab00000,0x000000077ab00000)
  from space 43520K, 48% used [0x000000077ab00000,0x000000077bf6b760,0x000000077d580000)
  to   space 43520K, 0% used [0x000000077d580000,0x000000077d580000,0x0000000780000000)
 ParOldGen       total 699392K, used 80K [0x00000006c0000000, 0x00000006eab00000, 0x000000076ab00000)
  object space 699392K, 0% used [0x00000006c0000000,0x00000006c0014010,0x00000006eab00000)
 Metaspace       used 21010K, capacity 21198K, committed 21296K, reserved 1069056K
  class space    used 2584K, capacity 2642K, committed 2688K, reserved 1048576K
Event: 7.513 GC heap after
Heap after GC invocations=2 (full 1):
 PSYoungGen      total 305664K, used 0K [0x000000076ab00000, 0x0000000780000000, 0x00000007c0000000)
  eden space 262144K, 0% used [0x000000076ab00000,0x000000076ab00000,0x000000077ab00000)
  from space 43520K, 0% used [0x000000077ab00000,0x000000077ab00000,0x000000077d580000)
  to   space 43520K, 0% used [0x000000077d580000,0x000000077d580000,0x0000000780000000)
 ParOldGen       total 699392K, used 20126K [0x00000006c0000000, 0x00000006eab00000, 0x000000076ab00000)
  object space 699392K, 2% used [0x00000006c0000000,0x00000006c13a78e0,0x00000006eab00000)
 Metaspace       used 21010K, capacity 21198K, committed 21296K, reserved 1069056K
  class space    used 2584K, capacity 2642K, committed 2688K, reserved 1048576K
}
Event: 10.776 GC heap before
{Heap before GC invocations=3 (full 1):
 PSYoungGen      total 305664K, used 262144K [0x000000076ab00000, 0x0000000780000000, 0x00000007c0000000)
  eden space 262144K, 100% used [0x000000076ab00000,0x000000077ab00000,0x000000077ab00000)
  from space 43520K, 0% used [0x000000077ab00000,0x000000077ab00000,0x000000077d580000)
  to   space 43520K, 0% used [0x000000077d580000,0x000000077d580000,0x0000000780000000)
 ParOldGen       total 699392K, used 20126K [0x00000006c0000000, 0x00000006eab00000, 0x000000076ab00000)
  object space 699392K, 2% used [0x00000006c0000000,0x00000006c13a78e0,0x00000006eab00000)
 Metaspace       used 30387K, capacity 30654K, committed 30848K, reserved 1077248K
  class space    used 3768K, capacity 3860K, committed 3968K, reserved 1048576K
Event: 10.823 GC heap after
Heap after GC invocations=3 (full 1):
 PSYoungGen      total 305664K, used 17318K [0x000000076ab00000, 0x0000000788580000, 0x00000007c0000000)
  eden space 262144K, 0% used [0x000000076ab00000,0x000000076ab00000,0x000000077ab00000)
  from space 43520K, 39% used [0x000000077d580000,0x000000077e669a18,0x0000000780000000)
  to   space 43520K, 0% used [0x000000077ab00000,0x000000077ab00000,0x000000077d580000)
 ParOldGen       total 699392K, used 20134K [0x00000006c0000000, 0x00000006eab00000, 0x000000076ab00000)
  object space 699392K, 2% used [0x00000006c0000000,0x00000006c13a98e0,0x00000006eab00000)
 Metaspace       used 30387K, capacity 30654K, committed 30848K, reserved 1077248K
  class space    used 3768K, capacity 3860K, committed 3968K, reserved 1048576K
}
Event: 12.478 GC heap before
{Heap before GC invocations=4 (full 1):
 PSYoungGen      total 305664K, used 129848K [0x000000076ab00000, 0x0000000788580000, 0x00000007c0000000)
  eden space 262144K, 42% used [0x000000076ab00000,0x00000007718e4768,0x000000077ab00000)
  from space 43520K, 39% used [0x000000077d580000,0x000000077e669a18,0x0000000780000000)
  to   space 43520K, 0% used [0x000000077ab00000,0x000000077ab00000,0x000000077d580000)
 ParOldGen       total 699392K, used 20134K [0x00000006c0000000, 0x00000006eab00000, 0x000000076ab00000)
  object space 699392K, 2% used [0x00000006c0000000,0x00000006c13a98e0,0x00000006eab00000)
 Metaspace       used 35043K, capacity 35358K, committed 35496K, reserved 1081344K
  class space    used 4498K, capacity 4580K, committed 4608K, reserved 1048576K
Event: 12.504 GC heap after
Heap after GC invocations=4 (full 1):
 PSYoungGen      total 305664K, used 13562K [0x000000076ab00000, 0x0000000789100000, 0x00000007c0000000)
  eden space 262144K, 0% used [0x000000076ab00000,0x000000076ab00000,0x000000077ab00000)
  from space 43520K, 31% used [0x000000077ab00000,0x000000077b83e940,0x000000077d580000)
  to   space 43520K, 0% used [0x0000000786680000,0x0000000786680000,0x0000000789100000)
 ParOldGen       total 699392K, used 20142K [0x00000006c0000000, 0x00000006eab00000, 0x000000076ab00000)
  object space 699392K, 2% used [0x00000006c0000000,0x00000006c13ab8e0,0x00000006eab00000)
 Metaspace       used 35043K, capacity 35358K, committed 35496K, reserved 1081344K
  class space    used 4498K, capacity 4580K, committed 4608K, reserved 1048576K
}
Event: 12.504 GC heap before
{Heap before GC invocations=5 (full 2):
 PSYoungGen      total 305664K, used 13562K [0x000000076ab00000, 0x0000000789100000, 0x00000007c0000000)
  eden space 262144K, 0% used [0x000000076ab00000,0x000000076ab00000,0x000000077ab00000)
  from space 43520K, 31% used [0x000000077ab00000,0x000000077b83e940,0x000000077d580000)
  to   space 43520K, 0% used [0x0000000786680000,0x0000000786680000,0x0000000789100000)
 ParOldGen       total 699392K, used 20142K [0x00000006c0000000, 0x00000006eab00000, 0x000000076ab00000)
  object space 699392K, 2% used [0x00000006c0000000,0x00000006c13ab8e0,0x00000006eab00000)
 Metaspace       used 35043K, capacity 35358K, committed 35496K, reserved 1081344K
  class space    used 4498K, capacity 4580K, committed 4608K, reserved 1048576K
Event: 12.628 GC heap after
Heap after GC invocations=5 (full 2):
 PSYoungGen      total 305664K, used 0K [0x000000076ab00000, 0x0000000789100000, 0x00000007c0000000)
  eden space 262144K, 0% used [0x000000076ab00000,0x000000076ab00000,0x000000077ab00000)
  from space 43520K, 0% used [0x000000077ab00000,0x000000077ab00000,0x000000077d580000)
  to   space 43520K, 0% used [0x0000000786680000,0x0000000786680000,0x0000000789100000)
 ParOldGen       total 701440K, used 22800K [0x00000006c0000000, 0x00000006ead00000, 0x000000076ab00000)
  object space 701440K, 3% used [0x00000006c0000000,0x00000006c16442c8,0x00000006ead00000)
 Metaspace       used 35043K, capacity 35358K, committed 35496K, reserved 1081344K
  class space    used 4498K, capacity 4580K, committed 4608K, reserved 1048576K
}

