# JRE version: Java(TM) SE Runtime Environment (8.0_121-b13) (build 1.8.0_121-b13)
# Java VM: Java HotSpot(TM) 64-Bit Server VM (25.121-b13 mixed mode linux-amd64 compressed oops)
Heap:
 PSYoungGen      total 435712K, used 205019K [0x000000076ab00000, 0x000000078d600000, 0x00000007c0000000)
  eden space 421888K, 48% used [0x000000076ab00000,0x0000000777336d10,0x0000000784700000)
  from space 13824K, 0% used [0x0000000789100000,0x0000000789100000,0x0000000789e80000)
  to   space 43520K, 0% used [0x000000078ab80000,0x000000078ab80000,0x000000078d600000)
 ParOldGen       total 745472K, used 23031K [0x00000006c0000000, 0x00000006ed800000, 0x000000076ab00000)
  object space 745472K, 3% used [0x00000006c0000000,0x00000006c167de50,0x00000006ed800000)
 Metaspace       used 45093K, capacity 45484K, committed 45824K, reserved 1089536K
  class space    used 5900K, capacity 6029K, committed 6144K, reserved 1048576K
GC Heap History (10 events):
Event: 3.901 GC heap before
{Heap before GC invocations=1 (full 0):
 PSYoungGen      total 305664K, used 167925K [0x000000076ab00000, 0x0000000780000000, 0x00000007c0000000)
  eden space 262144K, 64% used [0x000000076ab00000,0x0000000774efd648,0x000000077ab00000)
  from space 43520K, 0% used [0x000000077d580000,0x000000077d580000,0x0000000780000000)
  to   space 43520K, 0% used [0x000000077ab00000,0x000000077ab00000,0x000000077d580000)
 ParOldGen       total 699392K, used 0K [0x00000006c0000000, 0x00000006eab00000, 0x000000076ab00000)
  object space 699392K, 0% used [0x00000006c0000000,0x00000006c0000000,0x00000006eab00000)
 Metaspace       used 21021K, capacity 21194K, committed 21296K, reserved 1069056K
  class space    used 2586K, capacity 2642K, committed 2688K, reserved 1048576K
Event: 3.955 GC heap after
Heap after GC invocations=1 (full 0):
 PSYoungGen      total 305664K, used 20871K [0x000000076ab00000, 0x0000000790000000, 0x00000007c0000000)
  eden space 262144K, 0% used [0x000000076ab00000,0x000000076ab00000,0x000000077ab00000)
  from space 43520K, 47% used [0x000000077ab00000,0x000000077bf61cf0,0x000000077d580000)
  to   space 43520K, 0% used [0x000000078d580000,0x000000078d580000,0x0000000790000000)
 ParOldGen       total 699392K, used 80K [0x00000006c0000000, 0x00000006eab00000, 0x000000076ab00000)
  object space 699392K, 0% used [0x00000006c0000000,0x00000006c0014010,0x00000006eab00000)
 Metaspace       used 21021K, capacity 21194K, committed 21296K, reserved 1069056K
  class space    used 2586K, capacity 2642K, committed 2688K, reserved 1048576K
}
Event: 3.956 GC heap before
{Heap before GC invocations=2 (full 1):
 PSYoungGen      total 305664K, used 20871K [0x000000076ab00000, 0x0000000790000000, 0x00000007c0000000)
  eden space 262144K, 0% used [0x000000076ab00000,0x000000076ab00000,0x000000077ab00000)
  from space 43520K, 47% used [0x000000077ab00000,0x000000077bf61cf0,0x000000077d580000)
  to   space 43520K, 0% used [0x000000078d580000,0x000000078d580000,0x0000000790000000)
 ParOldGen       total 699392K, used 80K [0x00000006c0000000, 0x00000006eab00000, 0x000000076ab00000)
  object space 699392K, 0% used [0x00000006c0000000,0x00000006c0014010,0x00000006eab00000)
 Metaspace       used 21021K, capacity 21194K, committed 21296K, reserved 1069056K
  class space    used 2586K, capacity 2642K, committed 2688K, reserved 1048576K
Event: 4.064 GC heap after
Heap after GC invocations=2 (full 1):
 PSYoungGen      total 305664K, used 0K [0x000000076ab00000, 0x0000000790000000, 0x00000007c0000000)
  eden space 262144K, 0% used [0x000000076ab00000,0x000000076ab00000,0x000000077ab00000)
  from space 43520K, 0% used [0x000000077ab00000,0x000000077ab00000,0x000000077d580000)
  to   space 43520K, 0% used [0x000000078d580000,0x000000078d580000,0x0000000790000000)
 ParOldGen       total 699392K, used 20131K [0x00000006c0000000, 0x00000006eab00000, 0x000000076ab00000)
  object space 699392K, 2% used [0x00000006c0000000,0x00000006c13a8e88,0x00000006eab00000)
 Metaspace       used 21021K, capacity 21194K, committed 21296K, reserved 1069056K
  class space    used 2586K, capacity 2642K, committed 2688K, reserved 1048576K
}
Event: 9.874 GC heap before
{Heap before GC invocations=3 (full 1):
 PSYoungGen      total 305664K, used 262138K [0x000000076ab00000, 0x0000000790000000, 0x00000007c0000000)
  eden space 262144K, 99% used [0x000000076ab00000,0x000000077aafeab8,0x000000077ab00000)
  from space 43520K, 0% used [0x000000077ab00000,0x000000077ab00000,0x000000077d580000)
  to   space 43520K, 0% used [0x000000078d580000,0x000000078d580000,0x0000000790000000)
 ParOldGen       total 699392K, used 20131K [0x00000006c0000000, 0x00000006eab00000, 0x000000076ab00000)
  object space 699392K, 2% used [0x00000006c0000000,0x00000006c13a8e88,0x00000006eab00000)
 Metaspace       used 30280K, capacity 30550K, committed 30720K, reserved 1077248K
  class space    used 3753K, capacity 3828K, committed 3840K, reserved 1048576K
Event: 9.913 GC heap after
Heap after GC invocations=3 (full 1):
 PSYoungGen      total 348160K, used 16887K [0x000000076ab00000, 0x000000078e600000, 0x00000007c0000000)
  eden space 331264K, 0% used [0x000000076ab00000,0x000000076ab00000,0x000000077ee80000)
  from space 16896K, 99% used [0x000000078d580000,0x000000078e5fde78,0x000000078e600000)
  to   space 43520K, 0% used [0x0000000789100000,0x0000000789100000,0x000000078bb80000)
 ParOldGen       total 699392K, used 20139K [0x00000006c0000000, 0x00000006eab00000, 0x000000076ab00000)
  object space 699392K, 2% used [0x00000006c0000000,0x00000006c13aae88,0x00000006eab00000)
 Metaspace       used 30280K, capacity 30550K, committed 30720K, reserved 1077248K
  class space    used 3753K, capacity 3828K, committed 3840K, reserved 1048576K
}
Event: 11.404 GC heap before
{Heap before GC invocations=4 (full 1):
 PSYoungGen      total 348160K, used 155264K [0x000000076ab00000, 0x000000078e600000, 0x00000007c0000000)
  eden space 331264K, 41% used [0x000000076ab00000,0x0000000773222288,0x000000077ee80000)
  from space 16896K, 99% used [0x000000078d580000,0x000000078e5fde78,0x000000078e600000)
  to   space 43520K, 0% used [0x0000000789100000,0x0000000789100000,0x000000078bb80000)
 ParOldGen       total 699392K, used 20139K [0x00000006c0000000, 0x00000006eab00000, 0x000000076ab00000)
  object space 699392K, 2% used [0x00000006c0000000,0x00000006c13aae88,0x00000006eab00000)
 Metaspace       used 35037K, capacity 35350K, committed 35496K, reserved 1081344K
  class space    used 4499K, capacity 4580K, committed 4608K, reserved 1048576K
Event: 11.422 GC heap after
Heap after GC invocations=4 (full 1):
 PSYoungGen      total 435712K, used 13811K [0x000000076ab00000, 0x000000078d600000, 0x00000007c0000000)
  eden space 421888K, 0% used [0x000000076ab00000,0x000000076ab00000,0x0000000784700000)
  from space 13824K, 99% used [0x0000000789100000,0x0000000789e7cf40,0x0000000789e80000)
  to   space 43520K, 0% used [0x000000078ab80000,0x000000078ab80000,0x000000078d600000)
 ParOldGen       total 699392K, used 20147K [0x00000006c0000000, 0x00000006eab00000, 0x000000076ab00000)
  object space 699392K, 2% used [0x00000006c0000000,0x00000006c13ace88,0x00000006eab00000)
 Metaspace       used 35037K, capacity 35350K, committed 35496K, reserved 1081344K
  class space    used 4499K, capacity 4580K, committed 4608K, reserved 1048576K
}
Event: 11.422 GC heap before
{Heap before GC invocations=5 (full 2):
 PSYoungGen      total 435712K, used 13811K [0x000000076ab00000, 0x000000078d600000, 0x00000007c0000000)
  eden space 421888K, 0% used [0x000000076ab00000,0x000000076ab00000,0x0000000784700000)
  from space 13824K, 99% used [0x0000000789100000,0x0000000789e7cf40,0x0000000789e80000)
  to   space 43520K, 0% used [0x000000078ab80000,0x000000078ab80000,0x000000078d600000)
 ParOldGen       total 699392K, used 20147K [0x00000006c0000000, 0x00000006eab00000, 0x000000076ab00000)
  object space 699392K, 2% used [0x00000006c0000000,0x00000006c13ace88,0x00000006eab00000)
 Metaspace       used 35037K, capacity 35350K, committed 35496K, reserved 1081344K
  class space    used 4499K, capacity 4580K, committed 4608K, reserved 1048576K
Event: 11.487 GC heap after
Heap after GC invocations=5 (full 2):
 PSYoungGen      total 435712K, used 0K [0x000000076ab00000, 0x000000078d600000, 0x00000007c0000000)
  eden space 421888K, 0% used [0x000000076ab00000,0x000000076ab00000,0x0000000784700000)
  from space 13824K, 0% used [0x0000000789100000,0x0000000789100000,0x0000000789e80000)
  to   space 43520K, 0% used [0x000000078ab80000,0x000000078ab80000,0x000000078d600000)
 ParOldGen       total 745472K, used 23031K [0x00000006c0000000, 0x00000006ed800000, 0x000000076ab00000)
  object space 745472K, 3% used [0x00000006c0000000,0x00000006c167de50,0x00000006ed800000)
 Metaspace       used 35037K, capacity 35350K, committed 35496K, reserved 1081344K
  class space    used 4499K, capacity 4580K, committed 4608K, reserved 1048576K
}

