# JRE version: Java(TM) SE Runtime Environment (8.0_121-b13) (build 1.8.0_121-b13)
# Java VM: Java HotSpot(TM) 64-Bit Server VM (25.121-b13 mixed mode linux-amd64 compressed oops)
Heap:
 PSYoungGen      total 213504K, used 183942K [0x00000000ebe00000, 0x00000000fdf80000, 0x0000000100000000)
  eden space 199680K, 92% used [0x00000000ebe00000,0x00000000f71a1bf8,0x00000000f8100000)
  from space 13824K, 0% used [0x00000000f8100000,0x00000000f8100000,0x00000000f8e80000)
  to   space 15872K, 0% used [0x00000000fd000000,0x00000000fd000000,0x00000000fdf80000)
 ParOldGen       total 62976K, used 22365K [0x00000000c3a00000, 0x00000000c7780000, 0x00000000ebe00000)
  object space 62976K, 35% used [0x00000000c3a00000,0x00000000c4fd7768,0x00000000c7780000)
 Metaspace       used 45075K, capacity 45420K, committed 45824K, reserved 1089536K
  class space    used 5899K, capacity 6029K, committed 6144K, reserved 1048576K
GC Heap History (10 events):
Event: 2.051 GC heap before
{Heap before GC invocations=7 (full 1):
 PSYoungGen      total 138240K, used 3398K [0x00000000ebe00000, 0x00000000f5100000, 0x0000000100000000)
  eden space 126976K, 0% used [0x00000000ebe00000,0x00000000ebe00000,0x00000000f3a00000)
  from space 11264K, 30% used [0x00000000f4600000,0x00000000f49519c8,0x00000000f5100000)
  to   space 11776K, 0% used [0x00000000f3a00000,0x00000000f3a00000,0x00000000f4580000)
 ParOldGen       total 42496K, used 15998K [0x00000000c3a00000, 0x00000000c6380000, 0x00000000ebe00000)
  object space 42496K, 37% used [0x00000000c3a00000,0x00000000c499f870,0x00000000c6380000)
 Metaspace       used 21039K, capacity 21184K, committed 21296K, reserved 1069056K
  class space    used 2582K, capacity 2640K, committed 2688K, reserved 1048576K
Event: 2.102 GC heap after
Heap after GC invocations=7 (full 1):
 PSYoungGen      total 138240K, used 0K [0x00000000ebe00000, 0x00000000f5100000, 0x0000000100000000)
  eden space 126976K, 0% used [0x00000000ebe00000,0x00000000ebe00000,0x00000000f3a00000)
  from space 11264K, 0% used [0x00000000f4600000,0x00000000f4600000,0x00000000f5100000)
  to   space 11776K, 0% used [0x00000000f3a00000,0x00000000f3a00000,0x00000000f4580000)
 ParOldGen       total 43008K, used 12663K [0x00000000c3a00000, 0x00000000c6400000, 0x00000000ebe00000)
  object space 43008K, 29% used [0x00000000c3a00000,0x00000000c465ded8,0x00000000c6400000)
 Metaspace       used 21039K, capacity 21184K, committed 21296K, reserved 1069056K
  class space    used 2582K, capacity 2640K, committed 2688K, reserved 1048576K
}
Event: 2.946 GC heap before
{Heap before GC invocations=8 (full 1):
 PSYoungGen      total 138240K, used 126976K [0x00000000ebe00000, 0x00000000f5100000, 0x0000000100000000)
  eden space 126976K, 100% used [0x00000000ebe00000,0x00000000f3a00000,0x00000000f3a00000)
  from space 11264K, 0% used [0x00000000f4600000,0x00000000f4600000,0x00000000f5100000)
  to   space 11776K, 0% used [0x00000000f3a00000,0x00000000f3a00000,0x00000000f4580000)
 ParOldGen       total 43008K, used 12663K [0x00000000c3a00000, 0x00000000c6400000, 0x00000000ebe00000)
  object space 43008K, 29% used [0x00000000c3a00000,0x00000000c465ded8,0x00000000c6400000)
 Metaspace       used 24644K, capacity 24928K, committed 25216K, reserved 1071104K
  class space    used 3049K, capacity 3115K, committed 3200K, reserved 1048576K
Event: 2.958 GC heap after
Heap after GC invocations=8 (full 1):
 PSYoungGen      total 138752K, used 8569K [0x00000000ebe00000, 0x00000000f9d80000, 0x0000000100000000)
  eden space 126976K, 0% used [0x00000000ebe00000,0x00000000ebe00000,0x00000000f3a00000)
  from space 11776K, 72% used [0x00000000f3a00000,0x00000000f425e5c8,0x00000000f4580000)
  to   space 12288K, 0% used [0x00000000f9180000,0x00000000f9180000,0x00000000f9d80000)
 ParOldGen       total 43008K, used 12671K [0x00000000c3a00000, 0x00000000c6400000, 0x00000000ebe00000)
  object space 43008K, 29% used [0x00000000c3a00000,0x00000000c465fed8,0x00000000c6400000)
 Metaspace       used 24644K, capacity 24928K, committed 25216K, reserved 1071104K
  class space    used 3049K, capacity 3115K, committed 3200K, reserved 1048576K
}
Event: 4.380 GC heap before
{Heap before GC invocations=9 (full 1):
 PSYoungGen      total 138752K, used 135520K [0x00000000ebe00000, 0x00000000f9d80000, 0x0000000100000000)
  eden space 126976K, 99% used [0x00000000ebe00000,0x00000000f39f9ce0,0x00000000f3a00000)
  from space 11776K, 72% used [0x00000000f3a00000,0x00000000f425e5c8,0x00000000f4580000)
  to   space 12288K, 0% used [0x00000000f9180000,0x00000000f9180000,0x00000000f9d80000)
 ParOldGen       total 43008K, used 12671K [0x00000000c3a00000, 0x00000000c6400000, 0x00000000ebe00000)
  object space 43008K, 29% used [0x00000000c3a00000,0x00000000c465fed8,0x00000000c6400000)
 Metaspace       used 30356K, capacity 30646K, committed 30848K, reserved 1077248K
  class space    used 3767K, capacity 3860K, committed 3968K, reserved 1048576K
Event: 4.403 GC heap after
Heap after GC invocations=9 (full 1):
 PSYoungGen      total 209920K, used 10738K [0x00000000ebe00000, 0x00000000f9c00000, 0x0000000100000000)
  eden space 199168K, 0% used [0x00000000ebe00000,0x00000000ebe00000,0x00000000f8080000)
  from space 10752K, 99% used [0x00000000f9180000,0x00000000f9bfc8d0,0x00000000f9c00000)
  to   space 13824K, 0% used [0x00000000f8100000,0x00000000f8100000,0x00000000f8e80000)
 ParOldGen       total 43008K, used 12679K [0x00000000c3a00000, 0x00000000c6400000, 0x00000000ebe00000)
  object space 43008K, 29% used [0x00000000c3a00000,0x00000000c4661ed8,0x00000000c6400000)
 Metaspace       used 30356K, capacity 30646K, committed 30848K, reserved 1077248K
  class space    used 3767K, capacity 3860K, committed 3968K, reserved 1048576K
}
Event: 5.397 GC heap before
{Heap before GC invocations=10 (full 1):
 PSYoungGen      total 209920K, used 117926K [0x00000000ebe00000, 0x00000000f9c00000, 0x0000000100000000)
  eden space 199168K, 53% used [0x00000000ebe00000,0x00000000f26ad260,0x00000000f8080000)
  from space 10752K, 99% used [0x00000000f9180000,0x00000000f9bfc8d0,0x00000000f9c00000)
  to   space 13824K, 0% used [0x00000000f8100000,0x00000000f8100000,0x00000000f8e80000)
 ParOldGen       total 43008K, used 12679K [0x00000000c3a00000, 0x00000000c6400000, 0x00000000ebe00000)
  object space 43008K, 29% used [0x00000000c3a00000,0x00000000c4661ed8,0x00000000c6400000)
 Metaspace       used 35040K, capacity 35350K, committed 35496K, reserved 1081344K
  class space    used 4502K, capacity 4580K, committed 4608K, reserved 1048576K
Event: 5.419 GC heap after
Heap after GC invocations=10 (full 1):
 PSYoungGen      total 213504K, used 13534K [0x00000000ebe00000, 0x00000000fdf80000, 0x0000000100000000)
  eden space 199680K, 0% used [0x00000000ebe00000,0x00000000ebe00000,0x00000000f8100000)
  from space 13824K, 97% used [0x00000000f8100000,0x00000000f8e37908,0x00000000f8e80000)
  to   space 15872K, 0% used [0x00000000fd000000,0x00000000fd000000,0x00000000fdf80000)
 ParOldGen       total 43008K, used 12687K [0x00000000c3a00000, 0x00000000c6400000, 0x00000000ebe00000)
  object space 43008K, 29% used [0x00000000c3a00000,0x00000000c4663ed8,0x00000000c6400000)
 Metaspace       used 35040K, capacity 35350K, committed 35496K, reserved 1081344K
  class space    used 4502K, capacity 4580K, committed 4608K, reserved 1048576K
}
Event: 5.419 GC heap before
{Heap before GC invocations=11 (full 2):
 PSYoungGen      total 213504K, used 13534K [0x00000000ebe00000, 0x00000000fdf80000, 0x0000000100000000)
  eden space 199680K, 0% used [0x00000000ebe00000,0x00000000ebe00000,0x00000000f8100000)
  from space 13824K, 97% used [0x00000000f8100000,0x00000000f8e37908,0x00000000f8e80000)
  to   space 15872K, 0% used [0x00000000fd000000,0x00000000fd000000,0x00000000fdf80000)
 ParOldGen       total 43008K, used 12687K [0x00000000c3a00000, 0x00000000c6400000, 0x00000000ebe00000)
  object space 43008K, 29% used [0x00000000c3a00000,0x00000000c4663ed8,0x00000000c6400000)
 Metaspace       used 35040K, capacity 35350K, committed 35496K, reserved 1081344K
  class space    used 4502K, capacity 4580K, committed 4608K, reserved 1048576K
Event: 5.519 GC heap after
Heap after GC invocations=11 (full 2):
 PSYoungGen      total 213504K, used 0K [0x00000000ebe00000, 0x00000000fdf80000, 0x0000000100000000)
  eden space 199680K, 0% used [0x00000000ebe00000,0x00000000ebe00000,0x00000000f8100000)
  from space 13824K, 0% used [0x00000000f8100000,0x00000000f8100000,0x00000000f8e80000)
  to   space 15872K, 0% used [0x00000000fd000000,0x00000000fd000000,0x00000000fdf80000)
 ParOldGen       total 62976K, used 22365K [0x00000000c3a00000, 0x00000000c7780000, 0x00000000ebe00000)
  object space 62976K, 35% used [0x00000000c3a00000,0x00000000c4fd7768,0x00000000c7780000)
 Metaspace       used 35040K, capacity 35350K, committed 35496K, reserved 1081344K
  class space    used 4502K, capacity 4580K, committed 4608K, reserved 1048576K
}

