# JRE version: Java(TM) SE Runtime Environment (8.0_121-b13) (build 1.8.0_121-b13)
# Java VM: Java HotSpot(TM) 64-Bit Server VM (25.121-b13 mixed mode linux-amd64 compressed oops)
Heap:
 PSYoungGen      total 305664K, used 187215K [0x000000076ab00000, 0x0000000784e80000, 0x00000007c0000000)
  eden space 262144K, 71% used [0x000000076ab00000,0x00000007761d3cd0,0x000000077ab00000)
  from space 43520K, 0% used [0x000000077ab00000,0x000000077ab00000,0x000000077d580000)
  to   space 43520K, 0% used [0x0000000782400000,0x0000000782400000,0x0000000784e80000)
 ParOldGen       total 790528K, used 22836K [0x00000006c0000000, 0x00000006f0400000, 0x000000076ab00000)
  object space 790528K, 2% used [0x00000006c0000000,0x00000006c164d128,0x00000006f0400000)
 Metaspace       used 45106K, capacity 45496K, committed 45824K, reserved 1089536K
  class space    used 5898K, capacity 6029K, committed 6144K, reserved 1048576K
GC Heap History (10 events):
Event: 5.416 GC heap before
{Heap before GC invocations=1 (full 0):
 PSYoungGen      total 305664K, used 188849K [0x000000076ab00000, 0x0000000780000000, 0x00000007c0000000)
  eden space 262144K, 72% used [0x000000076ab00000,0x000000077636c450,0x000000077ab00000)
  from space 43520K, 0% used [0x000000077d580000,0x000000077d580000,0x0000000780000000)
  to   space 43520K, 0% used [0x000000077ab00000,0x000000077ab00000,0x000000077d580000)
 ParOldGen       total 699392K, used 0K [0x00000006c0000000, 0x00000006eab00000, 0x000000076ab00000)
  object space 699392K, 0% used [0x00000006c0000000,0x00000006c0000000,0x00000006eab00000)
 Metaspace       used 21066K, capacity 21196K, committed 21296K, reserved 1069056K
  class space    used 2582K, capacity 2640K, committed 2688K, reserved 1048576K
Event: 5.443 GC heap after
Heap after GC invocations=1 (full 0):
 PSYoungGen      total 305664K, used 20969K [0x000000076ab00000, 0x0000000780000000, 0x00000007c0000000)
  eden space 262144K, 0% used [0x000000076ab00000,0x000000076ab00000,0x000000077ab00000)
  from space 43520K, 48% used [0x000000077ab00000,0x000000077bf7a488,0x000000077d580000)
  to   space 43520K, 0% used [0x000000077d580000,0x000000077d580000,0x0000000780000000)
 ParOldGen       total 699392K, used 88K [0x00000006c0000000, 0x00000006eab00000, 0x000000076ab00000)
  object space 699392K, 0% used [0x00000006c0000000,0x00000006c0016010,0x00000006eab00000)
 Metaspace       used 21066K, capacity 21196K, committed 21296K, reserved 1069056K
  class space    used 2582K, capacity 2640K, committed 2688K, reserved 1048576K
}
Event: 5.443 GC heap before
{Heap before GC invocations=2 (full 1):
 PSYoungGen      total 305664K, used 20969K [0x000000076ab00000, 0x0000000780000000, 0x00000007c0000000)
  eden space 262144K, 0% used [0x000000076ab00000,0x000000076ab00000,0x000000077ab00000)
  from space 43520K, 48% used [0x000000077ab00000,0x000000077bf7a488,0x000000077d580000)
  to   space 43520K, 0% used [0x000000077d580000,0x000000077d580000,0x0000000780000000)
 ParOldGen       total 699392K, used 88K [0x00000006c0000000, 0x00000006eab00000, 0x000000076ab00000)
  object space 699392K, 0% used [0x00000006c0000000,0x00000006c0016010,0x00000006eab00000)
 Metaspace       used 21066K, capacity 21196K, committed 21296K, reserved 1069056K
  class space    used 2582K, capacity 2640K, committed 2688K, reserved 1048576K
Event: 5.514 GC heap after
Heap after GC invocations=2 (full 1):
 PSYoungGen      total 305664K, used 0K [0x000000076ab00000, 0x0000000780000000, 0x00000007c0000000)
  eden space 262144K, 0% used [0x000000076ab00000,0x000000076ab00000,0x000000077ab00000)
  from space 43520K, 0% used [0x000000077ab00000,0x000000077ab00000,0x000000077d580000)
  to   space 43520K, 0% used [0x000000077d580000,0x000000077d580000,0x0000000780000000)
 ParOldGen       total 699392K, used 20163K [0x00000006c0000000, 0x00000006eab00000, 0x000000076ab00000)
  object space 699392K, 2% used [0x00000006c0000000,0x00000006c13b0d18,0x00000006eab00000)
 Metaspace       used 21066K, capacity 21196K, committed 21296K, reserved 1069056K
  class space    used 2582K, capacity 2640K, committed 2688K, reserved 1048576K
}
Event: 8.831 GC heap before
{Heap before GC invocations=3 (full 1):
 PSYoungGen      total 305664K, used 262144K [0x000000076ab00000, 0x0000000780000000, 0x00000007c0000000)
  eden space 262144K, 100% used [0x000000076ab00000,0x000000077ab00000,0x000000077ab00000)
  from space 43520K, 0% used [0x000000077ab00000,0x000000077ab00000,0x000000077d580000)
  to   space 43520K, 0% used [0x000000077d580000,0x000000077d580000,0x0000000780000000)
 ParOldGen       total 699392K, used 20163K [0x00000006c0000000, 0x00000006eab00000, 0x000000076ab00000)
  object space 699392K, 2% used [0x00000006c0000000,0x00000006c13b0d18,0x00000006eab00000)
 Metaspace       used 30406K, capacity 30658K, committed 30848K, reserved 1077248K
  class space    used 3769K, capacity 3860K, committed 3968K, reserved 1048576K
Event: 8.851 GC heap after
Heap after GC invocations=3 (full 1):
 PSYoungGen      total 305664K, used 17325K [0x000000076ab00000, 0x0000000784a00000, 0x00000007c0000000)
  eden space 262144K, 0% used [0x000000076ab00000,0x000000076ab00000,0x000000077ab00000)
  from space 43520K, 39% used [0x000000077d580000,0x000000077e66b710,0x0000000780000000)
  to   space 43520K, 0% used [0x000000077ab00000,0x000000077ab00000,0x000000077d580000)
 ParOldGen       total 699392K, used 20171K [0x00000006c0000000, 0x00000006eab00000, 0x000000076ab00000)
  object space 699392K, 2% used [0x00000006c0000000,0x00000006c13b2d18,0x00000006eab00000)
 Metaspace       used 30406K, capacity 30658K, committed 30848K, reserved 1077248K
  class space    used 3769K, capacity 3860K, committed 3968K, reserved 1048576K
}
Event: 10.944 GC heap before
{Heap before GC invocations=4 (full 1):
 PSYoungGen      total 305664K, used 128109K [0x000000076ab00000, 0x0000000784a00000, 0x00000007c0000000)
  eden space 262144K, 42% used [0x000000076ab00000,0x000000077172fe50,0x000000077ab00000)
  from space 43520K, 39% used [0x000000077d580000,0x000000077e66b710,0x0000000780000000)
  to   space 43520K, 0% used [0x000000077ab00000,0x000000077ab00000,0x000000077d580000)
 ParOldGen       total 699392K, used 20171K [0x00000006c0000000, 0x00000006eab00000, 0x000000076ab00000)
  object space 699392K, 2% used [0x00000006c0000000,0x00000006c13b2d18,0x00000006eab00000)
 Metaspace       used 35093K, capacity 35362K, committed 35496K, reserved 1081344K
  class space    used 4502K, capacity 4580K, committed 4608K, reserved 1048576K
Event: 10.958 GC heap after
Heap after GC invocations=4 (full 1):
 PSYoungGen      total 305664K, used 13618K [0x000000076ab00000, 0x0000000784e80000, 0x00000007c0000000)
  eden space 262144K, 0% used [0x000000076ab00000,0x000000076ab00000,0x000000077ab00000)
  from space 43520K, 31% used [0x000000077ab00000,0x000000077b84c800,0x000000077d580000)
  to   space 43520K, 0% used [0x0000000782400000,0x0000000782400000,0x0000000784e80000)
 ParOldGen       total 699392K, used 20179K [0x00000006c0000000, 0x00000006eab00000, 0x000000076ab00000)
  object space 699392K, 2% used [0x00000006c0000000,0x00000006c13b4d18,0x00000006eab00000)
 Metaspace       used 35093K, capacity 35362K, committed 35496K, reserved 1081344K
  class space    used 4502K, capacity 4580K, committed 4608K, reserved 1048576K
}
Event: 10.958 GC heap before
{Heap before GC invocations=5 (full 2):
 PSYoungGen      total 305664K, used 13618K [0x000000076ab00000, 0x0000000784e80000, 0x00000007c0000000)
  eden space 262144K, 0% used [0x000000076ab00000,0x000000076ab00000,0x000000077ab00000)
  from space 43520K, 31% used [0x000000077ab00000,0x000000077b84c800,0x000000077d580000)
  to   space 43520K, 0% used [0x0000000782400000,0x0000000782400000,0x0000000784e80000)
 ParOldGen       total 699392K, used 20179K [0x00000006c0000000, 0x00000006eab00000, 0x000000076ab00000)
  object space 699392K, 2% used [0x00000006c0000000,0x00000006c13b4d18,0x00000006eab00000)
 Metaspace       used 35093K, capacity 35362K, committed 35496K, reserved 1081344K
  class space    used 4502K, capacity 4580K, committed 4608K, reserved 1048576K
Event: 11.025 GC heap after
Heap after GC invocations=5 (full 2):
 PSYoungGen      total 305664K, used 0K [0x000000076ab00000, 0x0000000784e80000, 0x00000007c0000000)
  eden space 262144K, 0% used [0x000000076ab00000,0x000000076ab00000,0x000000077ab00000)
  from space 43520K, 0% used [0x000000077ab00000,0x000000077ab00000,0x000000077d580000)
  to   space 43520K, 0% used [0x0000000782400000,0x0000000782400000,0x0000000784e80000)
 ParOldGen       total 790528K, used 22836K [0x00000006c0000000, 0x00000006f0400000, 0x000000076ab00000)
  object space 790528K, 2% used [0x00000006c0000000,0x00000006c164d128,0x00000006f0400000)
 Metaspace       used 35093K, capacity 35362K, committed 35496K, reserved 1081344K
  class space    used 4502K, capacity 4580K, committed 4608K, reserved 1048576K
}

