# JRE version: Java(TM) SE Runtime Environment (8.0_121-b13) (build 1.8.0_121-b13)
# Java VM: Java HotSpot(TM) 64-Bit Server VM (25.121-b13 mixed mode linux-amd64 compressed oops)
Heap:
 PSYoungGen      total 305664K, used 190839K [0x000000076ab00000, 0x0000000788480000, 0x00000007c0000000)
  eden space 262144K, 72% used [0x000000076ab00000,0x000000077655df68,0x000000077ab00000)
  from space 43520K, 0% used [0x000000077ab00000,0x000000077ab00000,0x000000077d580000)
  to   space 43520K, 0% used [0x0000000785a00000,0x0000000785a00000,0x0000000788480000)
 ParOldGen       total 699392K, used 22821K [0x00000006c0000000, 0x00000006eab00000, 0x000000076ab00000)
  object space 699392K, 3% used [0x00000006c0000000,0x00000006c16495f8,0x00000006eab00000)
 Metaspace       used 45170K, capacity 45528K, committed 45824K, reserved 1089536K
  class space    used 5915K, capacity 6041K, committed 6144K, reserved 1048576K
GC Heap History (10 events):
Event: 9.055 GC heap before
{Heap before GC invocations=1 (full 0):
 PSYoungGen      total 305664K, used 188898K [0x000000076ab00000, 0x0000000780000000, 0x00000007c0000000)
  eden space 262144K, 72% used [0x000000076ab00000,0x0000000776378aa8,0x000000077ab00000)
  from space 43520K, 0% used [0x000000077d580000,0x000000077d580000,0x0000000780000000)
  to   space 43520K, 0% used [0x000000077ab00000,0x000000077ab00000,0x000000077d580000)
 ParOldGen       total 699392K, used 0K [0x00000006c0000000, 0x00000006eab00000, 0x000000076ab00000)
  object space 699392K, 0% used [0x00000006c0000000,0x00000006c0000000,0x00000006eab00000)
 Metaspace       used 21055K, capacity 21152K, committed 21296K, reserved 1069056K
  class space    used 2578K, capacity 2608K, committed 2688K, reserved 1048576K
Event: 9.084 GC heap after
Heap after GC invocations=1 (full 0):
 PSYoungGen      total 305664K, used 20885K [0x000000076ab00000, 0x0000000780000000, 0x00000007c0000000)
  eden space 262144K, 0% used [0x000000076ab00000,0x000000076ab00000,0x000000077ab00000)
  from space 43520K, 47% used [0x000000077ab00000,0x000000077bf65590,0x000000077d580000)
  to   space 43520K, 0% used [0x000000077d580000,0x000000077d580000,0x0000000780000000)
 ParOldGen       total 699392K, used 80K [0x00000006c0000000, 0x00000006eab00000, 0x000000076ab00000)
  object space 699392K, 0% used [0x00000006c0000000,0x00000006c0014010,0x00000006eab00000)
 Metaspace       used 21055K, capacity 21152K, committed 21296K, reserved 1069056K
  class space    used 2578K, capacity 2608K, committed 2688K, reserved 1048576K
}
Event: 9.084 GC heap before
{Heap before GC invocations=2 (full 1):
 PSYoungGen      total 305664K, used 20885K [0x000000076ab00000, 0x0000000780000000, 0x00000007c0000000)
  eden space 262144K, 0% used [0x000000076ab00000,0x000000076ab00000,0x000000077ab00000)
  from space 43520K, 47% used [0x000000077ab00000,0x000000077bf65590,0x000000077d580000)
  to   space 43520K, 0% used [0x000000077d580000,0x000000077d580000,0x0000000780000000)
 ParOldGen       total 699392K, used 80K [0x00000006c0000000, 0x00000006eab00000, 0x000000076ab00000)
  object space 699392K, 0% used [0x00000006c0000000,0x00000006c0014010,0x00000006eab00000)
 Metaspace       used 21055K, capacity 21152K, committed 21296K, reserved 1069056K
  class space    used 2578K, capacity 2608K, committed 2688K, reserved 1048576K
Event: 9.143 GC heap after
Heap after GC invocations=2 (full 1):
 PSYoungGen      total 305664K, used 0K [0x000000076ab00000, 0x0000000780000000, 0x00000007c0000000)
  eden space 262144K, 0% used [0x000000076ab00000,0x000000076ab00000,0x000000077ab00000)
  from space 43520K, 0% used [0x000000077ab00000,0x000000077ab00000,0x000000077d580000)
  to   space 43520K, 0% used [0x000000077d580000,0x000000077d580000,0x0000000780000000)
 ParOldGen       total 699392K, used 20125K [0x00000006c0000000, 0x00000006eab00000, 0x000000076ab00000)
  object space 699392K, 2% used [0x00000006c0000000,0x00000006c13a76e8,0x00000006eab00000)
 Metaspace       used 21055K, capacity 21152K, committed 21296K, reserved 1069056K
  class space    used 2578K, capacity 2608K, committed 2688K, reserved 1048576K
}
Event: 12.165 GC heap before
{Heap before GC invocations=3 (full 1):
 PSYoungGen      total 305664K, used 262144K [0x000000076ab00000, 0x0000000780000000, 0x00000007c0000000)
  eden space 262144K, 100% used [0x000000076ab00000,0x000000077ab00000,0x000000077ab00000)
  from space 43520K, 0% used [0x000000077ab00000,0x000000077ab00000,0x000000077d580000)
  to   space 43520K, 0% used [0x000000077d580000,0x000000077d580000,0x0000000780000000)
 ParOldGen       total 699392K, used 20125K [0x00000006c0000000, 0x00000006eab00000, 0x000000076ab00000)
  object space 699392K, 2% used [0x00000006c0000000,0x00000006c13a76e8,0x00000006eab00000)
 Metaspace       used 30402K, capacity 30710K, committed 31104K, reserved 1077248K
  class space    used 3766K, capacity 3860K, committed 3968K, reserved 1048576K
Event: 12.188 GC heap after
Heap after GC invocations=3 (full 1):
 PSYoungGen      total 305664K, used 17400K [0x000000076ab00000, 0x0000000787080000, 0x00000007c0000000)
  eden space 262144K, 0% used [0x000000076ab00000,0x000000076ab00000,0x000000077ab00000)
  from space 43520K, 39% used [0x000000077d580000,0x000000077e67e218,0x0000000780000000)
  to   space 43520K, 0% used [0x000000077ab00000,0x000000077ab00000,0x000000077d580000)
 ParOldGen       total 699392K, used 20133K [0x00000006c0000000, 0x00000006eab00000, 0x000000076ab00000)
  object space 699392K, 2% used [0x00000006c0000000,0x00000006c13a96e8,0x00000006eab00000)
 Metaspace       used 30402K, capacity 30710K, committed 31104K, reserved 1077248K
  class space    used 3766K, capacity 3860K, committed 3968K, reserved 1048576K
}
Event: 13.939 GC heap before
{Heap before GC invocations=4 (full 1):
 PSYoungGen      total 305664K, used 125776K [0x000000076ab00000, 0x0000000787080000, 0x00000007c0000000)
  eden space 262144K, 41% used [0x000000076ab00000,0x00000007714d6158,0x000000077ab00000)
  from space 43520K, 39% used [0x000000077d580000,0x000000077e67e218,0x0000000780000000)
  to   space 43520K, 0% used [0x000000077ab00000,0x000000077ab00000,0x000000077d580000)
 ParOldGen       total 699392K, used 20133K [0x00000006c0000000, 0x00000006eab00000, 0x000000076ab00000)
  object space 699392K, 2% used [0x00000006c0000000,0x00000006c13a96e8,0x00000006eab00000)
 Metaspace       used 35051K, capacity 35350K, committed 35496K, reserved 1081344K
  class space    used 4495K, capacity 4580K, committed 4608K, reserved 1048576K
Event: 13.958 GC heap after
Heap after GC invocations=4 (full 1):
 PSYoungGen      total 305664K, used 13595K [0x000000076ab00000, 0x0000000788480000, 0x00000007c0000000)
  eden space 262144K, 0% used [0x000000076ab00000,0x000000076ab00000,0x000000077ab00000)
  from space 43520K, 31% used [0x000000077ab00000,0x000000077b846f28,0x000000077d580000)
  to   space 43520K, 0% used [0x0000000785a00000,0x0000000785a00000,0x0000000788480000)
 ParOldGen       total 699392K, used 20141K [0x00000006c0000000, 0x00000006eab00000, 0x000000076ab00000)
  object space 699392K, 2% used [0x00000006c0000000,0x00000006c13ab6e8,0x00000006eab00000)
 Metaspace       used 35051K, capacity 35350K, committed 35496K, reserved 1081344K
  class space    used 4495K, capacity 4580K, committed 4608K, reserved 1048576K
}
Event: 13.958 GC heap before
{Heap before GC invocations=5 (full 2):
 PSYoungGen      total 305664K, used 13595K [0x000000076ab00000, 0x0000000788480000, 0x00000007c0000000)
  eden space 262144K, 0% used [0x000000076ab00000,0x000000076ab00000,0x000000077ab00000)
  from space 43520K, 31% used [0x000000077ab00000,0x000000077b846f28,0x000000077d580000)
  to   space 43520K, 0% used [0x0000000785a00000,0x0000000785a00000,0x0000000788480000)
 ParOldGen       total 699392K, used 20141K [0x00000006c0000000, 0x00000006eab00000, 0x000000076ab00000)
  object space 699392K, 2% used [0x00000006c0000000,0x00000006c13ab6e8,0x00000006eab00000)
 Metaspace       used 35051K, capacity 35350K, committed 35496K, reserved 1081344K
  class space    used 4495K, capacity 4580K, committed 4608K, reserved 1048576K
Event: 14.044 GC heap after
Heap after GC invocations=5 (full 2):
 PSYoungGen      total 305664K, used 0K [0x000000076ab00000, 0x0000000788480000, 0x00000007c0000000)
  eden space 262144K, 0% used [0x000000076ab00000,0x000000076ab00000,0x000000077ab00000)
  from space 43520K, 0% used [0x000000077ab00000,0x000000077ab00000,0x000000077d580000)
  to   space 43520K, 0% used [0x0000000785a00000,0x0000000785a00000,0x0000000788480000)
 ParOldGen       total 699392K, used 22821K [0x00000006c0000000, 0x00000006eab00000, 0x000000076ab00000)
  object space 699392K, 3% used [0x00000006c0000000,0x00000006c16495f8,0x00000006eab00000)
 Metaspace       used 35051K, capacity 35350K, committed 35496K, reserved 1081344K
  class space    used 4495K, capacity 4580K, committed 4608K, reserved 1048576K
}

