# JRE version: Java(TM) SE Runtime Environment (8.0_121-b13) (build 1.8.0_121-b13)
# Java VM: Java HotSpot(TM) 64-Bit Server VM (25.121-b13 mixed mode linux-amd64 compressed oops)
Heap:
 PSYoungGen      total 305664K, used 192721K [0x000000076ab00000, 0x0000000787280000, 0x00000007c0000000)
  eden space 262144K, 73% used [0x000000076ab00000,0x0000000776734710,0x000000077ab00000)
  from space 43520K, 0% used [0x000000077ab00000,0x000000077ab00000,0x000000077d580000)
  to   space 43520K, 0% used [0x0000000784800000,0x0000000784800000,0x0000000787280000)
 ParOldGen       total 731648K, used 22809K [0x00000006c0000000, 0x00000006eca80000, 0x000000076ab00000)
  object space 731648K, 3% used [0x00000006c0000000,0x00000006c1646788,0x00000006eca80000)
 Metaspace       used 45065K, capacity 45496K, committed 45824K, reserved 1089536K
  class space    used 5898K, capacity 6029K, committed 6144K, reserved 1048576K
GC Heap History (10 events):
Event: 2.993 GC heap before
{Heap before GC invocations=1 (full 0):
 PSYoungGen      total 305664K, used 183614K [0x000000076ab00000, 0x0000000780000000, 0x00000007c0000000)
  eden space 262144K, 70% used [0x000000076ab00000,0x0000000775e4f8c8,0x000000077ab00000)
  from space 43520K, 0% used [0x000000077d580000,0x000000077d580000,0x0000000780000000)
  to   space 43520K, 0% used [0x000000077ab00000,0x000000077ab00000,0x000000077d580000)
 ParOldGen       total 699392K, used 0K [0x00000006c0000000, 0x00000006eab00000, 0x000000076ab00000)
  object space 699392K, 0% used [0x00000006c0000000,0x00000006c0000000,0x00000006eab00000)
 Metaspace       used 21083K, capacity 21206K, committed 21296K, reserved 1069056K
  class space    used 2597K, capacity 2642K, committed 2688K, reserved 1048576K
Event: 3.012 GC heap after
Heap after GC invocations=1 (full 0):
 PSYoungGen      total 305664K, used 20986K [0x000000076ab00000, 0x0000000780000000, 0x00000007c0000000)
  eden space 262144K, 0% used [0x000000076ab00000,0x000000076ab00000,0x000000077ab00000)
  from space 43520K, 48% used [0x000000077ab00000,0x000000077bf7e848,0x000000077d580000)
  to   space 43520K, 0% used [0x000000077d580000,0x000000077d580000,0x0000000780000000)
 ParOldGen       total 699392K, used 88K [0x00000006c0000000, 0x00000006eab00000, 0x000000076ab00000)
  object space 699392K, 0% used [0x00000006c0000000,0x00000006c0016010,0x00000006eab00000)
 Metaspace       used 21083K, capacity 21206K, committed 21296K, reserved 1069056K
  class space    used 2597K, capacity 2642K, committed 2688K, reserved 1048576K
}
Event: 3.012 GC heap before
{Heap before GC invocations=2 (full 1):
 PSYoungGen      total 305664K, used 20986K [0x000000076ab00000, 0x0000000780000000, 0x00000007c0000000)
  eden space 262144K, 0% used [0x000000076ab00000,0x000000076ab00000,0x000000077ab00000)
  from space 43520K, 48% used [0x000000077ab00000,0x000000077bf7e848,0x000000077d580000)
  to   space 43520K, 0% used [0x000000077d580000,0x000000077d580000,0x0000000780000000)
 ParOldGen       total 699392K, used 88K [0x00000006c0000000, 0x00000006eab00000, 0x000000076ab00000)
  object space 699392K, 0% used [0x00000006c0000000,0x00000006c0016010,0x00000006eab00000)
 Metaspace       used 21083K, capacity 21206K, committed 21296K, reserved 1069056K
  class space    used 2597K, capacity 2642K, committed 2688K, reserved 1048576K
Event: 3.058 GC heap after
Heap after GC invocations=2 (full 1):
 PSYoungGen      total 305664K, used 0K [0x000000076ab00000, 0x0000000780000000, 0x00000007c0000000)
  eden space 262144K, 0% used [0x000000076ab00000,0x000000076ab00000,0x000000077ab00000)
  from space 43520K, 0% used [0x000000077ab00000,0x000000077ab00000,0x000000077d580000)
  to   space 43520K, 0% used [0x000000077d580000,0x000000077d580000,0x0000000780000000)
 ParOldGen       total 699392K, used 20233K [0x00000006c0000000, 0x00000006eab00000, 0x000000076ab00000)
  object space 699392K, 2% used [0x00000006c0000000,0x00000006c13c26d0,0x00000006eab00000)
 Metaspace       used 21083K, capacity 21206K, committed 21296K, reserved 1069056K
  class space    used 2597K, capacity 2642K, committed 2688K, reserved 1048576K
}
Event: 5.606 GC heap before
{Heap before GC invocations=3 (full 1):
 PSYoungGen      total 305664K, used 262144K [0x000000076ab00000, 0x0000000780000000, 0x00000007c0000000)
  eden space 262144K, 100% used [0x000000076ab00000,0x000000077ab00000,0x000000077ab00000)
  from space 43520K, 0% used [0x000000077ab00000,0x000000077ab00000,0x000000077d580000)
  to   space 43520K, 0% used [0x000000077d580000,0x000000077d580000,0x0000000780000000)
 ParOldGen       total 699392K, used 20233K [0x00000006c0000000, 0x00000006eab00000, 0x000000076ab00000)
  object space 699392K, 2% used [0x00000006c0000000,0x00000006c13c26d0,0x00000006eab00000)
 Metaspace       used 30372K, capacity 30658K, committed 30848K, reserved 1077248K
  class space    used 3770K, capacity 3860K, committed 3968K, reserved 1048576K
Event: 5.631 GC heap after
Heap after GC invocations=3 (full 1):
 PSYoungGen      total 305664K, used 17211K [0x000000076ab00000, 0x0000000785700000, 0x00000007c0000000)
  eden space 262144K, 0% used [0x000000076ab00000,0x000000076ab00000,0x000000077ab00000)
  from space 43520K, 39% used [0x000000077d580000,0x000000077e64efc0,0x0000000780000000)
  to   space 43520K, 0% used [0x000000077ab00000,0x000000077ab00000,0x000000077d580000)
 ParOldGen       total 699392K, used 20241K [0x00000006c0000000, 0x00000006eab00000, 0x000000076ab00000)
  object space 699392K, 2% used [0x00000006c0000000,0x00000006c13c46d0,0x00000006eab00000)
 Metaspace       used 30372K, capacity 30658K, committed 30848K, reserved 1077248K
  class space    used 3770K, capacity 3860K, committed 3968K, reserved 1048576K
}
Event: 6.679 GC heap before
{Heap before GC invocations=4 (full 1):
 PSYoungGen      total 305664K, used 126199K [0x000000076ab00000, 0x0000000785700000, 0x00000007c0000000)
  eden space 262144K, 41% used [0x000000076ab00000,0x000000077156edd8,0x000000077ab00000)
  from space 43520K, 39% used [0x000000077d580000,0x000000077e64efc0,0x0000000780000000)
  to   space 43520K, 0% used [0x000000077ab00000,0x000000077ab00000,0x000000077d580000)
 ParOldGen       total 699392K, used 20241K [0x00000006c0000000, 0x00000006eab00000, 0x000000076ab00000)
  object space 699392K, 2% used [0x00000006c0000000,0x00000006c13c46d0,0x00000006eab00000)
 Metaspace       used 35093K, capacity 35362K, committed 35496K, reserved 1081344K
  class space    used 4502K, capacity 4580K, committed 4608K, reserved 1048576K
Event: 6.702 GC heap after
Heap after GC invocations=4 (full 1):
 PSYoungGen      total 305664K, used 13594K [0x000000076ab00000, 0x0000000787280000, 0x00000007c0000000)
  eden space 262144K, 0% used [0x000000076ab00000,0x000000076ab00000,0x000000077ab00000)
  from space 43520K, 31% used [0x000000077ab00000,0x000000077b846928,0x000000077d580000)
  to   space 43520K, 0% used [0x0000000784800000,0x0000000784800000,0x0000000787280000)
 ParOldGen       total 699392K, used 20241K [0x00000006c0000000, 0x00000006eab00000, 0x000000076ab00000)
  object space 699392K, 2% used [0x00000006c0000000,0x00000006c13c46d0,0x00000006eab00000)
 Metaspace       used 35093K, capacity 35362K, committed 35496K, reserved 1081344K
  class space    used 4502K, capacity 4580K, committed 4608K, reserved 1048576K
}
Event: 6.702 GC heap before
{Heap before GC invocations=5 (full 2):
 PSYoungGen      total 305664K, used 13594K [0x000000076ab00000, 0x0000000787280000, 0x00000007c0000000)
  eden space 262144K, 0% used [0x000000076ab00000,0x000000076ab00000,0x000000077ab00000)
  from space 43520K, 31% used [0x000000077ab00000,0x000000077b846928,0x000000077d580000)
  to   space 43520K, 0% used [0x0000000784800000,0x0000000784800000,0x0000000787280000)
 ParOldGen       total 699392K, used 20241K [0x00000006c0000000, 0x00000006eab00000, 0x000000076ab00000)
  object space 699392K, 2% used [0x00000006c0000000,0x00000006c13c46d0,0x00000006eab00000)
 Metaspace       used 35093K, capacity 35362K, committed 35496K, reserved 1081344K
  class space    used 4502K, capacity 4580K, committed 4608K, reserved 1048576K
Event: 6.771 GC heap after
Heap after GC invocations=5 (full 2):
 PSYoungGen      total 305664K, used 0K [0x000000076ab00000, 0x0000000787280000, 0x00000007c0000000)
  eden space 262144K, 0% used [0x000000076ab00000,0x000000076ab00000,0x000000077ab00000)
  from space 43520K, 0% used [0x000000077ab00000,0x000000077ab00000,0x000000077d580000)
  to   space 43520K, 0% used [0x0000000784800000,0x0000000784800000,0x0000000787280000)
 ParOldGen       total 731648K, used 22809K [0x00000006c0000000, 0x00000006eca80000, 0x000000076ab00000)
  object space 731648K, 3% used [0x00000006c0000000,0x00000006c1646788,0x00000006eca80000)
 Metaspace       used 35093K, capacity 35362K, committed 35496K, reserved 1081344K
  class space    used 4502K, capacity 4580K, committed 4608K, reserved 1048576K
}

