# JRE version: Java(TM) SE Runtime Environment (8.0_121-b13) (build 1.8.0_121-b13)
# Java VM: Java HotSpot(TM) 64-Bit Server VM (25.121-b13 mixed mode linux-amd64 compressed oops)
Heap:
 PSYoungGen      total 187904K, used 55149K [0x00000000ebe00000, 0x00000000f8d00000, 0x0000000100000000)
  eden space 174080K, 23% used [0x00000000ebe00000,0x00000000ee6aa8b8,0x00000000f6800000)
  from space 13824K, 97% used [0x00000000f7f80000,0x00000000f8cb0c80,0x00000000f8d00000)
  to   space 17920K, 0% used [0x00000000f6a00000,0x00000000f6a00000,0x00000000f7b80000)
 ParOldGen       total 69120K, used 22491K [0x00000000c3a00000, 0x00000000c7d80000, 0x00000000ebe00000)
  object space 69120K, 32% used [0x00000000c3a00000,0x00000000c4ff6cd0,0x00000000c7d80000)
 Metaspace       used 45194K, capacity 45548K, committed 45824K, reserved 1089536K
  class space    used 5917K, capacity 6029K, committed 6144K, reserved 1048576K
GC Heap History (10 events):
Event: 2.905 GC heap before
{Heap before GC invocations=8 (full 1):
 PSYoungGen      total 96768K, used 96472K [0x00000000ebe00000, 0x00000000f4900000, 0x0000000100000000)
  eden space 93696K, 100% used [0x00000000ebe00000,0x00000000f1980000,0x00000000f1980000)
  from space 3072K, 90% used [0x00000000f4600000,0x00000000f48b63a8,0x00000000f4900000)
  to   space 12288K, 0% used [0x00000000f3100000,0x00000000f3100000,0x00000000f3d00000)
 ParOldGen       total 46080K, used 12210K [0x00000000c3a00000, 0x00000000c6700000, 0x00000000ebe00000)
  object space 46080K, 26% used [0x00000000c3a00000,0x00000000c45eca70,0x00000000c6700000)
 Metaspace       used 25108K, capacity 25312K, committed 25472K, reserved 1071104K
  class space    used 3119K, capacity 3179K, committed 3200K, reserved 1048576K
Event: 2.921 GC heap after
Heap after GC invocations=8 (full 1):
 PSYoungGen      total 130048K, used 8252K [0x00000000ebe00000, 0x00000000f6080000, 0x0000000100000000)
  eden space 117760K, 0% used [0x00000000ebe00000,0x00000000ebe00000,0x00000000f3100000)
  from space 12288K, 67% used [0x00000000f3100000,0x00000000f390f1c8,0x00000000f3d00000)
  to   space 12800K, 0% used [0x00000000f5400000,0x00000000f5400000,0x00000000f6080000)
 ParOldGen       total 46080K, used 12218K [0x00000000c3a00000, 0x00000000c6700000, 0x00000000ebe00000)
  object space 46080K, 26% used [0x00000000c3a00000,0x00000000c45eea70,0x00000000c6700000)
 Metaspace       used 25108K, capacity 25312K, committed 25472K, reserved 1071104K
  class space    used 3119K, capacity 3179K, committed 3200K, reserved 1048576K
}
Event: 3.990 GC heap before
{Heap before GC invocations=9 (full 1):
 PSYoungGen      total 130048K, used 126012K [0x00000000ebe00000, 0x00000000f6080000, 0x0000000100000000)
  eden space 117760K, 100% used [0x00000000ebe00000,0x00000000f3100000,0x00000000f3100000)
  from space 12288K, 67% used [0x00000000f3100000,0x00000000f390f1c8,0x00000000f3d00000)
  to   space 12800K, 0% used [0x00000000f5400000,0x00000000f5400000,0x00000000f6080000)
 ParOldGen       total 46080K, used 12218K [0x00000000c3a00000, 0x00000000c6700000, 0x00000000ebe00000)
  object space 46080K, 26% used [0x00000000c3a00000,0x00000000c45eea70,0x00000000c6700000)
 Metaspace       used 30360K, capacity 30646K, committed 30848K, reserved 1077248K
  class space    used 3765K, capacity 3860K, committed 3968K, reserved 1048576K
Event: 4.010 GC heap after
Heap after GC invocations=9 (full 1):
 PSYoungGen      total 152576K, used 10697K [0x00000000ebe00000, 0x00000000f8500000, 0x0000000100000000)
  eden space 139776K, 0% used [0x00000000ebe00000,0x00000000ebe00000,0x00000000f4680000)
  from space 12800K, 83% used [0x00000000f5400000,0x00000000f5e72718,0x00000000f6080000)
  to   space 13824K, 0% used [0x00000000f4680000,0x00000000f4680000,0x00000000f5400000)
 ParOldGen       total 46080K, used 12226K [0x00000000c3a00000, 0x00000000c6700000, 0x00000000ebe00000)
  object space 46080K, 26% used [0x00000000c3a00000,0x00000000c45f0a70,0x00000000c6700000)
 Metaspace       used 30360K, capacity 30646K, committed 30848K, reserved 1077248K
  class space    used 3765K, capacity 3860K, committed 3968K, reserved 1048576K
}
Event: 4.815 GC heap before
{Heap before GC invocations=10 (full 1):
 PSYoungGen      total 152576K, used 115751K [0x00000000ebe00000, 0x00000000f8500000, 0x0000000100000000)
  eden space 139776K, 75% used [0x00000000ebe00000,0x00000000f2497730,0x00000000f4680000)
  from space 12800K, 83% used [0x00000000f5400000,0x00000000f5e72718,0x00000000f6080000)
  to   space 13824K, 0% used [0x00000000f4680000,0x00000000f4680000,0x00000000f5400000)
 ParOldGen       total 46080K, used 12226K [0x00000000c3a00000, 0x00000000c6700000, 0x00000000ebe00000)
  object space 46080K, 26% used [0x00000000c3a00000,0x00000000c45f0a70,0x00000000c6700000)
 Metaspace       used 35043K, capacity 35350K, committed 35496K, reserved 1081344K
  class space    used 4503K, capacity 4580K, committed 4608K, reserved 1048576K
Event: 4.833 GC heap after
Heap after GC invocations=10 (full 1):
 PSYoungGen      total 153600K, used 13798K [0x00000000ebe00000, 0x00000000f8f80000, 0x0000000100000000)
  eden space 139776K, 0% used [0x00000000ebe00000,0x00000000ebe00000,0x00000000f4680000)
  from space 13824K, 99% used [0x00000000f4680000,0x00000000f53f9930,0x00000000f5400000)
  to   space 16384K, 0% used [0x00000000f7f80000,0x00000000f7f80000,0x00000000f8f80000)
 ParOldGen       total 46080K, used 12302K [0x00000000c3a00000, 0x00000000c6700000, 0x00000000ebe00000)
  object space 46080K, 26% used [0x00000000c3a00000,0x00000000c4603b80,0x00000000c6700000)
 Metaspace       used 35043K, capacity 35350K, committed 35496K, reserved 1081344K
  class space    used 4503K, capacity 4580K, committed 4608K, reserved 1048576K
}
Event: 4.833 GC heap before
{Heap before GC invocations=11 (full 2):
 PSYoungGen      total 153600K, used 13798K [0x00000000ebe00000, 0x00000000f8f80000, 0x0000000100000000)
  eden space 139776K, 0% used [0x00000000ebe00000,0x00000000ebe00000,0x00000000f4680000)
  from space 13824K, 99% used [0x00000000f4680000,0x00000000f53f9930,0x00000000f5400000)
  to   space 16384K, 0% used [0x00000000f7f80000,0x00000000f7f80000,0x00000000f8f80000)
 ParOldGen       total 46080K, used 12302K [0x00000000c3a00000, 0x00000000c6700000, 0x00000000ebe00000)
  object space 46080K, 26% used [0x00000000c3a00000,0x00000000c4603b80,0x00000000c6700000)
 Metaspace       used 35043K, capacity 35350K, committed 35496K, reserved 1081344K
  class space    used 4503K, capacity 4580K, committed 4608K, reserved 1048576K
Event: 4.925 GC heap after
Heap after GC invocations=11 (full 2):
 PSYoungGen      total 153600K, used 0K [0x00000000ebe00000, 0x00000000f8f80000, 0x0000000100000000)
  eden space 139776K, 0% used [0x00000000ebe00000,0x00000000ebe00000,0x00000000f4680000)
  from space 13824K, 0% used [0x00000000f4680000,0x00000000f4680000,0x00000000f5400000)
  to   space 16384K, 0% used [0x00000000f7f80000,0x00000000f7f80000,0x00000000f8f80000)
 ParOldGen       total 69120K, used 22483K [0x00000000c3a00000, 0x00000000c7d80000, 0x00000000ebe00000)
  object space 69120K, 32% used [0x00000000c3a00000,0x00000000c4ff4cd0,0x00000000c7d80000)
 Metaspace       used 35043K, capacity 35350K, committed 35496K, reserved 1081344K
  class space    used 4503K, capacity 4580K, committed 4608K, reserved 1048576K
}
Event: 6.616 GC heap before
{Heap before GC invocations=12 (full 2):
 PSYoungGen      total 153600K, used 139776K [0x00000000ebe00000, 0x00000000f8f80000, 0x0000000100000000)
  eden space 139776K, 100% used [0x00000000ebe00000,0x00000000f4680000,0x00000000f4680000)
  from space 13824K, 0% used [0x00000000f4680000,0x00000000f4680000,0x00000000f5400000)
  to   space 16384K, 0% used [0x00000000f7f80000,0x00000000f7f80000,0x00000000f8f80000)
 ParOldGen       total 69120K, used 22483K [0x00000000c3a00000, 0x00000000c7d80000, 0x00000000ebe00000)
  object space 69120K, 32% used [0x00000000c3a00000,0x00000000c4ff4cd0,0x00000000c7d80000)
 Metaspace       used 44076K, capacity 44410K, committed 44544K, reserved 1087488K
  class space    used 5772K, capacity 5866K, committed 5888K, reserved 1048576K
Event: 6.633 GC heap after
Heap after GC invocations=12 (full 2):
 PSYoungGen      total 187904K, used 13507K [0x00000000ebe00000, 0x00000000f8d00000, 0x0000000100000000)
  eden space 174080K, 0% used [0x00000000ebe00000,0x00000000ebe00000,0x00000000f6800000)
  from space 13824K, 97% used [0x00000000f7f80000,0x00000000f8cb0c80,0x00000000f8d00000)
  to   space 17920K, 0% used [0x00000000f6a00000,0x00000000f6a00000,0x00000000f7b80000)
 ParOldGen       total 69120K, used 22491K [0x00000000c3a00000, 0x00000000c7d80000, 0x00000000ebe00000)
  object space 69120K, 32% used [0x00000000c3a00000,0x00000000c4ff6cd0,0x00000000c7d80000)
 Metaspace       used 44076K, capacity 44410K, committed 44544K, reserved 1087488K
  class space    used 5772K, capacity 5866K, committed 5888K, reserved 1048576K
}

