# JRE version: Java(TM) SE Runtime Environment (8.0_121-b13) (build 1.8.0_121-b13)
# Java VM: Java HotSpot(TM) 64-Bit Server VM (25.121-b13 mixed mode linux-amd64 compressed oops)
Heap:
 PSYoungGen      total 305664K, used 196264K [0x000000076ab00000, 0x0000000781800000, 0x00000007c0000000)
  eden space 262144K, 74% used [0x000000076ab00000,0x0000000776aaa248,0x000000077ab00000)
  from space 43520K, 0% used [0x000000077ab00000,0x000000077ab00000,0x000000077d580000)
  to   space 43520K, 0% used [0x000000077ed80000,0x000000077ed80000,0x0000000781800000)
 ParOldGen       total 975872K, used 22612K [0x00000006c0000000, 0x00000006fb900000, 0x000000076ab00000)
  object space 975872K, 2% used [0x00000006c0000000,0x00000006c16153a8,0x00000006fb900000)
 Metaspace       used 45118K, capacity 45548K, committed 45824K, reserved 1089536K
  class space    used 5898K, capacity 6029K, committed 6144K, reserved 1048576K
GC Heap History (10 events):
Event: 22.088 GC heap before
{Heap before GC invocations=1 (full 0):
 PSYoungGen      total 305664K, used 199376K [0x000000076ab00000, 0x0000000780000000, 0x00000007c0000000)
  eden space 262144K, 76% used [0x000000076ab00000,0x0000000776db4060,0x000000077ab00000)
  from space 43520K, 0% used [0x000000077d580000,0x000000077d580000,0x0000000780000000)
  to   space 43520K, 0% used [0x000000077ab00000,0x000000077ab00000,0x000000077d580000)
 ParOldGen       total 699392K, used 0K [0x00000006c0000000, 0x00000006eab00000, 0x000000076ab00000)
  object space 699392K, 0% used [0x00000006c0000000,0x00000006c0000000,0x00000006eab00000)
 Metaspace       used 21030K, capacity 21158K, committed 21296K, reserved 1069056K
  class space    used 2569K, capacity 2609K, committed 2688K, reserved 1048576K
Event: 22.120 GC heap after
Heap after GC invocations=1 (full 0):
 PSYoungGen      total 305664K, used 21339K [0x000000076ab00000, 0x0000000780000000, 0x00000007c0000000)
  eden space 262144K, 0% used [0x000000076ab00000,0x000000076ab00000,0x000000077ab00000)
  from space 43520K, 49% used [0x000000077ab00000,0x000000077bfd6e50,0x000000077d580000)
  to   space 43520K, 0% used [0x000000077d580000,0x000000077d580000,0x0000000780000000)
 ParOldGen       total 699392K, used 80K [0x00000006c0000000, 0x00000006eab00000, 0x000000076ab00000)
  object space 699392K, 0% used [0x00000006c0000000,0x00000006c0014010,0x00000006eab00000)
 Metaspace       used 21030K, capacity 21158K, committed 21296K, reserved 1069056K
  class space    used 2569K, capacity 2609K, committed 2688K, reserved 1048576K
}
Event: 22.120 GC heap before
{Heap before GC invocations=2 (full 1):
 PSYoungGen      total 305664K, used 21339K [0x000000076ab00000, 0x0000000780000000, 0x00000007c0000000)
  eden space 262144K, 0% used [0x000000076ab00000,0x000000076ab00000,0x000000077ab00000)
  from space 43520K, 49% used [0x000000077ab00000,0x000000077bfd6e50,0x000000077d580000)
  to   space 43520K, 0% used [0x000000077d580000,0x000000077d580000,0x0000000780000000)
 ParOldGen       total 699392K, used 80K [0x00000006c0000000, 0x00000006eab00000, 0x000000076ab00000)
  object space 699392K, 0% used [0x00000006c0000000,0x00000006c0014010,0x00000006eab00000)
 Metaspace       used 21030K, capacity 21158K, committed 21296K, reserved 1069056K
  class space    used 2569K, capacity 2609K, committed 2688K, reserved 1048576K
Event: 22.856 GC heap after
Heap after GC invocations=2 (full 1):
 PSYoungGen      total 305664K, used 0K [0x000000076ab00000, 0x0000000780000000, 0x00000007c0000000)
  eden space 262144K, 0% used [0x000000076ab00000,0x000000076ab00000,0x000000077ab00000)
  from space 43520K, 0% used [0x000000077ab00000,0x000000077ab00000,0x000000077d580000)
  to   space 43520K, 0% used [0x000000077d580000,0x000000077d580000,0x0000000780000000)
 ParOldGen       total 699392K, used 20522K [0x00000006c0000000, 0x00000006eab00000, 0x000000076ab00000)
  object space 699392K, 2% used [0x00000006c0000000,0x00000006c140ab80,0x00000006eab00000)
 Metaspace       used 21030K, capacity 21158K, committed 21296K, reserved 1069056K
  class space    used 2569K, capacity 2609K, committed 2688K, reserved 1048576K
}
Event: 33.993 GC heap before
{Heap before GC invocations=3 (full 1):
 PSYoungGen      total 305664K, used 262144K [0x000000076ab00000, 0x0000000780000000, 0x00000007c0000000)
  eden space 262144K, 100% used [0x000000076ab00000,0x000000077ab00000,0x000000077ab00000)
  from space 43520K, 0% used [0x000000077ab00000,0x000000077ab00000,0x000000077d580000)
  to   space 43520K, 0% used [0x000000077d580000,0x000000077d580000,0x0000000780000000)
 ParOldGen       total 699392K, used 20522K [0x00000006c0000000, 0x00000006eab00000, 0x000000076ab00000)
  object space 699392K, 2% used [0x00000006c0000000,0x00000006c140ab80,0x00000006eab00000)
 Metaspace       used 30438K, capacity 30710K, committed 31104K, reserved 1077248K
  class space    used 3766K, capacity 3860K, committed 3968K, reserved 1048576K
Event: 34.221 GC heap after
Heap after GC invocations=3 (full 1):
 PSYoungGen      total 305664K, used 17258K [0x000000076ab00000, 0x0000000781e80000, 0x00000007c0000000)
  eden space 262144K, 0% used [0x000000076ab00000,0x000000076ab00000,0x000000077ab00000)
  from space 43520K, 39% used [0x000000077d580000,0x000000077e65aa20,0x0000000780000000)
  to   space 43520K, 0% used [0x000000077ab00000,0x000000077ab00000,0x000000077d580000)
 ParOldGen       total 699392K, used 20530K [0x00000006c0000000, 0x00000006eab00000, 0x000000076ab00000)
  object space 699392K, 2% used [0x00000006c0000000,0x00000006c140cb80,0x00000006eab00000)
 Metaspace       used 30438K, capacity 30710K, committed 31104K, reserved 1077248K
  class space    used 3766K, capacity 3860K, committed 3968K, reserved 1048576K
}
Event: 44.678 GC heap before
{Heap before GC invocations=4 (full 1):
 PSYoungGen      total 305664K, used 109212K [0x000000076ab00000, 0x0000000781e80000, 0x00000007c0000000)
  eden space 262144K, 35% used [0x000000076ab00000,0x00000007704cc9d0,0x000000077ab00000)
  from space 43520K, 39% used [0x000000077d580000,0x000000077e65aa20,0x0000000780000000)
  to   space 43520K, 0% used [0x000000077ab00000,0x000000077ab00000,0x000000077d580000)
 ParOldGen       total 699392K, used 20530K [0x00000006c0000000, 0x00000006eab00000, 0x000000076ab00000)
  object space 699392K, 2% used [0x00000006c0000000,0x00000006c140cb80,0x00000006eab00000)
 Metaspace       used 35072K, capacity 35350K, committed 35496K, reserved 1081344K
  class space    used 4494K, capacity 4580K, committed 4608K, reserved 1048576K
Event: 44.702 GC heap after
Heap after GC invocations=4 (full 1):
 PSYoungGen      total 305664K, used 13204K [0x000000076ab00000, 0x0000000781800000, 0x00000007c0000000)
  eden space 262144K, 0% used [0x000000076ab00000,0x000000076ab00000,0x000000077ab00000)
  from space 43520K, 30% used [0x000000077ab00000,0x000000077b7e5098,0x000000077d580000)
  to   space 43520K, 0% used [0x000000077ed80000,0x000000077ed80000,0x0000000781800000)
 ParOldGen       total 699392K, used 20538K [0x00000006c0000000, 0x00000006eab00000, 0x000000076ab00000)
  object space 699392K, 2% used [0x00000006c0000000,0x00000006c140eb80,0x00000006eab00000)
 Metaspace       used 35072K, capacity 35350K, committed 35496K, reserved 1081344K
  class space    used 4494K, capacity 4580K, committed 4608K, reserved 1048576K
}
Event: 44.711 GC heap before
{Heap before GC invocations=5 (full 2):
 PSYoungGen      total 305664K, used 13204K [0x000000076ab00000, 0x0000000781800000, 0x00000007c0000000)
  eden space 262144K, 0% used [0x000000076ab00000,0x000000076ab00000,0x000000077ab00000)
  from space 43520K, 30% used [0x000000077ab00000,0x000000077b7e5098,0x000000077d580000)
  to   space 43520K, 0% used [0x000000077ed80000,0x000000077ed80000,0x0000000781800000)
 ParOldGen       total 699392K, used 20538K [0x00000006c0000000, 0x00000006eab00000, 0x000000076ab00000)
  object space 699392K, 2% used [0x00000006c0000000,0x00000006c140eb80,0x00000006eab00000)
 Metaspace       used 35072K, capacity 35350K, committed 35496K, reserved 1081344K
  class space    used 4494K, capacity 4580K, committed 4608K, reserved 1048576K
Event: 44.826 GC heap after
Heap after GC invocations=5 (full 2):
 PSYoungGen      total 305664K, used 0K [0x000000076ab00000, 0x0000000781800000, 0x00000007c0000000)
  eden space 262144K, 0% used [0x000000076ab00000,0x000000076ab00000,0x000000077ab00000)
  from space 43520K, 0% used [0x000000077ab00000,0x000000077ab00000,0x000000077d580000)
  to   space 43520K, 0% used [0x000000077ed80000,0x000000077ed80000,0x0000000781800000)
 ParOldGen       total 975872K, used 22612K [0x00000006c0000000, 0x00000006fb900000, 0x000000076ab00000)
  object space 975872K, 2% used [0x00000006c0000000,0x00000006c16153a8,0x00000006fb900000)
 Metaspace       used 35072K, capacity 35350K, committed 35496K, reserved 1081344K
  class space    used 4494K, capacity 4580K, committed 4608K, reserved 1048576K
}

