# JRE version: Java(TM) SE Runtime Environment (8.0_121-b13) (build 1.8.0_121-b13)
# Java VM: Java HotSpot(TM) 64-Bit Server VM (25.121-b13 mixed mode linux-amd64 compressed oops)
Heap:
 PSYoungGen      total 541696K, used 208853K [0x000000076ab00000, 0x000000078ef00000, 0x00000007c0000000)
  eden space 498176K, 41% used [0x000000076ab00000,0x00000007776f56b0,0x0000000789180000)
  from space 43520K, 0% used [0x0000000789180000,0x0000000789180000,0x000000078bc00000)
  to   space 43520K, 0% used [0x000000078c480000,0x000000078c480000,0x000000078ef00000)
 ParOldGen       total 699392K, used 22922K [0x00000006c0000000, 0x00000006eab00000, 0x000000076ab00000)
  object space 699392K, 3% used [0x00000006c0000000,0x00000006c1662b70,0x00000006eab00000)
 Metaspace       used 45070K, capacity 45436K, committed 45824K, reserved 1089536K
  class space    used 5899K, capacity 6029K, committed 6144K, reserved 1048576K
GC Heap History (10 events):
Event: 2.962 GC heap before
{Heap before GC invocations=1 (full 0):
 PSYoungGen      total 305664K, used 178437K [0x000000076ab00000, 0x0000000780000000, 0x00000007c0000000)
  eden space 262144K, 68% used [0x000000076ab00000,0x0000000775941538,0x000000077ab00000)
  from space 43520K, 0% used [0x000000077d580000,0x000000077d580000,0x0000000780000000)
  to   space 43520K, 0% used [0x000000077ab00000,0x000000077ab00000,0x000000077d580000)
 ParOldGen       total 699392K, used 0K [0x00000006c0000000, 0x00000006eab00000, 0x000000076ab00000)
  object space 699392K, 0% used [0x00000006c0000000,0x00000006c0000000,0x00000006eab00000)
 Metaspace       used 21091K, capacity 21210K, committed 21296K, reserved 1069056K
  class space    used 2598K, capacity 2642K, committed 2688K, reserved 1048576K
Event: 3.014 GC heap after
Heap after GC invocations=1 (full 0):
 PSYoungGen      total 305664K, used 21014K [0x000000076ab00000, 0x0000000790000000, 0x00000007c0000000)
  eden space 262144K, 0% used [0x000000076ab00000,0x000000076ab00000,0x000000077ab00000)
  from space 43520K, 48% used [0x000000077ab00000,0x000000077bf85a50,0x000000077d580000)
  to   space 43520K, 0% used [0x000000078d580000,0x000000078d580000,0x0000000790000000)
 ParOldGen       total 699392K, used 88K [0x00000006c0000000, 0x00000006eab00000, 0x000000076ab00000)
  object space 699392K, 0% used [0x00000006c0000000,0x00000006c0016010,0x00000006eab00000)
 Metaspace       used 21091K, capacity 21210K, committed 21296K, reserved 1069056K
  class space    used 2598K, capacity 2642K, committed 2688K, reserved 1048576K
}
Event: 3.014 GC heap before
{Heap before GC invocations=2 (full 1):
 PSYoungGen      total 305664K, used 21014K [0x000000076ab00000, 0x0000000790000000, 0x00000007c0000000)
  eden space 262144K, 0% used [0x000000076ab00000,0x000000076ab00000,0x000000077ab00000)
  from space 43520K, 48% used [0x000000077ab00000,0x000000077bf85a50,0x000000077d580000)
  to   space 43520K, 0% used [0x000000078d580000,0x000000078d580000,0x0000000790000000)
 ParOldGen       total 699392K, used 88K [0x00000006c0000000, 0x00000006eab00000, 0x000000076ab00000)
  object space 699392K, 0% used [0x00000006c0000000,0x00000006c0016010,0x00000006eab00000)
 Metaspace       used 21091K, capacity 21210K, committed 21296K, reserved 1069056K
  class space    used 2598K, capacity 2642K, committed 2688K, reserved 1048576K
Event: 3.098 GC heap after
Heap after GC invocations=2 (full 1):
 PSYoungGen      total 305664K, used 0K [0x000000076ab00000, 0x0000000790000000, 0x00000007c0000000)
  eden space 262144K, 0% used [0x000000076ab00000,0x000000076ab00000,0x000000077ab00000)
  from space 43520K, 0% used [0x000000077ab00000,0x000000077ab00000,0x000000077d580000)
  to   space 43520K, 0% used [0x000000078d580000,0x000000078d580000,0x0000000790000000)
 ParOldGen       total 699392K, used 20254K [0x00000006c0000000, 0x00000006eab00000, 0x000000076ab00000)
  object space 699392K, 2% used [0x00000006c0000000,0x00000006c13c7a78,0x00000006eab00000)
 Metaspace       used 21091K, capacity 21210K, committed 21296K, reserved 1069056K
  class space    used 2598K, capacity 2642K, committed 2688K, reserved 1048576K
}
Event: 5.453 GC heap before
{Heap before GC invocations=3 (full 1):
 PSYoungGen      total 305664K, used 262144K [0x000000076ab00000, 0x0000000790000000, 0x00000007c0000000)
  eden space 262144K, 100% used [0x000000076ab00000,0x000000077ab00000,0x000000077ab00000)
  from space 43520K, 0% used [0x000000077ab00000,0x000000077ab00000,0x000000077d580000)
  to   space 43520K, 0% used [0x000000078d580000,0x000000078d580000,0x0000000790000000)
 ParOldGen       total 699392K, used 20254K [0x00000006c0000000, 0x00000006eab00000, 0x000000076ab00000)
  object space 699392K, 2% used [0x00000006c0000000,0x00000006c13c7a78,0x00000006eab00000)
 Metaspace       used 30355K, capacity 30662K, committed 30848K, reserved 1077248K
  class space    used 3766K, capacity 3860K, committed 3968K, reserved 1048576K
Event: 5.486 GC heap after
Heap after GC invocations=3 (full 1):
 PSYoungGen      total 372736K, used 16922K [0x000000076ab00000, 0x000000078e680000, 0x00000007c0000000)
  eden space 355328K, 0% used [0x000000076ab00000,0x000000076ab00000,0x0000000780600000)
  from space 17408K, 97% used [0x000000078d580000,0x000000078e606b08,0x000000078e680000)
  to   space 43520K, 0% used [0x0000000789180000,0x0000000789180000,0x000000078bc00000)
 ParOldGen       total 699392K, used 20262K [0x00000006c0000000, 0x00000006eab00000, 0x000000076ab00000)
  object space 699392K, 2% used [0x00000006c0000000,0x00000006c13c9a78,0x00000006eab00000)
 Metaspace       used 30355K, capacity 30662K, committed 30848K, reserved 1077248K
  class space    used 3766K, capacity 3860K, committed 3968K, reserved 1048576K
}
Event: 6.493 GC heap before
{Heap before GC invocations=4 (full 1):
 PSYoungGen      total 372736K, used 133939K [0x000000076ab00000, 0x000000078e680000, 0x00000007c0000000)
  eden space 355328K, 32% used [0x000000076ab00000,0x0000000771d462c0,0x0000000780600000)
  from space 17408K, 97% used [0x000000078d580000,0x000000078e606b08,0x000000078e680000)
  to   space 43520K, 0% used [0x0000000789180000,0x0000000789180000,0x000000078bc00000)
 ParOldGen       total 699392K, used 20262K [0x00000006c0000000, 0x00000006eab00000, 0x000000076ab00000)
  object space 699392K, 2% used [0x00000006c0000000,0x00000006c13c9a78,0x00000006eab00000)
 Metaspace       used 35086K, capacity 35366K, committed 35496K, reserved 1081344K
  class space    used 4503K, capacity 4580K, committed 4608K, reserved 1048576K
Event: 6.525 GC heap after
Heap after GC invocations=4 (full 1):
 PSYoungGen      total 541696K, used 13683K [0x000000076ab00000, 0x000000078ef00000, 0x00000007c0000000)
  eden space 498176K, 0% used [0x000000076ab00000,0x000000076ab00000,0x0000000789180000)
  from space 43520K, 31% used [0x0000000789180000,0x0000000789edcd18,0x000000078bc00000)
  to   space 43520K, 0% used [0x000000078c480000,0x000000078c480000,0x000000078ef00000)
 ParOldGen       total 699392K, used 20270K [0x00000006c0000000, 0x00000006eab00000, 0x000000076ab00000)
  object space 699392K, 2% used [0x00000006c0000000,0x00000006c13cba78,0x00000006eab00000)
 Metaspace       used 35086K, capacity 35366K, committed 35496K, reserved 1081344K
  class space    used 4503K, capacity 4580K, committed 4608K, reserved 1048576K
}
Event: 6.525 GC heap before
{Heap before GC invocations=5 (full 2):
 PSYoungGen      total 541696K, used 13683K [0x000000076ab00000, 0x000000078ef00000, 0x00000007c0000000)
  eden space 498176K, 0% used [0x000000076ab00000,0x000000076ab00000,0x0000000789180000)
  from space 43520K, 31% used [0x0000000789180000,0x0000000789edcd18,0x000000078bc00000)
  to   space 43520K, 0% used [0x000000078c480000,0x000000078c480000,0x000000078ef00000)
 ParOldGen       total 699392K, used 20270K [0x00000006c0000000, 0x00000006eab00000, 0x000000076ab00000)
  object space 699392K, 2% used [0x00000006c0000000,0x00000006c13cba78,0x00000006eab00000)
 Metaspace       used 35086K, capacity 35366K, committed 35496K, reserved 1081344K
  class space    used 4503K, capacity 4580K, committed 4608K, reserved 1048576K
Event: 6.624 GC heap after
Heap after GC invocations=5 (full 2):
 PSYoungGen      total 541696K, used 0K [0x000000076ab00000, 0x000000078ef00000, 0x00000007c0000000)
  eden space 498176K, 0% used [0x000000076ab00000,0x000000076ab00000,0x0000000789180000)
  from space 43520K, 0% used [0x0000000789180000,0x0000000789180000,0x000000078bc00000)
  to   space 43520K, 0% used [0x000000078c480000,0x000000078c480000,0x000000078ef00000)
 ParOldGen       total 699392K, used 22922K [0x00000006c0000000, 0x00000006eab00000, 0x000000076ab00000)
  object space 699392K, 3% used [0x00000006c0000000,0x00000006c1662b70,0x00000006eab00000)
 Metaspace       used 35086K, capacity 35366K, committed 35496K, reserved 1081344K
  class space    used 4503K, capacity 4580K, committed 4608K, reserved 1048576K
}

