# JRE version: Java(TM) SE Runtime Environment (8.0_121-b13) (build 1.8.0_121-b13)
# Java VM: Java HotSpot(TM) 64-Bit Server VM (25.121-b13 mixed mode linux-amd64 compressed oops)
Heap:
 PSYoungGen      total 522752K, used 197212K [0x000000076ab00000, 0x000000078da80000, 0x00000007c0000000)
  eden space 485888K, 40% used [0x000000076ab00000,0x0000000776b970d8,0x0000000788580000)
  from space 36864K, 0% used [0x000000078b680000,0x000000078b680000,0x000000078da80000)
  to   space 43520K, 0% used [0x0000000788580000,0x0000000788580000,0x000000078b000000)
 ParOldGen       total 699392K, used 22820K [0x00000006c0000000, 0x00000006eab00000, 0x000000076ab00000)
  object space 699392K, 3% used [0x00000006c0000000,0x00000006c16493c8,0x00000006eab00000)
 Metaspace       used 45055K, capacity 45420K, committed 45820K, reserved 1089536K
  class space    used 5899K, capacity 6029K, committed 6144K, reserved 1048576K
GC Heap History (10 events):
Event: 4.256 GC heap before
{Heap before GC invocations=2 (full 0):
 PSYoungGen      total 305664K, used 33720K [0x000000076ab00000, 0x0000000780000000, 0x00000007c0000000)
  eden space 262144K, 4% used [0x000000076ab00000,0x000000076b794378,0x000000077ab00000)
  from space 43520K, 47% used [0x000000077ab00000,0x000000077bf5a020,0x000000077d580000)
  to   space 43520K, 0% used [0x000000077d580000,0x000000077d580000,0x0000000780000000)
 ParOldGen       total 699392K, used 88K [0x00000006c0000000, 0x00000006eab00000, 0x000000076ab00000)
  object space 699392K, 0% used [0x00000006c0000000,0x00000006c0016010,0x00000006eab00000)
 Metaspace       used 21371K, capacity 21546K, committed 21628K, reserved 1069056K
  class space    used 2627K, capacity 2674K, committed 2688K, reserved 1048576K
Event: 4.281 GC heap after
Heap after GC invocations=2 (full 0):
 PSYoungGen      total 305664K, used 10084K [0x000000076ab00000, 0x0000000790000000, 0x00000007c0000000)
  eden space 262144K, 0% used [0x000000076ab00000,0x000000076ab00000,0x000000077ab00000)
  from space 43520K, 23% used [0x000000077d580000,0x000000077df592a0,0x0000000780000000)
  to   space 43520K, 0% used [0x000000077ab00000,0x000000077ab00000,0x000000077d580000)
 ParOldGen       total 699392K, used 96K [0x00000006c0000000, 0x00000006eab00000, 0x000000076ab00000)
  object space 699392K, 0% used [0x00000006c0000000,0x00000006c0018010,0x00000006eab00000)
 Metaspace       used 21371K, capacity 21546K, committed 21628K, reserved 1069056K
  class space    used 2627K, capacity 2674K, committed 2688K, reserved 1048576K
}
Event: 4.281 GC heap before
{Heap before GC invocations=3 (full 1):
 PSYoungGen      total 305664K, used 10084K [0x000000076ab00000, 0x0000000790000000, 0x00000007c0000000)
  eden space 262144K, 0% used [0x000000076ab00000,0x000000076ab00000,0x000000077ab00000)
  from space 43520K, 23% used [0x000000077d580000,0x000000077df592a0,0x0000000780000000)
  to   space 43520K, 0% used [0x000000077ab00000,0x000000077ab00000,0x000000077d580000)
 ParOldGen       total 699392K, used 96K [0x00000006c0000000, 0x00000006eab00000, 0x000000076ab00000)
  object space 699392K, 0% used [0x00000006c0000000,0x00000006c0018010,0x00000006eab00000)
 Metaspace       used 21371K, capacity 21546K, committed 21628K, reserved 1069056K
  class space    used 2627K, capacity 2674K, committed 2688K, reserved 1048576K
Event: 4.331 GC heap after
Heap after GC invocations=3 (full 1):
 PSYoungGen      total 305664K, used 0K [0x000000076ab00000, 0x0000000790000000, 0x00000007c0000000)
  eden space 262144K, 0% used [0x000000076ab00000,0x000000076ab00000,0x000000077ab00000)
  from space 43520K, 0% used [0x000000077d580000,0x000000077d580000,0x0000000780000000)
  to   space 43520K, 0% used [0x000000077ab00000,0x000000077ab00000,0x000000077d580000)
 ParOldGen       total 699392K, used 9915K [0x00000006c0000000, 0x00000006eab00000, 0x000000076ab00000)
  object space 699392K, 1% used [0x00000006c0000000,0x00000006c09aedd0,0x00000006eab00000)
 Metaspace       used 21371K, capacity 21546K, committed 21628K, reserved 1069056K
  class space    used 2627K, capacity 2674K, committed 2688K, reserved 1048576K
}
Event: 6.744 GC heap before
{Heap before GC invocations=4 (full 1):
 PSYoungGen      total 305664K, used 262144K [0x000000076ab00000, 0x0000000790000000, 0x00000007c0000000)
  eden space 262144K, 100% used [0x000000076ab00000,0x000000077ab00000,0x000000077ab00000)
  from space 43520K, 0% used [0x000000077d580000,0x000000077d580000,0x0000000780000000)
  to   space 43520K, 0% used [0x000000077ab00000,0x000000077ab00000,0x000000077d580000)
 ParOldGen       total 699392K, used 9915K [0x00000006c0000000, 0x00000006eab00000, 0x000000076ab00000)
  object space 699392K, 1% used [0x00000006c0000000,0x00000006c09aedd0,0x00000006eab00000)
 Metaspace       used 30344K, capacity 30646K, committed 30844K, reserved 1077248K
  class space    used 3766K, capacity 3860K, committed 3968K, reserved 1048576K
Event: 6.762 GC heap after
Heap after GC invocations=4 (full 1):
 PSYoungGen      total 305664K, used 16915K [0x000000076ab00000, 0x000000078e100000, 0x00000007c0000000)
  eden space 262144K, 0% used [0x000000076ab00000,0x000000076ab00000,0x000000077ab00000)
  from space 43520K, 38% used [0x000000077ab00000,0x000000077bb84e68,0x000000077d580000)
  to   space 43520K, 0% used [0x000000078b680000,0x000000078b680000,0x000000078e100000)
 ParOldGen       total 699392K, used 9923K [0x00000006c0000000, 0x00000006eab00000, 0x000000076ab00000)
  object space 699392K, 1% used [0x00000006c0000000,0x00000006c09b0dd0,0x00000006eab00000)
 Metaspace       used 30344K, capacity 30646K, committed 30844K, reserved 1077248K
  class space    used 3766K, capacity 3860K, committed 3968K, reserved 1048576K
}
Event: 7.861 GC heap before
{Heap before GC invocations=5 (full 1):
 PSYoungGen      total 305664K, used 119085K [0x000000076ab00000, 0x000000078e100000, 0x00000007c0000000)
  eden space 262144K, 38% used [0x000000076ab00000,0x0000000770ec6948,0x000000077ab00000)
  from space 43520K, 38% used [0x000000077ab00000,0x000000077bb84e68,0x000000077d580000)
  to   space 43520K, 0% used [0x000000078b680000,0x000000078b680000,0x000000078e100000)
 ParOldGen       total 699392K, used 9923K [0x00000006c0000000, 0x00000006eab00000, 0x000000076ab00000)
  object space 699392K, 1% used [0x00000006c0000000,0x00000006c09b0dd0,0x00000006eab00000)
 Metaspace       used 35597K, capacity 35862K, committed 36048K, reserved 1081344K
  class space    used 4570K, capacity 4644K, committed 4736K, reserved 1048576K
Event: 7.884 GC heap after
Heap after GC invocations=5 (full 1):
 PSYoungGen      total 522752K, used 13943K [0x000000076ab00000, 0x000000078da80000, 0x00000007c0000000)
  eden space 485888K, 0% used [0x000000076ab00000,0x000000076ab00000,0x0000000788580000)
  from space 36864K, 37% used [0x000000078b680000,0x000000078c41ddd8,0x000000078da80000)
  to   space 43520K, 0% used [0x0000000788580000,0x0000000788580000,0x000000078b000000)
 ParOldGen       total 699392K, used 9931K [0x00000006c0000000, 0x00000006eab00000, 0x000000076ab00000)
  object space 699392K, 1% used [0x00000006c0000000,0x00000006c09b2dd0,0x00000006eab00000)
 Metaspace       used 35597K, capacity 35862K, committed 36048K, reserved 1081344K
  class space    used 4570K, capacity 4644K, committed 4736K, reserved 1048576K
}
Event: 7.884 GC heap before
{Heap before GC invocations=6 (full 2):
 PSYoungGen      total 522752K, used 13943K [0x000000076ab00000, 0x000000078da80000, 0x00000007c0000000)
  eden space 485888K, 0% used [0x000000076ab00000,0x000000076ab00000,0x0000000788580000)
  from space 36864K, 37% used [0x000000078b680000,0x000000078c41ddd8,0x000000078da80000)
  to   space 43520K, 0% used [0x0000000788580000,0x0000000788580000,0x000000078b000000)
 ParOldGen       total 699392K, used 9931K [0x00000006c0000000, 0x00000006eab00000, 0x000000076ab00000)
  object space 699392K, 1% used [0x00000006c0000000,0x00000006c09b2dd0,0x00000006eab00000)
 Metaspace       used 35597K, capacity 35862K, committed 36048K, reserved 1081344K
  class space    used 4570K, capacity 4644K, committed 4736K, reserved 1048576K
Event: 8.005 GC heap after
Heap after GC invocations=6 (full 2):
 PSYoungGen      total 522752K, used 0K [0x000000076ab00000, 0x000000078da80000, 0x00000007c0000000)
  eden space 485888K, 0% used [0x000000076ab00000,0x000000076ab00000,0x0000000788580000)
  from space 36864K, 0% used [0x000000078b680000,0x000000078b680000,0x000000078da80000)
  to   space 43520K, 0% used [0x0000000788580000,0x0000000788580000,0x000000078b000000)
 ParOldGen       total 699392K, used 22820K [0x00000006c0000000, 0x00000006eab00000, 0x000000076ab00000)
  object space 699392K, 3% used [0x00000006c0000000,0x00000006c16493c8,0x00000006eab00000)
 Metaspace       used 35597K, capacity 35862K, committed 36048K, reserved 1081344K
  class space    used 4570K, capacity 4644K, committed 4736K, reserved 1048576K
}

