# JRE version: Java(TM) SE Runtime Environment (8.0_121-b13) (build 1.8.0_121-b13)
# Java VM: Java HotSpot(TM) 64-Bit Server VM (25.121-b13 mixed mode linux-amd64 compressed oops)
Heap:
 PSYoungGen      total 541696K, used 207569K [0x000000076ab00000, 0x0000000797b00000, 0x00000007c0000000)
  eden space 498176K, 41% used [0x000000076ab00000,0x00000007775b4778,0x0000000789180000)
  from space 43520K, 0% used [0x0000000789180000,0x0000000789180000,0x000000078bc00000)
  to   space 43520K, 0% used [0x0000000795080000,0x0000000795080000,0x0000000797b00000)
 ParOldGen       total 699392K, used 23033K [0x00000006c0000000, 0x00000006eab00000, 0x000000076ab00000)
  object space 699392K, 3% used [0x00000006c0000000,0x00000006c167e4f8,0x00000006eab00000)
 Metaspace       used 45102K, capacity 45488K, committed 45824K, reserved 1089536K
  class space    used 5898K, capacity 6029K, committed 6144K, reserved 1048576K
GC Heap History (10 events):
Event: 4.432 GC heap before
{Heap before GC invocations=1 (full 0):
 PSYoungGen      total 305664K, used 173119K [0x000000076ab00000, 0x0000000780000000, 0x00000007c0000000)
  eden space 262144K, 66% used [0x000000076ab00000,0x000000077540fee0,0x000000077ab00000)
  from space 43520K, 0% used [0x000000077d580000,0x000000077d580000,0x0000000780000000)
  to   space 43520K, 0% used [0x000000077ab00000,0x000000077ab00000,0x000000077d580000)
 ParOldGen       total 699392K, used 0K [0x00000006c0000000, 0x00000006eab00000, 0x000000076ab00000)
  object space 699392K, 0% used [0x00000006c0000000,0x00000006c0000000,0x00000006eab00000)
 Metaspace       used 21036K, capacity 21194K, committed 21296K, reserved 1069056K
  class space    used 2587K, capacity 2642K, committed 2688K, reserved 1048576K
Event: 4.556 GC heap after
Heap after GC invocations=1 (full 0):
 PSYoungGen      total 305664K, used 20923K [0x000000076ab00000, 0x0000000790000000, 0x00000007c0000000)
  eden space 262144K, 0% used [0x000000076ab00000,0x000000076ab00000,0x000000077ab00000)
  from space 43520K, 48% used [0x000000077ab00000,0x000000077bf6ee48,0x000000077d580000)
  to   space 43520K, 0% used [0x000000078d580000,0x000000078d580000,0x0000000790000000)
 ParOldGen       total 699392K, used 80K [0x00000006c0000000, 0x00000006eab00000, 0x000000076ab00000)
  object space 699392K, 0% used [0x00000006c0000000,0x00000006c0014010,0x00000006eab00000)
 Metaspace       used 21036K, capacity 21194K, committed 21296K, reserved 1069056K
  class space    used 2587K, capacity 2642K, committed 2688K, reserved 1048576K
}
Event: 4.556 GC heap before
{Heap before GC invocations=2 (full 1):
 PSYoungGen      total 305664K, used 20923K [0x000000076ab00000, 0x0000000790000000, 0x00000007c0000000)
  eden space 262144K, 0% used [0x000000076ab00000,0x000000076ab00000,0x000000077ab00000)
  from space 43520K, 48% used [0x000000077ab00000,0x000000077bf6ee48,0x000000077d580000)
  to   space 43520K, 0% used [0x000000078d580000,0x000000078d580000,0x0000000790000000)
 ParOldGen       total 699392K, used 80K [0x00000006c0000000, 0x00000006eab00000, 0x000000076ab00000)
  object space 699392K, 0% used [0x00000006c0000000,0x00000006c0014010,0x00000006eab00000)
 Metaspace       used 21036K, capacity 21194K, committed 21296K, reserved 1069056K
  class space    used 2587K, capacity 2642K, committed 2688K, reserved 1048576K
Event: 4.614 GC heap after
Heap after GC invocations=2 (full 1):
 PSYoungGen      total 305664K, used 0K [0x000000076ab00000, 0x0000000790000000, 0x00000007c0000000)
  eden space 262144K, 0% used [0x000000076ab00000,0x000000076ab00000,0x000000077ab00000)
  from space 43520K, 0% used [0x000000077ab00000,0x000000077ab00000,0x000000077d580000)
  to   space 43520K, 0% used [0x000000078d580000,0x000000078d580000,0x0000000790000000)
 ParOldGen       total 699392K, used 20118K [0x00000006c0000000, 0x00000006eab00000, 0x000000076ab00000)
  object space 699392K, 2% used [0x00000006c0000000,0x00000006c13a5a18,0x00000006eab00000)
 Metaspace       used 21036K, capacity 21194K, committed 21296K, reserved 1069056K
  class space    used 2587K, capacity 2642K, committed 2688K, reserved 1048576K
}
Event: 7.657 GC heap before
{Heap before GC invocations=3 (full 1):
 PSYoungGen      total 305664K, used 262115K [0x000000076ab00000, 0x0000000790000000, 0x00000007c0000000)
  eden space 262144K, 99% used [0x000000076ab00000,0x000000077aaf8d28,0x000000077ab00000)
  from space 43520K, 0% used [0x000000077ab00000,0x000000077ab00000,0x000000077d580000)
  to   space 43520K, 0% used [0x000000078d580000,0x000000078d580000,0x0000000790000000)
 ParOldGen       total 699392K, used 20118K [0x00000006c0000000, 0x00000006eab00000, 0x000000076ab00000)
  object space 699392K, 2% used [0x00000006c0000000,0x00000006c13a5a18,0x00000006eab00000)
 Metaspace       used 30301K, capacity 30554K, committed 30720K, reserved 1077248K
  class space    used 3754K, capacity 3828K, committed 3840K, reserved 1048576K
Event: 7.681 GC heap after
Heap after GC invocations=3 (full 1):
 PSYoungGen      total 431616K, used 16904K [0x000000076ab00000, 0x000000078e680000, 0x00000007c0000000)
  eden space 414208K, 0% used [0x000000076ab00000,0x000000076ab00000,0x0000000783f80000)
  from space 17408K, 97% used [0x000000078d580000,0x000000078e602040,0x000000078e680000)
  to   space 43520K, 0% used [0x0000000789180000,0x0000000789180000,0x000000078bc00000)
 ParOldGen       total 699392K, used 20126K [0x00000006c0000000, 0x00000006eab00000, 0x000000076ab00000)
  object space 699392K, 2% used [0x00000006c0000000,0x00000006c13a7a18,0x00000006eab00000)
 Metaspace       used 30301K, capacity 30554K, committed 30720K, reserved 1077248K
  class space    used 3754K, capacity 3828K, committed 3840K, reserved 1048576K
}
Event: 9.217 GC heap before
{Heap before GC invocations=4 (full 1):
 PSYoungGen      total 431616K, used 140670K [0x000000076ab00000, 0x000000078e680000, 0x00000007c0000000)
  eden space 414208K, 29% used [0x000000076ab00000,0x00000007723dda50,0x0000000783f80000)
  from space 17408K, 97% used [0x000000078d580000,0x000000078e602040,0x000000078e680000)
  to   space 43520K, 0% used [0x0000000789180000,0x0000000789180000,0x000000078bc00000)
 ParOldGen       total 699392K, used 20126K [0x00000006c0000000, 0x00000006eab00000, 0x000000076ab00000)
  object space 699392K, 2% used [0x00000006c0000000,0x00000006c13a7a18,0x00000006eab00000)
 Metaspace       used 35043K, capacity 35354K, committed 35496K, reserved 1081344K
  class space    used 4494K, capacity 4580K, committed 4608K, reserved 1048576K
Event: 9.241 GC heap after
Heap after GC invocations=4 (full 1):
 PSYoungGen      total 541696K, used 13819K [0x000000076ab00000, 0x0000000797b00000, 0x00000007c0000000)
  eden space 498176K, 0% used [0x000000076ab00000,0x000000076ab00000,0x0000000789180000)
  from space 43520K, 31% used [0x0000000789180000,0x0000000789efee50,0x000000078bc00000)
  to   space 43520K, 0% used [0x0000000795080000,0x0000000795080000,0x0000000797b00000)
 ParOldGen       total 699392K, used 20134K [0x00000006c0000000, 0x00000006eab00000, 0x000000076ab00000)
  object space 699392K, 2% used [0x00000006c0000000,0x00000006c13a9a18,0x00000006eab00000)
 Metaspace       used 35043K, capacity 35354K, committed 35496K, reserved 1081344K
  class space    used 4494K, capacity 4580K, committed 4608K, reserved 1048576K
}
Event: 9.241 GC heap before
{Heap before GC invocations=5 (full 2):
 PSYoungGen      total 541696K, used 13819K [0x000000076ab00000, 0x0000000797b00000, 0x00000007c0000000)
  eden space 498176K, 0% used [0x000000076ab00000,0x000000076ab00000,0x0000000789180000)
  from space 43520K, 31% used [0x0000000789180000,0x0000000789efee50,0x000000078bc00000)
  to   space 43520K, 0% used [0x0000000795080000,0x0000000795080000,0x0000000797b00000)
 ParOldGen       total 699392K, used 20134K [0x00000006c0000000, 0x00000006eab00000, 0x000000076ab00000)
  object space 699392K, 2% used [0x00000006c0000000,0x00000006c13a9a18,0x00000006eab00000)
 Metaspace       used 35043K, capacity 35354K, committed 35496K, reserved 1081344K
  class space    used 4494K, capacity 4580K, committed 4608K, reserved 1048576K
Event: 9.342 GC heap after
Heap after GC invocations=5 (full 2):
 PSYoungGen      total 541696K, used 0K [0x000000076ab00000, 0x0000000797b00000, 0x00000007c0000000)
  eden space 498176K, 0% used [0x000000076ab00000,0x000000076ab00000,0x0000000789180000)
  from space 43520K, 0% used [0x0000000789180000,0x0000000789180000,0x000000078bc00000)
  to   space 43520K, 0% used [0x0000000795080000,0x0000000795080000,0x0000000797b00000)
 ParOldGen       total 699392K, used 23033K [0x00000006c0000000, 0x00000006eab00000, 0x000000076ab00000)
  object space 699392K, 3% used [0x00000006c0000000,0x00000006c167e4f8,0x00000006eab00000)
 Metaspace       used 35043K, capacity 35354K, committed 35496K, reserved 1081344K
  class space    used 4494K, capacity 4580K, committed 4608K, reserved 1048576K
}

