# JRE version: Java(TM) SE Runtime Environment (8.0_121-b13) (build 1.8.0_121-b13)
# Java VM: Java HotSpot(TM) 64-Bit Server VM (25.121-b13 mixed mode linux-amd64 compressed oops)
Heap:
 PSYoungGen      total 305664K, used 188703K [0x000000076ab00000, 0x0000000784700000, 0x00000007c0000000)
  eden space 262144K, 71% used [0x000000076ab00000,0x0000000776347d68,0x000000077ab00000)
  from space 43520K, 0% used [0x000000077ab00000,0x000000077ab00000,0x000000077d580000)
  to   space 43520K, 0% used [0x0000000781c80000,0x0000000781c80000,0x0000000784700000)
 ParOldGen       total 772608K, used 22757K [0x00000006c0000000, 0x00000006ef280000, 0x000000076ab00000)
  object space 772608K, 2% used [0x00000006c0000000,0x00000006c1639718,0x00000006ef280000)
 Metaspace       used 45107K, capacity 45492K, committed 45824K, reserved 1089536K
  class space    used 5900K, capacity 6029K, committed 6144K, reserved 1048576K
GC Heap History (10 events):
Event: 5.056 GC heap before
{Heap before GC invocations=1 (full 0):
 PSYoungGen      total 305664K, used 199376K [0x000000076ab00000, 0x0000000780000000, 0x00000007c0000000)
  eden space 262144K, 76% used [0x000000076ab00000,0x0000000776db40b0,0x000000077ab00000)
  from space 43520K, 0% used [0x000000077d580000,0x000000077d580000,0x0000000780000000)
  to   space 43520K, 0% used [0x000000077ab00000,0x000000077ab00000,0x000000077d580000)
 ParOldGen       total 699392K, used 0K [0x00000006c0000000, 0x00000006eab00000, 0x000000076ab00000)
  object space 699392K, 0% used [0x00000006c0000000,0x00000006c0000000,0x00000006eab00000)
 Metaspace       used 21003K, capacity 21166K, committed 21296K, reserved 1069056K
  class space    used 2567K, capacity 2609K, committed 2688K, reserved 1048576K
Event: 5.105 GC heap after
Heap after GC invocations=1 (full 0):
 PSYoungGen      total 305664K, used 21398K [0x000000076ab00000, 0x0000000780000000, 0x00000007c0000000)
  eden space 262144K, 0% used [0x000000076ab00000,0x000000076ab00000,0x000000077ab00000)
  from space 43520K, 49% used [0x000000077ab00000,0x000000077bfe5a08,0x000000077d580000)
  to   space 43520K, 0% used [0x000000077d580000,0x000000077d580000,0x0000000780000000)
 ParOldGen       total 699392K, used 88K [0x00000006c0000000, 0x00000006eab00000, 0x000000076ab00000)
  object space 699392K, 0% used [0x00000006c0000000,0x00000006c0016010,0x00000006eab00000)
 Metaspace       used 21003K, capacity 21166K, committed 21296K, reserved 1069056K
  class space    used 2567K, capacity 2609K, committed 2688K, reserved 1048576K
}
Event: 5.105 GC heap before
{Heap before GC invocations=2 (full 1):
 PSYoungGen      total 305664K, used 21398K [0x000000076ab00000, 0x0000000780000000, 0x00000007c0000000)
  eden space 262144K, 0% used [0x000000076ab00000,0x000000076ab00000,0x000000077ab00000)
  from space 43520K, 49% used [0x000000077ab00000,0x000000077bfe5a08,0x000000077d580000)
  to   space 43520K, 0% used [0x000000077d580000,0x000000077d580000,0x0000000780000000)
 ParOldGen       total 699392K, used 88K [0x00000006c0000000, 0x00000006eab00000, 0x000000076ab00000)
  object space 699392K, 0% used [0x00000006c0000000,0x00000006c0016010,0x00000006eab00000)
 Metaspace       used 21003K, capacity 21166K, committed 21296K, reserved 1069056K
  class space    used 2567K, capacity 2609K, committed 2688K, reserved 1048576K
Event: 5.203 GC heap after
Heap after GC invocations=2 (full 1):
 PSYoungGen      total 305664K, used 0K [0x000000076ab00000, 0x0000000780000000, 0x00000007c0000000)
  eden space 262144K, 0% used [0x000000076ab00000,0x000000076ab00000,0x000000077ab00000)
  from space 43520K, 0% used [0x000000077ab00000,0x000000077ab00000,0x000000077d580000)
  to   space 43520K, 0% used [0x000000077d580000,0x000000077d580000,0x0000000780000000)
 ParOldGen       total 699392K, used 20500K [0x00000006c0000000, 0x00000006eab00000, 0x000000076ab00000)
  object space 699392K, 2% used [0x00000006c0000000,0x00000006c1405028,0x00000006eab00000)
 Metaspace       used 21003K, capacity 21166K, committed 21296K, reserved 1069056K
  class space    used 2567K, capacity 2609K, committed 2688K, reserved 1048576K
}
Event: 10.068 GC heap before
{Heap before GC invocations=3 (full 1):
 PSYoungGen      total 305664K, used 262144K [0x000000076ab00000, 0x0000000780000000, 0x00000007c0000000)
  eden space 262144K, 100% used [0x000000076ab00000,0x000000077ab00000,0x000000077ab00000)
  from space 43520K, 0% used [0x000000077ab00000,0x000000077ab00000,0x000000077d580000)
  to   space 43520K, 0% used [0x000000077d580000,0x000000077d580000,0x0000000780000000)
 ParOldGen       total 699392K, used 20500K [0x00000006c0000000, 0x00000006eab00000, 0x000000076ab00000)
  object space 699392K, 2% used [0x00000006c0000000,0x00000006c1405028,0x00000006eab00000)
 Metaspace       used 30405K, capacity 30718K, committed 31104K, reserved 1077248K
  class space    used 3768K, capacity 3860K, committed 3968K, reserved 1048576K
Event: 10.097 GC heap after
Heap after GC invocations=3 (full 1):
 PSYoungGen      total 305664K, used 17056K [0x000000076ab00000, 0x0000000784480000, 0x00000007c0000000)
  eden space 262144K, 0% used [0x000000076ab00000,0x000000076ab00000,0x000000077ab00000)
  from space 43520K, 39% used [0x000000077d580000,0x000000077e6280e8,0x0000000780000000)
  to   space 43520K, 0% used [0x000000077ab00000,0x000000077ab00000,0x000000077d580000)
 ParOldGen       total 699392K, used 20508K [0x00000006c0000000, 0x00000006eab00000, 0x000000076ab00000)
  object space 699392K, 2% used [0x00000006c0000000,0x00000006c1407028,0x00000006eab00000)
 Metaspace       used 30405K, capacity 30718K, committed 31104K, reserved 1077248K
  class space    used 3768K, capacity 3860K, committed 3968K, reserved 1048576K
}
Event: 12.683 GC heap before
{Heap before GC invocations=4 (full 1):
 PSYoungGen      total 305664K, used 115422K [0x000000076ab00000, 0x0000000784480000, 0x00000007c0000000)
  eden space 262144K, 37% used [0x000000076ab00000,0x0000000770b0fa78,0x000000077ab00000)
  from space 43520K, 39% used [0x000000077d580000,0x000000077e6280e8,0x0000000780000000)
  to   space 43520K, 0% used [0x000000077ab00000,0x000000077ab00000,0x000000077d580000)
 ParOldGen       total 699392K, used 20508K [0x00000006c0000000, 0x00000006eab00000, 0x000000076ab00000)
  object space 699392K, 2% used [0x00000006c0000000,0x00000006c1407028,0x00000006eab00000)
 Metaspace       used 35048K, capacity 35358K, committed 35496K, reserved 1081344K
  class space    used 4498K, capacity 4580K, committed 4608K, reserved 1048576K
Event: 12.704 GC heap after
Heap after GC invocations=4 (full 1):
 PSYoungGen      total 305664K, used 13422K [0x000000076ab00000, 0x0000000784700000, 0x00000007c0000000)
  eden space 262144K, 0% used [0x000000076ab00000,0x000000076ab00000,0x000000077ab00000)
  from space 43520K, 30% used [0x000000077ab00000,0x000000077b81ba08,0x000000077d580000)
  to   space 43520K, 0% used [0x0000000781c80000,0x0000000781c80000,0x0000000784700000)
 ParOldGen       total 699392K, used 20516K [0x00000006c0000000, 0x00000006eab00000, 0x000000076ab00000)
  object space 699392K, 2% used [0x00000006c0000000,0x00000006c1409028,0x00000006eab00000)
 Metaspace       used 35048K, capacity 35358K, committed 35496K, reserved 1081344K
  class space    used 4498K, capacity 4580K, committed 4608K, reserved 1048576K
}
Event: 12.704 GC heap before
{Heap before GC invocations=5 (full 2):
 PSYoungGen      total 305664K, used 13422K [0x000000076ab00000, 0x0000000784700000, 0x00000007c0000000)
  eden space 262144K, 0% used [0x000000076ab00000,0x000000076ab00000,0x000000077ab00000)
  from space 43520K, 30% used [0x000000077ab00000,0x000000077b81ba08,0x000000077d580000)
  to   space 43520K, 0% used [0x0000000781c80000,0x0000000781c80000,0x0000000784700000)
 ParOldGen       total 699392K, used 20516K [0x00000006c0000000, 0x00000006eab00000, 0x000000076ab00000)
  object space 699392K, 2% used [0x00000006c0000000,0x00000006c1409028,0x00000006eab00000)
 Metaspace       used 35048K, capacity 35358K, committed 35496K, reserved 1081344K
  class space    used 4498K, capacity 4580K, committed 4608K, reserved 1048576K
Event: 12.793 GC heap after
Heap after GC invocations=5 (full 2):
 PSYoungGen      total 305664K, used 0K [0x000000076ab00000, 0x0000000784700000, 0x00000007c0000000)
  eden space 262144K, 0% used [0x000000076ab00000,0x000000076ab00000,0x000000077ab00000)
  from space 43520K, 0% used [0x000000077ab00000,0x000000077ab00000,0x000000077d580000)
  to   space 43520K, 0% used [0x0000000781c80000,0x0000000781c80000,0x0000000784700000)
 ParOldGen       total 772608K, used 22757K [0x00000006c0000000, 0x00000006ef280000, 0x000000076ab00000)
  object space 772608K, 2% used [0x00000006c0000000,0x00000006c1639718,0x00000006ef280000)
 Metaspace       used 35048K, capacity 35358K, committed 35496K, reserved 1081344K
  class space    used 4498K, capacity 4580K, committed 4608K, reserved 1048576K
}

