<?xml version="1.0" encoding="UTF-8"?>
<!-- Generated by org.testng.reporters.JUnitXMLReporter -->
<testsuite hostname="shoryukane-pc" name="Default test" tests="8" failures="0" timestamp="31 Jan 2017 07:50:05 GMT" time="13.231" errors="0">
  <testcase name="insertAuthorTest" time="0.212" classname="com.example.crudtest.CRUDSqliteTest"/>
  <testcase name="findOneAuthor" time="0.073" classname="com.example.crudtest.CRUDSqliteTest"/>
  <testcase name="insertBookTest" time="0.127" classname="com.example.crudtest.CRUDSqliteTest"/>
  <testcase name="findOneBook" time="0.01" classname="com.example.crudtest.CRUDSqliteTest"/>
  <testcase name="updateAuthorTest" time="0.114" classname="com.example.crudtest.CRUDSqliteTest"/>
  <testcase name="updateBookTest" time="0.106" classname="com.example.crudtest.CRUDSqliteTest"/>
  <testcase name="deleteBookTest" time="0.088" classname="com.example.crudtest.CRUDSqliteTest"/>
  <testcase name="deleteAuthorTest" time="0.084" classname="com.example.crudtest.CRUDSqliteTest"/>
</testsuite> <!-- Default test -->
