<?xml version="1.0" encoding="UTF-8"?>
<testng-results skipped="0" failed="0" total="8" passed="8">
  <reporter-output>
  </reporter-output>
  <suite name="Default suite" duration-ms="13231" started-at="2017-01-31T13:34:52Z" finished-at="2017-01-31T13:35:05Z">
    <groups>
    </groups>
    <test name="Default test" duration-ms="13231" started-at="2017-01-31T13:34:52Z" finished-at="2017-01-31T13:35:05Z">
      <class name="com.example.crudtest.CRUDSqliteTest">
        <test-method status="PASS" signature="springTestContextBeforeTestClass()[pri:0, instance:com.example.crudtest.CRUDSqliteTest@769e7ee8]" name="springTestContextBeforeTestClass" is-config="true" duration-ms="13" started-at="2017-01-31T13:34:52Z" finished-at="2017-01-31T13:34:52Z">
        </test-method> <!-- springTestContextBeforeTestClass -->
        <test-method status="PASS" signature="springTestContextPrepareTestInstance()[pri:0, instance:com.example.crudtest.CRUDSqliteTest@769e7ee8]" name="springTestContextPrepareTestInstance" is-config="true" duration-ms="12255" started-at="2017-01-31T13:34:52Z" depends-on-methods="org.springframework.test.context.testng.AbstractTestNGSpringContextTests.springTestContextBeforeTestClass" finished-at="2017-01-31T13:35:04Z">
        </test-method> <!-- springTestContextPrepareTestInstance -->
        <test-method status="PASS" signature="springTestContextBeforeTestMethod(java.lang.reflect.Method)[pri:0, instance:com.example.crudtest.CRUDSqliteTest@769e7ee8]" name="springTestContextBeforeTestMethod" is-config="true" duration-ms="1" started-at="2017-01-31T13:35:04Z" finished-at="2017-01-31T13:35:04Z">
          <params>
            <param index="0">
              <value>
                <![CDATA[public void com.example.crudtest.CRUDSqliteTest.insertAuthorTest()]]>
              </value>
            </param>
          </params>
        </test-method> <!-- springTestContextBeforeTestMethod -->
        <test-method status="PASS" signature="insertAuthorTest()[pri:0, instance:com.example.crudtest.CRUDSqliteTest@769e7ee8]" name="insertAuthorTest" duration-ms="212" started-at="2017-01-31T13:35:04Z" finished-at="2017-01-31T13:35:04Z">
        </test-method> <!-- insertAuthorTest -->
        <test-method status="PASS" signature="springTestContextAfterTestMethod(java.lang.reflect.Method)[pri:0, instance:com.example.crudtest.CRUDSqliteTest@769e7ee8]" name="springTestContextAfterTestMethod" is-config="true" duration-ms="1" started-at="2017-01-31T13:35:04Z" finished-at="2017-01-31T13:35:04Z">
          <params>
            <param index="0">
              <value>
                <![CDATA[public void com.example.crudtest.CRUDSqliteTest.insertAuthorTest()]]>
              </value>
            </param>
          </params>
        </test-method> <!-- springTestContextAfterTestMethod -->
        <test-method status="PASS" signature="springTestContextBeforeTestMethod(java.lang.reflect.Method)[pri:0, instance:com.example.crudtest.CRUDSqliteTest@769e7ee8]" name="springTestContextBeforeTestMethod" is-config="true" duration-ms="1" started-at="2017-01-31T13:35:04Z" finished-at="2017-01-31T13:35:04Z">
          <params>
            <param index="0">
              <value>
                <![CDATA[public void com.example.crudtest.CRUDSqliteTest.findOneAuthor()]]>
              </value>
            </param>
          </params>
        </test-method> <!-- springTestContextBeforeTestMethod -->
        <test-method status="PASS" signature="findOneAuthor()[pri:0, instance:com.example.crudtest.CRUDSqliteTest@769e7ee8]" name="findOneAuthor" duration-ms="73" started-at="2017-01-31T13:35:04Z" depends-on-methods="com.example.crudtest.CRUDSqliteTest.insertAuthorTest" finished-at="2017-01-31T13:35:04Z">
        </test-method> <!-- findOneAuthor -->
        <test-method status="PASS" signature="springTestContextAfterTestMethod(java.lang.reflect.Method)[pri:0, instance:com.example.crudtest.CRUDSqliteTest@769e7ee8]" name="springTestContextAfterTestMethod" is-config="true" duration-ms="0" started-at="2017-01-31T13:35:04Z" finished-at="2017-01-31T13:35:04Z">
          <params>
            <param index="0">
              <value>
                <![CDATA[public void com.example.crudtest.CRUDSqliteTest.findOneAuthor()]]>
              </value>
            </param>
          </params>
        </test-method> <!-- springTestContextAfterTestMethod -->
        <test-method status="PASS" signature="springTestContextBeforeTestMethod(java.lang.reflect.Method)[pri:0, instance:com.example.crudtest.CRUDSqliteTest@769e7ee8]" name="springTestContextBeforeTestMethod" is-config="true" duration-ms="1" started-at="2017-01-31T13:35:04Z" finished-at="2017-01-31T13:35:04Z">
          <params>
            <param index="0">
              <value>
                <![CDATA[public void com.example.crudtest.CRUDSqliteTest.insertBookTest()]]>
              </value>
            </param>
          </params>
        </test-method> <!-- springTestContextBeforeTestMethod -->
        <test-method status="PASS" signature="insertBookTest()[pri:0, instance:com.example.crudtest.CRUDSqliteTest@769e7ee8]" name="insertBookTest" duration-ms="127" started-at="2017-01-31T13:35:04Z" depends-on-methods="com.example.crudtest.CRUDSqliteTest.insertAuthorTest" finished-at="2017-01-31T13:35:04Z">
        </test-method> <!-- insertBookTest -->
        <test-method status="PASS" signature="springTestContextAfterTestMethod(java.lang.reflect.Method)[pri:0, instance:com.example.crudtest.CRUDSqliteTest@769e7ee8]" name="springTestContextAfterTestMethod" is-config="true" duration-ms="1" started-at="2017-01-31T13:35:04Z" finished-at="2017-01-31T13:35:04Z">
          <params>
            <param index="0">
              <value>
                <![CDATA[public void com.example.crudtest.CRUDSqliteTest.insertBookTest()]]>
              </value>
            </param>
          </params>
        </test-method> <!-- springTestContextAfterTestMethod -->
        <test-method status="PASS" signature="springTestContextBeforeTestMethod(java.lang.reflect.Method)[pri:0, instance:com.example.crudtest.CRUDSqliteTest@769e7ee8]" name="springTestContextBeforeTestMethod" is-config="true" duration-ms="1" started-at="2017-01-31T13:35:04Z" finished-at="2017-01-31T13:35:04Z">
          <params>
            <param index="0">
              <value>
                <![CDATA[public void com.example.crudtest.CRUDSqliteTest.findOneBook()]]>
              </value>
            </param>
          </params>
        </test-method> <!-- springTestContextBeforeTestMethod -->
        <test-method status="PASS" signature="findOneBook()[pri:0, instance:com.example.crudtest.CRUDSqliteTest@769e7ee8]" name="findOneBook" duration-ms="10" started-at="2017-01-31T13:35:04Z" depends-on-methods="com.example.crudtest.CRUDSqliteTest.insertBookTest" finished-at="2017-01-31T13:35:04Z">
        </test-method> <!-- findOneBook -->
        <test-method status="PASS" signature="springTestContextAfterTestMethod(java.lang.reflect.Method)[pri:0, instance:com.example.crudtest.CRUDSqliteTest@769e7ee8]" name="springTestContextAfterTestMethod" is-config="true" duration-ms="1" started-at="2017-01-31T13:35:04Z" finished-at="2017-01-31T13:35:04Z">
          <params>
            <param index="0">
              <value>
                <![CDATA[public void com.example.crudtest.CRUDSqliteTest.findOneBook()]]>
              </value>
            </param>
          </params>
        </test-method> <!-- springTestContextAfterTestMethod -->
        <test-method status="PASS" signature="springTestContextBeforeTestMethod(java.lang.reflect.Method)[pri:0, instance:com.example.crudtest.CRUDSqliteTest@769e7ee8]" name="springTestContextBeforeTestMethod" is-config="true" duration-ms="1" started-at="2017-01-31T13:35:04Z" finished-at="2017-01-31T13:35:04Z">
          <params>
            <param index="0">
              <value>
                <![CDATA[public void com.example.crudtest.CRUDSqliteTest.updateAuthorTest()]]>
              </value>
            </param>
          </params>
        </test-method> <!-- springTestContextBeforeTestMethod -->
        <test-method status="PASS" signature="updateAuthorTest()[pri:0, instance:com.example.crudtest.CRUDSqliteTest@769e7ee8]" name="updateAuthorTest" duration-ms="114" started-at="2017-01-31T13:35:04Z" depends-on-methods="com.example.crudtest.CRUDSqliteTest.findOneAuthor" finished-at="2017-01-31T13:35:04Z">
        </test-method> <!-- updateAuthorTest -->
        <test-method status="PASS" signature="springTestContextAfterTestMethod(java.lang.reflect.Method)[pri:0, instance:com.example.crudtest.CRUDSqliteTest@769e7ee8]" name="springTestContextAfterTestMethod" is-config="true" duration-ms="1" started-at="2017-01-31T13:35:04Z" finished-at="2017-01-31T13:35:04Z">
          <params>
            <param index="0">
              <value>
                <![CDATA[public void com.example.crudtest.CRUDSqliteTest.updateAuthorTest()]]>
              </value>
            </param>
          </params>
        </test-method> <!-- springTestContextAfterTestMethod -->
        <test-method status="PASS" signature="updateBookTest()[pri:0, instance:com.example.crudtest.CRUDSqliteTest@769e7ee8]" name="updateBookTest" duration-ms="106" started-at="2017-01-31T13:35:04Z" depends-on-methods="com.example.crudtest.CRUDSqliteTest.findOneBook" finished-at="2017-01-31T13:35:05Z">
        </test-method> <!-- updateBookTest -->
        <test-method status="PASS" signature="springTestContextBeforeTestMethod(java.lang.reflect.Method)[pri:0, instance:com.example.crudtest.CRUDSqliteTest@769e7ee8]" name="springTestContextBeforeTestMethod" is-config="true" duration-ms="0" started-at="2017-01-31T13:35:04Z" finished-at="2017-01-31T13:35:04Z">
          <params>
            <param index="0">
              <value>
                <![CDATA[public void com.example.crudtest.CRUDSqliteTest.updateBookTest()]]>
              </value>
            </param>
          </params>
        </test-method> <!-- springTestContextBeforeTestMethod -->
        <test-method status="PASS" signature="springTestContextAfterTestMethod(java.lang.reflect.Method)[pri:0, instance:com.example.crudtest.CRUDSqliteTest@769e7ee8]" name="springTestContextAfterTestMethod" is-config="true" duration-ms="0" started-at="2017-01-31T13:35:05Z" finished-at="2017-01-31T13:35:05Z">
          <params>
            <param index="0">
              <value>
                <![CDATA[public void com.example.crudtest.CRUDSqliteTest.updateBookTest()]]>
              </value>
            </param>
          </params>
        </test-method> <!-- springTestContextAfterTestMethod -->
        <test-method status="PASS" signature="deleteBookTest()[pri:0, instance:com.example.crudtest.CRUDSqliteTest@769e7ee8]" name="deleteBookTest" duration-ms="88" started-at="2017-01-31T13:35:05Z" depends-on-methods="com.example.crudtest.CRUDSqliteTest.updateBookTest" finished-at="2017-01-31T13:35:05Z">
        </test-method> <!-- deleteBookTest -->
        <test-method status="PASS" signature="springTestContextBeforeTestMethod(java.lang.reflect.Method)[pri:0, instance:com.example.crudtest.CRUDSqliteTest@769e7ee8]" name="springTestContextBeforeTestMethod" is-config="true" duration-ms="0" started-at="2017-01-31T13:35:05Z" finished-at="2017-01-31T13:35:05Z">
          <params>
            <param index="0">
              <value>
                <![CDATA[public void com.example.crudtest.CRUDSqliteTest.deleteBookTest()]]>
              </value>
            </param>
          </params>
        </test-method> <!-- springTestContextBeforeTestMethod -->
        <test-method status="PASS" signature="springTestContextAfterTestMethod(java.lang.reflect.Method)[pri:0, instance:com.example.crudtest.CRUDSqliteTest@769e7ee8]" name="springTestContextAfterTestMethod" is-config="true" duration-ms="2" started-at="2017-01-31T13:35:05Z" finished-at="2017-01-31T13:35:05Z">
          <params>
            <param index="0">
              <value>
                <![CDATA[public void com.example.crudtest.CRUDSqliteTest.deleteBookTest()]]>
              </value>
            </param>
          </params>
        </test-method> <!-- springTestContextAfterTestMethod -->
        <test-method status="PASS" signature="springTestContextBeforeTestMethod(java.lang.reflect.Method)[pri:0, instance:com.example.crudtest.CRUDSqliteTest@769e7ee8]" name="springTestContextBeforeTestMethod" is-config="true" duration-ms="1" started-at="2017-01-31T13:35:05Z" finished-at="2017-01-31T13:35:05Z">
          <params>
            <param index="0">
              <value>
                <![CDATA[public void com.example.crudtest.CRUDSqliteTest.deleteAuthorTest()]]>
              </value>
            </param>
          </params>
        </test-method> <!-- springTestContextBeforeTestMethod -->
        <test-method status="PASS" signature="deleteAuthorTest()[pri:0, instance:com.example.crudtest.CRUDSqliteTest@769e7ee8]" name="deleteAuthorTest" duration-ms="84" started-at="2017-01-31T13:35:05Z" depends-on-methods="com.example.crudtest.CRUDSqliteTest.deleteBookTest" finished-at="2017-01-31T13:35:05Z">
        </test-method> <!-- deleteAuthorTest -->
        <test-method status="PASS" signature="springTestContextAfterTestMethod(java.lang.reflect.Method)[pri:0, instance:com.example.crudtest.CRUDSqliteTest@769e7ee8]" name="springTestContextAfterTestMethod" is-config="true" duration-ms="1" started-at="2017-01-31T13:35:05Z" finished-at="2017-01-31T13:35:05Z">
          <params>
            <param index="0">
              <value>
                <![CDATA[public void com.example.crudtest.CRUDSqliteTest.deleteAuthorTest()]]>
              </value>
            </param>
          </params>
        </test-method> <!-- springTestContextAfterTestMethod -->
        <test-method status="PASS" signature="springTestContextAfterTestClass()[pri:0, instance:com.example.crudtest.CRUDSqliteTest@769e7ee8]" name="springTestContextAfterTestClass" is-config="true" duration-ms="89" started-at="2017-01-31T13:35:05Z" finished-at="2017-01-31T13:35:05Z">
        </test-method> <!-- springTestContextAfterTestClass -->
      </class> <!-- com.example.crudtest.CRUDSqliteTest -->
    </test> <!-- Default test -->
  </suite> <!-- Default suite -->
</testng-results>
